=‾=‾=‾=‾=‾=‾=‾=‾=‾=‾=‾= PuTTY log 2025.11.10 23:18:08 =‾=‾=‾=‾=‾=‾=‾=‾=‾=‾=‾=
READY
00:00:00,12.3125
00:00:01,12.1875
00:00:02,12.1250
00:00:03,12.1250
00:00:04,12.0625
00:00:05,12.0625
00:00:06,12.0000
00:00:07,12.0000
00:00:08,11.9375
00:00:09,11.8750
00:00:10,11.8750
00:00:11,11.8750
00:00:12,11.8125
00:00:13,11.8125
00:00:14,11.7500
00:00:15,11.7500
00:00:16,11.6875
00:00:17,11.6875
00:00:18,11.6250
00:00:19,11.6250
00:00:20,11.6250
00:00:21,11.5625
00:00:22,11.5625
00:00:23,11.5000
00:00:24,11.5000
00:00:25,11.5000
00:00:26,11.4375
00:00:27,11.4375
00:00:28,11.3750
00:00:29,11.3750
00:00:31,11.3125
00:00:32,11.2500
00:00:33,11.1875
00:00:34,11.1250
00:00:35,11.1250
00:00:36,11.0000
00:00:37,11.0000
00:00:38,10.9375
00:00:39,10.8750
00:00:40,10.8125
00:00:41,10.7500
00:00:42,10.6875
00:00:43,10.6875
00:00:44,10.6250
00:00:45,10.5625
00:00:46,10.5000
00:00:47,10.4375
00:00:48,10.4375
00:00:49,10.3750
00:00:50,10.3125
00:00:51,10.3125
00:00:52,10.2500
00:00:53,10.1875
00:00:54,10.1875
00:00:55,10.1250
00:00:56,10.0625
00:00:57,10.0625
00:00:58,10.0000
00:00:59,10.0000
00:01:00,9.8750
00:01:01,9.8750
00:01:02,9.8125
00:01:03,9.7500
00:01:04,9.7500
00:01:06,9.6875
00:01:07,9.6250
00:01:08,9.6250
00:01:09,9.5625
00:01:10,9.5000
00:01:11,9.4375
00:01:12,9.4375
00:01:13,9.3750
00:01:14,9.3125
00:01:15,9.3125
00:01:16,9.2500
00:01:17,9.1875
00:01:18,9.1875
00:01:19,9.1250
00:01:20,9.0625
00:01:21,9.0625
00:01:22,9.0000
00:01:23,8.9375
00:01:24,8.8750
00:01:25,8.8750
00:01:26,8.7500
00:01:27,8.7500
00:01:28,8.6875
00:01:29,8.6875
00:01:30,8.6250
00:01:31,8.5625
00:01:32,8.5000
00:01:33,8.4375
00:01:34,8.4375
00:01:35,8.3750
00:01:36,8.3125
00:01:37,8.3125
00:01:38,8.2500
00:01:40,8.1875
00:01:41,8.1250
00:01:42,8.1250
00:01:43,8.0625
00:01:44,8.0000
00:01:45,7.9375
00:01:46,7.9375
00:01:47,7.9375
00:01:48,7.8750
00:01:49,7.8125
00:01:50,7.7500
00:01:51,7.7500
00:01:52,7.6875
00:01:53,7.6875
00:01:54,7.6250
00:01:55,7.5625
00:01:56,7.5625
00:01:57,7.5000
00:01:58,7.5000
00:01:59,7.4375
00:02:00,7.3750
00:02:01,7.3125
00:02:02,7.3125
00:02:03,7.2500
00:02:04,7.1875
00:02:05,7.1875
00:02:06,7.1250
00:02:07,7.1250
00:02:08,7.0625
00:02:09,7.0625
00:02:10,7.0000
00:02:11,6.9375
00:02:12,6.9375
00:02:13,6.8750
00:02:15,6.8750
00:02:16,6.8125
00:02:17,6.7500
00:02:18,6.7500
00:02:19,6.7500
00:02:20,6.6875
00:02:21,6.6250
00:02:22,6.5625
00:02:23,6.5625
00:02:24,6.5000
00:02:25,6.5000
00:02:26,6.5000
00:02:27,6.4375
00:02:28,6.3750
00:02:29,6.3750
00:02:30,6.3125
00:02:31,6.3125
00:02:32,6.2500
00:02:33,6.2500
00:02:34,6.1875
00:02:35,6.1875
00:02:36,6.1250
00:02:37,6.1250
00:02:38,6.0625
00:02:39,6.0000
00:02:40,6.0000
00:02:41,5.9375
00:02:42,5.9375
00:02:43,5.8750
00:02:44,5.8750
00:02:45,5.8125
00:02:46,5.8125
00:02:47,5.7500
00:02:49,5.7500
00:02:50,5.6875
00:02:51,5.6875
00:02:52,5.6250
00:02:53,5.6250
00:02:54,5.5625
00:02:55,5.5625
00:02:56,5.5000
00:02:57,5.5000
00:02:58,5.4375
00:02:59,5.4375
00:03:00,5.4375
00:03:01,5.3750
00:03:02,5.3750
00:03:03,5.3125
00:03:04,5.2500
00:03:05,5.2500
00:03:06,5.2500
00:03:07,5.1875
00:03:08,5.1875
00:03:09,5.1250
00:03:10,5.1250
00:03:11,5.0625
00:03:12,5.0625
00:03:13,5.0000
00:03:14,5.0000
00:03:15,5.0000
00:03:16,4.9375
00:03:17,4.9375
00:03:18,4.8750
00:03:19,4.8750
00:03:20,4.8125
00:03:21,4.8125
00:03:22,4.8125
00:03:24,4.8125
00:03:25,4.7500
00:03:26,4.6875
00:03:27,4.6875
00:03:28,4.6875
00:03:29,4.6250
00:03:30,4.6250
00:03:31,4.5625
00:03:32,4.5000
00:03:33,4.5000
00:03:34,4.5000
00:03:35,4.5000
00:03:36,4.4375
00:03:37,4.4375
00:03:38,4.3750
00:03:39,4.3750
00:03:40,4.3125
00:03:41,4.3125
00:03:42,4.3125
00:03:43,4.2500
00:03:44,4.2500
00:03:45,4.2500
00:03:46,4.1875
00:03:47,4.1875
00:03:48,4.1250
00:03:49,4.1250
00:03:50,4.1250
00:03:51,4.1250
00:03:52,4.0625
00:03:53,4.0625
00:03:54,4.0000
00:03:55,3.9375
00:03:56,3.9375
00:03:58,3.9375
00:03:59,3.9375
00:04:00,3.8750
00:04:01,3.8750
00:04:02,3.8750
00:04:03,3.8125
00:04:04,3.8125
00:04:05,3.7500
00:04:06,3.7500
00:04:07,3.7500
00:04:08,3.7500
00:04:09,3.6875
00:04:10,3.6875
00:04:11,3.6875
00:04:12,3.6250
00:04:13,3.6250
00:04:14,3.6250
00:04:15,3.5625
00:04:16,3.5625
00:04:17,3.5000
00:04:18,3.5000
00:04:19,3.5000
00:04:20,3.4375
00:04:21,3.4375
00:04:22,3.4375
00:04:23,3.3750
00:04:24,3.3750
00:04:25,3.3750
00:04:26,3.3125
00:04:27,3.3125
00:04:28,3.3125
00:04:29,3.2500
00:04:30,3.2500
00:04:31,3.2500
00:04:33,3.1875
00:04:34,3.1875
00:04:35,3.1875
00:04:36,3.1250
00:04:37,3.1250
00:04:38,3.0625
00:04:39,3.0625
00:04:40,3.0625
00:04:41,3.0625
00:04:42,3.0625
00:04:43,3.0000
00:04:44,3.0000
00:04:45,2.9375
00:04:46,2.9375
00:04:47,2.9375
00:04:48,2.8750
00:04:49,2.8750
00:04:50,2.8750
00:04:51,2.8125
00:04:52,2.8125
00:04:53,2.8125
00:04:54,2.7500
00:04:55,2.7500
00:04:56,2.7500
00:04:57,2.7500
00:04:58,2.6875
00:04:59,2.6875
00:05:00,2.6875
00:05:01,2.6875
00:05:02,2.6250
00:05:03,2.6250
00:05:04,2.6250
00:05:05,2.6250
00:05:07,2.6250
00:05:08,2.5625
00:05:09,2.5625
00:05:10,2.5625
00:05:11,2.5000
00:05:12,2.5000
00:05:13,2.4375
00:05:14,2.4375
00:05:15,2.3750
00:05:16,2.3750
00:05:17,2.3750
00:05:18,2.3750
00:05:19,2.3750
00:05:20,2.3125
00:05:21,2.3125
00:05:22,2.3125
00:05:23,2.3125
00:05:24,2.2500
00:05:25,2.2500
00:05:26,2.2500
00:05:27,2.1875
00:05:28,2.2500
00:05:29,2.1875
00:05:30,2.1875
00:05:31,2.1875
00:05:32,2.1250
00:05:33,2.1250
00:05:34,2.0625
00:05:35,2.0625
00:05:36,2.0625
00:05:37,2.0625
00:05:38,2.0625
00:05:39,2.0000
00:05:40,2.0000
00:05:42,2.0000
00:05:43,2.0000
00:05:44,1.9375
00:05:45,1.9375
00:05:46,1.9375
00:05:47,1.9375
00:05:48,1.8750
00:05:49,1.8750
00:05:50,1.8750
00:05:51,1.8125
00:05:52,1.8125
00:05:53,1.8125
00:05:54,1.8125
00:05:55,1.7500
00:05:56,1.7500
00:05:57,1.7500
00:05:58,1.6875
00:05:59,1.7500
00:06:00,1.6875
00:06:01,1.6875
00:06:02,1.6250
00:06:03,1.6250
00:06:04,1.6250
00:06:05,1.6250
00:06:06,1.6250
00:06:07,1.5625
00:06:08,1.5625
00:06:09,1.5625
00:06:10,1.5625
00:06:11,1.5625
00:06:12,1.5000
00:06:13,1.5000
00:06:14,1.5000
00:06:16,1.5000
00:06:17,1.5000
00:06:18,1.4375
00:06:19,1.4375
00:06:20,1.4375
00:06:21,1.3750
00:06:22,1.3750
00:06:23,1.3750
00:06:24,1.3750
00:06:25,1.3750
00:06:26,1.3750
00:06:27,1.3125
00:06:28,1.3125
00:06:29,1.3125
00:06:30,1.3125
00:06:31,1.2500
00:06:32,1.2500
00:06:33,1.2500
00:06:34,1.1875
00:06:35,1.1875
00:06:36,1.1875
00:06:37,1.1875
00:06:38,1.1875
00:06:39,1.1875
00:06:40,1.1250
00:06:41,1.1250
00:06:42,1.1250
00:06:43,1.1250
00:06:44,1.0625
00:06:45,1.0625
00:06:46,1.0625
00:06:47,1.0625
00:06:48,1.0625
00:06:49,1.0625
00:06:51,1.0000
00:06:52,1.0000
00:06:53,1.0000
00:06:54,1.0000
00:06:55,0.9375
00:06:56,1.0000
00:06:57,1.0000
00:06:58,0.9375
00:06:59,0.9375
00:07:00,0.9375
00:07:01,0.9375
00:07:02,0.8750
00:07:03,0.8750
00:07:04,0.8750
00:07:05,0.8750
00:07:06,0.8750
00:07:07,0.8125
00:07:08,0.8125
00:07:09,0.8125
00:07:10,0.8125
00:07:11,0.8125
00:07:12,0.8125
00:07:13,0.8125
00:07:14,0.8125
00:07:15,0.8125
00:07:16,0.8125
00:07:17,0.8125
00:07:18,0.8125
00:07:19,0.7500
00:07:20,0.8125
00:07:21,0.8125
00:07:22,0.8125
00:07:23,0.8125
00:07:25,0.8125
00:07:26,0.8125
00:07:27,0.8125
00:07:28,0.8125
00:07:29,0.8125
00:07:30,0.8125
00:07:31,0.8125
00:07:32,0.8125
00:07:33,0.8125
00:07:34,0.8125
00:07:35,0.8125
00:07:36,0.7500
00:07:37,0.8125
00:07:38,0.7500
00:07:39,0.7500
00:07:40,0.7500
00:07:41,0.7500
00:07:42,0.7500
00:07:43,0.7500
00:07:44,0.6875
00:07:45,0.6875
00:07:46,0.6875
00:07:47,0.6250
00:07:48,0.6250
00:07:49,0.6250
00:07:50,0.6250
00:07:51,0.5625
00:07:52,0.5625
00:07:53,0.5625
00:07:54,0.5625
00:07:55,0.5625
00:07:56,0.5625
00:07:57,0.5000
00:07:58,0.5000
00:08:00,0.5000
00:08:01,0.5000
00:08:02,0.4375
00:08:03,0.4375
00:08:04,0.4375
00:08:05,0.4375
00:08:06,0.3750
00:08:07,0.3750
00:08:08,0.3750
00:08:09,0.3750
00:08:10,0.3750
00:08:11,0.3750
00:08:12,0.3125
00:08:13,0.3125
00:08:14,0.3125
00:08:15,0.3125
00:08:16,0.3125
00:08:17,0.2500
00:08:18,0.2500
00:08:19,0.2500
00:08:20,0.2500
00:08:21,0.2500
00:08:22,0.2500
00:08:23,0.1875
00:08:24,0.1875
00:08:25,0.1875
00:08:26,0.1875
00:08:27,0.1875
00:08:28,0.1250
00:08:29,0.1875
00:08:30,0.1875
00:08:31,0.1250
00:08:32,0.1250
00:08:34,0.1250
00:08:35,0.1875
00:08:36,0.1250
00:08:37,0.1250
00:08:38,0.1250
00:08:39,0.1250
00:08:40,0.1875
00:08:41,0.1875
00:08:42,0.1875
00:08:43,0.1875
00:08:44,0.1875
00:08:45,0.1875
00:08:46,0.1875
00:08:47,0.2500
00:08:48,0.2500
00:08:49,0.1875
00:08:50,0.2500
00:08:51,0.2500
00:08:52,0.2500
00:08:53,0.2500
00:08:54,0.2500
00:08:55,0.2500
00:08:56,0.3125
00:08:57,0.3125
00:08:58,0.3125
00:08:59,0.3125
00:09:00,0.3125
00:09:01,0.3125
00:09:02,0.3125
00:09:03,0.3125
00:09:04,0.3125
00:09:05,0.3125
00:09:06,0.3125
00:09:07,0.3750
00:09:09,0.3750
00:09:10,0.3750
00:09:11,0.3750
00:09:12,0.3750
00:09:13,0.3750
00:09:14,0.3750
00:09:15,0.3750
00:09:16,0.3750
00:09:17,0.4375
00:09:18,0.3750
00:09:19,0.3750
00:09:20,0.4375
00:09:21,0.4375
00:09:22,0.4375
00:09:23,0.4375
00:09:24,0.4375
00:09:25,0.4375
00:09:26,0.4375
00:09:27,0.5000
00:09:28,0.4375
00:09:29,0.5000
00:09:30,0.4375
00:09:31,0.4375
00:09:32,0.5000
00:09:33,0.5000
00:09:34,0.5000
00:09:35,0.5000
00:09:36,0.5000
00:09:37,0.5000
00:09:38,0.5000
00:09:39,0.5000
00:09:40,0.5000
00:09:41,0.5000
00:09:43,0.5000
00:09:44,0.5000
00:09:45,0.5000
00:09:46,0.5000
00:09:47,0.5000
00:09:48,0.5000
00:09:49,0.5000
00:09:50,0.5000
00:09:51,0.5000
00:09:52,0.5000
00:09:53,0.5000
00:09:54,0.5000
00:09:55,0.5000
00:09:56,0.5000
00:09:57,0.5000
00:09:58,0.5000
00:09:59,0.5000
00:10:00,0.5000
00:10:01,0.5000
00:10:02,0.5000
00:10:03,0.5000
00:10:04,0.5000
00:10:05,0.4375
00:10:06,0.5000
00:10:07,0.5000
00:10:08,0.4375
00:10:09,0.4375
00:10:10,0.4375
00:10:11,0.4375
00:10:12,0.4375
00:10:13,0.3750
00:10:14,0.3750
00:10:15,0.3750
00:10:16,0.3750
00:10:18,0.3750
00:10:19,0.3750
00:10:20,0.3750
00:10:21,0.3125
00:10:22,0.3125
00:10:23,0.3125
00:10:24,0.3125
00:10:25,0.3125
00:10:26,0.3125
00:10:27,0.2500
00:10:28,0.3125
00:10:29,0.2500
00:10:30,0.2500
00:10:31,0.2500
00:10:32,0.2500
00:10:33,0.1875
00:10:34,0.1875
00:10:35,0.1875
00:10:36,0.1875
00:10:37,0.1875
00:10:38,0.1875
00:10:39,0.1250
00:10:40,0.1250
00:10:41,0.1250
00:10:42,0.1250
00:10:43,0.0625
00:10:44,0.0625
00:10:45,0.0625
00:10:46,0.0625
00:10:47,0.0625
00:10:48,0.0000
00:10:49,0.0000
00:10:50,0.0000
00:10:52,0.0625
00:10:53,0.0000
00:10:54,0.0625
00:10:55,0.0625
00:10:56,0.0625
00:10:57,0.0625
00:10:58,0.0625
00:10:59,0.0000
00:11:00,0.0625
00:11:01,0.0625
00:11:02,0.0000
00:11:03,0.0000
00:11:04,0.0000
00:11:05,0.0000
00:11:06,-0.0625
00:11:07,-0.0625
00:11:08,-0.0625
00:11:09,-0.0625
00:11:10,-0.0625
00:11:11,-0.1250
00:11:12,-0.1250
00:11:13,-0.1250
00:11:14,-0.1875
00:11:15,-0.1875
00:11:16,-0.1875
00:11:17,-0.1875
00:11:18,-0.1875
00:11:19,-0.1875
00:11:20,-0.2500
00:11:21,-0.2500
00:11:22,-0.2500
00:11:23,-0.2500
00:11:24,-0.3125
00:11:25,-0.3125
00:11:27,-0.3125
00:11:28,-0.3750
00:11:29,-0.3750
00:11:30,-0.3750
00:11:31,-0.3750
00:11:32,-0.3750
00:11:33,-0.4375
00:11:34,-0.4375
00:11:35,-0.4375
00:11:36,-0.5000
00:11:37,-0.5000
00:11:38,-0.5000
00:11:39,-0.5000
00:11:40,-0.5000
00:11:41,-0.5000
00:11:42,-0.5625
00:11:43,-0.5625
00:11:44,-0.5625
00:11:45,-0.6250
00:11:46,-0.6250
00:11:47,-0.6250
00:11:48,-0.6250
00:11:49,-0.6875
00:11:50,-0.6250
00:11:51,-0.6875
00:11:52,-0.6875
00:11:53,-0.6875
00:11:54,-0.6875
00:11:55,-0.7500
00:11:56,-0.7500
00:11:57,-0.7500
00:11:58,-0.7500
00:11:59,-0.7500
00:12:01,-0.7500
00:12:02,-0.8125
00:12:03,-0.8125
00:12:04,-0.8125
00:12:05,-0.8125
00:12:06,-0.8750
00:12:07,-0.8750
00:12:08,-0.8750
00:12:09,-0.8750
00:12:10,-0.8750
00:12:11,-0.8750
00:12:12,-0.8750
00:12:13,-0.9375
00:12:14,-0.9375
00:12:15,-0.9375
00:12:16,-0.9375
00:12:17,-1.0000
00:12:18,-1.0000
00:12:19,-1.0000
00:12:20,-1.0000
00:12:21,-1.0000
00:12:22,-1.0625
00:12:23,-1.0000
00:12:24,-1.0625
00:12:25,-1.0625
00:12:26,-1.0625
00:12:27,-1.1250
00:12:28,-1.0625
00:12:29,-1.1250
00:12:30,-1.1250
00:12:31,-1.1250
00:12:32,-1.1250
00:12:33,-1.1875
00:12:34,-1.1875
00:12:36,-1.1875
00:12:37,-1.1875
00:12:38,-1.1875
00:12:39,-1.2500
00:12:40,-1.1875
00:12:41,-1.2500
00:12:42,-1.2500
00:12:43,-1.2500
00:12:44,-1.2500
00:12:45,-1.2500
00:12:46,-1.3125
00:12:47,-1.3125
00:12:48,-1.3125
00:12:49,-1.3125
00:12:50,-1.3125
00:12:51,-1.3125
00:12:52,-1.3125
00:12:53,-1.3125
00:12:54,-1.3750
00:12:55,-1.3750
00:12:56,-1.3750
00:12:57,-1.3750
00:12:58,-1.4375
00:12:59,-1.4375
00:13:00,-1.4375
00:13:01,-1.3750
00:13:02,-1.4375
00:13:03,-1.4375
00:13:04,-1.4375
00:13:05,-1.4375
00:13:06,-1.4375
00:13:07,-1.4375
00:13:08,-1.4375
00:13:10,-1.4375
00:13:11,-1.5000
00:13:12,-1.5000
00:13:13,-1.5000
00:13:14,-1.5000
00:13:15,-1.5000
00:13:16,-1.5000
00:13:17,-1.5000
00:13:18,-1.5000
00:13:19,-1.5000
00:13:20,-1.5000
00:13:21,-1.5625
00:13:22,-1.5000
00:13:23,-1.5625
00:13:24,-1.5000
00:13:25,-1.5625
00:13:26,-1.5625
00:13:27,-1.5625
00:13:28,-1.5625
00:13:29,-1.5625
00:13:30,-1.5625
00:13:31,-1.5625
00:13:32,-1.5625
00:13:33,-1.5625
00:13:34,-1.5625
00:13:35,-1.5625
00:13:36,-1.5625
00:13:37,-1.5625
00:13:38,-1.6250
00:13:39,-1.6250
00:13:40,-1.6250
00:13:41,-1.6250
00:13:42,-1.6250
00:13:43,-1.6250
00:13:45,-1.6250
00:13:46,-1.6250
00:13:47,-1.6250
00:13:48,-1.6250
00:13:49,-1.6875
00:13:50,-1.6875
00:13:51,-1.6875
00:13:52,-1.6875
00:13:53,-1.6875
00:13:54,-1.6875
00:13:55,-1.6875
00:13:56,-1.7500
00:13:57,-1.6875
00:13:58,-1.7500
00:13:59,-1.7500
00:14:00,-1.7500
00:14:01,-1.7500
00:14:02,-1.6875
00:14:03,-1.7500
00:14:04,-1.7500
00:14:05,-1.7500
00:14:06,-1.7500
00:14:07,-1.7500
00:14:08,-1.8125
00:14:09,-1.8125
00:14:10,-1.8125
00:14:11,-1.8125
00:14:12,-1.8125
00:14:13,-1.8125
00:14:14,-1.8125
00:14:15,-1.8125
00:14:16,-1.8750
00:14:17,-1.8125
00:14:19,-1.8750
00:14:20,-1.8750
00:14:21,-1.8750
00:14:22,-1.8750
00:14:23,-1.8750
00:14:24,-1.8750
00:14:25,-1.8750
00:14:26,-1.8750
00:14:27,-1.8750
00:14:28,-1.9375
00:14:29,-1.9375
00:14:30,-1.8750
00:14:31,-1.9375
00:14:32,-1.9375
00:14:33,-1.9375
00:14:34,-1.9375
00:14:35,-1.9375
00:14:36,-1.9375
00:14:37,-1.9375
00:14:38,-1.9375
00:14:39,-2.0000
00:14:40,-1.9375
00:14:41,-2.0000
00:14:42,-2.0000
00:14:43,-2.0000
00:14:44,-2.0000
00:14:45,-2.0000
00:14:46,-2.0000
00:14:47,-2.0000
00:14:48,-2.0000
00:14:49,-2.0000
00:14:50,-2.0000
00:14:51,-2.0000
00:14:52,-2.0000
00:14:54,-2.0000
00:14:55,-2.0000
00:14:56,-2.0000
00:14:57,-2.0625
00:14:58,-2.0625
00:14:59,-2.0625
00:15:00,-2.0625
00:15:01,-2.0625
00:15:02,-2.0625
00:15:03,-2.0625
00:15:04,-2.0625
00:15:05,-2.0625
00:15:06,-2.0625
00:15:07,-2.0625
00:15:08,-2.0625
00:15:09,-2.0625
00:15:10,-2.0625
00:15:11,-2.1250
00:15:12,-2.1250
00:15:13,-2.0625
00:15:14,-2.0625
00:15:15,-2.1250
00:15:16,-2.0625
00:15:17,-2.1250
00:15:18,-2.1250
00:15:19,-2.1250
00:15:20,-2.1250
00:15:21,-2.1250
00:15:22,-2.1250
00:15:23,-2.1250
00:15:24,-2.1250
00:15:25,-2.1250
00:15:26,-2.1875
00:15:28,-2.1875
00:15:29,-2.1875
00:15:30,-2.1250
00:15:31,-2.1875
00:15:32,-2.1875
00:15:33,-2.1875
00:15:34,-2.1875
00:15:35,-2.1875
00:15:36,-2.2500
00:15:37,-2.2500
00:15:38,-2.1875
00:15:39,-2.2500
00:15:40,-2.2500
00:15:41,-2.2500
00:15:42,-2.2500
00:15:43,-2.2500
00:15:44,-2.2500
00:15:45,-2.2500
00:15:46,-2.2500
00:15:47,-2.2500
00:15:48,-2.2500
00:15:49,-2.2500
00:15:50,-2.2500
00:15:51,-2.3125
00:15:52,-2.3125
00:15:53,-2.3125
00:15:54,-2.3125
00:15:55,-2.3125
00:15:56,-2.3125
00:15:57,-2.3125
00:15:58,-2.3125
00:15:59,-2.3125
00:16:00,-2.3125
00:16:01,-2.3125
00:16:03,-2.3750
00:16:04,-2.3750
00:16:05,-2.3750
00:16:06,-2.3750
00:16:07,-2.3750
00:16:08,-2.3750
00:16:09,-2.3750
00:16:10,-2.3750
00:16:11,-2.3750
00:16:12,-2.3750
00:16:13,-2.3750
00:16:14,-2.4375
00:16:15,-2.4375
00:16:16,-2.4375
00:16:17,-2.4375
00:16:18,-2.4375
00:16:19,-2.4375
00:16:20,-2.4375
00:16:21,-2.4375
00:16:22,-2.4375
00:16:23,-2.5000
00:16:24,-2.4375
00:16:25,-2.5000
00:16:26,-2.5000
00:16:27,-2.5000
00:16:28,-2.5000
00:16:29,-2.5000
00:16:30,-2.4375
00:16:31,-2.5000
00:16:32,-2.5000
00:16:33,-2.5000
00:16:34,-2.5000
00:16:35,-2.5000
00:16:37,-2.5000
00:16:38,-2.5000
00:16:39,-2.5625
00:16:40,-2.5625
00:16:41,-2.5625
00:16:42,-2.5000
00:16:43,-2.5625
00:16:44,-2.5625
00:16:45,-2.5625
00:16:46,-2.5625
00:16:47,-2.5625
00:16:48,-2.5625
00:16:49,-2.5625
00:16:50,-2.5625
00:16:51,-2.5625
00:16:52,-2.5625
00:16:53,-2.5625
00:16:54,-2.5625
00:16:55,-2.5625
00:16:56,-2.5625
00:16:57,-2.6250
00:16:58,-2.6250
00:16:59,-2.6250
00:17:00,-2.6250
00:17:01,-2.6250
00:17:02,-2.6250
00:17:03,-2.6250
00:17:04,-2.6250
00:17:05,-2.6250
00:17:06,-2.6250
00:17:07,-2.6250
00:17:08,-2.6875
00:17:09,-2.6875
00:17:11,-2.6875
00:17:12,-2.6875
00:17:13,-2.6875
00:17:14,-2.6875
00:17:15,-2.6875
00:17:16,-2.6875
00:17:17,-2.6875
00:17:18,-2.6875
00:17:19,-2.6875
00:17:20,-2.6875
00:17:21,-2.6875
00:17:22,-2.7500
00:17:23,-2.6875
00:17:24,-2.6875
00:17:25,-2.7500
00:17:26,-2.7500
00:17:27,-2.7500
00:17:28,-2.7500
00:17:29,-2.7500
00:17:30,-2.7500
00:17:31,-2.7500
00:17:32,-2.7500
00:17:33,-2.7500
00:17:34,-2.7500
00:17:35,-2.7500
00:17:36,-2.8125
00:17:37,-2.8125
00:17:38,-2.8125
00:17:39,-2.8125
00:17:40,-2.7500
00:17:41,-2.8125
00:17:42,-2.8125
00:17:43,-2.8125
00:17:44,-2.8125
00:17:46,-2.8125
00:17:47,-2.8125
00:17:48,-2.8125
00:17:49,-2.8125
00:17:50,-2.8125
00:17:51,-2.8125
00:17:52,-2.8750
00:17:53,-2.8750
00:17:54,-2.8750
00:17:55,-2.8750
00:17:56,-2.8125
00:17:57,-2.8750
00:17:58,-2.8750
00:17:59,-2.8750
00:18:00,-2.8750
00:18:01,-2.8750
00:18:02,-2.8750
00:18:03,-2.9375
00:18:04,-2.8750
00:18:05,-2.8750
00:18:06,-2.9375
00:18:07,-2.9375
00:18:08,-2.9375
00:18:09,-2.9375
00:18:10,-2.9375
00:18:11,-2.9375
00:18:12,-2.9375
00:18:13,-2.9375
00:18:14,-2.9375
00:18:15,-2.9375
00:18:16,-2.9375
00:18:17,-2.9375
00:18:18,-2.9375
00:18:20,-2.9375
00:18:21,-2.9375
00:18:22,-2.9375
00:18:23,-3.0000
00:18:24,-3.0000
00:18:25,-3.0000
00:18:26,-3.0000
00:18:27,-3.0000
00:18:28,-3.0000
00:18:29,-3.0000
00:18:30,-3.0000
00:18:31,-3.0000
00:18:32,-3.0000
00:18:33,-3.0000
00:18:34,-3.0000
00:18:35,-3.0625
00:18:36,-3.0625
00:18:37,-3.0625
00:18:38,-3.0625
00:18:39,-3.0625
00:18:40,-3.0625
00:18:41,-3.0625
00:18:42,-3.0625
00:18:43,-3.0625
00:18:44,-3.0625
00:18:45,-3.0625
00:18:46,-3.0625
00:18:47,-3.0625
00:18:48,-3.1250
00:18:49,-3.1250
00:18:50,-3.0625
00:18:51,-3.1250
00:18:52,-3.0625
00:18:53,-3.1250
00:18:55,-3.1250
00:18:56,-3.1250
00:18:57,-3.1250
00:18:58,-3.1250
00:18:59,-3.1250
00:19:00,-3.1250
00:19:01,-3.1875
00:19:02,-3.1875
00:19:03,-3.1875
00:19:04,-3.1875
00:19:05,-3.1875
00:19:06,-3.1250
00:19:07,-3.1875
00:19:08,-3.1875
00:19:09,-3.1875
00:19:10,-3.1875
00:19:11,-3.1875
00:19:12,-3.1875
00:19:13,-3.1875
00:19:14,-3.2500
00:19:15,-3.1875
00:19:16,-3.1875
00:19:17,-3.2500
00:19:18,-3.1875
00:19:19,-3.2500
00:19:20,-3.1875
00:19:21,-3.2500
00:19:22,-3.2500
00:19:23,-3.2500
00:19:24,-3.2500
00:19:25,-3.2500
00:19:26,-3.2500
00:19:27,-3.2500
00:19:29,-3.2500
00:19:30,-3.2500
00:19:31,-3.2500
00:19:32,-3.2500
00:19:33,-3.2500
00:19:34,-3.2500
00:19:35,-3.2500
00:19:36,-3.2500
00:19:37,-3.2500
00:19:38,-3.3125
00:19:39,-3.2500
00:19:40,-3.3125
00:19:41,-3.3125
00:19:42,-3.2500
00:19:43,-3.3125
00:19:44,-3.3125
00:19:45,-3.3125
00:19:46,-3.3125
00:19:47,-3.3125
00:19:48,-3.3125
00:19:49,-3.3125
00:19:50,-3.3125
00:19:51,-3.3125
00:19:52,-3.3125
00:19:53,-3.3125
00:19:54,-3.3125
00:19:55,-3.3125
00:19:56,-3.3125
00:19:57,-3.3125
00:19:58,-3.3125
00:19:59,-3.3125
00:20:00,-3.3125
00:20:01,-3.3125
00:20:02,-3.3750
00:20:04,-3.3125
00:20:05,-3.3125
00:20:06,-3.3750
00:20:07,-3.3750
00:20:08,-3.3750
00:20:09,-3.3750
00:20:10,-3.3750
00:20:11,-3.3750
00:20:12,-3.3750
00:20:13,-3.3750
00:20:14,-3.3750
00:20:15,-3.3750
00:20:16,-3.3750
00:20:17,-3.3750
00:20:18,-3.3750
00:20:19,-3.3750
00:20:20,-3.3750
00:20:21,-3.3750
00:20:22,-3.3750
00:20:23,-3.4375
00:20:24,-3.4375
00:20:25,-3.3750
00:20:26,-3.4375
00:20:27,-3.3750
00:20:28,-3.4375
00:20:29,-3.3750
00:20:30,-3.4375
00:20:31,-3.4375
00:20:32,-3.4375
00:20:33,-3.4375
00:20:34,-3.4375
00:20:35,-3.4375
00:20:36,-3.4375
00:20:38,-3.4375
00:20:39,-3.4375
00:20:40,-3.4375
00:20:41,-3.4375
00:20:42,-3.4375
00:20:43,-3.4375
00:20:44,-3.4375
00:20:45,-3.4375
00:20:46,-3.4375
00:20:47,-3.5000
00:20:48,-3.5000
00:20:49,-3.4375
00:20:50,-3.4375
00:20:51,-3.5000
00:20:52,-3.5000
00:20:53,-3.5000
00:20:54,-3.5000
00:20:55,-3.5000
00:20:56,-3.5000
00:20:57,-3.5000
00:20:58,-3.5000
00:20:59,-3.5000
00:21:00,-3.5000
00:21:01,-3.5000
00:21:02,-3.5000
00:21:03,-3.5000
00:21:04,-3.5000
00:21:05,-3.5000
00:21:06,-3.5625
00:21:07,-3.5625
00:21:08,-3.5000
00:21:09,-3.5625
00:21:10,-3.5000
00:21:11,-3.5000
00:21:13,-3.5625
00:21:14,-3.5625
00:21:15,-3.5000
00:21:16,-3.5625
00:21:17,-3.5625
00:21:18,-3.5625
00:21:19,-3.5625
00:21:20,-3.5625
00:21:21,-3.5625
00:21:22,-3.5625
00:21:23,-3.5625
00:21:24,-3.5625
00:21:25,-3.5625
00:21:26,-3.5625
00:21:27,-3.5625
00:21:28,-3.5625
00:21:29,-3.5625
00:21:30,-3.5625
00:21:31,-3.5625
00:21:32,-3.5625
00:21:33,-3.5625
00:21:34,-3.5625
00:21:35,-3.5625
00:21:36,-3.5625
00:21:37,-3.5625
00:21:38,-3.5625
00:21:39,-3.5625
00:21:40,-3.5625
00:21:41,-3.6250
00:21:42,-3.5625
00:21:43,-3.5625
00:21:44,-3.5625
00:21:45,-3.5625
00:21:47,-3.6250
00:21:48,-3.6250
00:21:49,-3.6250
00:21:50,-3.6250
00:21:51,-3.6250
00:21:52,-3.6250
00:21:53,-3.6250
00:21:54,-3.6250
00:21:55,-3.6250
00:21:56,-3.6250
00:21:57,-3.6250
00:21:58,-3.6250
00:21:59,-3.6250
00:22:00,-3.6250
00:22:01,-3.6250
00:22:02,-3.6250
00:22:03,-3.6250
00:22:04,-3.6250
00:22:05,-3.6250
00:22:06,-3.6250
00:22:07,-3.6875
00:22:08,-3.6250
00:22:09,-3.6250
00:22:10,-3.6250
00:22:11,-3.6250
00:22:12,-3.6250
00:22:13,-3.6875
00:22:14,-3.6250
00:22:15,-3.6250
00:22:16,-3.6875
00:22:17,-3.6250
00:22:18,-3.6875
00:22:19,-3.6875
00:22:20,-3.6250
00:22:22,-3.6875
00:22:23,-3.6875
00:22:24,-3.6875
00:22:25,-3.6875
00:22:26,-3.6875
00:22:27,-3.6875
00:22:28,-3.6250
00:22:29,-3.6875
00:22:30,-3.6875
00:22:31,-3.6875
00:22:32,-3.6875
00:22:33,-3.6875
00:22:34,-3.6875
00:22:35,-3.6875
00:22:36,-3.6875
00:22:37,-3.6875
00:22:38,-3.6875
00:22:39,-3.6875
00:22:40,-3.6875
00:22:41,-3.6875
00:22:42,-3.6875
00:22:43,-3.6875
00:22:44,-3.6875
00:22:45,-3.6875
00:22:46,-3.6875
00:22:47,-3.6875
00:22:48,-3.6875
00:22:49,-3.6875
00:22:50,-3.6875
00:22:51,-3.6875
00:22:52,-3.6875
00:22:53,-3.6875
00:22:54,-3.7500
00:22:56,-3.6875
00:22:57,-3.7500
00:22:58,-3.7500
00:22:59,-3.7500
00:23:00,-3.7500
00:23:01,-3.6875
00:23:02,-3.7500
00:23:03,-3.6875
00:23:04,-3.7500
00:23:05,-3.7500
00:23:06,-3.7500
00:23:07,-3.7500
00:23:08,-3.7500
00:23:09,-3.7500
00:23:10,-3.7500
00:23:11,-3.7500
00:23:12,-3.7500
00:23:13,-3.7500
00:23:14,-3.7500
00:23:15,-3.7500
00:23:16,-3.7500
00:23:17,-3.7500
00:23:18,-3.7500
00:23:19,-3.7500
00:23:20,-3.7500
00:23:21,-3.7500
00:23:22,-3.7500
00:23:23,-3.7500
00:23:24,-3.7500
00:23:25,-3.7500
00:23:26,-3.8125
00:23:27,-3.7500
00:23:28,-3.8125
00:23:29,-3.8125
00:23:31,-3.7500
00:23:32,-3.7500
00:23:33,-3.7500
00:23:34,-3.7500
00:23:35,-3.7500
00:23:36,-3.7500
00:23:37,-3.7500
00:23:38,-3.7500
00:23:39,-3.8125
00:23:40,-3.8125
00:23:41,-3.8125
00:23:42,-3.7500
00:23:43,-3.7500
00:23:44,-3.7500
00:23:45,-3.7500
00:23:46,-3.7500
00:23:47,-3.7500
00:23:48,-3.7500
00:23:49,-3.7500
00:23:50,-3.8125
00:23:51,-3.8125
00:23:52,-3.7500
00:23:53,-3.8125
00:23:54,-3.8125
00:23:55,-3.8125
00:23:56,-3.8125
00:23:57,-3.8125
00:23:58,-3.8125
00:23:59,-3.7500
00:24:00,-3.8125
00:24:01,-3.8125
00:24:02,-3.8125
00:24:03,-3.7500
00:24:05,-3.8125
00:24:06,-3.8125
00:24:07,-3.8125
00:24:08,-3.8125
00:24:09,-3.8125
00:24:10,-3.8125
00:24:11,-3.8125
00:24:12,-3.8125
00:24:13,-3.8125
00:24:14,-3.8125
00:24:15,-3.8125
00:24:16,-3.8125
00:24:17,-3.8125
00:24:18,-3.8125
00:24:19,-3.8125
00:24:20,-3.8125
00:24:21,-3.8125
00:24:22,-3.8750
00:24:23,-3.8125
00:24:24,-3.8125
00:24:25,-3.8125
00:24:26,-3.8125
00:24:27,-3.8125
00:24:28,-3.8125
00:24:29,-3.8125
00:24:30,-3.8125
00:24:31,-3.8125
00:24:32,-3.8750
00:24:33,-3.8750
00:24:34,-3.8750
00:24:35,-3.8125
00:24:36,-3.8750
00:24:37,-3.8750
00:24:38,-3.8750
00:24:40,-3.8750
00:24:41,-3.8750
00:24:42,-3.8750
00:24:43,-3.8750
00:24:44,-3.8750
00:24:45,-3.8750
00:24:46,-3.8750
00:24:47,-3.8750
00:24:48,-3.8750
00:24:49,-3.8750
00:24:50,-3.8750
00:24:51,-3.8750
00:24:52,-3.8750
00:24:53,-3.8750
00:24:54,-3.8750
00:24:55,-3.8750
00:24:56,-3.8750
00:24:57,-3.8750
00:24:58,-3.8750
00:24:59,-3.8750
00:25:00,-3.8750
00:25:01,-3.8750
00:25:02,-3.8750
00:25:03,-3.8750
00:25:04,-3.8750
00:25:05,-3.8750
00:25:06,-3.8750
00:25:07,-3.9375
00:25:08,-3.9375
00:25:09,-3.8750
00:25:10,-3.8750
00:25:11,-3.8750
00:25:12,-3.8750
00:25:14,-3.8750
00:25:15,-3.8750
00:25:16,-3.9375
00:25:17,-3.9375
00:25:18,-3.9375
00:25:19,-3.9375
00:25:20,-3.9375
00:25:21,-3.9375
00:25:22,-3.9375
00:25:23,-3.9375
00:25:24,-3.9375
00:25:25,-3.9375
00:25:26,-3.9375
00:25:27,-3.9375
00:25:28,-3.9375
00:25:29,-3.9375
00:25:30,-3.9375
00:25:31,-3.9375
00:25:32,-3.9375
00:25:33,-3.9375
00:25:34,-3.9375
00:25:35,-3.9375
00:25:36,-3.9375
00:25:37,-3.9375
00:25:38,-3.9375
00:25:39,-3.9375
00:25:40,-3.9375
00:25:41,-3.9375
00:25:42,-3.9375
00:25:43,-3.9375
00:25:44,-3.9375
00:25:45,-3.9375
00:25:46,-3.9375
00:25:48,-3.9375
00:25:49,-3.9375
00:25:50,-3.8750
00:25:51,-3.8750
00:25:52,-3.8750
00:25:53,-3.8750
00:25:54,-3.8750
00:25:55,-3.8750
00:25:56,-3.8750
00:25:57,-3.8750
00:25:58,-3.8750
00:25:59,-3.8750
00:26:00,-3.8750
00:26:01,-3.8750
00:26:02,-3.8750
00:26:03,-3.8750
00:26:04,-3.8750
00:26:05,-3.8750
00:26:06,-3.8750
00:26:07,-3.8750
00:26:08,-3.8125
00:26:09,-3.8125
00:26:10,-3.8750
00:26:11,-3.8750
00:26:12,-3.8125
00:26:13,-3.8750
00:26:14,-3.8125
00:26:15,-3.8750
00:26:16,-3.8125
00:26:17,-3.8750
00:26:18,-3.8750
00:26:19,-3.8750
00:26:20,-3.8125
00:26:21,-3.8125
00:26:23,-3.8750
00:26:24,-3.8750
00:26:25,-3.8750
00:26:26,-3.8750
00:26:27,-3.8750
00:26:28,-3.8750
00:26:29,-3.8125
00:26:30,-3.8125
00:26:31,-3.8750
00:26:32,-3.8750
00:26:33,-3.8750
00:26:34,-3.8750
00:26:35,-3.8750
00:26:36,-3.8750
00:26:37,-3.8750
00:26:38,-3.8750
00:26:39,-3.8750
00:26:40,-3.8750
00:26:41,-3.8750
00:26:42,-3.8750
00:26:43,-3.8750
00:26:44,-3.8750
00:26:45,-3.8750
00:26:46,-3.8750
00:26:47,-3.8750
00:26:48,-3.8750
00:26:49,-3.8750
00:26:50,-3.8750
00:26:51,-3.8750
00:26:52,-3.8750
00:26:53,-3.8750
00:26:54,-3.8750
00:26:55,-3.8750
00:26:57,-3.8750
00:26:58,-3.8750
00:26:59,-3.8750
00:27:00,-3.8750
00:27:01,-3.8750
00:27:02,-3.8750
00:27:03,-3.8750
00:27:04,-3.8750
00:27:05,-3.8750
00:27:06,-3.8750
00:27:07,-3.9375
00:27:08,-3.8750
00:27:09,-3.8750
00:27:10,-3.8750
00:27:11,-3.8750
00:27:12,-3.8750
00:27:13,-3.8750
00:27:14,-3.8750
00:27:15,-3.8750
00:27:16,-3.8750
00:27:17,-3.8750
00:27:18,-3.8750
00:27:19,-3.8750
00:27:20,-3.9375
00:27:21,-3.9375
00:27:22,-3.9375
00:27:23,-3.8750
00:27:24,-3.8750
00:27:25,-3.9375
00:27:26,-3.9375
00:27:27,-3.9375
00:27:28,-3.9375
00:27:29,-3.9375
00:27:30,-3.9375
00:27:32,-3.9375
00:27:33,-3.9375
00:27:34,-3.9375
00:27:35,-3.9375
00:27:36,-3.9375
00:27:37,-3.9375
00:27:38,-3.9375
00:27:39,-3.9375
00:27:40,-3.9375
00:27:41,-3.9375
00:27:42,-3.9375
00:27:43,-3.9375
00:27:44,-3.9375
00:27:45,-3.9375
00:27:46,-3.9375
00:27:47,-3.9375
00:27:48,-3.9375
00:27:49,-3.9375
00:27:50,-3.9375
00:27:51,-3.9375
00:27:52,-3.9375
00:27:53,-3.9375
00:27:54,-3.9375
00:27:55,-3.9375
00:27:56,-3.9375
00:27:57,-3.9375
00:27:58,-3.9375
00:27:59,-3.9375
00:28:00,-3.9375
00:28:01,-4.0000
00:28:02,-3.9375
00:28:03,-3.9375
00:28:04,-4.0000
00:28:06,-3.9375
00:28:07,-3.9375
00:28:08,-4.0000
00:28:09,-4.0000
00:28:10,-4.0000
00:28:11,-4.0000
00:28:12,-4.0000
00:28:13,-4.0000
00:28:14,-4.0000
00:28:15,-4.0000
00:28:16,-4.0000
00:28:17,-4.0000
00:28:18,-4.0000
00:28:19,-4.0000
00:28:20,-4.0000
00:28:21,-4.0000
00:28:22,-4.0000
00:28:23,-4.0000
00:28:24,-4.0000
00:28:25,-4.0000
00:28:26,-4.0000
00:28:27,-4.0000
00:28:28,-4.0000
00:28:29,-4.0000
00:28:30,-4.0000
00:28:31,-4.0000
00:28:32,-4.0000
00:28:33,-4.0000
00:28:34,-4.0000
00:28:35,-4.0000
00:28:36,-4.0000
00:28:37,-4.0000
00:28:38,-4.0000
00:28:39,-4.0000
00:28:41,-4.0000
00:28:42,-4.0000
00:28:43,-4.0000
00:28:44,-4.0000
00:28:45,-4.0000
00:28:46,-4.0000
00:28:47,-4.0625
00:28:48,-4.0625
00:28:49,-4.0625
00:28:50,-4.0625
00:28:51,-4.0625
00:28:52,-4.0000
00:28:53,-4.0000
00:28:54,-4.0625
00:28:55,-4.0000
00:28:56,-4.0625
00:28:57,-4.0625
00:28:58,-4.0625
00:28:59,-4.0625
00:29:00,-4.0625
00:29:01,-4.0625
00:29:02,-4.0000
00:29:03,-4.0625
00:29:04,-4.0625
00:29:05,-4.0625
00:29:06,-4.0625
00:29:07,-4.0625
00:29:08,-4.0625
00:29:09,-4.0625
00:29:10,-4.0625
00:29:11,-4.0625
00:29:12,-4.0625
00:29:13,-4.0625
00:29:15,-4.0625
00:29:16,-4.0625
00:29:17,-4.0625
00:29:18,-4.0625
00:29:19,-4.0625
00:29:20,-4.0625
00:29:21,-4.0625
00:29:22,-4.0625
00:29:23,-4.0625
00:29:24,-4.0625
00:29:25,-4.0625
00:29:26,-4.0625
00:29:27,-4.0625
00:29:28,-4.0625
00:29:29,-4.0625
00:29:30,-4.1250
00:29:31,-4.0625
00:29:32,-4.0625
00:29:33,-4.1250
00:29:34,-4.0625
00:29:35,-4.1250
00:29:36,-4.0625
00:29:37,-4.1250
00:29:38,-4.1250
00:29:39,-4.0625
00:29:40,-4.0625
00:29:41,-4.0625
00:29:42,-4.1250
00:29:43,-4.0625
00:29:44,-4.0625
00:29:45,-4.1250
00:29:46,-4.0625
00:29:47,-4.0625
00:29:48,-4.0625
00:29:50,-4.0625
00:29:51,-4.0625
00:29:52,-4.0625
00:29:53,-4.1250
00:29:54,-4.0625
00:29:55,-4.0625
00:29:56,-4.1250
00:29:57,-4.1250
00:29:58,-4.1250
00:29:59,-4.1250
00:30:00,-4.1250
00:30:01,-4.0625
00:30:02,-4.1250
00:30:03,-4.1250
00:30:04,-4.1250
00:30:05,-4.1250
00:30:06,-4.1250
00:30:07,-4.1250
00:30:08,-4.1250
00:30:09,-4.1250
00:30:10,-4.1250
00:30:11,-4.1250
00:30:12,-4.1250
00:30:13,-4.1250
00:30:14,-4.1250
00:30:15,-4.1250
00:30:16,-4.1250
00:30:17,-4.1250
00:30:18,-4.1250
00:30:19,-4.1250
00:30:20,-4.1250
00:30:21,-4.0625
00:30:22,-4.1250
00:30:24,-4.1250
00:30:25,-4.1250
00:30:26,-4.1250
00:30:27,-4.1250
00:30:28,-4.1250
00:30:29,-4.1250
00:30:30,-4.1250
00:30:31,-4.1250
00:30:32,-4.1250
00:30:33,-4.1250
00:30:34,-4.1250
00:30:35,-4.1250
00:30:36,-4.1250
00:30:37,-4.1250
00:30:38,-4.1250
00:30:39,-4.1250
00:30:40,-4.1250
00:30:41,-4.1250
00:30:42,-4.1250
00:30:43,-4.1250
00:30:44,-4.1250
00:30:45,-4.1250
00:30:46,-4.1250
00:30:47,-4.1250
00:30:48,-4.1250
00:30:49,-4.1250
00:30:50,-4.1250
00:30:51,-4.1250
00:30:52,-4.1250
00:30:53,-4.1250
00:30:54,-4.1875
00:30:55,-4.1250
00:30:56,-4.1250
00:30:57,-4.1250
00:30:59,-4.1875
00:31:00,-4.1875
00:31:01,-4.1250
00:31:02,-4.1250
00:31:03,-4.1250
00:31:04,-4.1250
00:31:05,-4.1250
00:31:06,-4.1250
00:31:07,-4.1250
00:31:08,-4.1875
00:31:09,-4.1875
00:31:10,-4.1875
00:31:11,-4.1250
00:31:12,-4.1875
00:31:13,-4.1875
00:31:14,-4.1875
00:31:15,-4.1875
00:31:16,-4.1875
00:31:17,-4.1875
00:31:18,-4.1875
00:31:19,-4.1875
00:31:20,-4.1875
00:31:21,-4.1875
00:31:22,-4.1875
00:31:23,-4.1875
00:31:24,-4.1875
00:31:25,-4.1875
00:31:26,-4.1875
00:31:27,-4.1875
00:31:28,-4.1875
00:31:29,-4.1875
00:31:30,-4.1875
00:31:31,-4.1875
00:31:33,-4.1875
00:31:34,-4.2500
00:31:35,-4.1875
00:31:36,-4.1875
00:31:37,-4.1875
00:31:38,-4.1875
00:31:39,-4.1875
00:31:40,-4.1875
00:31:41,-4.1875
00:31:42,-4.1875
00:31:43,-4.1875
00:31:44,-4.1875
00:31:45,-4.1875
00:31:46,-4.1875
00:31:47,-4.1875
00:31:48,-4.1875
00:31:49,-4.1875
00:31:50,-4.1875
00:31:51,-4.1875
00:31:52,-4.1875
00:31:53,-4.2500
00:31:54,-4.1875
00:31:55,-4.1875
00:31:56,-4.2500
00:31:57,-4.1875
00:31:58,-4.2500
00:31:59,-4.1875
00:32:00,-4.1875
00:32:01,-4.1875
00:32:02,-4.2500
00:32:03,-4.1875
00:32:04,-4.1875
00:32:05,-4.1875
00:32:06,-4.1875
00:32:08,-4.1875
00:32:09,-4.2500
00:32:10,-4.2500
00:32:11,-4.2500
00:32:12,-4.2500
00:32:13,-4.2500
00:32:14,-4.2500
00:32:15,-4.2500
00:32:16,-4.2500
00:32:17,-4.2500
00:32:18,-4.2500
00:32:19,-4.2500
00:32:20,-4.2500
00:32:21,-4.2500
00:32:22,-4.2500
00:32:23,-4.2500
00:32:24,-4.2500
00:32:25,-4.2500
00:32:26,-4.2500
00:32:27,-4.2500
00:32:28,-4.3125
00:32:29,-4.2500
00:32:30,-4.3125
00:32:31,-4.2500
00:32:32,-4.3125
00:32:33,-4.3125
00:32:34,-4.3125
00:32:35,-4.3125
00:32:36,-4.3125
00:32:37,-4.3125
00:32:38,-4.3125
00:32:39,-4.3125
00:32:40,-4.3125
00:32:42,-4.2500
00:32:43,-4.3125
00:32:44,-4.3125
00:32:45,-4.3125
00:32:46,-4.3125
00:32:47,-4.3125
00:32:48,-4.3125
00:32:49,-4.3125
00:32:50,-4.3125
00:32:51,-4.3125
00:32:52,-4.3125
00:32:53,-4.3125
00:32:54,-4.3125
00:32:55,-4.3125
00:32:56,-4.3125
00:32:57,-4.3125
00:32:58,-4.3125
00:32:59,-4.3125
00:33:00,-4.3125
00:33:01,-4.3125
00:33:02,-4.3125
00:33:03,-4.3125
00:33:04,-4.3750
00:33:05,-4.3750
00:33:06,-4.3125
00:33:07,-4.3750
00:33:08,-4.3750
00:33:09,-4.3125
00:33:10,-4.3125
00:33:11,-4.3750
00:33:12,-4.3750
00:33:13,-4.3750
00:33:14,-4.3750
00:33:16,-4.3750
00:33:17,-4.3125
00:33:18,-4.3750
00:33:19,-4.3750
00:33:20,-4.3750
00:33:21,-4.3750
00:33:22,-4.3750
00:33:23,-4.3750
00:33:24,-4.3750
00:33:25,-4.3750
00:33:26,-4.3750
00:33:27,-4.3750
00:33:28,-4.3750
00:33:29,-4.3750
00:33:30,-4.3750
00:33:31,-4.3750
00:33:32,-4.4375
00:33:33,-4.3750
00:33:34,-4.3750
00:33:35,-4.3750
00:33:36,-4.3750
00:33:37,-4.4375
00:33:38,-4.3750
00:33:39,-4.3750
00:33:40,-4.3750
00:33:41,-4.3750
00:33:42,-4.4375
00:33:43,-4.4375
00:33:44,-4.4375
00:33:45,-4.3750
00:33:46,-4.4375
00:33:47,-4.4375
00:33:48,-4.3750
00:33:49,-4.4375
00:33:51,-4.4375
00:33:52,-4.4375
00:33:53,-4.4375
00:33:54,-4.4375
00:33:55,-4.4375
00:33:56,-4.4375
00:33:57,-4.4375
00:33:58,-4.4375
00:33:59,-4.4375
00:34:00,-4.4375
00:34:01,-4.4375
00:34:02,-4.4375
00:34:03,-4.5000
00:34:04,-4.4375
00:34:05,-4.4375
00:34:06,-4.5000
00:34:07,-4.5000
00:34:08,-4.4375
00:34:09,-4.5000
00:34:10,-4.5000
00:34:11,-4.5000
00:34:12,-4.5000
00:34:13,-4.5000
00:34:14,-4.5000
00:34:15,-4.5000
00:34:16,-4.5000
00:34:17,-4.5000
00:34:18,-4.5000
00:34:19,-4.5000
00:34:20,-4.5000
00:34:21,-4.5000
00:34:22,-4.5625
00:34:23,-4.5625
00:34:25,-4.5625
00:34:26,-4.5625
00:34:27,-4.5625
00:34:28,-4.5625
00:34:29,-4.5625
00:34:30,-4.5625
00:34:31,-4.5625
00:34:32,-4.5625
00:34:33,-4.5625
00:34:34,-4.5625
00:34:35,-4.6250
00:34:36,-4.5625
00:34:37,-4.5625
00:34:38,-4.5625
00:34:39,-4.5625
00:34:40,-4.5625
00:34:41,-4.5625
00:34:42,-4.6250
00:34:43,-4.6250
00:34:44,-4.6250
00:34:45,-4.6250
00:34:46,-4.6250
00:34:47,-4.6250
00:34:48,-4.6250
00:34:49,-4.6250
00:34:50,-4.6250
00:34:51,-4.6250
00:34:52,-4.6250
00:34:53,-4.6250
00:34:54,-4.6875
00:34:55,-4.6875
00:34:56,-4.6250
00:34:57,-4.6875
00:34:58,-4.6875
00:35:00,-4.6875
00:35:01,-4.6875
00:35:02,-4.6875
00:35:03,-4.6875
00:35:04,-4.6875
00:35:05,-4.6875
00:35:06,-4.6875
00:35:07,-4.6875
00:35:08,-4.6875
00:35:09,-4.6875
00:35:10,-4.6875
00:35:11,-4.6875
00:35:12,-4.6875
00:35:13,-4.6875
00:35:14,-4.6875
00:35:15,-4.7500
00:35:16,-4.7500
00:35:17,-4.7500
00:35:18,-4.7500
00:35:19,-4.7500
00:35:20,-4.7500
00:35:21,-4.7500
00:35:22,-4.7500
00:35:23,-4.7500
00:35:24,-4.7500
00:35:25,-4.7500
00:35:26,-4.7500
00:35:27,-4.7500
00:35:28,-4.7500
00:35:29,-4.8125
00:35:30,-4.7500
00:35:31,-4.7500
00:35:32,-4.8125
00:35:34,-4.8125
00:35:35,-4.8125
00:35:36,-4.8125
00:35:37,-4.8125
00:35:38,-4.8125
00:35:39,-4.8125
00:35:40,-4.8125
00:35:41,-4.8125
00:35:42,-4.8125
00:35:43,-4.8125
00:35:44,-4.8750
00:35:45,-4.8750
00:35:46,-4.8125
00:35:47,-4.8125
00:35:48,-4.8125
00:35:49,-4.8125
00:35:50,-4.8750
00:35:51,-4.8750
00:35:52,-4.8750
00:35:53,-4.8750
00:35:54,-4.8750
00:35:55,-4.9375
00:35:56,-4.9375
00:35:57,-4.9375
00:35:58,-4.9375
00:35:59,-5.0000
00:36:00,-5.0000
00:36:01,-5.0000
00:36:02,-5.0625
00:36:03,-5.0625
00:36:04,-5.0625
00:36:05,-5.0625
00:36:06,-5.0625
00:36:07,-5.0625
00:36:09,-5.0625
00:36:10,-5.1250
00:36:11,-5.1250
00:36:12,-5.1250
00:36:13,-5.1250
00:36:14,-5.1250
00:36:15,-5.1250
00:36:16,-5.1250
00:36:17,-5.1250
00:36:18,-5.1875
00:36:19,-5.1875
00:36:20,-5.1875
00:36:21,-5.1875
00:36:22,-5.1875
00:36:23,-5.1875
00:36:24,-5.1875
00:36:25,-5.1875
00:36:26,-5.1875
00:36:27,-5.1875
00:36:28,-5.1875
00:36:29,-5.1875
00:36:30,-5.1875
00:36:31,-5.1875
00:36:32,-5.2500
00:36:33,-5.1875
00:36:34,-5.2500
00:36:35,-5.1875
00:36:36,-5.2500
00:36:37,-5.2500
00:36:38,-5.2500
00:36:39,-5.1875
00:36:40,-5.2500
00:36:41,-5.2500
00:36:43,-5.2500
00:36:44,-5.2500
00:36:45,-5.2500
00:36:46,-5.2500
00:36:47,-5.2500
00:36:48,-5.2500
00:36:49,-5.2500
00:36:50,-5.2500
00:36:51,-5.2500
00:36:52,-5.2500
00:36:53,-5.2500
00:36:54,-5.2500
00:36:55,-5.3125
00:36:56,-5.3125
00:36:57,-5.3125
00:36:58,-5.3125
00:36:59,-5.3125
00:37:00,-5.3125
00:37:01,-5.3125
00:37:02,-5.3125
00:37:03,-5.3125
00:37:04,-5.3125
00:37:05,-5.3125
00:37:06,-5.3125
00:37:07,-5.3125
00:37:08,-5.3125
00:37:09,-5.3125
00:37:10,-5.3125
00:37:11,-5.3125
00:37:12,-5.3125
00:37:13,-5.3125
00:37:14,-5.3125
00:37:15,-5.3125
00:37:16,-5.3125
00:37:18,-5.3125
00:37:19,-5.3125
00:37:20,-5.3125
00:37:21,-5.3125
00:37:22,-5.3125
00:37:23,-5.3125
00:37:24,-5.3125
00:37:25,-5.3750
00:37:26,-5.3125
00:37:27,-5.3125
00:37:28,-5.3125
00:37:29,-5.3750
00:37:30,-5.3750
00:37:31,-5.3750
00:37:32,-5.3125
00:37:33,-5.3125
00:37:34,-5.3750
00:37:35,-5.3750
00:37:36,-5.3750
00:37:37,-5.3750
00:37:38,-5.3125
00:37:39,-5.3750
00:37:40,-5.3125
00:37:41,-5.3125
00:37:42,-5.3125
00:37:43,-5.3125
00:37:44,-5.3125
00:37:45,-5.3125
00:37:46,-5.3750
00:37:47,-5.3125
00:37:48,-5.3125
00:37:49,-5.3125
00:37:50,-5.3125
00:37:52,-5.3125
00:37:53,-5.3125
00:37:54,-5.3750
00:37:55,-5.3750
00:37:56,-5.3750
00:37:57,-5.3750
00:37:58,-5.3750
00:37:59,-5.3750
00:38:00,-5.3750
00:38:01,-5.3750
00:38:02,-5.3750
00:38:03,-5.3750
00:38:04,-5.3750
00:38:05,-5.3750
00:38:06,-5.3750
00:38:07,-5.3125
00:38:08,-5.3750
00:38:09,-5.3750
00:38:10,-5.3750
00:38:11,-5.4375
00:38:12,-5.3750
00:38:13,-5.3750
00:38:14,-5.4375
00:38:15,-5.4375
00:38:16,-5.4375
00:38:17,-5.4375
00:38:18,-5.4375
00:38:19,-5.4375
00:38:20,-5.4375
00:38:21,-5.4375
00:38:22,-5.5000
00:38:23,-5.4375
00:38:24,-5.4375
00:38:25,-5.5000
00:38:27,-5.5000
00:38:28,-5.5000
00:38:29,-5.5000
00:38:30,-5.5000
00:38:31,-5.5000
00:38:32,-5.5000
00:38:33,-5.5000
00:38:34,-5.5000
00:38:35,-5.5000
00:38:36,-5.5000
00:38:37,-5.5000
00:38:38,-5.5000
00:38:39,-5.5000
00:38:40,-5.5000
00:38:41,-5.5000
00:38:42,-5.5000
00:38:43,-5.5000
00:38:44,-5.5625
00:38:45,-5.5000
00:38:46,-5.5625
00:38:47,-5.5000
00:38:48,-5.5000
00:38:49,-5.5000
00:38:50,-5.5000
00:38:51,-5.5000
00:38:52,-5.5625
00:38:53,-5.5625
00:38:54,-5.5625
00:38:55,-5.5625
00:38:56,-5.5625
00:38:57,-5.5625
00:38:58,-5.5625
00:38:59,-5.5625
00:39:01,-5.5625
00:39:02,-5.5625
00:39:03,-5.5625
00:39:04,-5.5625
00:39:05,-5.5625
00:39:06,-5.5625
00:39:07,-5.5625
00:39:08,-5.5625
00:39:09,-5.5625
00:39:10,-5.5625
00:39:11,-5.5625
00:39:12,-5.5625
00:39:13,-5.5625
00:39:14,-5.5625
00:39:15,-5.5625
00:39:16,-5.5625
00:39:17,-5.5625
00:39:18,-5.5625
00:39:19,-5.5625
00:39:20,-5.5625
00:39:21,-5.5625
00:39:22,-5.5625
00:39:23,-5.5625
00:39:24,-5.5625
00:39:25,-5.5625
00:39:26,-5.6250
00:39:27,-5.5625
00:39:28,-5.5625
00:39:29,-5.5625
00:39:30,-5.5625
00:39:31,-5.6250
00:39:32,-5.6250
00:39:33,-5.5625
00:39:34,-5.6250
00:39:36,-5.5625
00:39:37,-5.5625
00:39:38,-5.5625
00:39:39,-5.5625
00:39:40,-5.5625
00:39:41,-5.5625
00:39:42,-5.5625
00:39:43,-5.5625
00:39:44,-5.5625
00:39:45,-5.6250
00:39:46,-5.5625
00:39:47,-5.5625
00:39:48,-5.5625
00:39:49,-5.5625
00:39:50,-5.5625
00:39:51,-5.5625
00:39:52,-5.6250
00:39:53,-5.5625
00:39:54,-5.6250
00:39:55,-5.6250
00:39:56,-5.6250
00:39:57,-5.5625
00:39:58,-5.6250
00:39:59,-5.6250
00:40:00,-5.5625
00:40:01,-5.6250
00:40:02,-5.6250
00:40:03,-5.6250
00:40:04,-5.6250
00:40:05,-5.6250
00:40:06,-5.6250
00:40:07,-5.6250
00:40:08,-5.6250
00:40:10,-5.6250
00:40:11,-5.6250
00:40:12,-5.6250
00:40:13,-5.6250
00:40:14,-5.5625
00:40:15,-5.5625
00:40:16,-5.6250
00:40:17,-5.6250
00:40:18,-5.5625
00:40:19,-5.5625
00:40:20,-5.5625
00:40:21,-5.5625
00:40:22,-5.6250
00:40:23,-5.6250
00:40:24,-5.6250
00:40:25,-5.6250
00:40:26,-5.6250
00:40:27,-5.6250
00:40:28,-5.6250
00:40:29,-5.6250
00:40:30,-5.6250
00:40:31,-5.6250
00:40:32,-5.6250
00:40:33,-5.6250
00:40:34,-5.6250
00:40:35,-5.6250
00:40:36,-5.6250
00:40:37,-5.6250
00:40:38,-5.6250
00:40:39,-5.6250
00:40:40,-5.6250
00:40:41,-5.6875
00:40:42,-5.6250
00:40:44,-5.6250
00:40:45,-5.6250
00:40:46,-5.6875
00:40:47,-5.6250
00:40:48,-5.6250
00:40:49,-5.6250
00:40:50,-5.6250
00:40:51,-5.6250
00:40:52,-5.6250
00:40:53,-5.6250
00:40:54,-5.6250
00:40:55,-5.6250
00:40:56,-5.6875
00:40:57,-5.6875
00:40:58,-5.6875
00:40:59,-5.6875
00:41:00,-5.6875
00:41:01,-5.6875
00:41:02,-5.6875
00:41:03,-5.6875
00:41:04,-5.6875
00:41:05,-5.6875
00:41:06,-5.6875
00:41:07,-5.6875
00:41:08,-5.6875
00:41:09,-5.6875
00:41:10,-5.6875
00:41:11,-5.6875
00:41:12,-5.6875
00:41:13,-5.6875
00:41:14,-5.6875
00:41:15,-5.6875
00:41:16,-5.6875
00:41:17,-5.6250
00:41:19,-5.6875
00:41:20,-5.6875
00:41:21,-5.6875
00:41:22,-5.6875
00:41:23,-5.6875
00:41:24,-5.6875
00:41:25,-5.6875
00:41:26,-5.6875
00:41:27,-5.6875
00:41:28,-5.6875
00:41:29,-5.6875
00:41:30,-5.6250
00:41:31,-5.6875
00:41:32,-5.6250
00:41:33,-5.6250
00:41:34,-5.6250
00:41:35,-5.5625
00:41:36,-5.5000
00:41:37,-5.5000
00:41:38,-5.5000
00:41:39,-5.5625
00:41:40,-5.5625
00:41:41,-5.5625
00:41:42,-5.5000
00:41:43,-5.5000
00:41:44,-5.5000
00:41:45,-5.5000
00:41:46,-5.4375
00:41:47,-5.4375
00:41:48,-5.3750
00:41:49,-5.3750
00:41:50,-5.3750
00:41:51,-5.3125
00:41:53,-5.3750
00:41:54,-5.3125
00:41:55,-5.3125
00:41:56,-5.3125
00:41:57,-5.3125
00:41:58,-5.2500
00:41:59,-5.2500
00:42:00,-5.2500
00:42:01,-5.2500
00:42:02,-5.1875
00:42:03,-5.1875
00:42:04,-5.1875
00:42:05,-5.1875
00:42:06,-5.1250
00:42:07,-5.1875
00:42:08,-5.1250
00:42:09,-5.1250
00:42:10,-5.1250
00:42:11,-5.1250
00:42:12,-5.0625
00:42:13,-5.1250
00:42:14,-5.0625
00:42:15,-5.0625
00:42:16,-5.0625
00:42:17,-5.0625
00:42:18,-5.0625
00:42:19,-5.0625
00:42:20,-5.0625
00:42:21,-5.0625
00:42:22,-5.0625
00:42:23,-5.0625
00:42:24,-5.0625
00:42:25,-5.0625
00:42:26,-5.0625
00:42:28,-5.0625
00:42:29,-5.0000
00:42:30,-5.0000
00:42:31,-5.0000
00:42:32,-5.0000
00:42:33,-5.0000
00:42:34,-5.0000
00:42:35,-5.0000
00:42:36,-5.0000
00:42:37,-5.0000
00:42:38,-5.0000
00:42:39,-5.0000
00:42:40,-5.0000
00:42:41,-5.0000
00:42:42,-5.0000
00:42:43,-5.0000
00:42:44,-5.0000
00:42:45,-5.0000
00:42:46,-5.0000
00:42:47,-5.0000
00:42:48,-5.0000
00:42:49,-5.0000
00:42:50,-5.0000
00:42:51,-5.0000
00:42:52,-5.0000
00:42:53,-4.9375
00:42:54,-4.9375
00:42:55,-5.0000
00:42:56,-4.9375
00:42:57,-4.9375
00:42:58,-4.9375
00:42:59,-4.9375
00:43:00,-4.9375
00:43:02,-4.9375
00:43:03,-5.0000
00:43:04,-4.9375
00:43:05,-4.9375
00:43:06,-4.9375
00:43:07,-4.9375
00:43:08,-4.9375
00:43:09,-4.9375
00:43:10,-4.9375
00:43:11,-4.9375
00:43:12,-4.9375
00:43:13,-4.9375
00:43:14,-4.9375
00:43:15,-4.9375
00:43:16,-4.9375
00:43:17,-4.9375
00:43:18,-4.9375
00:43:19,-4.9375
00:43:20,-4.9375
00:43:21,-4.9375
00:43:22,-4.9375
00:43:23,-4.9375
00:43:24,-4.9375
00:43:25,-4.9375
00:43:26,-4.9375
00:43:27,-4.9375
00:43:28,-4.9375
00:43:29,-4.9375
00:43:30,-4.9375
00:43:31,-4.9375
00:43:32,-4.9375
00:43:33,-4.9375
00:43:34,-4.9375
00:43:35,-4.9375
00:43:37,-4.9375
00:43:38,-4.9375
00:43:39,-4.8750
00:43:40,-4.9375
00:43:41,-4.9375
00:43:42,-4.9375
00:43:43,-4.9375
00:43:44,-4.9375
00:43:45,-4.9375
00:43:46,-4.9375
00:43:47,-4.9375
00:43:48,-4.9375
00:43:49,-4.9375
00:43:50,-4.8750
00:43:51,-4.9375
00:43:52,-4.9375
00:43:53,-4.9375
00:43:54,-4.9375
00:43:55,-4.9375
00:43:56,-4.9375
00:43:57,-4.9375
00:43:58,-4.9375
00:43:59,-4.9375
00:44:00,-4.9375
00:44:01,-4.9375
00:44:02,-4.9375
00:44:03,-4.9375
00:44:04,-4.9375
00:44:05,-4.9375
00:44:06,-4.9375
00:44:07,-4.9375
00:44:08,-4.9375
00:44:09,-4.9375
00:44:11,-4.9375
00:44:12,-4.9375
00:44:13,-4.9375
00:44:14,-4.9375
00:44:15,-4.9375
00:44:16,-4.9375
00:44:17,-4.9375
00:44:18,-4.9375
00:44:19,-4.9375
00:44:20,-4.9375
00:44:21,-4.9375
00:44:22,-4.9375
00:44:23,-4.9375
00:44:24,-4.9375
00:44:25,-4.9375
00:44:26,-4.9375
00:44:27,-4.9375
00:44:28,-5.0000
00:44:29,-4.9375
00:44:30,-4.9375
00:44:31,-4.9375
00:44:32,-4.9375
00:44:33,-4.9375
00:44:34,-4.9375
00:44:35,-4.9375
00:44:36,-4.9375
00:44:37,-4.9375
00:44:38,-4.9375
00:44:39,-5.0000
00:44:40,-4.9375
00:44:41,-4.9375
00:44:42,-4.9375
00:44:43,-4.9375
00:44:44,-4.9375
00:44:46,-4.9375
00:44:47,-4.9375
00:44:48,-4.9375
00:44:49,-4.9375
00:44:50,-4.9375
00:44:51,-5.0000
00:44:52,-4.9375
00:44:53,-4.9375
00:44:54,-4.9375
00:44:55,-4.9375
00:44:56,-4.9375
00:44:57,-4.9375
00:44:58,-4.9375
00:44:59,-4.9375
00:45:00,-4.9375
00:45:01,-4.9375
00:45:02,-5.0000
00:45:03,-4.9375
00:45:04,-4.9375
00:45:05,-4.9375
00:45:06,-4.9375
00:45:07,-4.9375
00:45:08,-4.9375
00:45:09,-4.9375
00:45:10,-4.9375
00:45:11,-4.9375
00:45:12,-4.9375
00:45:13,-4.9375
00:45:14,-4.9375
00:45:15,-4.9375
00:45:16,-4.9375
00:45:17,-4.9375
00:45:18,-4.9375
00:45:20,-4.9375
00:45:21,-4.9375
00:45:22,-4.9375
00:45:23,-4.9375
00:45:24,-4.9375
00:45:25,-4.9375
00:45:26,-4.9375
00:45:27,-4.9375
00:45:28,-4.9375
00:45:29,-4.9375
00:45:30,-4.9375
00:45:31,-4.9375
00:45:32,-4.9375
00:45:33,-4.9375
00:45:34,-4.9375
00:45:35,-4.9375
00:45:36,-4.9375
00:45:37,-4.9375
00:45:38,-5.0000
00:45:39,-4.9375
00:45:40,-4.9375
00:45:41,-4.9375
00:45:42,-4.9375
00:45:43,-4.9375
00:45:44,-4.8750
00:45:45,-4.9375
00:45:46,-4.9375
00:45:47,-4.9375
00:45:48,-4.9375
00:45:49,-4.9375
00:45:50,-4.9375
00:45:51,-4.9375
00:45:52,-4.9375
00:45:53,-4.9375
00:45:55,-4.9375
00:45:56,-4.9375
00:45:57,-4.9375
00:45:58,-4.9375
00:45:59,-4.9375
00:46:00,-4.9375
00:46:01,-4.9375
00:46:02,-4.9375
00:46:03,-4.9375
00:46:04,-4.9375
00:46:05,-4.9375
00:46:06,-4.9375
00:46:07,-4.9375
00:46:08,-4.9375
00:46:09,-4.9375
00:46:10,-4.9375
00:46:11,-4.9375
00:46:12,-4.9375
00:46:13,-4.9375
00:46:14,-4.9375
00:46:15,-4.9375
00:46:16,-4.9375
00:46:17,-4.9375
00:46:18,-4.9375
00:46:19,-4.9375
00:46:20,-5.0000
00:46:21,-5.0000
00:46:22,-4.9375
00:46:23,-4.9375
00:46:24,-4.9375
00:46:25,-4.9375
00:46:26,-5.0000
00:46:27,-4.9375
00:46:29,-4.9375
00:46:30,-5.0000
00:46:31,-5.0000
00:46:32,-4.9375
00:46:33,-4.9375
00:46:34,-4.9375
00:46:35,-5.0000
00:46:36,-5.0000
00:46:37,-5.0000
00:46:38,-5.0000
00:46:39,-4.9375
00:46:40,-5.0000
00:46:41,-5.0000
00:46:42,-5.0000
00:46:43,-5.0000
00:46:44,-5.0000
00:46:45,-5.0000
00:46:46,-5.0000
00:46:47,-5.0000
00:46:48,-5.0000
00:46:49,-5.0000
00:46:50,-5.0000
00:46:51,-5.0000
00:46:52,-5.0000
00:46:53,-5.0000
00:46:54,-5.0000
00:46:55,-5.0000
00:46:56,-5.0000
00:46:57,-5.0000
00:46:58,-5.0000
00:46:59,-5.0000
00:47:00,-5.0000
00:47:01,-5.0000
00:47:02,-5.0000
00:47:04,-5.0000
00:47:05,-5.0000
00:47:06,-5.0000
00:47:07,-5.0000
00:47:08,-5.0000
00:47:09,-5.0625
00:47:10,-5.0625
00:47:11,-5.0625
00:47:12,-5.0625
00:47:13,-5.0625
00:47:14,-5.0625
00:47:15,-5.0625
00:47:16,-5.0625
00:47:17,-5.0625
00:47:18,-5.0625
00:47:19,-5.0625
00:47:20,-5.0625
00:47:21,-5.0625
00:47:22,-5.0625
00:47:23,-5.0625
00:47:24,-5.0625
00:47:25,-5.0625
00:47:26,-5.0625
00:47:27,-5.0625
00:47:28,-5.0625
00:47:29,-5.0625
00:47:30,-5.0625
00:47:31,-5.0625
00:47:32,-5.1250
00:47:33,-5.0625
00:47:34,-5.0625
00:47:35,-5.1250
00:47:36,-5.1250
00:47:38,-5.1250
00:47:39,-5.1250
00:47:40,-5.1250
00:47:41,-5.1250
00:47:42,-5.1250
00:47:43,-5.1250
00:47:44,-5.1250
00:47:45,-5.1250
00:47:46,-5.1250
00:47:47,-5.0625
00:47:48,-5.1250
00:47:49,-5.1250
00:47:50,-5.1250
00:47:51,-5.1250
00:47:52,-5.1250
00:47:53,-5.1250
00:47:54,-5.1250
00:47:55,-5.1250
00:47:56,-5.1250
00:47:57,-5.1250
00:47:58,-5.1250
00:47:59,-5.1250
00:48:00,-5.1250
00:48:01,-5.1250
00:48:02,-5.1875
00:48:03,-5.1250
00:48:04,-5.1250
00:48:05,-5.1875
00:48:06,-5.1250
00:48:07,-5.1875
00:48:08,-5.1875
00:48:09,-5.1875
00:48:10,-5.1875
00:48:12,-5.1875
00:48:13,-5.1875
00:48:14,-5.1875
00:48:15,-5.1875
00:48:16,-5.1250
00:48:17,-5.1875
00:48:18,-5.1875
00:48:19,-5.1875
00:48:20,-5.1875
00:48:21,-5.1875
00:48:22,-5.1875
00:48:23,-5.1875
00:48:24,-5.1875
00:48:25,-5.1875
00:48:26,-5.1875
00:48:27,-5.1875
00:48:28,-5.1875
00:48:29,-5.1875
00:48:30,-5.1875
00:48:31,-5.1875
00:48:32,-5.1875
00:48:33,-5.1875
00:48:34,-5.1875
00:48:35,-5.2500
00:48:36,-5.2500
00:48:37,-5.2500
00:48:38,-5.2500
00:48:39,-5.2500
00:48:40,-5.2500
00:48:41,-5.2500
00:48:42,-5.2500
00:48:43,-5.2500
00:48:44,-5.2500
00:48:45,-5.2500
00:48:47,-5.2500
00:48:48,-5.2500
00:48:49,-5.2500
00:48:50,-5.2500
00:48:51,-5.2500
00:48:52,-5.2500
00:48:53,-5.2500
00:48:54,-5.3125
00:48:55,-5.2500
00:48:56,-5.2500
00:48:57,-5.2500
00:48:58,-5.2500
00:48:59,-5.2500
00:49:00,-5.2500
00:49:01,-5.3125
00:49:02,-5.2500
00:49:03,-5.3125
00:49:04,-5.3125
00:49:05,-5.3125
00:49:06,-5.3125
00:49:07,-5.2500
00:49:08,-5.3125
00:49:09,-5.2500
00:49:10,-5.2500
00:49:11,-5.2500
00:49:12,-5.2500
00:49:13,-5.3125
00:49:14,-5.3125
00:49:15,-5.3125
00:49:16,-5.2500
00:49:17,-5.3125
00:49:18,-5.3125
00:49:19,-5.2500
00:49:21,-5.3125
00:49:22,-5.2500
00:49:23,-5.3125
00:49:24,-5.3125
00:49:25,-5.3125
00:49:26,-5.3125
00:49:27,-5.2500
00:49:28,-5.2500
00:49:29,-5.2500
00:49:30,-5.2500
00:49:31,-5.2500
00:49:32,-5.3125
00:49:33,-5.3125
00:49:34,-5.2500
00:49:35,-5.2500
00:49:36,-5.3125
00:49:37,-5.3125
00:49:38,-5.3125
00:49:39,-5.3125
00:49:40,-5.2500
00:49:41,-5.3125
00:49:42,-5.3125
00:49:43,-5.2500
00:49:44,-5.2500
00:49:45,-5.3125
00:49:46,-5.2500
00:49:47,-5.2500
00:49:48,-5.2500
00:49:49,-5.3125
00:49:50,-5.2500
00:49:51,-5.2500
00:49:52,-5.2500
00:49:53,-5.2500
00:49:54,-5.2500
00:49:56,-5.2500
00:49:57,-5.2500
00:49:58,-5.2500
00:49:59,-5.2500
00:50:00,-5.2500
00:50:01,-5.2500
00:50:02,-5.2500
00:50:03,-5.2500
00:50:04,-5.2500
00:50:05,-5.2500
00:50:06,-5.2500
00:50:07,-5.3125
00:50:08,-5.2500
00:50:09,-5.2500
00:50:10,-5.2500
00:50:11,-5.2500
00:50:12,-5.2500
00:50:13,-5.2500
00:50:14,-5.2500
00:50:15,-5.3125
00:50:16,-5.2500
00:50:17,-5.2500
00:50:18,-5.3125
00:50:19,-5.2500
00:50:20,-5.2500
00:50:21,-5.2500
00:50:22,-5.2500
00:50:23,-5.2500
00:50:24,-5.2500
00:50:25,-5.2500
00:50:26,-5.2500
00:50:27,-5.2500
00:50:28,-5.2500
00:50:30,-5.3125
00:50:31,-5.2500
00:50:32,-5.2500
00:50:33,-5.2500
00:50:34,-5.2500
00:50:35,-5.2500
00:50:36,-5.2500
00:50:37,-5.2500
00:50:38,-5.2500
00:50:39,-5.2500
00:50:40,-5.2500
00:50:41,-5.2500
00:50:42,-5.2500
00:50:43,-5.2500
00:50:44,-5.2500
00:50:45,-5.2500
00:50:46,-5.2500
00:50:47,-5.2500
00:50:48,-5.2500
00:50:49,-5.3125
00:50:50,-5.2500
00:50:51,-5.2500
00:50:52,-5.2500
00:50:53,-5.3125
00:50:54,-5.2500
00:50:55,-5.3125
00:50:56,-5.3125
00:50:57,-5.2500
00:50:58,-5.2500
00:50:59,-5.2500
00:51:00,-5.2500
00:51:01,-5.2500
00:51:02,-5.2500
00:51:03,-5.3125
00:51:05,-5.3125
00:51:06,-5.2500
00:51:07,-5.3125
00:51:08,-5.2500
00:51:09,-5.2500
00:51:10,-5.3125
00:51:11,-5.3125
00:51:12,-5.3125
00:51:13,-5.3125
00:51:14,-5.3125
00:51:15,-5.3125
00:51:16,-5.3125
00:51:17,-5.3125
00:51:18,-5.3125
00:51:19,-5.3125
00:51:20,-5.3125
00:51:21,-5.3125
00:51:22,-5.3125
00:51:23,-5.3125
00:51:24,-5.3125
00:51:25,-5.3125
00:51:26,-5.3125
00:51:27,-5.3125
00:51:28,-5.3125
00:51:29,-5.3125
00:51:30,-5.3125
00:51:31,-5.3125
00:51:32,-5.3125
00:51:33,-5.3125
00:51:34,-5.3125
00:51:35,-5.3125
00:51:36,-5.3125
00:51:37,-5.3125
00:51:39,-5.3125
00:51:40,-5.3125
00:51:41,-5.3125
00:51:42,-5.3125
00:51:43,-5.3125
00:51:44,-5.3125
00:51:45,-5.3125
00:51:46,-5.3125
00:51:47,-5.3125
00:51:48,-5.3125
00:51:49,-5.3125
00:51:50,-5.3125
00:51:51,-5.3750
00:51:52,-5.3125
00:51:53,-5.3125
00:51:54,-5.3125
00:51:55,-5.3125
00:51:56,-5.3125
00:51:57,-5.3125
00:51:58,-5.3750
00:51:59,-5.3750
00:52:00,-5.3125
00:52:01,-5.3750
00:52:02,-5.3125
00:52:03,-5.3125
00:52:04,-5.3125
00:52:05,-5.3750
00:52:06,-5.3750
00:52:07,-5.3125
00:52:08,-5.3750
00:52:09,-5.3125
00:52:10,-5.3750
00:52:11,-5.3750
00:52:12,-5.3125
00:52:14,-5.3750
00:52:15,-5.3750
00:52:16,-5.3750
00:52:17,-5.3750
00:52:18,-5.3750
00:52:19,-5.3750
00:52:20,-5.3750
00:52:21,-5.3125
00:52:22,-5.3750
00:52:23,-5.3750
00:52:24,-5.3750
00:52:25,-5.3750
00:52:26,-5.3750
00:52:27,-5.3750
00:52:28,-5.3750
00:52:29,-5.3750
00:52:30,-5.3750
00:52:31,-5.3750
00:52:32,-5.3750
00:52:33,-5.3750
00:52:34,-5.3750
00:52:35,-5.3750
00:52:36,-5.3750
00:52:37,-5.3750
00:52:38,-5.3750
00:52:39,-5.3750
00:52:40,-5.3750
00:52:41,-5.4375
00:52:42,-5.4375
00:52:43,-5.3750
00:52:44,-5.3750
00:52:45,-5.3750
00:52:46,-5.3750
00:52:48,-5.3750
00:52:49,-5.3750
00:52:50,-5.4375
00:52:51,-5.3750
00:52:52,-5.4375
00:52:53,-5.3750
00:52:54,-5.4375
00:52:55,-5.4375
00:52:56,-5.4375
00:52:57,-5.4375
00:52:58,-5.4375
00:52:59,-5.4375
00:53:00,-5.4375
00:53:01,-5.4375
00:53:02,-5.4375
00:53:03,-5.4375
00:53:04,-5.4375
00:53:05,-5.4375
00:53:06,-5.4375
00:53:07,-5.4375
00:53:08,-5.4375
00:53:09,-5.4375
00:53:10,-5.4375
00:53:11,-5.4375
00:53:12,-5.4375
00:53:13,-5.4375
00:53:14,-5.4375
00:53:15,-5.4375
00:53:16,-5.4375
00:53:17,-5.4375
00:53:18,-5.4375
00:53:19,-5.4375
00:53:20,-5.4375
00:53:21,-5.5000
00:53:23,-5.5000
00:53:24,-5.5000
00:53:25,-5.5000
00:53:26,-5.4375
00:53:27,-5.4375
00:53:28,-5.4375
00:53:29,-5.4375
00:53:30,-5.5000
00:53:31,-5.5000
00:53:32,-5.5000
00:53:33,-5.5000
00:53:34,-5.4375
00:53:35,-5.5000
00:53:36,-5.5000
00:53:37,-5.5000
00:53:38,-5.5000
00:53:39,-5.5000
00:53:40,-5.5000
00:53:41,-5.5000
00:53:42,-5.5000
00:53:43,-5.5000
00:53:44,-5.5000
00:53:45,-5.5000
00:53:46,-5.5000
00:53:47,-5.5000
00:53:48,-5.5000
00:53:49,-5.5000
00:53:50,-5.5000
00:53:51,-5.5000
00:53:52,-5.5000
00:53:53,-5.5000
00:53:54,-5.5625
00:53:55,-5.5000
00:53:57,-5.5000
00:53:58,-5.5625
00:53:59,-5.5625
00:54:00,-5.5000
00:54:01,-5.5625
00:54:02,-5.5625
00:54:03,-5.5625
00:54:04,-5.5625
00:54:05,-5.5625
00:54:06,-5.5625
00:54:07,-5.5625
00:54:08,-5.5625
00:54:09,-5.5625
00:54:10,-5.5625
00:54:11,-5.5625
00:54:12,-5.5625
00:54:13,-5.5625
00:54:14,-5.5625
00:54:15,-5.5625
00:54:16,-5.5625
00:54:17,-5.5625
00:54:18,-5.5625
00:54:19,-5.5625
00:54:20,-5.5625
00:54:21,-5.5625
00:54:22,-5.5625
00:54:23,-5.5625
00:54:24,-5.5625
00:54:25,-5.5625
00:54:26,-5.5625
00:54:27,-5.5625
00:54:28,-5.5625
00:54:29,-5.5625
00:54:30,-5.5625
00:54:32,-5.5625
00:54:33,-5.5625
00:54:34,-5.5625
00:54:35,-5.5625
00:54:36,-5.5625
00:54:37,-5.5625
00:54:38,-5.5625
00:54:39,-5.5625
00:54:40,-5.5625
00:54:41,-5.5625
00:54:42,-5.5625
00:54:43,-5.5625
00:54:44,-5.5625
00:54:45,-5.5625
00:54:46,-5.6250
00:54:47,-5.6250
00:54:48,-5.5625
00:54:49,-5.6250
00:54:50,-5.5625
00:54:51,-5.6250
00:54:52,-5.6250
00:54:53,-5.5625
00:54:54,-5.5625
00:54:55,-5.5625
00:54:56,-5.6250
00:54:57,-5.5625
00:54:58,-5.6250
00:54:59,-5.5625
00:55:00,-5.6250
00:55:01,-5.5625
00:55:02,-5.5625
00:55:03,-5.5625
00:55:04,-5.6250
00:55:06,-5.6250
00:55:07,-5.5625
00:55:08,-5.6250
00:55:09,-5.6250
00:55:10,-5.6250
00:55:11,-5.6250
00:55:12,-5.5625
00:55:13,-5.6250
00:55:14,-5.6250
00:55:15,-5.6250
00:55:16,-5.5625
00:55:17,-5.5625
00:55:18,-5.6250
00:55:19,-5.6250
00:55:20,-5.6250
00:55:21,-5.6250
00:55:22,-5.6250
00:55:23,-5.6250
00:55:24,-5.6250
00:55:25,-5.5625
00:55:26,-5.6250
00:55:27,-5.5625
00:55:28,-5.6250
00:55:29,-5.6250
00:55:30,-5.6250
00:55:31,-5.6250
00:55:32,-5.5625
00:55:33,-5.6250
00:55:34,-5.6250
00:55:35,-5.5625
00:55:36,-5.6250
00:55:37,-5.6250
00:55:38,-5.6250
00:55:40,-5.6250
00:55:41,-5.5625
00:55:42,-5.5625
00:55:43,-5.5625
00:55:44,-5.5625
00:55:45,-5.5625
00:55:46,-5.5625
00:55:47,-5.5625
00:55:48,-5.5625
00:55:49,-5.5625
00:55:50,-5.5625
00:55:51,-5.5625
00:55:52,-5.5625
00:55:53,-5.5625
00:55:54,-5.5625
00:55:55,-5.5625
00:55:56,-5.5625
00:55:57,-5.5625
00:55:58,-5.5625
00:55:59,-5.5625
00:56:00,-5.5625
00:56:01,-5.5625
00:56:02,-5.5625
00:56:03,-5.5625
00:56:04,-5.5625
00:56:05,-5.5625
00:56:06,-5.5625
00:56:07,-5.5000
00:56:08,-5.5625
00:56:09,-5.5625
00:56:10,-5.5625
00:56:11,-5.5000
00:56:12,-5.5000
00:56:13,-5.5000
00:56:15,-5.5000
00:56:16,-5.5000
00:56:17,-5.5000
00:56:18,-5.5000
00:56:19,-5.5000
00:56:20,-5.5000
00:56:21,-5.5000
00:56:22,-5.5000
00:56:23,-5.5000
00:56:24,-5.5000
00:56:25,-5.5000
00:56:26,-5.5000
00:56:27,-5.4375
00:56:28,-5.5000
00:56:29,-5.5000
00:56:30,-5.5000
00:56:31,-5.5000
00:56:32,-5.5000
00:56:33,-5.5000
00:56:34,-5.5000
00:56:35,-5.4375
00:56:36,-5.4375
00:56:37,-5.4375
00:56:38,-5.4375
00:56:39,-5.5000
00:56:40,-5.5000
00:56:41,-5.5000
00:56:42,-5.5000
00:56:43,-5.4375
00:56:44,-5.4375
00:56:45,-5.5000
00:56:46,-5.4375
00:56:47,-5.4375
00:56:49,-5.4375
00:56:50,-5.4375
00:56:51,-5.4375
00:56:52,-5.4375
00:56:53,-5.4375
00:56:54,-5.5000
00:56:55,-5.4375
00:56:56,-5.4375
00:56:57,-5.4375
00:56:58,-5.4375
00:56:59,-5.4375
00:57:00,-5.4375
00:57:01,-5.4375
00:57:02,-5.4375
00:57:03,-5.4375
00:57:04,-5.4375
00:57:05,-5.4375
00:57:06,-5.4375
00:57:07,-5.4375
00:57:08,-5.4375
00:57:09,-5.4375
00:57:10,-5.4375
00:57:11,-5.4375
00:57:12,-5.4375
00:57:13,-5.4375
00:57:14,-5.4375
00:57:15,-5.4375
00:57:16,-5.4375
00:57:17,-5.4375
00:57:18,-5.4375
00:57:19,-5.4375
00:57:20,-5.4375
00:57:21,-5.4375
00:57:22,-5.4375
00:57:24,-5.4375
00:57:25,-5.4375
00:57:26,-5.4375
00:57:27,-5.4375
00:57:28,-5.4375
00:57:29,-5.4375
00:57:30,-5.4375
00:57:31,-5.3750
00:57:32,-5.4375
00:57:33,-5.4375
00:57:34,-5.4375
00:57:35,-5.3750
00:57:36,-5.3750
00:57:37,-5.4375
00:57:38,-5.4375
00:57:39,-5.3750
00:57:40,-5.3750
00:57:41,-5.3750
00:57:42,-5.3750
00:57:43,-5.3750
00:57:44,-5.4375
00:57:45,-5.3750
00:57:46,-5.3750
00:57:47,-5.3750
00:57:48,-5.4375
00:57:49,-5.3750
00:57:50,-5.3750
00:57:51,-5.3750
00:57:52,-5.3750
00:57:53,-5.3750
00:57:54,-5.3750
00:57:55,-5.3750
00:57:56,-5.3750
00:57:58,-5.3750
00:57:59,-5.3750
00:58:00,-5.3750
00:58:01,-5.3750
00:58:02,-5.3750
00:58:03,-5.3750
00:58:04,-5.3750
00:58:05,-5.3750
00:58:06,-5.3750
00:58:07,-5.3750
00:58:08,-5.3750
00:58:09,-5.3750
00:58:10,-5.3750
00:58:11,-5.3750
00:58:12,-5.3750
00:58:13,-5.3750
00:58:14,-5.3125
00:58:15,-5.3750
00:58:16,-5.3750
00:58:17,-5.3750
00:58:18,-5.3750
00:58:19,-5.3125
00:58:20,-5.3750
00:58:21,-5.3125
00:58:22,-5.3125
00:58:23,-5.3125
00:58:24,-5.3125
00:58:25,-5.3125
00:58:26,-5.3750
00:58:27,-5.3125
00:58:28,-5.3125
00:58:29,-5.3125
00:58:30,-5.3125
00:58:31,-5.3125
00:58:33,-5.3125
00:58:34,-5.3125
00:58:35,-5.3125
00:58:36,-5.3750
00:58:37,-5.3125
00:58:38,-5.3125
00:58:39,-5.3125
00:58:40,-5.3125
00:58:41,-5.3125
00:58:42,-5.3125
00:58:43,-5.3125
00:58:44,-5.3125
00:58:45,-5.3125
00:58:46,-5.3125
00:58:47,-5.3125
00:58:48,-5.3125
00:58:49,-5.3125
00:58:50,-5.3125
00:58:51,-5.3125
00:58:52,-5.3125
00:58:53,-5.3125
00:58:54,-5.3125
00:58:55,-5.3125
00:58:56,-5.3125
00:58:57,-5.3125
00:58:58,-5.3125
00:58:59,-5.3125
00:59:00,-5.3125
00:59:01,-5.3750
00:59:02,-5.3125
00:59:03,-5.3750
00:59:04,-5.3125
00:59:05,-5.3750
00:59:07,-5.3750
00:59:08,-5.3125
00:59:09,-5.3750
00:59:10,-5.3750
00:59:11,-5.3750
00:59:12,-5.3125
00:59:13,-5.3750
00:59:14,-5.3750
00:59:15,-5.3750
00:59:16,-5.3750
00:59:17,-5.3125
00:59:18,-5.3750
00:59:19,-5.3750
00:59:20,-5.3125
00:59:21,-5.3750
00:59:22,-5.3750
00:59:23,-5.3750
00:59:24,-5.3750
00:59:25,-5.3750
00:59:26,-5.3125
00:59:27,-5.3750
00:59:28,-5.3750
00:59:29,-5.3750
00:59:30,-5.3750
00:59:31,-5.3750
00:59:32,-5.3750
00:59:33,-5.3750
00:59:34,-5.3750
00:59:35,-5.3750
00:59:36,-5.3750
00:59:37,-5.3750
00:59:38,-5.3750
00:59:39,-5.3750
00:59:40,-5.3750
00:59:42,-5.3750
00:59:43,-5.3750
00:59:44,-5.3750
00:59:45,-5.3750
00:59:46,-5.4375
00:59:47,-5.3750
00:59:48,-5.3750
00:59:49,-5.3750
00:59:50,-5.3750
00:59:51,-5.3750
00:59:52,-5.4375
00:59:53,-5.3750
00:59:54,-5.3750
00:59:55,-5.3750
00:59:56,-5.3750
00:59:57,-5.3750
00:59:58,-5.3750
00:59:59,-5.3750
01:00:00,-5.3750
01:00:01,-5.3750
01:00:02,-5.3750
01:00:03,-5.3750
01:00:04,-5.3750
01:00:05,-5.4375
01:00:06,-5.3750
01:00:07,-5.4375
01:00:08,-5.4375
01:00:09,-5.4375
01:00:10,-5.4375
01:00:11,-5.4375
01:00:12,-5.4375
01:00:13,-5.4375
01:00:14,-5.4375
01:00:16,-5.4375
01:00:17,-5.4375
01:00:18,-5.4375
01:00:19,-5.4375
01:00:20,-5.4375
01:00:21,-5.4375
01:00:22,-5.4375
01:00:23,-5.4375
01:00:24,-5.4375
01:00:25,-5.4375
01:00:26,-5.4375
01:00:27,-5.4375
01:00:28,-5.4375
01:00:29,-5.4375
01:00:30,-5.4375
01:00:31,-5.4375
01:00:32,-5.4375
01:00:33,-5.4375
01:00:34,-5.4375
01:00:35,-5.4375
01:00:36,-5.4375
01:00:37,-5.5000
01:00:38,-5.4375
01:00:39,-5.4375
01:00:40,-5.4375
01:00:41,-5.5000
01:00:42,-5.5000
01:00:43,-5.5000
01:00:44,-5.5000
01:00:45,-5.4375
01:00:46,-5.5000
01:00:47,-5.5000
01:00:48,-5.5000
01:00:49,-5.5000
01:00:51,-5.5000
01:00:52,-5.5000
01:00:53,-5.5000
01:00:54,-5.5000
01:00:55,-5.5000
01:00:56,-5.5000
01:00:57,-5.5625
01:00:58,-5.5000
01:00:59,-5.5000
01:01:00,-5.5000
01:01:01,-5.5625
01:01:02,-5.5625
01:01:03,-5.5625
01:01:04,-5.5625
01:01:05,-5.5625
01:01:06,-5.5625
01:01:07,-5.5625
01:01:08,-5.5625
01:01:09,-5.5625
01:01:10,-5.5625
01:01:11,-5.5625
01:01:12,-5.5625
01:01:13,-5.5625
01:01:14,-5.5625
01:01:15,-5.5625
01:01:16,-5.5625
01:01:17,-5.5625
01:01:18,-5.5625
01:01:19,-5.5625
01:01:20,-5.5625
01:01:21,-5.5625
01:01:22,-5.6250
01:01:23,-5.5625
01:01:25,-5.6250
01:01:26,-5.6250
01:01:27,-5.6250
01:01:28,-5.6250
01:01:29,-5.6250
01:01:30,-5.6250
01:01:31,-5.6250
01:01:32,-5.6250
01:01:33,-5.6250
01:01:34,-5.6250
01:01:35,-5.6250
01:01:36,-5.6250
01:01:37,-5.6250
01:01:38,-5.6250
01:01:39,-5.6875
01:01:40,-5.6250
01:01:41,-5.6875
01:01:42,-5.6875
01:01:43,-5.6875
01:01:44,-5.6250
01:01:45,-5.6250
01:01:46,-5.6250
01:01:47,-5.6875
01:01:48,-5.6875
01:01:49,-5.6250
01:01:50,-5.6875
01:01:51,-5.6875
01:01:52,-5.6875
01:01:53,-5.6875
01:01:54,-5.6875
01:01:55,-5.6875
01:01:56,-5.6875
01:01:57,-5.6875
01:01:58,-5.6875
01:02:00,-5.6875
01:02:01,-5.6875
01:02:02,-5.6875
01:02:03,-5.7500
01:02:04,-5.6875
01:02:05,-5.6875
01:02:06,-5.7500
01:02:07,-5.7500
01:02:08,-5.7500
01:02:09,-5.7500
01:02:10,-5.7500
01:02:11,-5.7500
01:02:12,-5.7500
01:02:13,-5.7500
01:02:14,-5.7500
01:02:15,-5.7500
01:02:16,-5.7500
01:02:17,-5.7500
01:02:18,-5.7500
01:02:19,-5.7500
01:02:20,-5.7500
01:02:21,-5.7500
01:02:22,-5.7500
01:02:23,-5.7500
01:02:24,-5.7500
01:02:25,-5.7500
01:02:26,-5.7500
01:02:27,-5.7500
01:02:28,-5.7500
01:02:29,-5.7500
01:02:30,-5.7500
01:02:31,-5.8125
01:02:32,-5.7500
01:02:34,-5.8125
01:02:35,-5.8125
01:02:36,-5.7500
01:02:37,-5.8125
01:02:38,-5.8125
01:02:39,-5.8125
01:02:40,-5.8125
01:02:41,-5.8125
01:02:42,-5.8125
01:02:43,-5.8125
01:02:44,-5.8125
01:02:45,-5.8125
01:02:46,-5.8125
01:02:47,-5.8125
01:02:48,-5.8125
01:02:49,-5.8125
01:02:50,-5.8125
01:02:51,-5.8125
01:02:52,-5.8125
01:02:53,-5.8125
01:02:54,-5.8125
01:02:55,-5.8125
01:02:56,-5.8750
01:02:57,-5.8125
01:02:58,-5.8750
01:02:59,-5.8750
01:03:00,-5.8750
01:03:01,-5.8125
01:03:02,-5.8750
01:03:03,-5.8750
01:03:04,-5.8750
01:03:05,-5.8750
01:03:06,-5.8750
01:03:07,-5.8750
01:03:09,-5.8750
01:03:10,-5.8750
01:03:11,-5.8750
01:03:12,-5.8750
01:03:13,-5.8750
01:03:14,-5.8750
01:03:15,-5.8750
01:03:16,-5.8750
01:03:17,-5.8750
01:03:18,-5.8750
01:03:19,-5.9375
01:03:20,-5.8750
01:03:21,-5.9375
01:03:22,-5.8750
01:03:23,-5.9375
01:03:24,-5.9375
01:03:25,-5.9375
01:03:26,-5.9375
01:03:27,-5.8750
01:03:28,-5.9375
01:03:29,-5.9375
01:03:30,-5.9375
01:03:31,-5.9375
01:03:32,-5.9375
01:03:33,-5.9375
01:03:34,-5.9375
01:03:35,-5.9375
01:03:36,-5.9375
01:03:37,-5.9375
01:03:38,-5.9375
01:03:39,-5.9375
01:03:40,-5.9375
01:03:41,-5.9375
01:03:43,-5.9375
01:03:44,-5.9375
01:03:45,-5.9375
01:03:46,-5.9375
01:03:47,-6.0000
01:03:48,-5.9375
01:03:49,-5.9375
01:03:50,-5.9375
01:03:51,-6.0000
01:03:52,-6.0000
01:03:53,-6.0000
01:03:54,-6.0000
01:03:55,-6.0000
01:03:56,-6.0000
01:03:57,-6.0000
01:03:58,-6.0000
01:03:59,-6.0000
01:04:00,-6.0000
01:04:01,-6.0000
01:04:02,-6.0000
01:04:03,-6.0000
01:04:04,-6.0000
01:04:05,-6.0000
01:04:06,-6.0000
01:04:07,-6.0000
01:04:08,-6.0000
01:04:09,-6.0000
01:04:10,-6.0000
01:04:11,-6.0000
01:04:12,-6.0000
01:04:13,-6.0625
01:04:14,-6.0000
01:04:15,-6.0000
01:04:16,-6.0000
01:04:18,-6.0625
01:04:19,-6.0000
01:04:20,-6.0000
01:04:21,-6.0000
01:04:22,-6.0625
01:04:23,-6.0625
01:04:24,-6.0625
01:04:25,-6.0625
01:04:26,-6.0625
01:04:27,-6.0625
01:04:28,-6.0625
01:04:29,-6.0625
01:04:30,-6.0625
01:04:31,-6.0000
01:04:32,-6.0625
01:04:33,-6.0625
01:04:34,-6.0625
01:04:35,-6.0625
01:04:36,-6.0625
01:04:37,-6.0625
01:04:38,-6.0625
01:04:39,-6.0625
01:04:40,-6.0625
01:04:41,-6.0625
01:04:42,-6.0625
01:04:43,-6.1250
01:04:44,-6.0625
01:04:45,-6.0625
01:04:46,-6.0625
01:04:47,-6.1250
01:04:48,-6.0625
01:04:49,-6.1250
01:04:50,-6.0625
01:04:52,-6.1250
01:04:53,-6.1250
01:04:54,-6.1250
01:04:55,-6.0625
01:04:56,-6.1250
01:04:57,-6.1250
01:04:58,-6.1250
01:04:59,-6.1250
01:05:00,-6.0625
01:05:01,-6.0625
01:05:02,-6.1250
01:05:03,-6.1250
01:05:04,-6.1250
01:05:05,-6.1250
01:05:06,-6.1250
01:05:07,-6.1250
01:05:08,-6.1250
01:05:09,-6.1250
01:05:10,-6.1250
01:05:11,-6.1250
01:05:12,-6.1250
01:05:13,-6.1250
01:05:14,-6.1250
01:05:15,-6.1250
01:05:16,-6.1250
01:05:17,-6.1250
01:05:18,-6.1250
01:05:19,-6.1250
01:05:20,-6.1250
01:05:21,-6.1250
01:05:22,-6.1250
01:05:23,-6.1250
01:05:24,-6.1250
01:05:25,-6.1250
01:05:27,-6.1250
01:05:28,-6.1250
01:05:29,-6.1875
01:05:30,-6.1250
01:05:31,-6.1250
01:05:32,-6.1250
01:05:33,-6.1250
01:05:34,-6.1875
01:05:35,-6.1875
01:05:36,-6.1250
01:05:37,-6.1250
01:05:38,-6.1250
01:05:39,-6.1875
01:05:40,-6.1875
01:05:41,-6.1875
01:05:42,-6.1875
01:05:43,-6.1875
01:05:44,-6.1875
01:05:45,-6.1875
01:05:46,-6.1875
01:05:47,-6.1875
01:05:48,-6.1875
01:05:49,-6.1875
01:05:50,-6.1875
01:05:51,-6.1875
01:05:52,-6.1875
01:05:53,-6.1875
01:05:54,-6.1875
01:05:55,-6.1875
01:05:56,-6.1875
01:05:57,-6.1875
01:05:58,-6.1875
01:05:59,-6.1875
01:06:01,-6.1875
01:06:02,-6.1875
01:06:03,-6.1875
01:06:04,-6.1875
01:06:05,-6.1875
01:06:06,-6.1875
01:06:07,-6.1875
01:06:08,-6.1875
01:06:09,-6.1875
01:06:10,-6.2500
01:06:11,-6.1875
01:06:12,-6.1875
01:06:13,-6.1875
01:06:14,-6.1875
01:06:15,-6.1875
01:06:16,-6.1875
01:06:17,-6.1875
01:06:18,-6.1875
01:06:19,-6.2500
01:06:20,-6.2500
01:06:21,-6.1875
01:06:22,-6.2500
01:06:23,-6.2500
01:06:24,-6.2500
01:06:25,-6.2500
01:06:26,-6.2500
01:06:27,-6.2500
01:06:28,-6.1875
01:06:29,-6.2500
01:06:30,-6.2500
01:06:31,-6.2500
01:06:32,-6.2500
01:06:33,-6.2500
01:06:34,-6.2500
01:06:36,-6.2500
01:06:37,-6.2500
01:06:38,-6.2500
01:06:39,-6.2500
01:06:40,-6.2500
01:06:41,-6.2500
01:06:42,-6.2500
01:06:43,-6.2500
01:06:44,-6.2500
01:06:45,-6.2500
01:06:46,-6.2500
01:06:47,-6.2500
01:06:48,-6.3125
01:06:49,-6.2500
01:06:50,-6.2500
01:06:51,-6.2500
01:06:52,-6.2500
01:06:53,-6.2500
01:06:54,-6.2500
01:06:55,-6.2500
01:06:56,-6.2500
01:06:57,-6.2500
01:06:58,-6.2500
01:06:59,-6.2500
01:07:00,-6.2500
01:07:01,-6.3125
01:07:02,-6.2500
01:07:03,-6.2500
01:07:04,-6.3125
01:07:05,-6.2500
01:07:06,-6.3125
01:07:07,-6.2500
01:07:08,-6.2500
01:07:10,-6.3125
01:07:11,-6.3125
01:07:12,-6.2500
01:07:13,-6.3125
01:07:14,-6.3125
01:07:15,-6.2500
01:07:16,-6.3125
01:07:17,-6.3125
01:07:18,-6.3125
01:07:19,-6.3125
01:07:20,-6.3125
01:07:21,-6.3125
01:07:22,-6.3125
01:07:23,-6.3125
01:07:24,-6.3125
01:07:25,-6.3125
01:07:26,-6.3125
01:07:27,-6.3125
01:07:28,-6.3125
01:07:29,-6.3125
01:07:30,-6.3125
01:07:31,-6.3125
01:07:32,-6.3125
01:07:33,-6.3125
01:07:34,-6.3125
01:07:35,-6.3125
01:07:36,-6.3125
01:07:37,-6.3125
01:07:38,-6.3125
01:07:39,-6.3125
01:07:40,-6.3125
01:07:41,-6.3125
01:07:42,-6.3125
01:07:43,-6.3125
01:07:45,-6.3125
01:07:46,-6.3125
01:07:47,-6.3125
01:07:48,-6.3125
01:07:49,-6.3750
01:07:50,-6.3125
01:07:51,-6.3125
01:07:52,-6.3125
01:07:53,-6.3125
01:07:54,-6.3125
01:07:55,-6.3125
01:07:56,-6.3125
01:07:57,-6.3125
01:07:58,-6.3750
01:07:59,-6.3750
01:08:00,-6.3750
01:08:01,-6.3125
01:08:02,-6.3125
01:08:03,-6.3750
01:08:04,-6.3125
01:08:05,-6.3125
01:08:06,-6.3750
01:08:07,-6.3750
01:08:08,-6.3125
01:08:09,-6.3125
01:08:10,-6.3125
01:08:11,-6.3750
01:08:12,-6.3125
01:08:13,-6.3750
01:08:14,-6.3750
01:08:15,-6.3750
01:08:16,-6.3750
01:08:17,-6.3750
01:08:19,-6.3750
01:08:20,-6.3750
01:08:21,-6.3750
01:08:22,-6.3750
01:08:23,-6.3750
01:08:24,-6.3750
01:08:25,-6.3750
01:08:26,-6.3750
01:08:27,-6.3750
01:08:28,-6.3750
01:08:29,-6.3750
01:08:30,-6.3750
01:08:31,-6.3750
01:08:32,-6.3750
01:08:33,-6.3750
01:08:34,-6.3750
01:08:35,-6.3750
01:08:36,-6.3750
01:08:37,-6.3750
01:08:38,-6.3750
01:08:39,-6.3750
01:08:40,-6.3750
01:08:41,-6.3750
01:08:42,-6.3750
01:08:43,-6.3750
01:08:44,-6.3750
01:08:45,-6.4375
01:08:46,-6.3750
01:08:47,-6.3750
01:08:48,-6.3750
01:08:49,-6.3750
01:08:50,-6.3750
01:08:51,-6.3750
01:08:52,-6.3750
01:08:54,-6.3750
01:08:55,-6.3750
01:08:56,-6.3750
01:08:57,-6.3750
01:08:58,-6.3750
01:08:59,-6.4375
01:09:00,-6.3750
01:09:01,-6.3750
01:09:02,-6.4375
01:09:03,-6.4375
01:09:04,-6.3750
01:09:05,-6.3750
01:09:06,-6.3750
01:09:07,-6.3750
01:09:08,-6.3750
01:09:09,-6.4375
01:09:10,-6.4375
01:09:11,-6.4375
01:09:12,-6.4375
01:09:13,-6.4375
01:09:14,-6.4375
01:09:15,-6.4375
01:09:16,-6.4375
01:09:17,-6.4375
01:09:18,-6.4375
01:09:19,-6.4375
01:09:20,-6.4375
01:09:21,-6.4375
01:09:22,-6.4375
01:09:23,-6.4375
01:09:24,-6.4375
01:09:25,-6.4375
01:09:26,-6.4375
01:09:28,-6.4375
01:09:29,-6.4375
01:09:30,-6.4375
01:09:31,-6.4375
01:09:32,-6.4375
01:09:33,-6.4375
01:09:34,-6.4375
01:09:35,-6.5000
01:09:36,-6.4375
01:09:37,-6.4375
01:09:38,-6.4375
01:09:39,-6.4375
01:09:40,-6.4375
01:09:41,-6.4375
01:09:42,-6.4375
01:09:43,-6.4375
01:09:44,-6.4375
01:09:45,-6.4375
01:09:46,-6.5000
01:09:47,-6.5000
01:09:48,-6.4375
01:09:49,-6.4375
01:09:50,-6.5000
01:09:51,-6.4375
01:09:52,-6.5000
01:09:53,-6.4375
01:09:54,-6.5000
01:09:55,-6.5000
01:09:56,-6.5000
01:09:57,-6.5000
01:09:58,-6.5000
01:09:59,-6.4375
01:10:00,-6.5000
01:10:01,-6.5000
01:10:03,-6.5000
01:10:04,-6.5000
01:10:05,-6.5000
01:10:06,-6.5000
01:10:07,-6.5000
01:10:08,-6.5000
01:10:09,-6.5000
01:10:10,-6.5000
01:10:11,-6.5000
01:10:12,-6.5000
01:10:13,-6.5000
01:10:14,-6.5000
01:10:15,-6.5000
01:10:16,-6.5000
01:10:17,-6.5000
01:10:18,-6.5000
01:10:19,-6.5000
01:10:20,-6.5000
01:10:21,-6.5000
01:10:22,-6.5000
01:10:23,-6.5000
01:10:24,-6.5000
01:10:25,-6.5000
01:10:26,-6.5000
01:10:27,-6.5000
01:10:28,-6.5000
01:10:29,-6.5000
01:10:30,-6.5000
01:10:31,-6.5000
01:10:32,-6.5000
01:10:33,-6.5625
01:10:34,-6.5000
01:10:35,-6.5625
01:10:37,-6.5625
01:10:38,-6.5000
01:10:39,-6.5625
01:10:40,-6.5625
01:10:41,-6.5625
01:10:42,-6.5625
01:10:43,-6.5625
01:10:44,-6.5625
01:10:45,-6.5625
01:10:46,-6.5625
01:10:47,-6.5625
01:10:48,-6.5625
01:10:49,-6.5625
01:10:50,-6.5625
01:10:51,-6.5625
01:10:52,-6.5625
01:10:53,-6.5625
01:10:54,-6.5625
01:10:55,-6.5625
01:10:56,-6.5625
01:10:57,-6.6250
01:10:58,-6.5625
01:10:59,-6.5625
01:11:00,-6.6250
01:11:01,-6.6250
01:11:02,-6.5625
01:11:03,-6.6250
01:11:04,-6.5625
01:11:05,-6.5625
01:11:06,-6.5625
01:11:07,-6.5625
01:11:08,-6.6250
01:11:09,-6.5625
01:11:10,-6.5625
01:11:12,-6.5625
01:11:13,-6.5625
01:11:14,-6.5625
01:11:15,-6.5625
01:11:16,-6.5625
01:11:17,-6.5625
01:11:18,-6.5625
01:11:19,-6.5625
01:11:20,-6.5625
01:11:21,-6.5625
01:11:22,-6.5625
01:11:23,-6.5625
01:11:24,-6.5625
01:11:25,-6.5625
01:11:26,-6.5625
01:11:27,-6.5625
01:11:28,-6.5625
01:11:29,-6.5625
01:11:30,-6.5625
01:11:31,-6.5625
01:11:32,-6.5625
01:11:33,-6.5625
01:11:34,-6.5625
01:11:35,-6.5625
01:11:36,-6.5625
01:11:37,-6.5625
01:11:38,-6.5625
01:11:39,-6.5625
01:11:40,-6.5000
01:11:41,-6.5625
01:11:42,-6.5625
01:11:43,-6.5625
01:11:44,-6.5000
01:11:46,-6.5000
01:11:47,-6.5625
01:11:48,-6.5625
01:11:49,-6.5000
01:11:50,-6.5000
01:11:51,-6.5625
01:11:52,-6.5000
01:11:53,-6.5000
01:11:54,-6.5000
01:11:55,-6.5000
01:11:56,-6.5625
01:11:57,-6.5625
01:11:58,-6.5000
01:11:59,-6.5625
01:12:00,-6.5000
01:12:01,-6.5625
01:12:02,-6.5625
01:12:03,-6.5625
01:12:04,-6.5000
01:12:05,-6.5625
01:12:06,-6.5000
01:12:07,-6.5625
01:12:08,-6.5000
01:12:09,-6.5625
01:12:10,-6.5625
01:12:11,-6.5625
01:12:12,-6.5625
01:12:13,-6.5625
01:12:14,-6.5625
01:12:15,-6.5625
01:12:16,-6.5625
01:12:17,-6.5625
01:12:18,-6.5625
01:12:19,-6.5625
01:12:21,-6.5625
01:12:22,-6.5625
01:12:23,-6.5625
01:12:24,-6.5625
01:12:25,-6.5625
01:12:26,-6.5625
01:12:27,-6.5625
01:12:28,-6.5625
01:12:29,-6.5625
01:12:30,-6.5625
01:12:31,-6.5625
01:12:32,-6.5625
01:12:33,-6.5625
01:12:34,-6.5625
01:12:35,-6.5625
01:12:36,-6.5625
01:12:37,-6.6250
01:12:38,-6.6250
01:12:39,-6.5625
01:12:40,-6.5625
01:12:41,-6.5625
01:12:42,-6.6250
01:12:43,-6.6250
01:12:44,-6.6250
01:12:45,-6.6250
01:12:46,-6.6250
01:12:47,-6.6250
01:12:48,-6.6250
01:12:49,-6.6250
01:12:50,-6.6250
01:12:51,-6.6250
01:12:52,-6.6250
01:12:53,-6.6250
01:12:55,-6.6250
01:12:56,-6.6250
01:12:57,-6.6250
01:12:58,-6.6250
01:12:59,-6.6250
01:13:00,-6.6250
01:13:01,-6.6250
01:13:02,-6.6250
01:13:03,-6.6250
01:13:04,-6.6250
01:13:05,-6.6250
01:13:06,-6.6250
01:13:07,-6.6250
01:13:08,-6.6250
01:13:09,-6.6250
01:13:10,-6.6250
01:13:11,-6.6250
01:13:12,-6.6250
01:13:13,-6.6250
01:13:14,-6.6250
01:13:15,-6.6250
01:13:16,-6.6250
01:13:17,-6.6250
01:13:18,-6.6250
01:13:19,-6.6250
01:13:20,-6.6250
01:13:21,-6.6250
01:13:22,-6.6250
01:13:23,-6.6250
01:13:24,-6.6250
01:13:25,-6.6875
01:13:26,-6.6250
01:13:27,-6.6250
01:13:28,-6.6250
01:13:30,-6.6250
01:13:31,-6.6875
01:13:32,-6.6875
01:13:33,-6.6250
01:13:34,-6.6875
01:13:35,-6.6250
01:13:36,-6.6875
01:13:37,-6.6875
01:13:38,-6.6250
01:13:39,-6.6875
01:13:40,-6.6875
01:13:41,-6.6250
01:13:42,-6.6875
01:13:43,-6.6875
01:13:44,-6.6875
01:13:45,-6.6875
01:13:46,-6.6875
01:13:47,-6.6875
01:13:48,-6.6875
01:13:49,-6.6875
01:13:50,-6.6875
01:13:51,-6.6875
01:13:52,-6.6875
01:13:53,-6.6875
01:13:54,-6.6875
01:13:55,-6.6875
01:13:56,-6.6875
01:13:57,-6.6875
01:13:58,-6.6875
01:13:59,-6.6875
01:14:00,-6.6875
01:14:01,-6.6875
01:14:02,-6.6875
01:14:04,-6.6875
01:14:05,-6.6875
01:14:06,-6.6875
01:14:07,-6.6875
01:14:08,-6.6875
01:14:09,-6.6875
01:14:10,-6.6875
01:14:11,-6.6875
01:14:12,-6.6875
01:14:13,-6.6875
01:14:14,-6.6875
01:14:15,-6.6875
01:14:16,-6.6875
01:14:17,-6.6875
01:14:18,-6.6875
01:14:19,-6.6875
01:14:20,-6.6875
01:14:21,-6.6875
01:14:22,-6.6875
01:14:23,-6.6875
01:14:24,-6.6875
01:14:25,-6.6875
01:14:26,-6.6875
01:14:27,-6.6875
01:14:28,-6.6875
01:14:29,-6.6875
01:14:30,-6.6875
01:14:31,-6.6875
01:14:32,-6.6875
01:14:33,-6.6875
01:14:34,-6.7500
01:14:35,-6.6875
01:14:36,-6.6875
01:14:38,-6.6875
01:14:39,-6.6875
01:14:40,-6.6875
01:14:41,-6.7500
01:14:42,-6.6875
01:14:43,-6.6875
01:14:44,-6.6875
01:14:45,-6.6875
01:14:46,-6.6875
01:14:47,-6.6875
01:14:48,-6.6875
01:14:49,-6.6875
01:14:50,-6.6875
01:14:51,-6.7500
01:14:52,-6.6875
01:14:53,-6.6875
01:14:54,-6.6875
01:14:55,-6.6875
01:14:56,-6.6875
01:14:57,-6.6875
01:14:58,-6.6875
01:14:59,-6.6875
01:15:00,-6.6875
01:15:01,-6.6875
01:15:02,-6.6875
01:15:03,-6.6875
01:15:04,-6.6875
01:15:05,-6.6875
01:15:06,-6.6875
01:15:07,-6.6875
01:15:08,-6.6875
01:15:09,-6.6875
01:15:10,-6.6875
01:15:11,-6.6875
01:15:13,-6.6250
01:15:14,-6.6875
01:15:15,-6.6875
01:15:16,-6.6875
01:15:17,-6.6875
01:15:18,-6.6250
01:15:19,-6.6250
01:15:20,-6.6250
01:15:21,-6.6250
01:15:22,-6.6875
01:15:23,-6.6875
01:15:24,-6.6875
01:15:25,-6.6250
01:15:26,-6.6250
01:15:27,-6.6875
01:15:28,-6.6250
01:15:29,-6.6250
01:15:30,-6.6875
01:15:31,-6.6875
01:15:32,-6.6250
01:15:33,-6.6250
01:15:34,-6.6250
01:15:35,-6.6250
01:15:36,-6.6250
01:15:37,-6.6250
01:15:38,-6.6250
01:15:39,-6.6250
01:15:40,-6.6250
01:15:41,-6.6250
01:15:42,-6.6250
01:15:43,-6.6250
01:15:44,-6.6250
01:15:45,-6.6250
01:15:47,-6.6250
01:15:48,-6.6250
01:15:49,-6.5625
01:15:50,-6.6250
01:15:51,-6.6250
01:15:52,-6.5625
01:15:53,-6.6250
01:15:54,-6.5625
01:15:55,-6.5625
01:15:56,-6.5625
01:15:57,-6.5625
01:15:58,-6.5625
01:15:59,-6.6250
01:16:00,-6.5625
01:16:01,-6.5625
01:16:02,-6.6250
01:16:03,-6.5625
01:16:04,-6.5625
01:16:05,-6.6250
01:16:06,-6.5625
01:16:07,-6.5625
01:16:08,-6.5625
01:16:09,-6.5625
01:16:10,-6.5625
01:16:11,-6.5625
01:16:12,-6.5625
01:16:13,-6.5625
01:16:14,-6.5625
01:16:15,-6.5625
01:16:16,-6.5625
01:16:17,-6.5625
01:16:18,-6.5625
01:16:19,-6.5625
01:16:20,-6.5625
01:16:22,-6.5625
01:16:23,-6.5625
01:16:24,-6.5625
01:16:25,-6.5625
01:16:26,-6.5625
01:16:27,-6.5625
01:16:28,-6.5625
01:16:29,-6.5625
01:16:30,-6.5625
01:16:31,-6.5625
01:16:32,-6.5625
01:16:33,-6.5625
01:16:34,-6.5625
01:16:35,-6.5000
01:16:36,-6.5000
01:16:37,-6.5625
01:16:38,-6.5000
01:16:39,-6.5625
01:16:40,-6.5625
01:16:41,-6.5625
01:16:42,-6.5625
01:16:43,-6.5000
01:16:44,-6.5625
01:16:45,-6.5625
01:16:46,-6.5625
01:16:47,-6.5625
01:16:48,-6.5000
01:16:49,-6.5625
01:16:50,-6.5000
01:16:51,-6.5625
01:16:52,-6.5000
01:16:53,-6.5625
01:16:54,-6.5625
01:16:56,-6.5625
01:16:57,-6.5625
01:16:58,-6.5000
01:16:59,-6.5000
01:17:00,-6.5000
01:17:01,-6.5000
01:17:02,-6.5625
01:17:03,-6.5000
01:17:04,-6.5000
01:17:05,-6.5000
01:17:06,-6.5000
01:17:07,-6.5625
01:17:08,-6.5000
01:17:09,-6.5000
01:17:10,-6.5000
01:17:11,-6.5000
01:17:12,-6.5000
01:17:13,-6.5000
01:17:14,-6.5000
01:17:15,-6.5000
01:17:16,-6.5000
01:17:17,-6.5000
01:17:18,-6.5000
01:17:19,-6.5000
01:17:20,-6.5000
01:17:21,-6.5000
01:17:22,-6.5000
01:17:23,-6.5000
01:17:24,-6.5000
01:17:25,-6.5000
01:17:26,-6.5000
01:17:27,-6.5000
01:17:28,-6.5000
01:17:29,-6.5000
01:17:31,-6.5000
01:17:32,-6.5000
01:17:33,-6.5000
01:17:34,-6.5000
01:17:35,-6.5000
01:17:36,-6.5000
01:17:37,-6.5000
01:17:38,-6.5000
01:17:39,-6.5000
01:17:40,-6.5000
01:17:41,-6.5000
01:17:42,-6.5000
01:17:43,-6.5000
01:17:44,-6.5000
01:17:45,-6.5000
01:17:46,-6.5000
01:17:47,-6.5000
01:17:48,-6.5000
01:17:49,-6.5000
01:17:50,-6.5000
01:17:51,-6.5000
01:17:52,-6.4375
01:17:53,-6.5000
01:17:54,-6.5000
01:17:55,-6.5000
01:17:56,-6.5000
01:17:57,-6.5000
01:17:58,-6.4375
01:17:59,-6.5000
01:18:00,-6.4375
01:18:01,-6.4375
01:18:02,-6.5000
01:18:03,-6.4375
01:18:05,-6.5000
01:18:06,-6.4375
01:18:07,-6.4375
01:18:08,-6.4375
01:18:09,-6.4375
01:18:10,-6.4375
01:18:11,-6.5000
01:18:12,-6.5000
01:18:13,-6.5000
01:18:14,-6.5000
01:18:15,-6.4375
01:18:16,-6.4375
01:18:17,-6.4375
01:18:18,-6.4375
01:18:19,-6.5000
01:18:20,-6.5000
01:18:21,-6.4375
01:18:22,-6.4375
01:18:23,-6.5000
01:18:24,-6.4375
01:18:25,-6.4375
01:18:26,-6.4375
01:18:27,-6.4375
01:18:28,-6.4375
01:18:29,-6.4375
01:18:30,-6.4375
01:18:31,-6.4375
01:18:32,-6.4375
01:18:33,-6.4375
01:18:34,-6.4375
01:18:35,-6.4375
01:18:36,-6.4375
01:18:37,-6.4375
01:18:38,-6.4375
01:18:40,-6.4375
01:18:41,-6.4375
01:18:42,-6.4375
01:18:43,-6.4375
01:18:44,-6.4375
01:18:45,-6.4375
01:18:46,-6.4375
01:18:47,-6.4375
01:18:48,-6.4375
01:18:49,-6.4375
01:18:50,-6.4375
01:18:51,-6.4375
01:18:52,-6.4375
01:18:53,-6.4375
01:18:54,-6.4375
01:18:55,-6.4375
01:18:56,-6.4375
01:18:57,-6.4375
01:18:58,-6.4375
01:18:59,-6.4375
01:19:00,-6.4375
01:19:01,-6.4375
01:19:02,-6.4375
01:19:03,-6.4375
01:19:04,-6.4375
01:19:05,-6.4375
01:19:06,-6.4375
01:19:07,-6.4375
01:19:08,-6.4375
01:19:09,-6.4375
01:19:10,-6.4375
01:19:11,-6.4375
01:19:12,-6.4375
01:19:14,-6.4375
01:19:15,-6.4375
01:19:16,-6.4375
01:19:17,-6.4375
01:19:18,-6.4375
01:19:19,-6.4375
01:19:20,-6.4375
01:19:21,-6.4375
01:19:22,-6.4375
01:19:23,-6.4375
01:19:24,-6.4375
01:19:25,-6.4375
01:19:26,-6.4375
01:19:27,-6.4375
01:19:28,-6.4375
01:19:29,-6.4375
01:19:30,-6.4375
01:19:31,-6.4375
01:19:32,-6.4375
01:19:33,-6.4375
01:19:34,-6.4375
01:19:35,-6.4375
01:19:36,-6.4375
01:19:37,-6.3750
01:19:38,-6.4375
01:19:39,-6.4375
01:19:40,-6.4375
01:19:41,-6.4375
01:19:42,-6.4375
01:19:43,-6.4375
01:19:44,-6.4375
01:19:45,-6.4375
01:19:46,-6.3750
01:19:47,-6.4375
01:19:49,-6.4375
01:19:50,-6.3750
01:19:51,-6.4375
01:19:52,-6.4375
01:19:53,-6.4375
01:19:54,-6.3750
01:19:55,-6.4375
01:19:56,-6.4375
01:19:57,-6.4375
01:19:58,-6.4375
01:19:59,-6.4375
01:20:00,-6.4375
01:20:01,-6.4375
01:20:02,-6.4375
01:20:03,-6.4375
01:20:04,-6.4375
01:20:05,-6.4375
01:20:06,-6.4375
01:20:07,-6.4375
01:20:08,-6.4375
01:20:09,-6.4375
01:20:10,-6.3750
01:20:11,-6.4375
01:20:12,-6.4375
01:20:13,-6.4375
01:20:14,-6.4375
01:20:15,-6.4375
01:20:16,-6.4375
01:20:17,-6.4375
01:20:18,-6.4375
01:20:19,-6.4375
01:20:20,-6.4375
01:20:21,-6.4375
01:20:23,-6.4375
01:20:24,-6.4375
01:20:25,-6.4375
01:20:26,-6.4375
01:20:27,-6.4375
01:20:28,-6.4375
01:20:29,-6.4375
01:20:30,-6.4375
01:20:31,-6.4375
01:20:32,-6.4375
01:20:33,-6.4375
01:20:34,-6.4375
01:20:35,-6.4375
01:20:36,-6.4375
01:20:37,-6.4375
01:20:38,-6.4375
01:20:39,-6.4375
01:20:40,-6.4375
01:20:41,-6.4375
01:20:42,-6.4375
01:20:43,-6.4375
01:20:44,-6.4375
01:20:45,-6.4375
01:20:46,-6.4375
01:20:47,-6.4375
01:20:48,-6.4375
01:20:49,-6.4375
01:20:50,-6.4375
01:20:51,-6.4375
01:20:52,-6.4375
01:20:53,-6.4375
01:20:54,-6.4375
01:20:55,-6.4375
01:20:57,-6.4375
01:20:58,-6.4375
01:20:59,-6.4375
01:21:00,-6.4375
01:21:01,-6.4375
01:21:02,-6.4375
01:21:03,-6.4375
01:21:04,-6.4375
01:21:05,-6.4375
01:21:06,-6.4375
01:21:07,-6.4375
01:21:08,-6.4375
01:21:09,-6.4375
01:21:10,-6.4375
01:21:11,-6.4375
01:21:12,-6.4375
01:21:13,-6.4375
01:21:14,-6.4375
01:21:15,-6.4375
01:21:16,-6.4375
01:21:17,-6.4375
01:21:18,-6.4375
01:21:19,-6.4375
01:21:20,-6.4375
01:21:21,-6.4375
01:21:22,-6.4375
01:21:23,-6.4375
01:21:24,-6.4375
01:21:25,-6.4375
01:21:26,-6.4375
01:21:27,-6.4375
01:21:28,-6.4375
01:21:29,-6.4375
01:21:30,-6.5000
01:21:32,-6.4375
01:21:33,-6.5000
01:21:34,-6.4375
01:21:35,-6.4375
01:21:36,-6.4375
01:21:37,-6.4375
01:21:38,-6.5000
01:21:39,-6.4375
01:21:40,-6.5000
01:21:41,-6.4375
01:21:42,-6.5000
01:21:43,-6.5000
01:21:44,-6.5000
01:21:45,-6.4375
01:21:46,-6.5000
01:21:47,-6.4375
01:21:48,-6.5000
01:21:49,-6.5000
01:21:50,-6.4375
01:21:51,-6.4375
01:21:52,-6.5000
01:21:53,-6.4375
01:21:54,-6.5000
01:21:55,-6.4375
01:21:56,-6.5000
01:21:57,-6.5000
01:21:58,-6.4375
01:21:59,-6.5000
01:22:00,-6.5000
01:22:01,-6.5000
01:22:02,-6.5000
01:22:03,-6.5000
01:22:04,-6.4375
01:22:06,-6.5000
01:22:07,-6.5000
01:22:08,-6.5000
01:22:09,-6.5000
01:22:10,-6.5000
01:22:11,-6.5000
01:22:12,-6.5000
01:22:13,-6.4375
01:22:14,-6.5000
01:22:15,-6.5000
01:22:16,-6.5000
01:22:17,-6.5000
01:22:18,-6.5000
01:22:19,-6.5000
01:22:20,-6.5000
01:22:21,-6.5000
01:22:22,-6.5000
01:22:23,-6.5000
01:22:24,-6.5000
01:22:25,-6.5000
01:22:26,-6.5000
01:22:27,-6.5000
01:22:28,-6.5000
01:22:29,-6.5000
01:22:30,-6.5000
01:22:31,-6.5000
01:22:32,-6.5000
01:22:33,-6.5000
01:22:34,-6.5000
01:22:35,-6.5000
01:22:36,-6.5000
01:22:37,-6.5000
01:22:38,-6.5000
01:22:39,-6.5000
01:22:41,-6.5000
01:22:42,-6.5000
01:22:43,-6.5000
01:22:44,-6.5000
01:22:45,-6.5000
01:22:46,-6.5000
01:22:47,-6.5000
01:22:48,-6.5000
01:22:49,-6.5000
01:22:50,-6.5000
01:22:51,-6.5000
01:22:52,-6.5000
01:22:53,-6.5000
01:22:54,-6.5000
01:22:55,-6.5000
01:22:56,-6.5000
01:22:57,-6.5000
01:22:58,-6.5000
01:22:59,-6.5000
01:23:00,-6.5000
01:23:01,-6.5000
01:23:02,-6.5000
01:23:03,-6.5000
01:23:04,-6.5000
01:23:05,-6.5000
01:23:06,-6.5000
01:23:07,-6.5000
01:23:08,-6.5000
01:23:09,-6.5000
01:23:10,-6.5000
01:23:11,-6.5000
01:23:12,-6.5000
01:23:13,-6.5000
01:23:15,-6.5000
01:23:16,-6.5000
01:23:17,-6.5000
01:23:18,-6.5000
01:23:19,-6.5000
01:23:20,-6.5625
01:23:21,-6.5000
01:23:22,-6.5000
01:23:23,-6.5000
01:23:24,-6.5000
01:23:25,-6.5000
01:23:26,-6.5000
01:23:27,-6.5000
01:23:28,-6.5000
01:23:29,-6.5625
01:23:30,-6.5000
01:23:31,-6.5625
01:23:32,-6.5000
01:23:33,-6.5625
01:23:34,-6.5000
01:23:35,-6.5625
01:23:36,-6.5625
01:23:37,-6.5000
01:23:38,-6.5000
01:23:39,-6.5000
01:23:40,-6.5625
01:23:41,-6.5000
01:23:42,-6.5625
01:23:43,-6.5625
01:23:44,-6.5000
01:23:45,-6.5000
01:23:46,-6.5625
01:23:47,-6.5625
01:23:48,-6.5000
01:23:50,-6.5000
01:23:51,-6.5625
01:23:52,-6.5625
01:23:53,-6.5625
01:23:54,-6.5625
01:23:55,-6.5625
01:23:56,-6.5625
01:23:57,-6.5625
01:23:58,-6.5625
01:23:59,-6.5625
01:24:00,-6.5625
01:24:01,-6.5625
01:24:02,-6.5625
01:24:03,-6.5625
01:24:04,-6.5625
01:24:05,-6.5625
01:24:06,-6.5625
01:24:07,-6.5625
01:24:08,-6.5625
01:24:09,-6.5625
01:24:10,-6.5625
01:24:11,-6.5625
01:24:12,-6.5625
01:24:13,-6.6250
01:24:14,-6.5625
01:24:15,-6.5625
01:24:16,-6.5625
01:24:17,-6.5625
01:24:18,-6.5625
01:24:19,-6.5625
01:24:20,-6.5625
01:24:21,-6.5625
01:24:22,-6.5625
01:24:24,-6.5625
01:24:25,-6.5625
01:24:26,-6.5625
01:24:27,-6.6250
01:24:28,-6.6250
01:24:29,-6.6250
01:24:30,-6.6250
01:24:31,-6.6250
01:24:32,-6.6250
01:24:33,-6.6250
01:24:34,-6.6250
01:24:35,-6.6875
01:24:36,-6.6875
01:24:37,-6.6875
01:24:38,-6.6875
01:24:39,-6.6875
01:24:40,-6.6875
01:24:41,-6.7500
01:24:42,-6.7500
01:24:43,-6.7500
01:24:44,-6.7500
01:24:45,-6.7500
01:24:46,-6.7500
01:24:47,-6.8125
01:24:48,-6.7500
01:24:49,-6.7500
01:24:50,-6.8125
01:24:51,-6.8125
01:24:52,-6.8125
01:24:53,-6.8125
01:24:54,-6.8125
01:24:55,-6.8750
01:24:56,-6.8125
01:24:57,-6.8750
01:24:59,-6.8750
01:25:00,-6.8750
01:25:01,-6.8750
01:25:02,-6.8750
01:25:03,-6.8750
01:25:04,-6.8750
01:25:05,-6.8750
01:25:06,-6.8750
01:25:07,-6.9375
01:25:08,-6.9375
01:25:09,-6.9375
01:25:10,-6.9375
01:25:11,-6.9375
01:25:12,-6.9375
01:25:13,-6.9375
01:25:14,-6.9375
01:25:15,-6.9375
01:25:16,-6.9375
01:25:17,-6.9375
01:25:18,-6.9375
01:25:19,-6.9375
01:25:20,-7.0000
01:25:21,-6.9375
01:25:22,-6.9375
01:25:23,-7.0000
01:25:24,-6.9375
01:25:25,-7.0000
01:25:26,-7.0000
01:25:27,-7.0000
01:25:28,-7.0000
01:25:29,-7.0000
01:25:30,-7.0000
01:25:31,-7.0000
01:25:33,-7.0000
01:25:34,-7.0000
01:25:35,-7.0000
01:25:36,-7.0000
01:25:37,-7.0000
01:25:38,-7.0000
01:25:39,-7.0000
01:25:40,-7.0000
01:25:41,-7.0625
01:25:42,-7.0000
01:25:43,-7.0000
01:25:44,-7.0000
01:25:45,-7.0000
01:25:46,-7.0625
01:25:47,-7.0625
01:25:48,-7.0625
01:25:49,-7.0625
01:25:50,-7.0000
01:25:51,-7.0625
01:25:52,-7.0625
01:25:53,-7.0625
01:25:54,-7.0625
01:25:55,-7.0625
01:25:56,-7.0625
01:25:57,-7.0625
01:25:58,-7.0625
01:25:59,-7.0625
01:26:00,-7.0625
01:26:01,-7.1250
01:26:02,-7.0625
01:26:03,-7.0625
01:26:04,-7.0625
01:26:05,-7.0625
01:26:06,-7.1250
01:26:08,-7.0625
01:26:09,-7.1250
01:26:10,-7.1250
01:26:11,-7.0625
01:26:12,-7.1250
01:26:13,-7.1250
01:26:14,-7.1250
01:26:15,-7.1250
01:26:16,-7.1250
01:26:17,-7.1250
01:26:18,-7.1250
01:26:19,-7.1250
01:26:20,-7.1250
01:26:21,-7.1250
01:26:22,-7.1250
01:26:23,-7.1250
01:26:24,-7.1250
01:26:25,-7.1250
01:26:26,-7.1250
01:26:27,-7.1250
01:26:28,-7.1250
01:26:29,-7.1250
01:26:30,-7.1875
01:26:31,-7.1250
01:26:32,-7.1250
01:26:33,-7.1250
01:26:34,-7.1250
01:26:35,-7.1875
01:26:36,-7.1875
01:26:37,-7.1875
01:26:38,-7.1250
01:26:39,-7.1250
01:26:40,-7.1875
01:26:42,-7.1875
01:26:43,-7.1875
01:26:44,-7.1875
01:26:45,-7.1875
01:26:46,-7.1875
01:26:47,-7.1875
01:26:48,-7.1250
01:26:49,-7.1875
01:26:50,-7.1875
01:26:51,-7.1875
01:26:52,-7.1875
01:26:53,-7.1875
01:26:54,-7.1875
01:26:55,-7.1875
01:26:56,-7.1875
01:26:57,-7.1875
01:26:58,-7.1875
01:26:59,-7.1875
01:27:00,-7.1875
01:27:01,-7.1875
01:27:02,-7.1875
01:27:03,-7.1875
01:27:04,-7.1875
01:27:05,-7.1875
01:27:06,-7.2500
01:27:07,-7.1875
01:27:08,-7.1875
01:27:09,-7.1875
01:27:10,-7.1875
01:27:11,-7.1875
01:27:12,-7.2500
01:27:13,-7.1875
01:27:14,-7.1875
01:27:15,-7.2500
01:27:17,-7.2500
01:27:18,-7.2500
01:27:19,-7.1875
01:27:20,-7.2500
01:27:21,-7.1875
01:27:22,-7.2500
01:27:23,-7.1875
01:27:24,-7.2500
01:27:25,-7.2500
01:27:26,-7.2500
01:27:27,-7.2500
01:27:28,-7.2500
01:27:29,-7.1875
01:27:30,-7.2500
01:27:31,-7.2500
01:27:32,-7.2500
01:27:33,-7.2500
01:27:34,-7.2500
01:27:35,-7.2500
01:27:36,-7.1875
01:27:37,-7.2500
01:27:38,-7.2500
01:27:39,-7.2500
01:27:40,-7.2500
01:27:41,-7.2500
01:27:42,-7.2500
01:27:43,-7.2500
01:27:44,-7.2500
01:27:45,-7.2500
01:27:46,-7.2500
01:27:47,-7.2500
01:27:48,-7.2500
01:27:49,-7.2500
01:27:51,-7.2500
01:27:52,-7.2500
01:27:53,-7.2500
01:27:54,-7.2500
01:27:55,-7.2500
01:27:56,-7.2500
01:27:57,-7.2500
01:27:58,-7.2500
01:27:59,-7.2500
01:28:00,-7.2500
01:28:01,-7.2500
01:28:02,-7.2500
01:28:03,-7.2500
01:28:04,-7.2500
01:28:05,-7.2500
01:28:06,-7.2500
01:28:07,-7.2500
01:28:08,-7.2500
01:28:09,-7.2500
01:28:10,-7.2500
01:28:11,-7.2500
01:28:12,-7.2500
01:28:13,-7.2500
01:28:14,-7.2500
01:28:15,-7.2500
01:28:16,-7.2500
01:28:17,-7.2500
01:28:18,-7.2500
01:28:19,-7.2500
01:28:20,-7.2500
01:28:21,-7.2500
01:28:22,-7.2500
01:28:23,-7.2500
01:28:24,-7.2500
01:28:26,-7.2500
01:28:27,-7.2500
01:28:28,-7.2500
01:28:29,-7.2500
01:28:30,-7.2500
01:28:31,-7.2500
01:28:32,-7.2500
01:28:33,-7.2500
01:28:34,-7.2500
01:28:35,-7.2500
01:28:36,-7.2500
01:28:37,-7.2500
01:28:38,-7.2500
01:28:39,-7.2500
01:28:40,-7.2500
01:28:41,-7.2500
01:28:42,-7.2500
01:28:43,-7.2500
01:28:44,-7.2500
01:28:45,-7.2500
01:28:46,-7.2500
01:28:47,-7.2500
01:28:48,-7.2500
01:28:49,-7.2500
01:28:50,-7.2500
01:28:51,-7.3125
01:28:52,-7.2500
01:28:53,-7.2500
01:28:54,-7.2500
01:28:55,-7.2500
01:28:56,-7.2500
01:28:57,-7.2500
01:28:58,-7.2500
01:29:00,-7.3125
01:29:01,-7.2500
01:29:02,-7.2500
01:29:03,-7.2500
01:29:04,-7.3125
01:29:05,-7.3125
01:29:06,-7.2500
01:29:07,-7.3125
01:29:08,-7.2500
01:29:09,-7.2500
01:29:10,-7.2500
01:29:11,-7.3125
01:29:12,-7.3125
01:29:13,-7.2500
01:29:14,-7.3125
01:29:15,-7.3125
01:29:16,-7.2500
01:29:17,-7.3125
01:29:18,-7.3125
01:29:19,-7.3125
01:29:20,-7.3125
01:29:21,-7.3125
01:29:22,-7.3125
01:29:23,-7.3125
01:29:24,-7.3125
01:29:25,-7.3125
01:29:26,-7.3125
01:29:27,-7.3125
01:29:28,-7.3125
01:29:29,-7.3125
01:29:30,-7.3125
01:29:31,-7.3125
01:29:32,-7.3125
01:29:34,-7.3125
01:29:35,-7.3125
01:29:36,-7.3125
01:29:37,-7.3125
01:29:38,-7.3125
01:29:39,-7.3125
01:29:40,-7.3125
01:29:41,-7.3125
01:29:42,-7.3125
01:29:43,-7.2500
01:29:44,-7.3125
01:29:45,-7.3125
01:29:46,-7.3125
01:29:47,-7.3125
01:29:48,-7.3125
01:29:49,-7.3125
01:29:50,-7.3125
01:29:51,-7.3125
01:29:52,-7.3125
01:29:53,-7.3125
01:29:54,-7.3125
01:29:55,-7.3125
01:29:56,-7.3125
01:29:57,-7.3125
01:29:58,-7.3125
01:29:59,-7.3125
01:30:00,-7.3125
01:30:01,-7.3125
01:30:02,-7.3125
01:30:03,-7.3125
01:30:04,-7.3125
01:30:05,-7.3125
01:30:06,-7.3125
01:30:07,-7.3125
01:30:09,-7.3125
01:30:10,-7.3125
01:30:11,-7.3125
01:30:12,-7.3125
01:30:13,-7.3125
01:30:14,-7.3125
01:30:15,-7.3125
01:30:16,-7.3125
01:30:17,-7.3125
01:30:18,-7.3125
01:30:19,-7.3125
01:30:20,-7.3125
01:30:21,-7.3125
01:30:22,-7.3125
01:30:23,-7.3125
01:30:24,-7.3125
01:30:25,-7.3125
01:30:26,-7.3125
01:30:27,-7.3125
01:30:28,-7.3125
01:30:29,-7.3125
01:30:30,-7.3125
01:30:31,-7.3125
01:30:32,-7.3125
01:30:33,-7.3125
01:30:34,-7.3125
01:30:35,-7.3125
01:30:36,-7.3125
01:30:37,-7.3125
01:30:38,-7.3125
01:30:39,-7.3125
01:30:40,-7.3125
01:30:41,-7.3125
01:30:43,-7.3125
01:30:44,-7.3125
01:30:45,-7.3125
01:30:46,-7.3125
01:30:47,-7.3125
01:30:48,-7.3125
01:30:49,-7.3125
01:30:50,-7.3125
01:30:51,-7.3125
01:30:52,-7.3125
01:30:53,-7.3125
01:30:54,-7.3125
01:30:55,-7.3125
01:30:56,-7.3125
01:30:57,-7.3125
01:30:58,-7.3125
01:30:59,-7.3125
01:31:00,-7.3125
01:31:01,-7.2500
01:31:02,-7.3125
01:31:03,-7.2500
01:31:04,-7.3125
01:31:05,-7.2500
01:31:06,-7.2500
01:31:07,-7.3125
01:31:08,-7.2500
01:31:09,-7.2500
01:31:10,-7.2500
01:31:11,-7.2500
01:31:12,-7.2500
01:31:13,-7.2500
01:31:14,-7.2500
01:31:15,-7.2500
01:31:16,-7.2500
01:31:18,-7.2500
01:31:19,-7.2500
01:31:20,-7.2500
01:31:21,-7.2500
01:31:22,-7.2500
01:31:23,-7.2500
01:31:24,-7.2500
01:31:25,-7.2500
01:31:26,-7.2500
01:31:27,-7.2500
01:31:28,-7.2500
01:31:29,-7.2500
01:31:30,-7.1875
01:31:31,-7.1875
01:31:32,-7.1875
01:31:33,-7.1875
01:31:34,-7.1875
01:31:35,-7.1875
01:31:36,-7.1875
01:31:37,-7.1875
01:31:38,-7.1875
01:31:39,-7.1875
01:31:40,-7.1875
01:31:41,-7.1875
01:31:42,-7.1875
01:31:43,-7.1875
01:31:44,-7.1875
01:31:45,-7.1875
01:31:46,-7.1250
01:31:47,-7.1875
01:31:48,-7.1875
01:31:49,-7.1875
01:31:50,-7.1250
01:31:52,-7.1875
01:31:53,-7.1875
01:31:54,-7.1250
01:31:55,-7.1250
01:31:56,-7.1250
01:31:57,-7.1250
01:31:58,-7.1250
01:31:59,-7.1250
01:32:00,-7.1250
01:32:01,-7.1250
01:32:02,-7.1250
01:32:03,-7.1250
01:32:04,-7.1250
01:32:05,-7.1250
01:32:06,-7.1250
01:32:07,-7.1250
01:32:08,-7.1250
01:32:09,-7.1250
01:32:10,-7.1250
01:32:11,-7.1250
01:32:12,-7.0625
01:32:13,-7.1250
01:32:14,-7.1250
01:32:15,-7.1250
01:32:16,-7.1250
01:32:17,-7.1250
01:32:18,-7.0625
01:32:19,-7.0625
01:32:20,-7.1250
01:32:21,-7.0625
01:32:22,-7.0625
01:32:23,-7.0625
01:32:24,-7.0625
01:32:25,-7.0625
01:32:27,-7.0625
01:32:28,-7.0625
01:32:29,-7.0625
01:32:30,-7.0625
01:32:31,-7.0625
01:32:32,-7.0625
01:32:33,-7.0000
01:32:34,-7.0625
01:32:35,-7.0000
01:32:36,-7.0000
01:32:37,-7.0000
01:32:38,-7.0000
01:32:39,-7.0000
01:32:40,-7.0000
01:32:41,-7.0000
01:32:42,-7.0000
01:32:43,-7.0000
01:32:44,-7.0000
01:32:45,-7.0000
01:32:46,-7.0000
01:32:47,-7.0000
01:32:48,-7.0000
01:32:49,-6.9375
01:32:50,-6.9375
01:32:51,-6.9375
01:32:52,-6.9375
01:32:53,-6.9375
01:32:54,-6.9375
01:32:55,-6.9375
01:32:56,-6.8750
01:32:57,-6.8750
01:32:58,-6.8750
01:32:59,-6.8750
01:33:01,-6.8125
01:33:02,-6.7500
01:33:03,-6.7500
01:33:04,-6.7500
01:33:05,-6.7500
01:33:06,-6.6875
01:33:07,-6.6875
01:33:08,-6.6250
01:33:09,-6.6250
01:33:10,-6.6250
01:33:11,-6.5625
01:33:12,-6.5625
01:33:13,-6.5625
01:33:14,-6.5000
01:33:15,-6.5000
01:33:16,-6.4375
01:33:17,-6.5000
01:33:18,-6.4375
01:33:19,-6.3750
01:33:20,-6.3750
01:33:21,-6.3125
01:33:22,-6.3750
01:33:23,-6.3125
01:33:24,-6.3125
01:33:25,-6.3125
01:33:26,-6.2500
01:33:27,-6.1875
01:33:28,-6.1875
01:33:29,-6.1875
01:33:30,-6.1250
01:33:31,-6.1250
01:33:32,-6.0625
01:33:33,-6.0625
01:33:34,-6.0625
01:33:36,-6.0625
01:33:37,-6.0625
01:33:38,-6.0000
01:33:39,-6.0000
01:33:40,-6.0000
01:33:41,-6.0000
01:33:42,-6.0000
01:33:43,-5.9375
01:33:44,-5.9375
01:33:45,-6.0000
01:33:46,-6.0000
01:33:47,-5.9375
01:33:48,-5.9375
01:33:49,-5.9375
01:33:50,-5.9375
01:33:51,-5.9375
01:33:52,-5.9375
01:33:53,-5.9375
01:33:54,-5.9375
01:33:55,-5.9375
01:33:56,-5.9375
01:33:57,-5.9375
01:33:58,-5.9375
01:33:59,-5.8750
01:34:00,-5.8750
01:34:01,-5.8750
01:34:02,-5.8750
01:34:03,-5.8750
01:34:04,-5.8750
01:34:05,-5.8750
01:34:06,-5.8750
01:34:07,-5.8750
01:34:08,-5.8750
01:34:10,-5.8750
01:34:11,-5.8750
01:34:12,-5.8750
01:34:13,-5.8750
01:34:14,-5.8750
01:34:15,-5.8125
01:34:16,-5.8750
01:34:17,-5.8750
01:34:18,-5.8750
01:34:19,-5.8750
01:34:20,-5.8750
01:34:21,-5.8750
01:34:22,-5.8750
01:34:23,-5.8750
01:34:24,-5.8750
01:34:25,-5.8750
01:34:26,-5.8750
01:34:27,-5.8750
01:34:28,-5.8125
01:34:29,-5.8750
01:34:30,-5.8750
01:34:31,-5.8750
01:34:32,-5.8750
01:34:33,-5.8750
01:34:34,-5.8750
01:34:35,-5.8125
01:34:36,-5.8750
01:34:37,-5.8750
01:34:38,-5.8750
01:34:39,-5.8750
01:34:40,-5.8750
01:34:41,-5.8750
01:34:42,-5.8750
01:34:43,-5.8750
01:34:45,-5.8125
01:34:46,-5.8750
01:34:47,-5.8750
01:34:48,-5.8750
01:34:49,-5.8750
01:34:50,-5.8750
01:34:51,-5.8750
01:34:52,-5.8750
01:34:53,-5.8750
01:34:54,-5.8750
01:34:55,-5.8125
01:34:56,-5.8750
01:34:57,-5.8125
01:34:58,-5.8750
01:34:59,-5.8125
01:35:00,-5.8125
01:35:01,-5.8750
01:35:02,-5.8125
01:35:03,-5.8750
01:35:04,-5.8750
01:35:05,-5.8125
01:35:06,-5.8125
01:35:07,-5.8750
01:35:08,-5.8750
01:35:09,-5.8750
01:35:10,-5.8750
01:35:11,-5.8750
01:35:12,-5.8750
01:35:13,-5.8750
01:35:14,-5.8750
01:35:15,-5.8750
01:35:16,-5.8750
