=~=~=~=~=~=~=~=~=~=~=~= PuTTY log 2025.11.15 03:51:16 =~=~=~=~=~=~=~=~=~=~=~=
READY
00:00:00,9.3125
00:00:01,9.2500
00:00:02,9.1875
00:00:03,9.1250
00:00:04,9.0625
00:00:05,9.0000
00:00:06,8.9375
00:00:07,8.8750
00:00:08,8.8750
00:00:09,8.8125
00:00:10,8.7500
00:00:11,8.7500
00:00:12,8.6875
00:00:13,8.5625
00:00:14,8.5625
00:00:15,8.4375
00:00:16,8.3750
00:00:17,8.3125
00:00:18,8.2500
00:00:19,8.1875
00:00:20,8.1250
00:00:21,8.1250
00:00:22,8.0625
00:00:23,8.0625
00:00:24,8.0000
00:00:25,7.9375
00:00:26,7.8750
00:00:27,7.8750
00:00:28,7.8125
00:00:29,7.7500
00:00:31,7.6875
00:00:32,7.6250
00:00:33,7.5625
00:00:34,7.5000
00:00:35,7.4375
00:00:36,7.4375
00:00:37,7.3750
00:00:38,7.3750
00:00:39,7.3750
00:00:40,7.3125
00:00:41,7.2500
00:00:42,7.2500
00:00:43,7.1875
00:00:44,7.1250
00:00:45,7.1250
00:00:46,7.1250
00:00:47,7.1250
00:00:48,7.0625
00:00:49,7.1250
00:00:50,7.0625
00:00:51,7.0625
00:00:52,7.0625
00:00:53,7.0625
00:00:54,7.0000
00:00:55,7.0000
00:00:56,6.9375
00:00:57,6.8750
00:00:58,6.8750
00:00:59,6.8125
00:01:00,6.7500
00:01:01,6.6875
00:01:02,6.5625
00:01:03,6.5000
00:01:04,6.5000
00:01:06,6.3750
00:01:07,6.3750
00:01:08,6.3125
00:01:09,6.2500
00:01:10,6.2500
00:01:11,6.1875
00:01:12,6.1250
00:01:13,6.0625
00:01:14,6.0000
00:01:15,5.9375
00:01:16,5.8750
00:01:17,5.8125
00:01:18,5.7500
00:01:19,5.7500
00:01:20,5.6250
00:01:21,5.5625
00:01:22,5.4375
00:01:23,5.4375
00:01:24,5.3125
00:01:25,5.2500
00:01:26,5.1875
00:01:27,5.1250
00:01:28,5.0625
00:01:29,5.0625
00:01:30,5.0000
00:01:31,4.9375
00:01:32,4.8750
00:01:33,4.8750
00:01:34,4.8125
00:01:35,4.7500
00:01:36,4.7500
00:01:37,4.6875
00:01:38,4.6250
00:01:40,4.6250
00:01:41,4.5625
00:01:42,4.5000
00:01:43,4.5000
00:01:44,4.4375
00:01:45,4.3750
00:01:46,4.3750
00:01:47,4.3125
00:01:48,4.2500
00:01:49,4.2500
00:01:50,4.1250
00:01:51,4.1250
00:01:52,4.1250
00:01:53,4.0625
00:01:54,4.0000
00:01:55,3.9375
00:01:56,3.8750
00:01:57,3.8125
00:01:58,3.7500
00:01:59,3.7500
00:02:00,3.6875
00:02:01,3.6875
00:02:02,3.6250
00:02:03,3.5625
00:02:04,3.5000
00:02:05,3.5000
00:02:06,3.4375
00:02:07,3.3750
00:02:08,3.3125
00:02:09,3.2500
00:02:10,3.2500
00:02:11,3.1875
00:02:12,3.1875
00:02:13,3.1250
00:02:15,3.1250
00:02:16,3.0625
00:02:17,3.0625
00:02:18,3.0000
00:02:19,3.0000
00:02:20,3.0000
00:02:21,2.9375
00:02:22,2.8750
00:02:23,2.8125
00:02:24,2.8125
00:02:25,2.7500
00:02:26,2.6875
00:02:27,2.6875
00:02:28,2.6250
00:02:29,2.5625
00:02:30,2.5625
00:02:31,2.5000
00:02:32,2.4375
00:02:33,2.3750
00:02:34,2.3750
00:02:35,2.3125
00:02:36,2.2500
00:02:37,2.1875
00:02:38,2.1875
00:02:39,2.0625
00:02:40,2.0625
00:02:41,2.0000
00:02:42,2.0000
00:02:43,1.9375
00:02:44,1.9375
00:02:45,1.8750
00:02:46,1.8125
00:02:47,1.8125
00:02:49,1.7500
00:02:50,1.6875
00:02:51,1.6875
00:02:52,1.6250
00:02:53,1.5625
00:02:54,1.5625
00:02:55,1.5625
00:02:56,1.5000
00:02:57,1.4375
00:02:58,1.4375
00:02:59,1.4375
00:03:00,1.3750
00:03:01,1.3750
00:03:02,1.2500
00:03:03,1.2500
00:03:04,1.1875
00:03:05,1.1250
00:03:06,1.0625
00:03:07,1.0000
00:03:08,1.0000
00:03:09,0.9375
00:03:10,0.8750
00:03:11,0.8125
00:03:12,0.7500
00:03:13,0.6250
00:03:14,0.6250
00:03:15,0.5625
00:03:16,0.5000
00:03:17,0.4375
00:03:18,0.3750
00:03:19,0.3125
00:03:20,0.3125
00:03:21,0.2500
00:03:22,0.1875
00:03:24,0.1875
00:03:25,0.1250
00:03:26,0.1250
00:03:27,0.0625
00:03:28,0.0000
00:03:29,0.0000
00:03:30,-0.0625
00:03:31,-0.0625
00:03:32,-0.1250
00:03:33,-0.1250
00:03:34,-0.1875
00:03:35,-0.1875
00:03:36,-0.1875
00:03:37,-0.2500
00:03:38,-0.2500
00:03:39,-0.3125
00:03:40,-0.3125
00:03:41,-0.3750
00:03:42,-0.3750
00:03:43,-0.3750
00:03:44,-0.4375
00:03:45,-0.4375
00:03:46,-0.5000
00:03:47,-0.5000
00:03:48,-0.5000
00:03:49,-0.5000
00:03:50,-0.5625
00:03:51,-0.5625
00:03:52,-0.5625
00:03:53,-0.5625
00:03:54,-0.6250
00:03:55,-0.6250
00:03:56,-0.6250
00:03:58,-0.6250
00:03:59,-0.6875
00:04:00,-0.7500
00:04:01,-0.7500
00:04:02,-0.7500
00:04:03,-0.7500
00:04:04,-0.8125
00:04:05,-0.8125
00:04:06,-0.8750
00:04:07,-0.8125
00:04:08,-0.8750
00:04:09,-0.9375
00:04:10,-0.9375
00:04:11,-1.0000
00:04:12,-1.0000
00:04:13,-1.0000
00:04:14,-1.0000
00:04:15,-1.0000
00:04:16,-1.0625
00:04:17,-1.0625
00:04:18,-1.1250
00:04:19,-1.1250
00:04:20,-1.1250
00:04:21,-1.1875
00:04:22,-1.2500
00:04:23,-1.2500
00:04:24,-1.2500
00:04:25,-1.2500
00:04:26,-1.2500
00:04:27,-1.3125
00:04:28,-1.3750
00:04:29,-1.3750
00:04:30,-1.3750
00:04:31,-1.4375
00:04:33,-1.4375
00:04:34,-1.5000
00:04:35,-1.5000
00:04:36,-1.5625
00:04:37,-1.5625
00:04:38,-1.5625
00:04:39,-1.6250
00:04:40,-1.6250
00:04:41,-1.6875
00:04:42,-1.6875
00:04:43,-1.7500
00:04:44,-1.7500
00:04:45,-1.7500
00:04:46,-1.8125
00:04:47,-1.8125
00:04:48,-1.8125
00:04:49,-1.8750
00:04:50,-1.8750
00:04:51,-1.8750
00:04:52,-1.9375
00:04:53,-1.9375
00:04:54,-1.9375
00:04:55,-2.0000
00:04:56,-2.0000
00:04:57,-2.0625
00:04:58,-2.0625
00:04:59,-2.0625
00:05:00,-2.0625
00:05:01,-2.1250
00:05:02,-2.1250
00:05:03,-2.1250
00:05:04,-2.1875
00:05:05,-2.1250
00:05:07,-2.1875
00:05:08,-2.1875
00:05:09,-2.1875
00:05:10,-2.1875
00:05:11,-2.2500
00:05:12,-2.2500
00:05:13,-2.2500
00:05:14,-2.3125
00:05:15,-2.3125
00:05:16,-2.3125
00:05:17,-2.3125
00:05:18,-2.3125
00:05:19,-2.3750
00:05:20,-2.3125
00:05:21,-2.3750
00:05:22,-2.3750
00:05:23,-2.3750
00:05:24,-2.3750
00:05:25,-2.4375
00:05:26,-2.4375
00:05:27,-2.4375
00:05:28,-2.5000
00:05:29,-2.5000
00:05:30,-2.5000
00:05:31,-2.5000
00:05:32,-2.5000
00:05:33,-2.5625
00:05:34,-2.6250
00:05:35,-2.6250
00:05:36,-2.6250
00:05:37,-2.6250
00:05:38,-2.6250
00:05:39,-2.6875
00:05:40,-2.6875
00:05:42,-2.7500
00:05:43,-2.7500
00:05:44,-2.7500
00:05:45,-2.8125
00:05:46,-2.8125
00:05:47,-2.8750
00:05:48,-2.8750
00:05:49,-2.9375
00:05:50,-2.9375
00:05:51,-3.0000
00:05:52,-3.0000
00:05:53,-3.0625
00:05:54,-3.0625
00:05:55,-3.0625
00:05:56,-3.1250
00:05:57,-3.1250
00:05:58,-3.1250
00:05:59,-3.1875
00:06:00,-3.1875
00:06:01,-3.2500
00:06:02,-3.2500
00:06:03,-3.2500
00:06:04,-3.2500
00:06:05,-3.2500
00:06:06,-3.3125
00:06:07,-3.3125
00:06:08,-3.3125
00:06:09,-3.3125
00:06:10,-3.3125
00:06:11,-3.3750
00:06:12,-3.3750
00:06:13,-3.3750
00:06:14,-3.3750
00:06:16,-3.3750
00:06:17,-3.4375
00:06:18,-3.4375
00:06:19,-3.4375
00:06:20,-127.0000
00:06:21,-3.4375
00:06:22,-3.5000
00:06:23,-3.5000
00:06:24,-3.5000
00:06:25,-3.5625
00:06:26,-3.5625
00:06:27,-3.5625
00:06:28,-3.6250
00:06:29,-3.6250
00:06:30,-3.6250
00:06:31,-3.6250
00:06:32,-3.6250
00:06:33,-3.6875
00:06:34,-3.6875
00:06:35,-3.6875
00:06:36,-3.7500
00:06:37,-3.7500
00:06:38,-3.7500
00:06:39,-3.7500
00:06:40,-3.7500
00:06:41,-3.8125
00:06:42,-3.8125
00:06:43,-3.8125
00:06:44,-3.8125
00:06:45,-3.8125
00:06:46,-3.8750
00:06:47,-3.8750
00:06:48,-3.8750
00:06:49,-3.8750
00:06:51,-3.8750
00:06:52,-3.8750
00:06:53,-3.9375
00:06:54,-3.9375
00:06:55,-3.9375
00:06:56,-4.0000
00:06:57,-4.0000
00:06:58,-4.0000
00:06:59,-4.0000
00:07:00,-4.0000
00:07:01,-4.0000
00:07:02,-4.0625
00:07:03,-4.0625
00:07:04,-4.0625
00:07:05,-4.0625
00:07:06,-4.0625
00:07:07,-4.0625
00:07:08,-4.1250
00:07:09,-4.1250
00:07:10,-4.1250
00:07:11,-4.1250
00:07:12,-4.1250
00:07:13,-4.1875
00:07:14,-4.1250
00:07:15,-4.1875
00:07:16,-4.1875
00:07:17,-4.1875
00:07:18,-4.1875
00:07:19,-4.1250
00:07:20,-4.1250
00:07:21,-4.0625
00:07:22,-4.0625
00:07:23,-4.0625
00:07:25,-4.0625
00:07:26,-4.0625
00:07:27,-4.0000
00:07:28,-4.0625
00:07:29,-4.0625
00:07:30,-4.0000
00:07:31,-4.0000
00:07:32,-4.0625
00:07:33,-4.0625
00:07:34,-4.0625
00:07:35,-4.0625
00:07:36,-4.0625
00:07:37,-4.0625
00:07:38,-4.0625
00:07:39,-4.1250
00:07:40,-4.1250
00:07:41,-4.1250
00:07:42,-4.1250
00:07:43,-4.1250
00:07:44,-4.1250
00:07:45,-4.1875
00:07:46,-4.1875
00:07:47,-4.1875
00:07:48,-4.1875
00:07:49,-4.1875
00:07:50,-4.2500
00:07:51,-4.2500
00:07:52,-4.2500
00:07:53,-4.2500
00:07:54,-4.2500
00:07:55,-4.3125
00:07:56,-4.3125
00:07:57,-4.3125
00:07:58,-4.3125
00:08:00,-4.3125
00:08:01,-4.3750
00:08:02,-4.3750
00:08:03,-4.3750
00:08:04,-4.3750
00:08:05,-4.3750
00:08:06,-4.4375
00:08:07,-4.4375
00:08:08,-4.4375
00:08:09,-4.4375
00:08:10,-4.4375
00:08:11,-4.4375
00:08:12,-4.4375
00:08:13,-4.5000
00:08:14,-4.5000
00:08:15,-4.5000
00:08:16,-4.5000
00:08:17,-4.5000
00:08:18,-4.5000
00:08:19,-4.5000
00:08:20,-4.5000
00:08:21,-4.5000
00:08:22,-4.5000
00:08:23,-4.5000
00:08:24,-4.5625
00:08:25,-4.5000
00:08:26,-4.5625
00:08:27,-4.5625
00:08:28,-4.5000
00:08:29,-4.5625
00:08:30,-4.5625
00:08:31,-4.5625
00:08:32,-4.5625
00:08:34,-4.5625
00:08:35,-4.5625
00:08:36,-4.5625
00:08:37,-4.5625
00:08:38,-4.6250
00:08:39,-4.6250
00:08:40,-4.6250
00:08:41,-4.6250
00:08:42,-4.6250
00:08:43,-4.6875
00:08:44,-4.6250
00:08:45,-4.6875
00:08:46,-4.6875
00:08:47,-4.6875
00:08:48,-4.6875
00:08:49,-4.6875
00:08:50,-4.7500
00:08:51,-4.7500
00:08:52,-4.6875
00:08:53,-4.7500
00:08:54,-4.7500
00:08:55,-4.7500
00:08:56,-4.8125
00:08:57,-4.7500
00:08:58,-4.7500
00:08:59,-4.7500
00:09:00,-4.8125
00:09:01,-4.8125
00:09:02,-4.8125
00:09:03,-4.8125
00:09:04,-4.8125
00:09:05,-4.8125
00:09:06,-4.8750
00:09:07,-4.8750
00:09:09,-4.8750
00:09:10,-4.8750
00:09:11,-4.8750
00:09:12,-4.8750
00:09:13,-4.8750
00:09:14,-4.9375
00:09:15,-4.9375
00:09:16,-4.9375
00:09:17,-4.9375
00:09:18,-4.9375
00:09:19,-4.9375
00:09:20,-4.9375
00:09:21,-4.9375
00:09:22,-5.0000
00:09:23,-4.9375
00:09:24,-5.0000
00:09:25,-5.0000
00:09:26,-5.0000
00:09:27,-5.0000
00:09:28,-5.0000
00:09:29,-5.0625
00:09:30,-5.0625
00:09:31,-5.0625
00:09:32,-5.0625
00:09:33,-5.0625
00:09:34,-5.0625
00:09:35,-5.0625
00:09:36,-5.0625
00:09:37,-5.1250
00:09:38,-5.0625
00:09:39,-5.1250
00:09:40,-5.1250
00:09:41,-5.1250
00:09:43,-5.1250
00:09:44,-5.1250
00:09:45,-5.1250
00:09:46,-5.1250
00:09:47,-5.1250
00:09:48,-5.1875
00:09:49,-5.1875
00:09:50,-5.1875
00:09:51,-5.1875
00:09:52,-5.1875
00:09:53,-5.1875
00:09:54,-5.1875
00:09:55,-5.1875
00:09:56,-5.1875
00:09:57,-5.1875
00:09:58,-5.1875
00:09:59,-5.2500
00:10:00,-5.2500
00:10:01,-5.2500
00:10:02,-5.2500
00:10:03,-5.2500
00:10:04,-5.2500
00:10:05,-5.2500
00:10:06,-5.2500
00:10:07,-5.2500
00:10:08,-5.3125
00:10:09,-5.2500
00:10:10,-5.2500
00:10:11,-5.3125
00:10:12,-5.3125
00:10:13,-5.3125
00:10:14,-5.3125
00:10:15,-5.3125
00:10:16,-5.3125
00:10:18,-5.3750
00:10:19,-5.3125
00:10:20,-5.3125
00:10:21,-5.3750
00:10:22,-5.3750
00:10:23,-5.3750
00:10:24,-5.3750
00:10:25,-5.3750
00:10:26,-5.3750
00:10:27,-5.3750
00:10:28,-5.3750
00:10:29,-5.4375
00:10:30,-5.3750
00:10:31,-5.4375
00:10:32,-5.4375
00:10:33,-5.4375
00:10:34,-5.4375
00:10:35,-5.4375
00:10:36,-5.4375
00:10:37,-5.5000
00:10:38,-5.5000
00:10:39,-5.5000
00:10:40,-5.5000
00:10:41,-5.5000
00:10:42,-5.5000
00:10:43,-5.5625
00:10:44,-5.5625
00:10:45,-5.5625
00:10:46,-5.5625
00:10:47,-5.5625
00:10:48,-5.5625
00:10:49,-5.5625
00:10:50,-5.5625
00:10:52,-5.5625
00:10:53,-5.5625
00:10:54,-5.5625
00:10:55,-5.5625
00:10:56,-5.5625
00:10:57,-5.5625
00:10:58,-5.6250
00:10:59,-5.6250
00:11:00,-5.6250
00:11:01,-5.6250
00:11:02,-5.6250
00:11:03,-5.6250
00:11:04,-5.6250
00:11:05,-5.6250
00:11:06,-5.6250
00:11:07,-5.6250
00:11:08,-5.6250
00:11:09,-5.6875
00:11:10,-5.6875
00:11:11,-5.6875
00:11:12,-5.6875
00:11:13,-5.6875
00:11:14,-5.6875
00:11:15,-5.7500
00:11:16,-5.7500
00:11:17,-5.7500
00:11:18,-5.7500
00:11:19,-5.7500
00:11:20,-5.7500
00:11:21,-5.7500
00:11:22,-5.7500
00:11:23,-5.7500
00:11:24,-5.8125
00:11:25,-5.8125
00:11:27,-5.8125
00:11:28,-5.8125
00:11:29,-5.8125
00:11:30,-5.8125
00:11:31,-5.8125
00:11:32,-5.8125
00:11:33,-5.8125
00:11:34,-5.8125
00:11:35,-5.8125
00:11:36,-5.8750
00:11:37,-5.8750
00:11:38,-5.8750
00:11:39,-5.8750
00:11:40,-5.8750
00:11:41,-5.8750
00:11:42,-5.8750
00:11:43,-5.8750
00:11:44,-5.8750
00:11:45,-5.9375
00:11:46,-5.9375
00:11:47,-5.9375
00:11:48,-5.9375
00:11:49,-5.9375
00:11:50,-5.9375
00:11:51,-5.9375
00:11:52,-5.9375
00:11:53,-5.9375
00:11:54,-5.9375
00:11:55,-6.0000
00:11:56,-5.9375
00:11:57,-6.0000
00:11:58,-5.9375
00:11:59,-5.9375
00:12:01,-6.0000
00:12:02,-5.9375
00:12:03,-6.0000
00:12:04,-6.0000
00:12:05,-6.0000
00:12:06,-6.0000
00:12:07,-6.0000
00:12:08,-6.0000
00:12:09,-6.0000
00:12:10,-6.0000
00:12:11,-6.0000
00:12:12,-6.0000
00:12:13,-6.0625
00:12:14,-6.0625
00:12:15,-6.0625
00:12:16,-6.0625
00:12:17,-6.0625
00:12:18,-6.0625
00:12:19,-6.0625
00:12:20,-6.0625
00:12:21,-6.0625
00:12:22,-6.0625
00:12:23,-6.0625
00:12:24,-6.0625
00:12:25,-6.1250
00:12:26,-6.0625
00:12:27,-6.1250
00:12:28,-6.1250
00:12:29,-6.0625
00:12:30,-6.0625
00:12:31,-6.1250
00:12:32,-6.1250
00:12:33,-6.1250
00:12:34,-6.1250
00:12:36,-6.1250
00:12:37,-6.1250
00:12:38,-6.1875
00:12:39,-6.1250
00:12:40,-6.1250
00:12:41,-6.1250
00:12:42,-6.1875
00:12:43,-6.1875
00:12:44,-6.1875
00:12:45,-6.1875
00:12:46,-6.1875
00:12:47,-6.1875
00:12:48,-6.1875
00:12:49,-6.1875
00:12:50,-6.1875
00:12:51,-6.1875
00:12:52,-6.1875
00:12:53,-6.1875
00:12:54,-6.2500
00:12:55,-6.1875
00:12:56,-6.1875
00:12:57,-6.1875
00:12:58,-6.1875
00:12:59,-6.2500
00:13:00,-6.2500
00:13:01,-6.2500
00:13:02,-6.2500
00:13:03,-6.2500
00:13:04,-6.2500
00:13:05,-6.2500
00:13:06,-6.2500
00:13:07,-6.2500
00:13:08,-6.2500
00:13:10,-6.2500
00:13:11,-6.2500
00:13:12,-6.2500
00:13:13,-6.2500
00:13:14,-6.2500
00:13:15,-6.2500
00:13:16,-6.3125
00:13:17,-6.2500
00:13:18,-6.3125
00:13:19,-6.3125
00:13:20,-6.3125
00:13:21,-6.3125
00:13:22,-6.3125
00:13:23,-6.3125
00:13:24,-6.3125
00:13:25,-6.3125
00:13:26,-6.3125
00:13:27,-6.3125
00:13:28,-6.3125
00:13:29,-127.0000
00:13:30,-6.3125
00:13:31,-6.3125
00:13:32,-6.3750
00:13:33,-6.3125
00:13:34,-6.3750
00:13:35,-6.3125
00:13:36,-6.3750
00:13:37,-6.3125
00:13:38,-6.3750
00:13:39,-6.3750
00:13:40,-6.3750
00:13:41,-6.3750
00:13:42,-6.3750
00:13:43,-6.3750
00:13:45,-6.3750
00:13:46,-6.3750
00:13:47,-127.0000
00:13:48,-6.4375
00:13:49,-6.3750
00:13:50,-6.3750
00:13:51,-6.4375
00:13:52,-6.3750
00:13:53,-6.3750
00:13:54,-6.4375
00:13:55,-6.4375
00:13:56,-6.4375
00:13:57,-6.4375
00:13:58,-6.4375
00:13:59,-6.4375
00:14:00,-6.3750
00:14:01,-6.4375
00:14:02,-6.4375
00:14:03,-6.4375
00:14:04,-6.4375
00:14:05,-6.4375
00:14:06,-6.4375
00:14:07,-6.4375
00:14:08,-6.4375
00:14:09,-6.4375
00:14:10,-6.4375
00:14:11,-6.4375
00:14:12,-6.4375
00:14:13,-6.4375
00:14:14,-6.4375
00:14:15,-6.4375
00:14:16,-6.5000
00:14:17,-6.4375
00:14:19,-6.5000
00:14:20,-6.4375
00:14:21,-6.5000
00:14:22,-6.5000
00:14:23,-6.5000
00:14:24,-6.5000
00:14:25,-127.0000
00:14:26,-6.5000
00:14:27,-6.5000
00:14:28,-6.5000
00:14:29,-6.5000
00:14:30,-6.5000
00:14:31,-6.5000
00:14:32,-6.5000
00:14:33,-6.5000
00:14:34,-6.5000
00:14:35,-6.5000
00:14:36,-6.5000
00:14:37,-6.5000
00:14:38,-6.5000
00:14:39,-6.5000
00:14:40,-6.5000
00:14:41,-6.5000
00:14:42,-6.5625
00:14:43,-6.5625
00:14:44,-6.5625
00:14:45,-6.5625
00:14:46,-6.5625
00:14:47,-6.5625
00:14:48,-6.5625
00:14:49,-6.5625
00:14:50,-6.5625
00:14:51,-6.5625
00:14:52,-6.5625
00:14:54,-6.5625
00:14:55,-6.5625
00:14:56,-6.5625
00:14:57,-6.5625
00:14:58,-6.5625
00:14:59,-6.5625
00:15:00,-6.5625
00:15:01,-6.5625
00:15:02,-6.5625
00:15:03,-6.5625
00:15:04,-6.5625
00:15:05,-6.5625
00:15:06,-6.5625
00:15:07,-6.5625
00:15:08,-6.5625
00:15:09,-6.5625
00:15:10,-6.5625
00:15:11,-6.5625
00:15:12,-6.5625
00:15:13,-6.6250
00:15:14,-6.5625
00:15:15,-6.5625
00:15:16,-6.5625
00:15:17,-6.5625
00:15:18,-6.5625
00:15:19,-6.6250
00:15:20,-6.6250
00:15:21,-6.6250
00:15:22,-6.6250
00:15:23,-6.6250
00:15:24,-6.6250
00:15:25,-6.6250
00:15:26,-6.6250
00:15:28,-6.6250
00:15:29,-6.6250
00:15:30,-6.6250
00:15:31,-6.6250
00:15:32,-6.6250
00:15:33,-6.6250
00:15:34,-6.6250
00:15:35,-6.6250
00:15:36,-6.6250
00:15:37,-6.6250
00:15:38,-6.6250
00:15:39,-6.6250
00:15:40,-6.6250
00:15:41,-6.6250
00:15:42,-6.6250
00:15:43,-6.6875
00:15:44,-6.6250
00:15:45,-6.6250
00:15:46,-6.6250
00:15:47,-6.6875
00:15:48,-6.6250
00:15:49,-6.6250
00:15:50,-6.6250
00:15:51,-6.6875
00:15:52,-6.6250
00:15:53,-6.6875
00:15:54,-6.6875
00:15:55,-6.6250
00:15:56,-6.6875
00:15:57,-6.6875
00:15:58,-6.6875
00:15:59,-6.6875
00:16:00,-6.6875
00:16:01,-6.6875
00:16:03,-6.6875
00:16:04,-6.6875
00:16:05,-6.6875
00:16:06,-6.6875
00:16:07,-6.6875
00:16:08,-6.6875
00:16:09,-6.6875
00:16:10,-6.6875
00:16:11,-6.6875
00:16:12,-6.6875
00:16:13,-6.6875
00:16:14,-6.6875
00:16:15,-6.7500
00:16:16,-6.7500
00:16:17,-6.7500
00:16:18,-6.6875
00:16:19,-6.6875
00:16:20,-6.6875
00:16:21,-6.7500
00:16:22,-6.7500
00:16:23,-6.7500
00:16:24,-6.7500
00:16:25,-6.6875
00:16:26,-6.7500
00:16:27,-6.7500
00:16:28,-6.7500
00:16:29,-6.7500
00:16:30,-6.7500
00:16:31,-6.7500
00:16:32,-6.7500
00:16:33,-6.7500
00:16:34,-6.7500
00:16:35,-6.7500
00:16:37,-6.7500
00:16:38,-6.7500
00:16:39,-6.7500
00:16:40,-6.7500
00:16:41,-6.7500
00:16:42,-6.7500
00:16:43,-6.7500
00:16:44,-6.7500
00:16:45,-6.7500
00:16:46,-6.7500
00:16:47,-6.7500
00:16:48,-6.7500
00:16:49,-6.7500
00:16:50,-6.7500
00:16:51,-6.7500
00:16:52,-6.7500
00:16:53,-6.7500
00:16:54,-6.7500
00:16:55,-6.7500
00:16:56,-6.7500
00:16:57,-6.7500
00:16:58,-6.7500
00:16:59,-6.7500
00:17:00,-6.7500
00:17:01,-6.8125
00:17:02,-6.8125
00:17:03,-6.8125
00:17:04,-6.8750
00:17:05,-6.8750
00:17:06,-6.8750
00:17:07,-6.9375
00:17:08,-6.9375
00:17:09,-6.9375
00:17:11,-6.9375
00:17:12,-6.9375
00:17:13,-7.0000
00:17:14,-7.0000
00:17:15,-7.0000
00:17:16,-7.0000
00:17:17,-7.0000
00:17:18,-7.0000
00:17:19,-7.0000
00:17:20,-7.0000
00:17:21,-7.0000
00:17:22,-7.0625
00:17:23,-7.0000
00:17:24,-7.0000
00:17:25,-7.0625
00:17:26,-7.0625
00:17:27,-7.0625
00:17:28,-7.0625
00:17:29,-7.0000
00:17:30,-7.0000
00:17:31,-7.0625
00:17:32,-7.0625
00:17:33,-7.0625
00:17:34,-7.0625
00:17:35,-7.0625
00:17:36,-7.0625
00:17:37,-7.0625
00:17:38,-7.0000
00:17:39,-7.0625
00:17:40,-7.0625
00:17:41,-7.0625
00:17:42,-7.0625
00:17:43,-7.0625
00:17:44,-7.0625
00:17:46,-7.0625
00:17:47,-7.0625
00:17:48,-7.0625
00:17:49,-7.0625
00:17:50,-7.0625
00:17:51,-7.0625
00:17:52,-7.0625
00:17:53,-7.1250
00:17:54,-7.0625
00:17:55,-7.0625
00:17:56,-7.0625
00:17:57,-7.0625
00:17:58,-7.0625
00:17:59,-7.0625
00:18:00,-7.0625
00:18:01,-7.1250
00:18:02,-7.0625
00:18:03,-7.1250
00:18:04,-7.0625
00:18:05,-7.1250
00:18:06,-7.1250
00:18:07,-7.1250
00:18:08,-7.1250
00:18:09,-7.1250
00:18:10,-7.1250
00:18:11,-7.1250
00:18:12,-7.1250
00:18:13,-7.1250
00:18:14,-7.1250
00:18:15,-7.1250
00:18:16,-7.1250
00:18:17,-7.1250
00:18:18,-7.1250
00:18:20,-7.1250
00:18:21,-7.1250
00:18:22,-7.1250
00:18:23,-7.1250
00:18:24,-7.1250
00:18:25,-7.1250
00:18:26,-7.1250
00:18:27,-7.1250
00:18:28,-7.1250
00:18:29,-7.1250
00:18:30,-7.1250
00:18:31,-7.1250
00:18:32,-7.1250
00:18:33,-7.1250
00:18:34,-7.1250
00:18:35,-7.1250
00:18:36,-7.1250
00:18:37,-7.1250
00:18:38,-7.1250
00:18:39,-7.1875
00:18:40,-7.1875
00:18:41,-7.1250
00:18:42,-7.1875
00:18:43,-7.1250
00:18:44,-7.1875
00:18:45,-7.1875
00:18:46,-7.1250
00:18:47,-7.1250
00:18:48,-7.1875
00:18:49,-7.1250
00:18:50,-7.1250
00:18:51,-7.1250
00:18:52,-7.1250
00:18:53,-7.1875
00:18:55,-7.1250
00:18:56,-7.1875
00:18:57,-7.1875
00:18:58,-7.1875
00:18:59,-7.1875
00:19:00,-7.1875
00:19:01,-7.1875
00:19:02,-7.1875
00:19:03,-7.1875
00:19:04,-7.1875
00:19:05,-7.1875
00:19:06,-7.1875
00:19:07,-7.1875
00:19:08,-7.1875
00:19:09,-7.1875
00:19:10,-7.1875
00:19:11,-7.1875
00:19:12,-7.1875
00:19:13,-7.1875
00:19:14,-7.1875
00:19:15,-7.1250
00:19:16,-7.1875
00:19:17,-7.1875
00:19:18,-7.1875
00:19:19,-7.1875
00:19:20,-7.1875
00:19:21,-7.1875
00:19:22,-7.1875
00:19:23,-7.1875
00:19:24,-7.2500
00:19:25,-7.1875
00:19:26,-7.2500
00:19:27,-7.1875
00:19:29,-7.1875
00:19:30,-7.2500
00:19:31,-7.1875
00:19:32,-7.1875
00:19:33,-7.2500
00:19:34,-7.1875
00:19:35,-7.2500
00:19:36,-7.1875
00:19:37,-7.1875
00:19:38,-7.1875
00:19:39,-7.2500
00:19:40,-7.2500
00:19:41,-7.2500
00:19:42,-7.2500
00:19:43,-7.2500
00:19:44,-7.2500
00:19:45,-7.2500
00:19:46,-7.2500
00:19:47,-7.2500
00:19:48,-7.2500
00:19:49,-7.2500
00:19:50,-7.1875
00:19:51,-7.1875
00:19:52,-7.2500
00:19:53,-7.2500
00:19:54,-7.2500
00:19:55,-7.2500
00:19:56,-7.2500
00:19:57,-7.2500
00:19:58,-7.2500
00:19:59,-7.2500
00:20:00,-7.2500
00:20:01,-7.2500
00:20:02,-7.2500
00:20:04,-7.2500
00:20:05,-7.2500
00:20:06,-7.2500
00:20:07,-7.2500
00:20:08,-7.2500
00:20:09,-7.2500
00:20:10,-7.3125
00:20:11,-7.2500
00:20:12,-7.2500
00:20:13,-7.3125
00:20:14,-7.2500
00:20:15,-7.2500
00:20:16,-7.2500
00:20:17,-7.3125
00:20:18,-7.2500
00:20:19,-7.3125
00:20:20,-7.3125
00:20:21,-7.2500
00:20:22,-7.2500
00:20:23,-7.2500
00:20:24,-7.3125
00:20:25,-7.2500
00:20:26,-7.3125
00:20:27,-7.2500
00:20:28,-7.3125
00:20:29,-7.3125
00:20:30,-7.3125
00:20:31,-7.2500
00:20:32,-7.3125
00:20:33,-7.3125
00:20:34,-7.2500
00:20:35,-7.2500
00:20:36,-7.3125
00:20:38,-7.3125
00:20:39,-7.3125
00:20:40,-7.3125
00:20:41,-7.3125
00:20:42,-7.3125
00:20:43,-7.2500
00:20:44,-7.3125
00:20:45,-7.3125
00:20:46,-7.3125
00:20:47,-7.3125
00:20:48,-7.3125
00:20:49,-7.2500
00:20:50,-7.3125
00:20:51,-7.3125
00:20:52,-7.3125
00:20:53,-7.3125
00:20:54,-7.3125
00:20:55,-7.3125
00:20:56,-7.3125
00:20:57,-7.3125
00:20:58,-7.3125
00:20:59,-7.3125
00:21:00,-7.3125
00:21:01,-7.3125
00:21:02,-7.3125
00:21:03,-7.3125
00:21:04,-7.3125
00:21:05,-7.3125
00:21:06,-7.3125
00:21:07,-7.3125
00:21:08,-7.3125
00:21:09,-7.3125
00:21:10,-7.3125
00:21:11,-7.3125
00:21:13,-7.3125
00:21:14,-7.3125
00:21:15,-7.3125
00:21:16,-7.3125
00:21:17,-7.3125
00:21:18,-7.3125
00:21:19,-7.3125
00:21:20,-7.3125
00:21:21,-7.3125
00:21:22,-7.3125
00:21:23,-7.3750
00:21:24,-7.3125
00:21:25,-7.3125
00:21:26,-7.3125
00:21:27,-7.3125
00:21:28,-7.3125
00:21:29,-7.3750
00:21:30,-7.3125
00:21:31,-7.3750
00:21:32,-7.3750
00:21:33,-7.3750
00:21:34,-7.3750
00:21:35,-7.3125
00:21:36,-7.3125
00:21:37,-7.3750
00:21:38,-7.3750
00:21:39,-7.3750
00:21:40,-7.3125
00:21:41,-7.3750
00:21:42,-7.3750
00:21:43,-7.3750
00:21:44,-7.3750
00:21:45,-7.3750
00:21:47,-7.3125
00:21:48,-7.3750
00:21:49,-7.3750
00:21:50,-7.3750
00:21:51,-7.3750
00:21:52,-7.3750
00:21:53,-7.3750
00:21:54,-7.3750
00:21:55,-7.3750
00:21:56,-7.3750
00:21:57,-7.3750
00:21:58,-7.3750
00:21:59,-7.3750
00:22:00,-7.3750
00:22:01,-7.3750
00:22:02,-7.3750
00:22:03,-7.3750
00:22:04,-7.3750
00:22:05,-7.3750
00:22:06,-7.3750
00:22:07,-7.3750
00:22:08,-7.3750
00:22:09,-7.3750
00:22:10,-7.3750
00:22:11,-7.3750
00:22:12,-7.3750
00:22:13,-7.3750
00:22:14,-7.3750
00:22:15,-7.3750
00:22:16,-7.3750
00:22:17,-7.3750
00:22:18,-7.3750
00:22:19,-7.3750
00:22:20,-7.3750
00:22:22,-7.3750
00:22:23,-7.3750
00:22:24,-7.3750
00:22:25,-7.3750
00:22:26,-7.3750
00:22:27,-7.3750
00:22:28,-7.3750
00:22:29,-7.3750
00:22:30,-7.3750
00:22:31,-7.3750
00:22:32,-7.3750
00:22:33,-7.3750
00:22:34,-7.3750
00:22:35,-7.3750
00:22:36,-7.3750
00:22:37,-7.4375
00:22:38,-7.3750
00:22:39,-7.3750
00:22:40,-7.3750
00:22:41,-7.3750
00:22:42,-7.4375
00:22:43,-7.4375
00:22:44,-7.4375
00:22:45,-7.3750
00:22:46,-7.4375
00:22:47,-7.4375
00:22:48,-7.3750
00:22:49,-7.4375
00:22:50,-7.4375
00:22:51,-7.4375
00:22:52,-7.4375
00:22:53,-7.3750
00:22:54,-7.3750
00:22:56,-7.4375
00:22:57,-7.4375
00:22:58,-7.4375
00:22:59,-7.3750
00:23:00,-7.4375
00:23:01,-7.4375
00:23:02,-7.4375
00:23:03,-7.3750
00:23:04,-7.4375
00:23:05,-7.4375
00:23:06,-7.4375
00:23:07,-7.4375
00:23:08,-7.4375
00:23:09,-7.4375
00:23:10,-7.4375
00:23:11,-7.4375
00:23:12,-7.4375
00:23:13,-7.4375
00:23:14,-7.4375
00:23:15,-7.4375
00:23:16,-7.4375
00:23:17,-7.4375
00:23:18,-7.4375
00:23:19,-7.4375
00:23:20,-7.4375
00:23:21,-7.4375
00:23:22,-7.4375
00:23:23,-7.4375
00:23:24,-7.4375
00:23:25,-7.4375
00:23:26,-7.4375
00:23:27,-7.4375
00:23:28,-7.4375
00:23:29,-7.4375
00:23:31,-7.4375
00:23:32,-7.4375
00:23:33,-7.4375
00:23:34,-7.4375
00:23:35,-7.4375
00:23:36,-7.4375
00:23:37,-7.4375
00:23:38,-7.4375
00:23:39,-7.4375
00:23:40,-7.4375
00:23:41,-7.4375
00:23:42,-7.4375
00:23:43,-7.4375
00:23:44,-7.4375
00:23:45,-7.4375
00:23:46,-7.4375
00:23:47,-7.4375
00:23:48,-7.4375
00:23:49,-7.4375
00:23:50,-7.5000
00:23:51,-7.4375
00:23:52,-7.4375
00:23:53,-7.4375
00:23:54,-7.4375
00:23:55,-7.4375
00:23:56,-7.4375
00:23:57,-7.4375
00:23:58,-7.4375
00:23:59,-7.5000
00:24:00,-7.4375
00:24:01,-7.4375
00:24:02,-7.4375
00:24:03,-7.4375
00:24:05,-7.4375
00:24:06,-7.4375
00:24:07,-7.4375
00:24:08,-7.4375
00:24:09,-7.4375
00:24:10,-7.5000
00:24:11,-7.4375
00:24:12,-7.4375
00:24:13,-7.4375
00:24:14,-7.5000
00:24:15,-7.4375
00:24:16,-7.4375
00:24:17,-7.5000
00:24:18,-7.4375
00:24:19,-7.5000
00:24:20,-7.5000
00:24:21,-7.5000
00:24:22,-7.4375
00:24:23,-7.4375
00:24:24,-7.5000
00:24:25,-7.4375
00:24:26,-7.5000
00:24:27,-7.5000
00:24:28,-7.5000
00:24:29,-7.5000
00:24:30,-7.4375
00:24:31,-7.5000
00:24:32,-7.5000
00:24:33,-7.4375
00:24:34,-7.4375
00:24:35,-7.5000
00:24:36,-7.4375
00:24:37,-7.5000
00:24:39,-7.4375
00:24:40,-7.5000
00:24:41,-7.4375
00:24:42,-7.5000
00:24:43,-7.5000
00:24:44,-7.4375
00:24:45,-7.5000
00:24:46,-7.5000
00:24:47,-7.5000
00:24:48,-7.5000
00:24:49,-7.5000
00:24:50,-7.5000
00:24:51,-7.4375
00:24:52,-7.5000
00:24:53,-7.5000
00:24:54,-7.5000
00:24:55,-7.5000
00:24:56,-7.5000
00:24:57,-7.5000
00:24:58,-7.5000
00:24:59,-7.4375
00:25:00,-7.5000
00:25:01,-7.5000
00:25:02,-7.5000
00:25:03,-7.5000
00:25:04,-7.4375
00:25:05,-7.5000
00:25:06,-7.5000
00:25:07,-7.5000
00:25:08,-7.5000
00:25:09,-7.5000
00:25:10,-7.5000
00:25:11,-7.5000
00:25:12,-7.4375
00:25:14,-7.5000
00:25:15,-7.5000
00:25:16,-7.5000
00:25:17,-7.5000
00:25:18,-7.5000
00:25:19,-7.5000
00:25:20,-7.5000
00:25:21,-7.5000
00:25:22,-7.5000
00:25:23,-7.5000
00:25:24,-7.5000
00:25:25,-7.5000
00:25:26,-7.5000
00:25:27,-7.5000
00:25:28,-7.5000
00:25:29,-7.5000
00:25:30,-7.5000
00:25:31,-7.5000
00:25:32,-7.5000
00:25:33,-7.5000
00:25:34,-7.5000
00:25:35,-7.5000
00:25:36,-7.5000
00:25:37,-7.5000
00:25:38,-7.5000
00:25:39,-7.5000
00:25:40,-7.5000
00:25:41,-7.5000
00:25:42,-7.5000
00:25:43,-7.5000
00:25:44,-7.5000
00:25:45,-7.5000
00:25:46,-7.5000
00:25:48,-7.5000
00:25:49,-7.5000
00:25:50,-7.5000
00:25:51,-7.5000
00:25:52,-7.5000
00:25:53,-7.5000
00:25:54,-7.5000
00:25:55,-7.5000
00:25:56,-7.5000
00:25:57,-7.5000
00:25:58,-7.5000
00:25:59,-7.5000
00:26:00,-7.5000
00:26:01,-7.5000
00:26:02,-7.5000
00:26:03,-7.5000
00:26:04,-7.5000
00:26:05,-7.5000
00:26:06,-7.5000
00:26:07,-7.5000
00:26:08,-7.5000
00:26:09,-7.5000
00:26:10,-7.5000
00:26:11,-7.5000
00:26:12,-7.5000
00:26:13,-7.5000
00:26:14,-7.5000
00:26:15,-7.5000
00:26:16,-7.5000
00:26:17,-7.5000
00:26:18,-7.5000
00:26:19,-7.5000
00:26:20,-7.5000
00:26:21,-7.5000
00:26:23,-7.5000
00:26:24,-7.5000
00:26:25,-7.5000
00:26:26,-7.5000
00:26:27,-7.5000
00:26:28,-7.5000
00:26:29,-7.5000
00:26:30,-7.5000
00:26:31,-7.5000
00:26:32,-7.5000
00:26:33,-7.5625
00:26:34,-7.5000
00:26:35,-7.5000
00:26:36,-7.5000
00:26:37,-7.5000
00:26:38,-7.5625
00:26:39,-7.5000
00:26:40,-7.5000
00:26:41,-7.5000
00:26:42,-7.5000
00:26:43,-7.5625
00:26:44,-7.5000
00:26:45,-7.5000
00:26:46,-7.5000
00:26:47,-7.5000
00:26:48,-7.5625
00:26:49,-7.5625
00:26:50,-7.5625
00:26:51,-7.5625
00:26:52,-7.5000
00:26:53,-7.5625
00:26:54,-7.5000
00:26:55,-7.5000
00:26:57,-7.5000
00:26:58,-7.5000
00:26:59,-7.5000
00:27:00,-7.5000
00:27:01,-7.5000
00:27:02,-7.5000
00:27:03,-7.5000
00:27:04,-7.5625
00:27:05,-7.5000
00:27:06,-7.5000
00:27:07,-7.5000
00:27:08,-7.5000
00:27:09,-7.5000
00:27:10,-7.5000
00:27:11,-7.5000
00:27:12,-7.5000
00:27:13,-7.5000
00:27:14,-7.5000
00:27:15,-7.5000
00:27:16,-7.5000
00:27:17,-7.5625
00:27:18,-7.5625
00:27:19,-7.5000
00:27:20,-7.5000
00:27:21,-7.5000
00:27:22,-7.5000
00:27:23,-7.5000
00:27:24,-7.5000
00:27:25,-7.5625
00:27:26,-7.5000
00:27:27,-7.5625
00:27:28,-7.5625
00:27:29,-7.5625
00:27:30,-7.5000
00:27:32,-7.5625
00:27:33,-7.5000
00:27:34,-7.5000
00:27:35,-7.5000
00:27:36,-7.5000
00:27:37,-7.5000
00:27:38,-7.5000
00:27:39,-7.5000
00:27:40,-7.5000
00:27:41,-7.5000
00:27:42,-7.5000
00:27:43,-7.5625
00:27:44,-7.5625
00:27:45,-7.5625
00:27:46,-7.5000
00:27:47,-7.5625
00:27:48,-7.5625
00:27:49,-7.5000
00:27:50,-7.5000
00:27:51,-7.5000
00:27:52,-7.5000
00:27:53,-7.5625
00:27:54,-7.5625
00:27:55,-7.5625
00:27:56,-7.5625
00:27:57,-7.5625
00:27:58,-7.5625
00:27:59,-7.5625
00:28:00,-7.5000
00:28:01,-7.5000
00:28:02,-7.5000
00:28:03,-7.5625
00:28:04,-7.5625
00:28:06,-7.5625
00:28:07,-7.5000
00:28:08,-7.5625
00:28:09,-7.5625
00:28:10,-7.5625
00:28:11,-7.5625
00:28:12,-7.5000
00:28:13,-7.5625
00:28:14,-7.5625
00:28:15,-7.5625
00:28:16,-7.5000
00:28:17,-7.5000
00:28:18,-7.5625
00:28:19,-7.5625
00:28:20,-7.5000
00:28:21,-7.5625
00:28:22,-7.5625
00:28:23,-7.5625
00:28:24,-7.5625
00:28:25,-7.5000
00:28:26,-7.5000
00:28:27,-7.5000
00:28:28,-7.5625
00:28:29,-7.5625
00:28:30,-7.5625
00:28:31,-7.5625
00:28:32,-7.5625
00:28:33,-7.5625
00:28:34,-7.5625
00:28:35,-7.5000
00:28:36,-7.5000
00:28:37,-7.5625
00:28:38,-7.5625
00:28:39,-7.5625
00:28:41,-7.5625
00:28:42,-7.5625
00:28:43,-7.5625
00:28:44,-7.5625
00:28:45,-7.5625
00:28:46,-7.5625
00:28:47,-7.5625
00:28:48,-7.5000
00:28:49,-7.5625
00:28:50,-7.5625
00:28:51,-7.5000
00:28:52,-7.5000
00:28:53,-7.5625
00:28:54,-7.5625
00:28:55,-7.5625
00:28:56,-7.5625
00:28:57,-7.5625
00:28:58,-7.5625
00:28:59,-7.5625
00:29:00,-7.5625
00:29:01,-7.5625
00:29:02,-7.5625
00:29:03,-7.5625
00:29:04,-7.5625
00:29:05,-7.5625
00:29:06,-7.5625
00:29:07,-7.5625
00:29:08,-7.5625
00:29:09,-7.5000
00:29:10,-7.5625
00:29:11,-7.5625
00:29:12,-7.5625
00:29:13,-7.5625
00:29:15,-7.5625
00:29:16,-7.5625
00:29:17,-7.5000
00:29:18,-7.5000
00:29:19,-7.5625
00:29:20,-7.5625
00:29:21,-7.5625
00:29:22,-7.5625
00:29:23,-7.5625
00:29:24,-7.5000
00:29:25,-7.5625
00:29:26,-7.5625
00:29:27,-7.5000
00:29:28,-7.5625
00:29:29,-7.5625
00:29:30,-7.5000
00:29:31,-7.5625
00:29:32,-7.5000
00:29:33,-7.5000
00:29:34,-7.5625
00:29:35,-7.5625
00:29:36,-7.5000
00:29:37,-7.5625
00:29:38,-7.5000
00:29:39,-7.5625
00:29:40,-7.5000
00:29:41,-7.5000
00:29:42,-7.5625
00:29:43,-7.5000
00:29:44,-7.5000
00:29:45,-7.5000
00:29:46,-7.5000
00:29:47,-7.5000
00:29:48,-7.5000
00:29:50,-7.5000
00:29:51,-7.5000
00:29:52,-7.5000
00:29:53,-7.5000
00:29:54,-7.5000
00:29:55,-7.5000
00:29:56,-7.5000
00:29:57,-7.5000
00:29:58,-7.5000
00:29:59,-7.5000
00:30:00,-7.5000
00:30:01,-7.5625
00:30:02,-7.5625
00:30:03,-7.5000
00:30:04,-7.5625
00:30:05,-7.5625
00:30:06,-7.5000
00:30:07,-7.5000
00:30:08,-7.5625
00:30:09,-7.5625
00:30:10,-7.5000
00:30:11,-7.5625
00:30:12,-7.5000
00:30:13,-7.5000
00:30:14,-7.5000
00:30:15,-7.5625
00:30:16,-7.5625
00:30:17,-7.5000
00:30:18,-7.5625
00:30:19,-7.5000
00:30:20,-7.5625
00:30:21,-7.5000
00:30:22,-7.5625
00:30:24,-7.5000
00:30:25,-7.5000
00:30:26,-7.5000
00:30:27,-7.5000
00:30:28,-7.5000
00:30:29,-7.5625
00:30:30,-7.5625
00:30:31,-7.5000
00:30:32,-7.5625
00:30:33,-7.5625
00:30:34,-7.5000
00:30:35,-7.5000
00:30:36,-7.5000
00:30:37,-7.5625
00:30:38,-7.5000
00:30:39,-7.5000
00:30:40,-7.5625
00:30:41,-7.5000
00:30:42,-7.5000
00:30:43,-7.5000
00:30:44,-7.5000
00:30:45,-7.5625
00:30:46,-7.5625
00:30:47,-7.5000
00:30:48,-7.5000
00:30:49,-7.5000
00:30:50,-7.5625
00:30:51,-7.5000
00:30:52,-7.5000
00:30:53,-7.5000
00:30:54,-7.5000
00:30:55,-7.5625
00:30:56,-7.5000
00:30:57,-7.5000
00:30:59,-7.5625
00:31:00,-7.5000
00:31:01,-7.5000
00:31:02,-7.5000
00:31:03,-7.5625
00:31:04,-7.5625
00:31:05,-7.5625
00:31:06,-7.5000
00:31:07,-7.5000
00:31:08,-7.5000
00:31:09,-7.5000
00:31:10,-7.5000
00:31:11,-7.5000
00:31:12,-7.5000
00:31:13,-7.5000
00:31:14,-7.5000
00:31:15,-7.5000
00:31:16,-7.5000
00:31:17,-7.5625
00:31:18,-7.5625
00:31:19,-7.5000
00:31:20,-7.5625
00:31:21,-7.5000
00:31:22,-7.5625
00:31:23,-7.5625
00:31:24,-7.5000
00:31:25,-7.5000
00:31:26,-7.5000
00:31:27,-7.5625
00:31:28,-7.5000
00:31:29,-7.5000
00:31:30,-7.5625
00:31:31,-7.5000
00:31:33,-7.5000
00:31:34,-7.5625
00:31:35,-7.5000
00:31:36,-7.5000
00:31:37,-7.5000
00:31:38,-7.5625
00:31:39,-7.5000
00:31:40,-7.5625
00:31:41,-7.5000
00:31:42,-7.5000
00:31:43,-7.5000
00:31:44,-7.5625
00:31:45,-7.5000
00:31:46,-7.5000
00:31:47,-7.5625
00:31:48,-7.5000
00:31:49,-7.5000
00:31:50,-7.5000
00:31:51,-7.5000
00:31:52,-7.5625
00:31:53,-7.5000
00:31:54,-7.5000
00:31:55,-7.5000
00:31:56,-7.5000
00:31:57,-7.5000
00:31:58,-7.5000
00:31:59,-7.5000
00:32:00,-7.5625
00:32:01,-7.5000
00:32:02,-7.5625
00:32:03,-7.5000
00:32:04,-7.5000
00:32:05,-7.5000
00:32:06,-7.5000
00:32:08,-7.5000
00:32:09,-7.5000
00:32:10,-7.5625
00:32:11,-7.5625
00:32:12,-7.5000
00:32:13,-7.5625
00:32:14,-7.5000
00:32:15,-7.5000
00:32:16,-7.5000
00:32:17,-7.5625
00:32:18,-7.5000
00:32:19,-7.5000
00:32:20,-7.5625
00:32:21,-7.5000
00:32:22,-7.5000
00:32:23,-7.5625
00:32:24,-7.5000
00:32:25,-7.5000
00:32:26,-7.5625
00:32:27,-7.5000
00:32:28,-7.5000
00:32:29,-7.5000
00:32:30,-7.5000
00:32:31,-7.5000
00:32:32,-7.5000
00:32:33,-7.5000
00:32:34,-7.5000
00:32:35,-7.5000
00:32:36,-7.5625
00:32:37,-7.5000
00:32:38,-7.5000
00:32:39,-7.5000
00:32:40,-7.5625
00:32:42,-7.5000
00:32:43,-7.5625
00:32:44,-7.5000
00:32:45,-7.5625
00:32:46,-7.5000
00:32:47,-7.5000
00:32:48,-7.5000
00:32:49,-7.5625
00:32:50,-7.5625
00:32:51,-7.5625
00:32:52,-7.5000
00:32:53,-7.5000
00:32:54,-7.5000
00:32:55,-7.5000
00:32:56,-7.5625
00:32:57,-7.5000
00:32:58,-7.5000
00:32:59,-7.5625
00:33:00,-7.5000
00:33:01,-7.5625
00:33:02,-7.5000
00:33:03,-7.5000
00:33:04,-7.5000
00:33:05,-7.5625
00:33:06,-7.5625
00:33:07,-7.5000
00:33:08,-7.5625
00:33:09,-7.5625
00:33:10,-7.5625
00:33:11,-7.5000
00:33:12,-7.5625
00:33:13,-7.5000
00:33:14,-7.5000
00:33:16,-7.5000
00:33:17,-7.5000
00:33:18,-7.5625
00:33:19,-7.5625
00:33:20,-7.5000
00:33:21,-7.5625
00:33:22,-7.5625
00:33:23,-7.5000
00:33:24,-7.5625
00:33:25,-7.5000
00:33:26,-7.5000
00:33:27,-7.5625
00:33:28,-7.5000
00:33:29,-7.5625
00:33:30,-7.5625
00:33:31,-7.5625
00:33:32,-7.5000
00:33:33,-7.5000
00:33:34,-7.5000
00:33:35,-7.5625
00:33:36,-7.5000
00:33:37,-7.5625
00:33:38,-7.5625
00:33:39,-7.5625
00:33:40,-7.5625
00:33:41,-7.5625
00:33:42,-7.5000
00:33:43,-7.5000
00:33:44,-7.5000
00:33:45,-7.5625
00:33:46,-7.5000
00:33:47,-7.5000
00:33:48,-7.5625
00:33:49,-7.5625
00:33:51,-7.5625
00:33:52,-7.5625
00:33:53,-7.5000
00:33:54,-7.5625
00:33:55,-7.5000
00:33:56,-7.5625
00:33:57,-7.5000
00:33:58,-7.5000
00:33:59,-7.5625
00:34:00,-7.5000
00:34:01,-7.5625
00:34:02,-7.5625
00:34:03,-7.5625
00:34:04,-7.5625
00:34:05,-7.5625
00:34:06,-7.5625
00:34:07,-7.5625
00:34:08,-7.5625
00:34:09,-7.5625
00:34:10,-7.5625
00:34:11,-7.5625
00:34:12,-7.5000
00:34:13,-7.5625
00:34:14,-7.5625
00:34:15,-7.5625
00:34:16,-7.5000
00:34:17,-7.5625
00:34:18,-7.5625
00:34:19,-7.5625
00:34:20,-7.5625
00:34:21,-7.5625
00:34:22,-7.5625
00:34:23,-7.5000
00:34:25,-7.5625
00:34:26,-7.5625
00:34:27,-7.5625
00:34:28,-7.5000
00:34:29,-7.5625
00:34:30,-7.5625
00:34:31,-7.5625
00:34:32,-7.5625
00:34:33,-7.5625
00:34:34,-7.5625
00:34:35,-7.5625
00:34:36,-7.5000
00:34:37,-7.5625
00:34:38,-7.5625
00:34:39,-7.5625
00:34:40,-7.5625
00:34:41,-7.5625
00:34:42,-7.5625
00:34:43,-7.5000
00:34:44,-7.5625
00:34:45,-7.5000
00:34:46,-7.5625
00:34:47,-7.5625
00:34:48,-7.5625
00:34:49,-7.5000
00:34:50,-7.5000
00:34:51,-7.5000
00:34:52,-7.5625
00:34:53,-7.5625
00:34:54,-7.5625
00:34:55,-7.5625
00:34:56,-7.5625
00:34:57,-7.5625
00:34:58,-7.5625
00:35:00,-7.5625
00:35:01,-7.5625
00:35:02,-7.5000
00:35:03,-7.5625
00:35:04,-7.5625
00:35:05,-7.5625
00:35:06,-7.5625
00:35:07,-7.5625
00:35:08,-7.5625
00:35:09,-7.5625
00:35:10,-7.5625
00:35:11,-7.5000
00:35:12,-7.5625
00:35:13,-7.5625
00:35:14,-7.5000
00:35:15,-7.5625
00:35:16,-7.5625
00:35:17,-7.5625
00:35:18,-7.5625
00:35:19,-7.5625
00:35:20,-7.5625
00:35:21,-7.5625
00:35:22,-7.5625
00:35:23,-7.5625
00:35:24,-7.5000
00:35:25,-7.5625
00:35:26,-7.5625
00:35:27,-7.5625
00:35:28,-7.5000
00:35:29,-7.5625
00:35:30,-7.5625
00:35:31,-7.5625
00:35:32,-7.5625
00:35:34,-7.5625
00:35:35,-7.5625
00:35:36,-7.5625
00:35:37,-7.5625
00:35:38,-7.5625
00:35:39,-7.5625
00:35:40,-7.5625
00:35:41,-7.5625
00:35:42,-7.5625
00:35:43,-7.5625
00:35:44,-7.5625
00:35:45,-7.5000
00:35:46,-7.5625
00:35:47,-7.5625
00:35:48,-7.5625
00:35:49,-7.5000
00:35:50,-7.5625
00:35:51,-7.5625
00:35:52,-7.5000
00:35:53,-7.5625
00:35:54,-7.5625
00:35:55,-7.5625
00:35:56,-7.5625
00:35:57,-7.5625
00:35:58,-7.5625
00:35:59,-7.5625
00:36:00,-7.5625
00:36:01,-7.5625
00:36:02,-7.5625
00:36:03,-7.5625
00:36:04,-7.5625
00:36:05,-7.5625
00:36:06,-127.0000
00:36:07,-7.5625
00:36:09,-7.5000
00:36:10,-7.5625
00:36:11,-7.5625
00:36:12,-7.5625
00:36:13,-7.5625
00:36:14,-7.5625
00:36:15,-7.5625
00:36:16,-7.5625
00:36:17,-7.5625
00:36:18,-7.5625
00:36:19,-7.5625
00:36:20,-7.5000
00:36:21,-7.5625
00:36:22,-7.5625
00:36:23,-7.5625
00:36:24,-7.5625
00:36:25,-7.5625
00:36:26,-7.5625
00:36:27,-7.5625
00:36:28,-7.5625
00:36:29,-7.5625
00:36:30,-7.5625
00:36:31,-7.5625
00:36:32,-7.5625
00:36:33,-7.5625
00:36:34,-7.5625
00:36:35,-7.5625
00:36:36,-7.5625
00:36:37,-7.5625
00:36:38,-7.5625
00:36:39,-7.5000
00:36:40,-7.5625
00:36:41,-7.5625
00:36:42,-7.5625
00:36:44,-7.5625
00:36:45,-7.5625
00:36:46,-7.5625
00:36:47,-7.5625
00:36:48,-7.5625
00:36:49,-7.5625
00:36:50,-7.5625
00:36:51,-7.5625
00:36:52,-7.5625
00:36:53,-7.5625
00:36:54,-7.5625
00:36:55,-7.5625
00:36:56,-7.5625
00:36:57,-7.5625
00:36:58,-7.5625
00:36:59,-7.5625
00:37:00,-7.5000
00:37:01,-7.5625
00:37:02,-7.5000
00:37:03,-7.5625
00:37:04,-7.5625
00:37:05,-7.5625
00:37:06,-7.5625
00:37:07,-7.5000
00:37:08,-7.5000
00:37:09,-7.5000
00:37:10,-7.5625
00:37:11,-7.5000
00:37:12,-7.5625
00:37:13,-7.5625
00:37:14,-7.5000
00:37:15,-7.5625
00:37:16,-7.5625
00:37:18,-7.5625
00:37:19,-7.5625
00:37:20,-7.5000
00:37:21,-7.5625
00:37:22,-7.5000
00:37:23,-7.5000
00:37:24,-7.5625
00:37:25,-7.5000
00:37:26,-7.5625
00:37:27,-7.5625
00:37:28,-7.5625
00:37:29,-7.5000
00:37:30,-7.5625
00:37:31,-7.5000
00:37:32,-7.5625
00:37:33,-7.5000
00:37:34,-7.5625
00:37:35,-7.5000
00:37:36,-7.5625
00:37:37,-7.5625
00:37:38,-7.5000
00:37:39,-7.5625
00:37:40,-7.5000
00:37:41,-7.5625
00:37:42,-7.5625
00:37:43,-7.5625
00:37:44,-7.5625
00:37:45,-7.5625
00:37:46,-7.5625
00:37:47,-7.5625
00:37:48,-7.5625
00:37:49,-7.5625
00:37:50,-7.5625
00:37:51,-7.5625
00:37:53,-7.5625
00:37:54,-7.5000
00:37:55,-7.5625
00:37:56,-7.5625
00:37:57,-7.5000
00:37:58,-7.5000
00:37:59,-7.5000
00:38:00,-7.5625
00:38:01,-7.5625
00:38:02,-7.5000
00:38:03,-7.5625
00:38:04,-7.5000
00:38:05,-7.5625
00:38:06,-7.5625
00:38:07,-7.5625
00:38:08,-7.5625
00:38:09,-7.5000
00:38:10,-7.5625
00:38:11,-7.5000
00:38:12,-7.5625
00:38:13,-7.5625
00:38:14,-7.5625
00:38:15,-7.5625
00:38:16,-7.5625
00:38:17,-7.5000
00:38:18,-7.5625
00:38:19,-7.5625
00:38:20,-7.5000
00:38:21,-7.5625
00:38:22,-7.5625
00:38:23,-7.5625
00:38:24,-7.5000
00:38:25,-7.5625
00:38:27,-7.5625
00:38:28,-7.5625
00:38:29,-7.5625
00:38:30,-7.5625
00:38:31,-7.5625
00:38:32,-7.5625
00:38:33,-7.5625
00:38:34,-7.5625
00:38:35,-7.5000
00:38:36,-7.5000
00:38:37,-7.5625
00:38:38,-7.5625
00:38:39,-7.5625
00:38:40,-7.5625
00:38:41,-7.5625
00:38:42,-7.5000
00:38:43,-7.5625
00:38:44,-7.5625
00:38:45,-7.5625
00:38:46,-7.5625
00:38:47,-7.5625
00:38:48,-7.5625
00:38:49,-7.5000
00:38:50,-7.5625
00:38:51,-7.5625
00:38:52,-7.5625
00:38:53,-7.5625
00:38:54,-7.5625
00:38:55,-7.5625
00:38:56,-7.5625
00:38:57,-7.5625
00:38:58,-7.5625
00:38:59,-7.5625
00:39:00,-7.5625
00:39:02,-7.5625
00:39:03,-7.5625
00:39:04,-7.5625
00:39:05,-7.5625
00:39:06,-7.5625
00:39:07,-7.5625
00:39:08,-7.5000
00:39:09,-7.5625
00:39:10,-7.5625
00:39:11,-7.5625
00:39:12,-7.5625
00:39:13,-7.5625
00:39:14,-7.5625
00:39:15,-7.5625
00:39:16,-7.5625
00:39:17,-7.5625
00:39:18,-7.5625
00:39:19,-7.5625
00:39:20,-7.5625
00:39:21,-7.5625
00:39:22,-7.5625
00:39:23,-7.5625
00:39:24,-7.5625
00:39:25,-7.5000
00:39:26,-7.5625
00:39:27,-7.5625
00:39:28,-7.5625
00:39:29,-7.5000
00:39:30,-7.5000
00:39:31,-7.5625
00:39:32,-7.5625
00:39:33,-7.5625
00:39:34,-7.5625
00:39:36,-7.5625
00:39:37,-7.5625
00:39:38,-7.5000
00:39:39,-7.5625
00:39:40,-7.5625
00:39:41,-7.5625
00:39:42,-7.5625
00:39:43,-7.5625
00:39:44,-7.5625
00:39:45,-7.5625
00:39:46,-7.5625
00:39:47,-7.5000
00:39:48,-7.5625
00:39:49,-7.5625
00:39:50,-7.5625
00:39:51,-7.5625
00:39:52,-7.5625
00:39:53,-7.5000
00:39:54,-7.5625
00:39:55,-7.5625
00:39:56,-7.5000
00:39:57,-7.5625
00:39:58,-7.5000
00:39:59,-7.5625
00:40:00,-7.5000
00:40:01,-7.5625
00:40:02,-7.5625
00:40:03,-7.5625
00:40:04,-7.5625
00:40:05,-7.5625
00:40:06,-7.5000
00:40:07,-7.5000
00:40:08,-7.5000
00:40:09,-7.5625
00:40:11,-7.5625
00:40:12,-7.5625
00:40:13,-7.5625
00:40:14,-7.5625
00:40:15,-7.5625
00:40:16,-7.5000
00:40:17,-7.5625
00:40:18,-7.5000
00:40:19,-7.5625
00:40:20,-7.5625
00:40:21,-7.5625
00:40:22,-7.5625
00:40:23,-7.5625
00:40:24,-7.5625
00:40:25,-7.5625
00:40:26,-7.5625
00:40:27,-7.5625
00:40:28,-7.5625
00:40:29,-7.5625
00:40:30,-7.5000
00:40:31,-7.5625
00:40:32,-7.5625
00:40:33,-7.5000
00:40:34,-7.5625
00:40:35,-7.5625
00:40:36,-7.5625
00:40:37,-7.5625
00:40:38,-7.5625
00:40:39,-7.5625
00:40:40,-7.5625
00:40:41,-7.5625
00:40:42,-7.5625
00:40:43,-7.5625
00:40:45,-7.5000
00:40:46,-7.5625
00:40:47,-7.5625
00:40:48,-7.5625
00:40:49,-7.5625
00:40:50,-7.5625
00:40:51,-7.5625
00:40:52,-7.5625
00:40:53,-7.5625
00:40:54,-7.5000
00:40:55,-7.5625
00:40:56,-7.5625
00:40:57,-7.5625
00:40:58,-7.5625
00:40:59,-7.5000
00:41:00,-7.5625
00:41:01,-7.5000
00:41:02,-7.5000
00:41:03,-7.5625
00:41:04,-7.5000
00:41:05,-7.5000
00:41:06,-7.5000
00:41:07,-7.5625
00:41:08,-7.5625
00:41:09,-7.5625
00:41:10,-7.5625
00:41:11,-7.5625
00:41:12,-7.5000
00:41:13,-7.5625
00:41:14,-7.5625
00:41:15,-7.5625
00:41:16,-7.5625
00:41:17,-7.5625
00:41:18,-7.5625
00:41:20,-7.5625
00:41:21,-7.5000
00:41:22,-7.5625
00:41:23,-7.5000
00:41:24,-7.5000
00:41:25,-7.5625
00:41:26,-7.5625
00:41:27,-7.5625
00:41:28,-7.5625
00:41:29,-7.5625
00:41:30,-7.5000
00:41:31,-7.5625
00:41:32,-7.5625
00:41:33,-7.5625
00:41:34,-7.5625
00:41:35,-7.5625
00:41:36,-7.5625
00:41:37,-7.5625
00:41:38,-7.5625
00:41:39,-7.5625
00:41:40,-7.5625
00:41:41,-7.5625
00:41:42,-7.5625
00:41:43,-7.5625
00:41:44,-7.5625
00:41:45,-7.5625
00:41:46,-7.5625
00:41:47,-7.5625
00:41:48,-7.5625
00:41:49,-7.5000
00:41:50,-7.5625
00:41:51,-7.5625
00:41:52,-7.5000
00:41:54,-7.5000
00:41:55,-7.5625
00:41:56,-7.5625
00:41:57,-7.5000
00:41:58,-7.5625
00:41:59,-7.5000
00:42:00,-7.5625
00:42:01,-7.5625
00:42:02,-7.5000
00:42:03,-7.5625
00:42:04,-7.5625
00:42:05,-7.5625
00:42:06,-7.5625
00:42:07,-7.5625
00:42:08,-7.5625
00:42:09,-7.5000
00:42:10,-7.5000
00:42:11,-7.5625
00:42:12,-7.5625
00:42:13,-7.5625
00:42:14,-7.5625
00:42:15,-7.5625
00:42:16,-7.5625
00:42:17,-7.5625
00:42:18,-7.5625
00:42:19,-7.5625
00:42:20,-7.5625
00:42:21,-7.5625
00:42:22,-7.5625
00:42:23,-7.5625
00:42:24,-7.5000
00:42:25,-7.5625
00:42:26,-7.5625
00:42:28,-7.5000
00:42:29,-7.5625
00:42:30,-7.5625
00:42:31,-7.5625
00:42:32,-7.5625
00:42:33,-7.5625
00:42:34,-7.5625
00:42:35,-7.5625
00:42:36,-7.5625
00:42:37,-7.5625
00:42:38,-7.5625
00:42:39,-7.5625
00:42:40,-7.5625
00:42:41,-7.5625
00:42:42,-7.5625
00:42:43,-7.5625
00:42:44,-7.5625
00:42:45,-7.5625
00:42:46,-7.5625
00:42:47,-7.5625
00:42:48,-7.5000
00:42:49,-7.5625
00:42:50,-7.5625
00:42:51,-7.5000
00:42:52,-7.5625
00:42:53,-7.5625
00:42:54,-7.5625
00:42:55,-7.5625
00:42:56,-7.5000
00:42:57,-7.5625
00:42:58,-7.5625
00:42:59,-7.5625
00:43:00,-7.5625
00:43:01,-7.5625
00:43:03,-7.5625
00:43:04,-7.5625
00:43:05,-7.5625
00:43:06,-7.5625
00:43:07,-7.5625
00:43:08,-7.5625
00:43:09,-7.5625
00:43:10,-7.5625
00:43:11,-7.5625
00:43:12,-7.5000
00:43:13,-7.5625
00:43:14,-7.5625
00:43:15,-7.5625
00:43:16,-7.5625
00:43:17,-7.5625
00:43:18,-7.5625
00:43:19,-7.5625
00:43:20,-7.5625
00:43:21,-7.5625
00:43:22,-7.5625
00:43:23,-7.5625
00:43:24,-7.5625
00:43:25,-7.5000
00:43:26,-7.5625
00:43:27,-7.5625
00:43:28,-7.5625
00:43:29,-7.5625
00:43:30,-7.5625
00:43:31,-7.5625
00:43:32,-7.5625
00:43:33,-7.5625
00:43:34,-7.5625
00:43:35,-7.5625
00:43:37,-7.5625
00:43:38,-7.5000
00:43:39,-7.5625
00:43:40,-7.5625
00:43:41,-7.5625
00:43:42,-7.5625
00:43:43,-7.5625
00:43:44,-7.5625
00:43:45,-7.5000
00:43:46,-7.5625
00:43:47,-7.5625
00:43:48,-7.5625
00:43:49,-7.5625
00:43:50,-7.5625
00:43:51,-7.5000
00:43:52,-7.5625
00:43:53,-7.5625
00:43:54,-7.5625
00:43:55,-7.5625
00:43:56,-7.5625
00:43:57,-7.5625
00:43:58,-7.5625
00:43:59,-7.5625
00:44:00,-7.5625
00:44:01,-7.5625
00:44:02,-7.5000
00:44:03,-7.5625
00:44:04,-7.5625
00:44:05,-7.5625
00:44:06,-7.5625
00:44:07,-7.5625
00:44:08,-7.5625
00:44:09,-7.5625
00:44:10,-7.5625
00:44:12,-7.5625
00:44:13,-7.5625
00:44:14,-7.5000
00:44:15,-7.5625
00:44:16,-7.5625
00:44:17,-7.5625
00:44:18,-7.5625
00:44:19,-7.5625
00:44:20,-7.5625
00:44:21,-7.5625
00:44:22,-7.5625
00:44:23,-7.5625
00:44:24,-7.5625
00:44:25,-7.5625
00:44:26,-7.5625
00:44:27,-7.5625
00:44:28,-7.5625
00:44:29,-7.5625
00:44:30,-7.5625
00:44:31,-7.5000
00:44:32,-7.5625
00:44:33,-7.5625
00:44:34,-7.5625
00:44:35,-7.5625
00:44:36,-7.5625
00:44:37,-7.5625
00:44:38,-7.5625
00:44:39,-7.5625
00:44:40,-7.5625
00:44:41,-7.5625
00:44:42,-7.5625
00:44:43,-7.5625
00:44:44,-7.5625
00:44:46,-7.5625
00:44:47,-7.5625
00:44:48,-7.5625
00:44:49,-7.5625
00:44:50,-7.5625
00:44:51,-7.5625
00:44:52,-7.5625
00:44:53,-7.5625
00:44:54,-7.5625
00:44:55,-7.5625
00:44:56,-7.5625
00:44:57,-7.5625
00:44:58,-7.5625
00:44:59,-7.5625
00:45:00,-7.5625
00:45:01,-7.5000
00:45:02,-7.5625
00:45:03,-7.5625
00:45:04,-7.5625
00:45:05,-7.5625
00:45:06,-7.5625
00:45:07,-7.5625
00:45:08,-7.5625
00:45:09,-7.5625
00:45:10,-7.5625
00:45:11,-7.5000
00:45:12,-7.5625
00:45:13,-7.5625
00:45:14,-7.5625
00:45:15,-7.5625
00:45:16,-7.5625
00:45:17,-7.5625
00:45:18,-7.5625
00:45:19,-7.5625
00:45:21,-7.5625
00:45:22,-7.5625
00:45:23,-7.5625
00:45:24,-7.5625
00:45:25,-7.5625
00:45:26,-7.5625
00:45:27,-7.5625
00:45:28,-7.5625
00:45:29,-7.5000
00:45:30,-7.5625
00:45:31,-7.5625
00:45:32,-7.5625
00:45:33,-7.5625
00:45:34,-7.5625
00:45:35,-7.5625
00:45:36,-7.5625
00:45:37,-7.5625
00:45:38,-7.5625
00:45:39,-7.5625
00:45:40,-7.5625
00:45:41,-7.5625
00:45:42,-7.5000
00:45:43,-7.5625
00:45:44,-7.5625
00:45:45,-7.5625
00:45:46,-7.5625
00:45:47,-7.5625
00:45:48,-7.5000
00:45:49,-7.5625
00:45:50,-7.5625
00:45:51,-7.5625
00:45:52,-7.5625
00:45:53,-7.5625
00:45:55,-7.5625
00:45:56,-7.5625
00:45:57,-7.5000
00:45:58,-7.5625
00:45:59,-7.5625
00:46:00,-7.5625
00:46:01,-7.5625
00:46:02,-7.5625
00:46:03,-7.5625
00:46:04,-7.5625
00:46:05,-7.5625
00:46:06,-7.5625
00:46:07,-7.5625
00:46:08,-7.5625
00:46:09,-7.5625
00:46:10,-7.5625
00:46:11,-7.5625
00:46:12,-7.5625
00:46:13,-7.5625
00:46:14,-7.5625
00:46:15,-7.5000
00:46:16,-7.5625
00:46:17,-7.5000
00:46:18,-7.5625
00:46:19,-7.5625
00:46:20,-7.5625
00:46:21,-7.5625
00:46:22,-7.5625
00:46:23,-7.5625
00:46:24,-7.5625
00:46:25,-7.5625
00:46:26,-7.5625
00:46:27,-7.5625
00:46:28,-7.5625
00:46:30,-7.5625
00:46:31,-7.5625
00:46:32,-7.5625
00:46:33,-7.5625
00:46:34,-7.5625
00:46:35,-7.5625
00:46:36,-7.5625
00:46:37,-7.5625
00:46:38,-7.5625
00:46:39,-7.5625
00:46:40,-7.5625
00:46:41,-7.5625
00:46:42,-7.5625
00:46:43,-7.5625
00:46:44,-7.5625
00:46:45,-7.5625
00:46:46,-7.5625
00:46:47,-7.5000
00:46:48,-7.5625
00:46:49,-7.5625
00:46:50,-7.5625
00:46:51,-7.5625
00:46:52,-7.5625
00:46:53,-7.5625
00:46:54,-7.5625
00:46:55,-7.5625
00:46:56,-7.5625
00:46:57,-7.5625
00:46:58,-7.5000
00:46:59,-7.5625
00:47:00,-7.5625
00:47:01,-7.5625
00:47:02,-7.5625
00:47:04,-7.5625
00:47:05,-7.5625
00:47:06,-7.5625
00:47:07,-7.5625
00:47:08,-7.5625
00:47:09,-7.5625
00:47:10,-7.5000
00:47:11,-7.5625
00:47:12,-7.5625
00:47:13,-7.5625
00:47:14,-7.5625
00:47:15,-7.5625
00:47:16,-7.5000
00:47:17,-7.5625
00:47:18,-7.5625
00:47:19,-7.5625
00:47:20,-7.5625
00:47:21,-7.5625
00:47:22,-7.5625
00:47:23,-7.5625
00:47:24,-7.5625
00:47:25,-7.5625
00:47:26,-7.5625
00:47:27,-7.5625
00:47:28,-7.5625
00:47:29,-7.5625
00:47:30,-7.5625
00:47:31,-7.5000
00:47:32,-7.5625
00:47:33,-7.5000
00:47:34,-7.5000
00:47:35,-7.5625
00:47:36,-7.5625
00:47:37,-7.5625
00:47:39,-7.5000
00:47:40,-7.5625
00:47:41,-7.5000
00:47:42,-7.5000
00:47:43,-7.5625
00:47:44,-7.5625
00:47:45,-7.5625
00:47:46,-7.5625
00:47:47,-7.5625
00:47:48,-7.5625
00:47:49,-7.5625
00:47:50,-7.5625
00:47:51,-7.5625
00:47:52,-7.5000
00:47:53,-7.5625
00:47:54,-7.5625
00:47:55,-7.5625
00:47:56,-7.5625
00:47:57,-7.5000
00:47:58,-7.5625
00:47:59,-7.5625
00:48:00,-7.5625
00:48:01,-7.5000
00:48:02,-7.5625
00:48:03,-7.5625
00:48:04,-7.5625
00:48:05,-7.5000
00:48:06,-7.5625
00:48:07,-7.5625
00:48:08,-7.5625
00:48:09,-7.5625
00:48:10,-7.5625
00:48:11,-7.5625
00:48:13,-7.5625
00:48:14,-7.5000
00:48:15,-7.5000
00:48:16,-7.5625
00:48:17,-7.5625
00:48:18,-7.5625
00:48:19,-7.5000
00:48:20,-7.5000
00:48:21,-7.5625
00:48:22,-7.5625
00:48:23,-7.5625
00:48:24,-7.5625
00:48:25,-7.5625
00:48:26,-7.5625
00:48:27,-7.5000
00:48:28,-7.5625
00:48:29,-7.5625
00:48:30,-7.5625
00:48:31,-7.5000
00:48:32,-7.5625
00:48:33,-7.5625
00:48:34,-7.5000
00:48:35,-7.5625
00:48:36,-7.5625
00:48:37,-7.5625
00:48:38,-7.5625
00:48:39,-7.5625
00:48:40,-7.5625
00:48:41,-7.5625
00:48:42,-7.5625
00:48:43,-7.5625
00:48:44,-7.5625
00:48:45,-7.5000
00:48:46,-7.5625
00:48:48,-7.5625
00:48:49,-7.5000
00:48:50,-7.5625
00:48:51,-7.5000
00:48:52,-7.5625
00:48:53,-7.5000
00:48:54,-7.5000
00:48:55,-7.5000
00:48:56,-7.5625
00:48:57,-7.5625
00:48:58,-7.5000
00:48:59,-7.5000
00:49:00,-7.5625
00:49:01,-7.5000
00:49:02,-7.5000
00:49:03,-7.5625
00:49:04,-7.5625
00:49:05,-7.5000
00:49:06,-7.5000
00:49:07,-7.5625
00:49:08,-7.5625
00:49:09,-7.5000
00:49:10,-7.5625
00:49:11,-7.5625
00:49:12,-7.5625
00:49:13,-7.5625
00:49:14,-7.5625
00:49:15,-7.5625
00:49:16,-7.5000
00:49:17,-7.5625
00:49:18,-7.5625
00:49:19,-7.5000
00:49:20,-7.5000
00:49:22,-7.5000
00:49:23,-7.5000
00:49:24,-7.5625
00:49:25,-7.5625
00:49:26,-7.5625
00:49:27,-7.5000
00:49:28,-7.5625
00:49:29,-7.5000
00:49:30,-7.5000
00:49:31,-7.5625
00:49:32,-7.5625
00:49:33,-7.5625
00:49:34,-7.5000
00:49:35,-7.5000
00:49:36,-7.5000
00:49:37,-7.5000
00:49:38,-7.5625
00:49:39,-7.5000
00:49:40,-7.5625
00:49:41,-7.5625
00:49:42,-7.5625
00:49:43,-7.5000
00:49:44,-7.5625
00:49:45,-7.5000
00:49:46,-7.5625
00:49:47,-7.5000
00:49:48,-7.5625
00:49:49,-7.5625
00:49:50,-7.5000
00:49:51,-7.5625
00:49:52,-7.5000
00:49:53,-7.5625
00:49:54,-7.5000
00:49:56,-7.5000
00:49:57,-7.5625
00:49:58,-7.5625
00:49:59,-7.5625
00:50:00,-7.5000
00:50:01,-7.5625
00:50:02,-7.5625
00:50:03,-7.5625
00:50:04,-7.5000
00:50:05,-7.5625
00:50:06,-7.5000
00:50:07,-7.5625
00:50:08,-7.5000
00:50:09,-7.5625
00:50:10,-7.5625
00:50:11,-7.5625
00:50:12,-7.5625
00:50:13,-7.5000
00:50:14,-7.5000
00:50:15,-7.5625
00:50:16,-7.5000
00:50:17,-7.5625
00:50:18,-7.5625
00:50:19,-7.5000
00:50:20,-7.5625
00:50:21,-7.5625
00:50:22,-7.5000
00:50:23,-7.5000
00:50:24,-7.5000
00:50:25,-7.5625
00:50:26,-7.5625
00:50:27,-7.5000
00:50:28,-7.5625
00:50:29,-7.5625
00:50:31,-7.5000
00:50:32,-7.5625
00:50:33,-7.5000
00:50:34,-7.5000
00:50:35,-7.5000
00:50:36,-7.5625
00:50:37,-7.5625
00:50:38,-7.5625
00:50:39,-7.5000
00:50:40,-7.5000
00:50:41,-7.5625
00:50:42,-7.5625
00:50:43,-7.5000
00:50:44,-7.5000
00:50:45,-7.5000
00:50:46,-7.5625
00:50:47,-7.5000
00:50:48,-7.5625
00:50:49,-7.5625
00:50:50,-7.5625
00:50:51,-7.5000
00:50:52,-7.5000
00:50:53,-7.5000
00:50:54,-7.5000
00:50:55,-7.5625
00:50:56,-7.5625
00:50:57,-7.5000
00:50:58,-7.5625
00:50:59,-7.5625
00:51:00,-7.5000
00:51:01,-7.5000
00:51:02,-7.5625
00:51:03,-7.5625
00:51:05,-7.5000
00:51:06,-7.5000
00:51:07,-7.5000
00:51:08,-7.5625
00:51:09,-7.5000
00:51:10,-7.5000
00:51:11,-7.5000
00:51:12,-7.5000
00:51:13,-7.5000
00:51:14,-7.5625
00:51:15,-7.5625
00:51:16,-7.5000
00:51:17,-7.5000
00:51:18,-7.5000
00:51:19,-7.5000
00:51:20,-7.5625
00:51:21,-7.5625
00:51:22,-7.5000
00:51:23,-7.5000
00:51:24,-7.5625
00:51:25,-7.5000
00:51:26,-7.5625
00:51:27,-7.5000
00:51:28,-7.5625
00:51:29,-7.5000
00:51:30,-7.5625
00:51:31,-7.5000
00:51:32,-7.5000
00:51:33,-7.5000
00:51:34,-7.5625
00:51:35,-7.5625
00:51:36,-7.5000
00:51:37,-7.5000
00:51:38,-7.5625
00:51:40,-7.5000
00:51:41,-7.5000
00:51:42,-7.5000
00:51:43,-7.5000
00:51:44,-7.5000
00:51:45,-7.5000
00:51:46,-7.5000
00:51:47,-7.5625
00:51:48,-7.5000
00:51:49,-7.5625
00:51:50,-7.5000
00:51:51,-7.5625
00:51:52,-7.5000
00:51:53,-7.5000
00:51:54,-7.5000
00:51:55,-7.5000
00:51:56,-7.5000
00:51:57,-7.5000
00:51:58,-7.5625
00:51:59,-7.5625
00:52:00,-7.5000
00:52:01,-7.5000
00:52:02,-7.5000
00:52:03,-7.5000
00:52:04,-7.5625
00:52:05,-7.5000
00:52:06,-7.5000
00:52:07,-7.5000
00:52:08,-7.5000
00:52:09,-7.5000
00:52:10,-7.5625
00:52:11,-7.5000
00:52:12,-7.5000
00:52:14,-7.5625
00:52:15,-7.5000
00:52:16,-7.5625
00:52:17,-7.5625
00:52:18,-7.5000
00:52:19,-7.5000
00:52:20,-7.5000
00:52:21,-7.5000
00:52:22,-7.5625
00:52:23,-7.5000
00:52:24,-7.5000
00:52:25,-7.5625
00:52:26,-7.5000
00:52:27,-7.5000
00:52:28,-7.5625
00:52:29,-7.5000
00:52:30,-7.5625
00:52:31,-7.5000
00:52:32,-7.5000
00:52:33,-7.5625
00:52:34,-7.5625
00:52:35,-7.5625
00:52:36,-7.5000
00:52:37,-7.5625
00:52:38,-7.5625
00:52:39,-7.5625
00:52:40,-7.5000
00:52:41,-7.5000
00:52:42,-7.5000
00:52:43,-7.5000
00:52:44,-7.5000
00:52:45,-7.5625
00:52:46,-7.5000
00:52:47,-7.5000
00:52:49,-7.5625
00:52:50,-7.5000
00:52:51,-7.5000
00:52:52,-7.5000
00:52:53,-7.5000
00:52:54,-7.5000
00:52:55,-7.5000
00:52:56,-7.5000
00:52:57,-7.5625
00:52:58,-7.5000
00:52:59,-7.5625
00:53:00,-7.5625
00:53:01,-7.5000
00:53:02,-7.5000
00:53:03,-7.5000
00:53:04,-7.5000
00:53:05,-7.5000
00:53:06,-7.5000
00:53:07,-7.5000
00:53:08,-7.5000
00:53:09,-7.5000
00:53:10,-7.5000
00:53:11,-7.5000
00:53:12,-7.5625
00:53:13,-7.5000
00:53:14,-7.5000
00:53:15,-7.5625
00:53:16,-7.5000
00:53:17,-7.5000
00:53:18,-7.5000
00:53:19,-7.5625
00:53:20,-7.5000
00:53:21,-7.5000
00:53:23,-7.5000
00:53:24,-7.5000
00:53:25,-7.5000
00:53:26,-7.5000
00:53:27,-7.5000
00:53:28,-7.5000
00:53:29,-7.5000
00:53:30,-7.5000
00:53:31,-7.5000
00:53:32,-7.5000
00:53:33,-7.5000
00:53:34,-7.5000
00:53:35,-7.5000
00:53:36,-7.5000
00:53:37,-7.5625
00:53:38,-7.5000
00:53:39,-7.5000
00:53:40,-7.5000
00:53:41,-7.5000
00:53:42,-7.5000
00:53:43,-7.5000
00:53:44,-7.5000
00:53:45,-7.5000
00:53:46,-7.5000
00:53:47,-7.5000
00:53:48,-7.5625
00:53:49,-7.5000
00:53:50,-7.5000
00:53:51,-7.5000
00:53:52,-7.5000
00:53:53,-7.5000
00:53:54,-7.5000
00:53:55,-7.5000
00:53:56,-7.5000
00:53:58,-7.5000
00:53:59,-7.5000
00:54:00,-7.5000
00:54:01,-7.5000
00:54:02,-7.5000
00:54:03,-7.5000
00:54:04,-7.5000
00:54:05,-7.5000
00:54:06,-7.5000
00:54:07,-7.5000
00:54:08,-7.5000
00:54:09,-7.5000
00:54:10,-7.5000
00:54:11,-7.5000
00:54:12,-7.5000
00:54:13,-7.5000
00:54:14,-7.5000
00:54:15,-7.5000
00:54:16,-7.5000
00:54:17,-7.5000
00:54:18,-7.5000
00:54:19,-7.5000
00:54:20,-7.5000
00:54:21,-7.5000
00:54:22,-7.5000
00:54:23,-7.5000
00:54:24,-7.5000
00:54:25,-7.5000
00:54:26,-7.5000
00:54:27,-7.5000
00:54:28,-7.5000
00:54:29,-7.5000
00:54:30,-7.5000
00:54:32,-7.5000
00:54:33,-7.5000
00:54:34,-7.5000
00:54:35,-7.5000
00:54:36,-7.5000
00:54:37,-7.5000
00:54:38,-7.5000
00:54:39,-7.5000
00:54:40,-7.5000
00:54:41,-7.5000
