=~=~=~=~=~=~=~=~=~=~=~= PuTTY log 2025.11.02 12:12:15 =~=~=~=~=~=~=~=~=~=~=~=
READY
00:00:00,10.6250
00:00:01,10.5000
00:00:02,10.4375
00:00:03,10.4375
00:00:04,10.3750
00:00:05,10.3125
00:00:06,10.3125
00:00:07,10.2500
00:00:08,10.2500
00:00:09,10.1875
00:00:10,10.1250
00:00:11,10.1250
00:00:12,10.0625
00:00:13,10.0000
00:00:14,10.0000
00:00:15,9.9375
00:00:16,9.9375
00:00:17,9.8750
00:00:18,9.8125
00:00:19,9.8125
00:00:20,9.8125
00:00:21,9.7500
00:00:22,9.6875
00:00:23,9.6250
00:00:24,9.6250
00:00:25,9.5625
00:00:26,9.5000
00:00:27,9.5000
00:00:28,9.4375
00:00:29,9.3750
00:00:31,9.3125
00:00:32,9.3125
00:00:33,9.2500
00:00:34,9.2500
00:00:35,9.1875
00:00:36,9.1875
00:00:37,9.1250
00:00:38,9.1250
00:00:39,9.0625
00:00:40,9.0625
00:00:41,9.0000
00:00:42,9.0000
00:00:43,9.0000
00:00:44,8.9375
00:00:45,8.9375
00:00:46,8.9375
00:00:47,8.9375
00:00:48,8.8750
00:00:49,8.8750
00:00:50,8.8125
00:00:51,8.8125
00:00:52,8.8125
00:00:53,8.8125
00:00:54,8.7500
00:00:55,8.7500
00:00:56,8.6875
00:00:57,8.6875
00:00:58,8.6250
00:00:59,8.6250
00:01:00,8.5625
00:01:01,8.5625
00:01:02,8.4375
00:01:03,8.4375
00:01:04,8.3750
00:01:06,8.3125
00:01:07,8.3125
00:01:08,8.2500
00:01:09,8.2500
00:01:10,8.1875
00:01:11,8.1250
00:01:12,8.0625
00:01:13,8.0625
00:01:14,8.0000
00:01:15,8.0000
00:01:16,7.9375
00:01:17,7.8750
00:01:18,7.8750
00:01:19,7.8125
00:01:20,7.7500
00:01:21,7.6875
00:01:22,7.6875
00:01:23,7.6250
00:01:24,7.6250
00:01:25,7.5625
00:01:26,7.5625
00:01:27,7.5000
00:01:28,7.5000
00:01:29,7.4375
00:01:30,7.4375
00:01:31,7.3750
00:01:32,7.3750
00:01:33,7.3750
00:01:34,7.3125
00:01:35,7.3125
00:01:36,7.2500
00:01:37,7.2500
00:01:38,7.2500
00:01:40,7.1875
00:01:41,7.1875
00:01:42,7.1250
00:01:43,7.1250
00:01:44,7.0625
00:01:45,7.0000
00:01:46,7.0000
00:01:47,6.9375
00:01:48,6.9375
00:01:49,6.8750
00:01:50,6.8750
00:01:51,6.8125
00:01:52,6.8125
00:01:53,6.7500
00:01:54,6.7500
00:01:55,6.6875
00:01:56,6.6875
00:01:57,6.6250
00:01:58,6.6250
00:01:59,6.5625
00:02:00,6.5000
00:02:01,6.5000
00:02:02,6.4375
00:02:03,6.4375
00:02:04,6.3750
00:02:05,6.3125
00:02:06,6.3125
00:02:07,6.2500
00:02:08,6.2500
00:02:09,6.1875
00:02:10,6.1875
00:02:11,6.1250
00:02:12,6.1250
00:02:13,6.0625
00:02:15,6.0000
00:02:16,6.0000
00:02:17,6.0000
00:02:18,5.9375
00:02:19,5.8750
00:02:20,5.8750
00:02:21,5.8125
00:02:22,5.8125
00:02:23,5.8125
00:02:24,5.7500
00:02:25,5.6875
00:02:26,5.6875
00:02:27,5.6875
00:02:28,5.6250
00:02:29,5.5625
00:02:30,5.5625
00:02:31,5.5000
00:02:32,5.5000
00:02:33,5.4375
00:02:34,5.4375
00:02:35,5.3750
00:02:36,5.3750
00:02:37,5.3125
00:02:38,5.3125
00:02:39,5.3125
00:02:40,5.2500
00:02:41,5.2500
00:02:42,5.1875
00:02:43,5.1250
00:02:44,5.1250
00:02:45,5.0625
00:02:46,5.0625
00:02:47,5.0000
00:02:49,5.0000
00:02:50,5.0000
00:02:51,4.9375
00:02:52,4.9375
00:02:53,4.9375
00:02:54,4.8750
00:02:55,4.8750
00:02:56,4.8125
00:02:57,4.8125
00:02:58,4.7500
00:02:59,4.7500
00:03:00,4.7500
00:03:01,4.6875
00:03:02,4.6875
00:03:03,4.6250
00:03:04,4.6250
00:03:05,4.5625
00:03:06,4.5625
00:03:07,4.5625
00:03:08,4.5000
00:03:09,4.4375
00:03:10,4.4375
00:03:11,4.4375
00:03:12,4.3750
00:03:13,4.3750
00:03:14,4.3750
00:03:15,4.3750
00:03:16,4.3125
00:03:17,4.3125
00:03:18,4.2500
00:03:19,4.2500
00:03:20,4.2500
00:03:21,4.1875
00:03:22,4.1875
00:03:24,4.1875
00:03:25,4.1250
00:03:26,4.1250
00:03:27,4.0625
00:03:28,4.0625
00:03:29,4.0625
00:03:30,4.0000
00:03:31,4.0000
00:03:32,4.0000
00:03:33,3.9375
00:03:34,3.9375
00:03:35,3.9375
00:03:36,3.8750
00:03:37,3.8125
00:03:38,3.8125
00:03:39,3.8125
00:03:40,3.7500
00:03:41,3.7500
00:03:42,3.7500
00:03:43,3.6875
00:03:44,3.6875
00:03:45,3.6875
00:03:46,3.6250
00:03:47,3.6250
00:03:48,3.5625
00:03:49,3.5625
00:03:50,3.5625
00:03:51,3.5000
00:03:52,3.5000
00:03:53,3.5000
00:03:54,3.5000
00:03:55,3.4375
00:03:56,3.4375
00:03:58,3.3750
00:03:59,3.3750
00:04:00,3.3750
00:04:01,3.3750
00:04:02,3.3125
00:04:03,3.3125
00:04:04,3.2500
00:04:05,3.2500
00:04:06,3.2500
00:04:07,3.1875
00:04:08,3.1875
00:04:09,3.1875
00:04:10,3.1250
00:04:11,3.1250
00:04:12,3.1250
00:04:13,3.0625
00:04:14,3.0625
00:04:15,3.0625
00:04:16,3.0000
00:04:17,3.0000
00:04:18,3.0000
00:04:19,2.9375
00:04:20,2.9375
00:04:21,2.9375
00:04:22,2.8750
00:04:23,2.8750
00:04:24,2.8750
00:04:25,2.8125
00:04:26,2.8125
00:04:27,2.8125
00:04:28,2.7500
00:04:29,2.7500
00:04:30,2.7500
00:04:31,2.7500
00:04:33,2.7500
00:04:34,2.7500
00:04:35,2.6875
00:04:36,2.6875
00:04:37,2.6875
00:04:38,2.6875
00:04:39,2.6250
00:04:40,2.6250
00:04:41,2.5625
00:04:42,2.5625
00:04:43,2.5625
00:04:44,2.5000
00:04:45,2.5000
00:04:46,2.5000
00:04:47,2.5000
00:04:48,2.4375
00:04:49,2.4375
00:04:50,2.4375
00:04:51,2.4375
00:04:52,2.3750
00:04:53,2.3750
00:04:54,2.3750
00:04:55,2.3125
00:04:56,2.3125
00:04:57,2.3125
00:04:58,2.3125
00:04:59,2.2500
00:05:00,2.2500
00:05:01,2.2500
00:05:02,2.1875
00:05:03,2.1875
00:05:04,2.1875
00:05:05,2.1250
00:05:07,2.1250
00:05:08,2.1250
00:05:09,2.1250
00:05:10,2.1250
00:05:11,2.1250
00:05:12,2.0625
00:05:13,2.0000
00:05:14,2.0000
00:05:15,2.0000
00:05:16,2.0000
00:05:17,2.0000
00:05:18,2.0000
00:05:19,1.9375
00:05:20,1.9375
00:05:21,1.9375
00:05:22,1.9375
00:05:23,1.9375
00:05:24,1.9375
00:05:25,1.8750
00:05:26,1.8750
00:05:27,1.8750
00:05:28,1.8750
00:05:29,1.8750
00:05:30,1.8750
00:05:31,1.8750
00:05:32,1.8125
00:05:33,1.8125
00:05:34,1.8125
00:05:35,1.7500
00:05:36,1.7500
00:05:37,1.7500
00:05:38,1.7500
00:05:39,1.6875
00:05:40,1.7500
00:05:42,1.6875
00:05:43,1.6875
00:05:44,1.6875
00:05:45,1.6250
00:05:46,1.6250
00:05:47,1.6250
00:05:48,1.5625
00:05:49,1.5625
00:05:50,1.5625
00:05:51,1.5625
00:05:52,1.5625
00:05:53,1.5000
00:05:54,1.5000
00:05:55,1.5000
00:05:56,1.4375
00:05:57,1.4375
00:05:58,1.4375
00:05:59,1.4375
00:06:00,1.3750
00:06:01,1.3750
00:06:02,1.3750
00:06:03,1.3750
00:06:04,1.3125
00:06:05,1.3125
00:06:06,1.3125
00:06:07,1.2500
00:06:08,1.2500
00:06:09,1.2500
00:06:10,1.1875
00:06:11,1.1875
00:06:12,1.1875
00:06:13,1.1875
00:06:14,1.1875
00:06:16,1.1250
00:06:17,1.1250
00:06:18,1.1250
00:06:19,1.0625
00:06:20,1.0625
00:06:21,1.0625
00:06:22,1.0625
00:06:23,1.0625
00:06:24,1.0625
00:06:25,1.0000
00:06:26,1.0000
00:06:27,0.9375
00:06:28,1.0000
00:06:29,0.9375
00:06:30,0.9375
00:06:31,0.9375
00:06:32,0.9375
00:06:33,0.9375
00:06:34,0.8750
00:06:35,0.8750
00:06:36,0.8750
00:06:37,0.8750
00:06:38,0.8125
00:06:39,0.8125
00:06:40,0.8125
00:06:41,0.8125
00:06:42,0.8125
00:06:43,0.7500
00:06:44,0.7500
00:06:45,0.7500
00:06:46,0.7500
00:06:47,0.7500
00:06:48,0.6875
00:06:49,0.6875
00:06:51,0.6875
00:06:52,0.6250
00:06:53,0.6250
00:06:54,0.6250
00:06:55,0.6250
00:06:56,0.6250
00:06:57,0.6250
00:06:58,0.6250
00:06:59,0.5625
00:07:00,0.5625
00:07:01,0.5625
00:07:02,0.5625
00:07:03,0.5000
00:07:04,0.5000
00:07:05,0.5000
00:07:06,0.5000
00:07:07,0.4375
00:07:08,0.5000
00:07:09,0.4375
00:07:10,0.4375
00:07:11,0.4375
00:07:12,0.4375
00:07:13,0.4375
00:07:14,0.3750
00:07:15,0.3750
00:07:16,0.3750
00:07:17,0.3750
00:07:18,0.3750
00:07:19,0.3125
00:07:20,0.3125
00:07:21,0.3125
00:07:22,0.3125
00:07:23,0.3125
00:07:25,0.2500
00:07:26,0.2500
00:07:27,0.3125
00:07:28,0.2500
00:07:29,0.2500
00:07:30,0.2500
00:07:31,0.2500
00:07:32,0.1875
00:07:33,0.1875
00:07:34,0.1875
00:07:35,0.1875
00:07:36,0.1875
00:07:37,0.1875
00:07:38,0.1250
00:07:39,0.1250
00:07:40,0.1250
00:07:41,0.1250
00:07:42,0.1250
00:07:43,0.1250
00:07:44,0.0625
00:07:45,0.0625
00:07:46,0.0625
00:07:47,0.0625
00:07:48,0.0625
00:07:49,0.0625
00:07:50,0.0000
00:07:51,0.0000
00:07:52,0.0000
00:07:53,0.0000
00:07:54,0.0000
00:07:55,0.0000
00:07:56,-0.0625
00:07:57,-0.0625
00:07:58,-0.0625
00:08:00,-0.0625
00:08:01,-0.0625
00:08:02,-0.0625
00:08:03,-0.1250
00:08:04,-0.1250
00:08:05,-0.1250
00:08:06,-0.1250
00:08:07,-0.1250
00:08:08,-0.1250
00:08:09,-0.1250
00:08:10,-0.1875
00:08:11,-0.1875
00:08:12,-0.1875
00:08:13,-0.1875
00:08:14,-0.2500
00:08:15,-0.2500
00:08:16,-0.2500
00:08:17,-0.2500
00:08:18,-0.2500
00:08:19,-0.2500
00:08:20,-0.2500
00:08:21,-0.2500
00:08:22,-0.3125
00:08:23,-0.3125
00:08:24,-0.3125
00:08:25,-0.3125
00:08:26,-0.3125
00:08:27,-0.3125
00:08:28,-0.3750
00:08:29,-0.3750
00:08:30,-0.3750
00:08:31,-0.3750
00:08:32,-0.3750
00:08:34,-0.3750
00:08:35,-0.3750
00:08:36,-0.4375
00:08:37,-0.4375
00:08:38,-0.4375
00:08:39,-0.4375
00:08:40,-0.4375
00:08:41,-0.4375
00:08:42,-0.5000
00:08:43,-0.5000
00:08:44,-0.5000
00:08:45,-0.5000
00:08:46,-0.5000
00:08:47,-0.5000
00:08:48,-0.5000
00:08:49,-0.5000
00:08:50,-0.5625
00:08:51,-0.5625
00:08:52,-0.5625
00:08:53,-0.5625
00:08:54,-0.5625
00:08:55,-0.6250
00:08:56,-0.6250
00:08:57,-0.6250
00:08:58,-0.6250
00:08:59,-0.6250
00:09:00,-0.6250
00:09:01,-0.6250
00:09:02,-0.6250
00:09:03,-0.6250
00:09:04,-0.6875
00:09:05,-0.6250
00:09:06,-0.6875
00:09:07,-0.6875
00:09:09,-0.6875
00:09:10,-0.6875
00:09:11,-0.6875
00:09:12,-0.6875
00:09:13,-0.6875
00:09:14,-0.7500
00:09:15,-0.7500
00:09:16,-0.7500
00:09:17,-0.7500
00:09:18,-0.7500
00:09:19,-0.7500
00:09:20,-0.7500
00:09:21,-0.8125
00:09:22,-0.8125
00:09:23,-0.8125
00:09:24,-0.8125
00:09:25,-0.8125
00:09:26,-0.8125
00:09:27,-0.8125
00:09:28,-0.8125
00:09:29,-0.8125
00:09:30,-0.8125
00:09:31,-0.8750
00:09:32,-0.8750
00:09:33,-0.8750
00:09:34,-0.8750
00:09:35,-0.8750
00:09:36,-0.8750
00:09:37,-0.8750
00:09:38,-0.9375
00:09:39,-0.8750
00:09:40,-0.9375
00:09:41,-0.9375
00:09:43,-0.9375
00:09:44,-0.9375
00:09:45,-0.9375
00:09:46,-0.9375
00:09:47,-0.9375
00:09:48,-0.9375
00:09:49,-1.0000
00:09:50,-1.0000
00:09:51,-1.0000
00:09:52,-1.0000
00:09:53,-1.0000
00:09:54,-1.0000
00:09:55,-1.0000
00:09:56,-1.0000
00:09:57,-1.0000
00:09:58,-1.0000
00:09:59,-1.0000
00:10:00,-1.0625
00:10:01,-1.0000
00:10:02,-1.0625
00:10:03,-1.0625
00:10:04,-1.0625
00:10:05,-1.0625
00:10:06,-1.0625
00:10:07,-1.0625
00:10:08,-1.0625
00:10:09,-1.0625
00:10:10,-1.0625
00:10:11,-1.0625
00:10:12,-1.0625
00:10:13,-1.1250
00:10:14,-1.1250
00:10:15,-1.0625
00:10:16,-1.1250
00:10:18,-1.1250
00:10:19,-1.1250
00:10:20,-1.1250
00:10:21,-1.1250
00:10:22,-1.1250
00:10:23,-1.1250
00:10:24,-1.1250
00:10:25,-1.1250
00:10:26,-1.1875
00:10:27,-1.1875
00:10:28,-1.1875
00:10:29,-1.1875
00:10:30,-1.1875
00:10:31,-1.2500
00:10:32,-1.2500
00:10:33,-1.2500
00:10:34,-1.2500
00:10:35,-1.2500
00:10:36,-1.2500
00:10:37,-1.2500
00:10:38,-1.2500
00:10:39,-1.3125
00:10:40,-1.3125
00:10:41,-1.3125
00:10:42,-1.3125
00:10:43,-1.3125
00:10:44,-1.3125
00:10:45,-1.3125
00:10:46,-1.3125
00:10:47,-1.3125
00:10:48,-1.3125
00:10:49,-1.3125
00:10:50,-1.3125
00:10:52,-1.3125
00:10:53,-1.3125
00:10:54,-1.3125
00:10:55,-1.3750
00:10:56,-1.3750
00:10:57,-1.3750
00:10:58,-1.3750
00:10:59,-1.3750
00:11:00,-1.3750
00:11:01,-1.3750
00:11:02,-1.4375
00:11:03,-1.4375
00:11:04,-1.4375
00:11:05,-1.4375
00:11:06,-1.4375
00:11:07,-1.4375
00:11:08,-1.4375
00:11:09,-1.5000
00:11:10,-1.5000
00:11:11,-1.5000
00:11:12,-1.5000
00:11:13,-1.5000
00:11:14,-1.5000
00:11:15,-1.5000
00:11:16,-1.5000
00:11:17,-1.5000
00:11:18,-1.5625
00:11:19,-1.5625
00:11:20,-1.5625
00:11:21,-1.5625
00:11:22,-1.5625
00:11:23,-1.5625
00:11:24,-1.5625
00:11:25,-1.6250
00:11:27,-1.6250
00:11:28,-1.6250
00:11:29,-1.6250
00:11:30,-1.6250
00:11:31,-1.6250
00:11:32,-1.6250
00:11:33,-1.6250
00:11:34,-1.6250
00:11:35,-1.6250
00:11:36,-1.6250
00:11:37,-1.6250
00:11:38,-1.6250
00:11:39,-1.6250
00:11:40,-1.6875
00:11:41,-1.6875
00:11:42,-1.6875
00:11:43,-1.6875
00:11:44,-1.6875
00:11:45,-1.6875
00:11:46,-1.6875
00:11:47,-1.6875
00:11:48,-1.6875
00:11:49,-1.6875
00:11:50,-1.6875
00:11:51,-1.6875
00:11:52,-1.6875
00:11:53,-1.7500
00:11:54,-1.6875
00:11:55,-1.7500
00:11:56,-1.7500
00:11:57,-1.7500
00:11:58,-1.7500
00:11:59,-1.7500
00:12:01,-1.7500
00:12:02,-1.7500
00:12:03,-1.7500
00:12:04,-1.7500
00:12:05,-1.7500
00:12:06,-1.8125
00:12:07,-1.8125
00:12:08,-1.8125
00:12:09,-1.8125
00:12:10,-1.8125
00:12:11,-1.8125
00:12:12,-1.8125
00:12:13,-1.8125
00:12:14,-1.8125
00:12:15,-1.8125
00:12:16,-1.8125
00:12:17,-1.8750
00:12:18,-1.8750
00:12:19,-1.8750
00:12:20,-1.8750
00:12:21,-1.8750
00:12:22,-1.8750
00:12:23,-1.8750
00:12:24,-1.8750
00:12:25,-1.8750
00:12:26,-1.8750
00:12:27,-1.9375
00:12:28,-1.9375
00:12:29,-1.9375
00:12:30,-1.9375
00:12:31,-1.9375
00:12:32,-1.9375
00:12:33,-1.9375
00:12:34,-2.0000
00:12:36,-2.0000
00:12:37,-2.0000
00:12:38,-2.0000
00:12:39,-2.0000
00:12:40,-2.0000
00:12:41,-2.0000
00:12:42,-2.0000
00:12:43,-2.0000
00:12:44,-2.0000
00:12:45,-2.0625
00:12:46,-2.0625
00:12:47,-2.0625
00:12:48,-2.0625
00:12:49,-2.0625
00:12:50,-2.0625
00:12:51,-2.0625
00:12:52,-2.0625
00:12:53,-2.1250
00:12:54,-2.0625
00:12:55,-2.1250
00:12:56,-2.1250
00:12:57,-2.1250
00:12:58,-2.1250
00:12:59,-2.1250
00:13:00,-2.1250
00:13:01,-2.1250
00:13:02,-2.1875
00:13:03,-2.1250
00:13:04,-2.1875
00:13:05,-2.1875
00:13:06,-2.1875
00:13:07,-2.1875
00:13:08,-2.1875
00:13:10,-2.1875
00:13:11,-2.1875
00:13:12,-2.1875
00:13:13,-2.1875
00:13:14,-2.1875
00:13:15,-2.2500
00:13:16,-2.2500
00:13:17,-2.2500
00:13:18,-2.2500
00:13:19,-2.2500
00:13:20,-2.2500
00:13:21,-2.2500
00:13:22,-2.3125
00:13:23,-2.3125
00:13:24,-2.3125
00:13:25,-2.2500
00:13:26,-2.3125
00:13:27,-2.3125
00:13:28,-2.3125
00:13:29,-2.3125
00:13:30,-2.3125
00:13:31,-2.3125
00:13:32,-2.3125
00:13:33,-2.3750
00:13:34,-2.3125
00:13:35,-2.3750
00:13:36,-2.3750
00:13:37,-2.3750
00:13:38,-2.3750
00:13:39,-2.3750
00:13:40,-2.3750
00:13:41,-2.3750
00:13:42,-2.3750
00:13:43,-2.4375
00:13:45,-2.4375
00:13:46,-2.4375
00:13:47,-2.4375
00:13:48,-2.4375
00:13:49,-2.4375
00:13:50,-2.4375
00:13:51,-2.4375
00:13:52,-2.5000
00:13:53,-2.4375
00:13:54,-2.5000
00:13:55,-2.4375
00:13:56,-2.5000
00:13:57,-2.5000
00:13:58,-2.5000
00:13:59,-2.5000
00:14:00,-2.5000
00:14:01,-2.5000
00:14:02,-2.5000
00:14:03,-2.5625
00:14:04,-2.5000
00:14:05,-2.5625
00:14:06,-2.5625
00:14:07,-2.5625
00:14:08,-2.5625
00:14:09,-2.5625
00:14:10,-2.5625
00:14:11,-2.5625
00:14:12,-2.5625
00:14:13,-2.5625
00:14:14,-2.6250
00:14:15,-2.5625
00:14:16,-2.5625
00:14:17,-2.5625
00:14:19,-2.6250
00:14:20,-2.5625
00:14:21,-2.6250
00:14:22,-2.6250
00:14:23,-2.6250
00:14:24,-2.5625
00:14:25,-2.5625
00:14:26,-2.5625
00:14:27,-2.5000
00:14:28,-2.5000
00:14:29,-2.5000
00:14:30,-2.5000
00:14:31,-2.5000
00:14:32,-2.5000
00:14:33,-2.5000
00:14:34,-2.5000
00:14:35,-2.4375
00:14:36,-2.4375
00:14:37,-2.4375
00:14:38,-2.4375
00:14:39,-2.4375
00:14:40,-2.4375
00:14:41,-2.4375
00:14:42,-2.4375
00:14:43,-2.4375
00:14:44,-2.4375
00:14:45,-2.4375
00:14:46,-2.4375
00:14:47,-2.4375
00:14:48,-2.3750
00:14:49,-2.3750
00:14:50,-2.3750
00:14:51,-2.3750
00:14:52,-2.3750
00:14:54,-2.3750
00:14:55,-2.3125
00:14:56,-2.3750
00:14:57,-2.3125
00:14:58,-2.3125
00:14:59,-2.3125
00:15:00,-2.3125
00:15:01,-2.3125
00:15:02,-2.3125
00:15:03,-2.3125
00:15:04,-2.3125
00:15:05,-2.3125
00:15:06,-2.2500
00:15:07,-2.2500
00:15:08,-2.3125
00:15:09,-2.3125
00:15:10,-2.2500
00:15:11,-2.3125
00:15:12,-2.3125
00:15:13,-2.3125
00:15:14,-2.3125
00:15:15,-2.3125
00:15:16,-2.3125
00:15:17,-2.3125
00:15:18,-2.2500
00:15:19,-2.2500
00:15:20,-2.2500
00:15:21,-2.3125
00:15:22,-2.2500
00:15:23,-2.2500
00:15:24,-2.2500
00:15:25,-2.2500
00:15:26,-2.2500
00:15:28,-2.2500
00:15:29,-2.2500
00:15:30,-2.2500
00:15:31,-2.2500
00:15:32,-2.2500
00:15:33,-2.2500
00:15:34,-2.2500
00:15:35,-2.2500
00:15:36,-2.2500
00:15:37,-2.2500
00:15:38,-2.2500
00:15:39,-2.2500
00:15:40,-2.2500
00:15:41,-2.2500
00:15:42,-2.3125
00:15:43,-2.2500
00:15:44,-2.3125
00:15:45,-2.2500
00:15:46,-2.2500
00:15:47,-2.2500
00:15:48,-2.2500
00:15:49,-2.2500
00:15:50,-2.3125
00:15:51,-2.3125
00:15:52,-2.3125
00:15:53,-2.3125
00:15:54,-2.3125
00:15:55,-2.3125
00:15:56,-2.3125
00:15:57,-2.3125
00:15:58,-2.3125
00:15:59,-2.3750
00:16:00,-2.3750
00:16:01,-2.3125
00:16:03,-2.3125
00:16:04,-2.3125
00:16:05,-2.3125
00:16:06,-2.3125
00:16:07,-2.3125
00:16:08,-2.2500
00:16:09,-2.2500
00:16:10,-2.2500
00:16:11,-2.2500
00:16:12,-2.2500
00:16:13,-2.2500
00:16:14,-2.2500
00:16:15,-2.2500
00:16:16,-2.2500
00:16:17,-2.1875
00:16:18,-2.1875
00:16:19,-2.1875
00:16:20,-2.2500
00:16:21,-2.2500
00:16:22,-2.2500
00:16:23,-2.1875
00:16:24,-2.1875
00:16:25,-2.1875
00:16:26,-2.1875
00:16:27,-2.1875
00:16:28,-2.1875
00:16:29,-2.1875
00:16:30,-2.1875
00:16:31,-2.1875
00:16:32,-2.1875
00:16:33,-2.1875
00:16:34,-2.2500
00:16:35,-2.1875
00:16:37,-2.1875
00:16:38,-2.1875
00:16:39,-2.1875
00:16:40,-2.1875
00:16:41,-2.2500
00:16:42,-2.2500
00:16:43,-2.1875
00:16:44,-2.2500
00:16:45,-2.1875
00:16:46,-2.1875
00:16:47,-2.1875
00:16:48,-2.1875
00:16:49,-2.1875
00:16:50,-2.1875
00:16:51,-2.1875
00:16:52,-2.1875
00:16:53,-2.1875
00:16:54,-2.1875
00:16:55,-2.1250
00:16:56,-2.1875
00:16:57,-2.1875
00:16:58,-2.1875
00:16:59,-2.1875
00:17:00,-2.1875
00:17:01,-2.1875
00:17:02,-2.1875
00:17:03,-2.1875
00:17:04,-2.1875
00:17:05,-2.1875
00:17:06,-2.1875
00:17:07,-2.1875
00:17:08,-2.1875
00:17:09,-2.2500
00:17:11,-2.1875
00:17:12,-2.2500
00:17:13,-2.2500
00:17:14,-2.2500
00:17:15,-2.2500
00:17:16,-2.2500
00:17:17,-2.2500
00:17:18,-2.2500
00:17:19,-2.2500
00:17:20,-2.2500
00:17:21,-2.2500
00:17:22,-2.2500
00:17:23,-2.2500
00:17:24,-2.2500
00:17:25,-2.2500
00:17:26,-2.2500
00:17:27,-2.2500
00:17:28,-2.2500
00:17:29,-2.2500
00:17:30,-2.2500
00:17:31,-2.2500
00:17:32,-2.3125
00:17:33,-2.2500
00:17:34,-2.2500
00:17:35,-2.3125
00:17:36,-2.2500
00:17:37,-2.2500
00:17:38,-2.2500
00:17:39,-2.2500
00:17:40,-2.3125
00:17:41,-2.3125
00:17:42,-2.3125
00:17:43,-2.3125
00:17:44,-2.3125
00:17:46,-2.3125
00:17:47,-2.3125
00:17:48,-2.3125
00:17:49,-2.3125
00:17:50,-2.3125
00:17:51,-2.3125
00:17:52,-2.3125
00:17:53,-2.3125
00:17:54,-2.3125
00:17:55,-2.3125
00:17:56,-2.3125
00:17:57,-2.3125
00:17:58,-2.3125
00:17:59,-2.2500
00:18:00,-2.3125
00:18:01,-2.3125
00:18:02,-2.2500
00:18:03,-2.2500
00:18:04,-2.2500
00:18:05,-2.2500
00:18:06,-2.2500
00:18:07,-2.2500
00:18:08,-2.2500
00:18:09,-2.2500
00:18:10,-2.2500
00:18:11,-2.2500
00:18:12,-2.3125
00:18:13,-2.2500
00:18:14,-2.2500
00:18:15,-2.2500
00:18:16,-2.2500
00:18:17,-2.2500
00:18:18,-2.3125
00:18:20,-2.3125
00:18:21,-2.2500
00:18:22,-2.2500
00:18:23,-2.3125
00:18:24,-2.2500
00:18:25,-2.2500
00:18:26,-2.3125
00:18:27,-2.2500
00:18:28,-2.2500
00:18:29,-2.3125
00:18:30,-2.3125
00:18:31,-2.3125
00:18:32,-2.2500
00:18:33,-2.3125
00:18:34,-2.3125
00:18:35,-2.3125
00:18:36,-2.3125
00:18:37,-2.3125
00:18:38,-2.3125
00:18:39,-2.3125
00:18:40,-2.3125
00:18:41,-2.3125
00:18:42,-2.3125
00:18:43,-2.3125
00:18:44,-2.3125
00:18:45,-2.3125
00:18:46,-2.3125
00:18:47,-2.3125
00:18:48,-2.3125
00:18:49,-2.3125
00:18:50,-2.3125
00:18:51,-2.3125
00:18:52,-2.3125
00:18:53,-2.3125
00:18:55,-2.3125
00:18:56,-2.3125
00:18:57,-2.3125
00:18:58,-2.3125
00:18:59,-2.3125
00:19:00,-2.3125
00:19:01,-2.3125
00:19:02,-2.3750
00:19:03,-2.3750
00:19:04,-2.3125
00:19:05,-2.3750
00:19:06,-2.3750
00:19:07,-2.3750
00:19:08,-2.3750
00:19:09,-2.3750
00:19:10,-2.3750
00:19:11,-2.3750
00:19:12,-2.3750
00:19:13,-2.3750
00:19:14,-2.3750
00:19:15,-2.3750
00:19:16,-2.3125
00:19:17,-2.3750
00:19:18,-2.3750
00:19:19,-2.3750
00:19:20,-2.3750
00:19:21,-2.3750
00:19:22,-2.3750
00:19:23,-2.3750
00:19:24,-2.3750
00:19:25,-2.3750
00:19:26,-2.3750
00:19:27,-2.4375
00:19:29,-2.3750
00:19:30,-2.3750
00:19:31,-2.4375
00:19:32,-2.3750
00:19:33,-2.3750
00:19:34,-2.3750
00:19:35,-2.4375
00:19:36,-2.3750
00:19:37,-2.3750
00:19:38,-2.3750
00:19:39,-2.3750
00:19:40,-2.3750
00:19:41,-2.3750
00:19:42,-2.3750
00:19:43,-2.3750
00:19:44,-2.3750
00:19:45,-2.4375
00:19:46,-2.4375
00:19:47,-2.3750
00:19:48,-2.4375
00:19:49,-2.4375
00:19:50,-2.4375
00:19:51,-2.4375
00:19:52,-2.4375
00:19:53,-2.4375
00:19:54,-2.4375
00:19:55,-2.4375
00:19:56,-2.4375
00:19:57,-2.4375
00:19:58,-2.4375
00:19:59,-2.4375
00:20:00,-2.5000
00:20:01,-2.4375
00:20:02,-2.4375
00:20:04,-2.5000
00:20:05,-2.4375
00:20:06,-2.4375
00:20:07,-2.4375
00:20:08,-2.4375
00:20:09,-2.4375
00:20:10,-2.4375
00:20:11,-2.5000
00:20:12,-2.5000
00:20:13,-2.4375
00:20:14,-2.4375
00:20:15,-2.5000
00:20:16,-2.5000
00:20:17,-2.5000
00:20:18,-2.4375
00:20:19,-2.4375
00:20:20,-2.5000
00:20:21,-2.5000
00:20:22,-2.5000
00:20:23,-2.5000
00:20:24,-2.5000
00:20:25,-2.5000
00:20:26,-2.5000
00:20:27,-2.5000
00:20:28,-2.5000
00:20:29,-2.5000
00:20:30,-2.5000
00:20:31,-2.5000
00:20:32,-2.5000
00:20:33,-2.5000
00:20:34,-2.5000
00:20:35,-2.5000
00:20:36,-2.5000
00:20:38,-2.5000
00:20:39,-2.5000
00:20:40,-2.5625
00:20:41,-2.5000
00:20:42,-2.5625
00:20:43,-2.5000
00:20:44,-2.5625
00:20:45,-2.5000
00:20:46,-2.5625
00:20:47,-2.5625
00:20:48,-2.5625
00:20:49,-2.5625
00:20:50,-2.5625
00:20:51,-2.5625
00:20:52,-2.5625
00:20:53,-2.5625
00:20:54,-2.5625
00:20:55,-2.5625
00:20:56,-2.5625
00:20:57,-2.6250
00:20:58,-2.6250
00:20:59,-2.6250
00:21:00,-2.5625
00:21:01,-2.6250
00:21:02,-2.6250
00:21:03,-2.6250
00:21:04,-2.6250
00:21:05,-2.6250
00:21:06,-2.6250
00:21:07,-2.6250
00:21:08,-2.6250
00:21:09,-2.6250
00:21:10,-2.6250
00:21:11,-2.6875
00:21:13,-2.6250
00:21:14,-2.6250
00:21:15,-2.6250
00:21:16,-2.6875
00:21:17,-2.6875
00:21:18,-2.6250
00:21:19,-2.6875
00:21:20,-2.6875
00:21:21,-2.6875
00:21:22,-2.6875
00:21:23,-2.6875
00:21:24,-2.6875
00:21:25,-2.6875
00:21:26,-2.6875
00:21:27,-2.6875
00:21:28,-2.6875
00:21:29,-2.7500
00:21:30,-2.6875
00:21:31,-2.6875
00:21:32,-2.6875
00:21:33,-2.6875
00:21:34,-2.6875
00:21:35,-2.6875
00:21:36,-2.6875
00:21:37,-2.6875
00:21:38,-2.7500
00:21:39,-2.7500
00:21:40,-2.6875
00:21:41,-2.7500
00:21:42,-2.6875
00:21:43,-2.6875
00:21:44,-2.7500
00:21:45,-2.7500
00:21:47,-2.6875
00:21:48,-2.6875
00:21:49,-2.7500
00:21:50,-2.6875
00:21:51,-2.7500
00:21:52,-2.6875
00:21:53,-2.6875
00:21:54,-2.6875
00:21:55,-2.6875
00:21:56,-2.6875
00:21:57,-2.6875
00:21:58,-2.6875
00:21:59,-2.6875
00:22:00,-2.6875
00:22:01,-2.6875
00:22:02,-2.6875
00:22:03,-2.6875
00:22:04,-2.6250
00:22:05,-2.6250
00:22:06,-2.6250
00:22:07,-2.6250
00:22:08,-2.6250
00:22:09,-2.6250
00:22:10,-2.6250
00:22:11,-2.6250
00:22:12,-2.6250
00:22:13,-2.6250
00:22:14,-2.6250
00:22:15,-2.6250
00:22:16,-2.6250
00:22:17,-2.6250
00:22:18,-2.6250
00:22:19,-2.5625
00:22:20,-2.5625
00:22:22,-2.5625
00:22:23,-2.5625
00:22:24,-2.5625
00:22:25,-2.5625
00:22:26,-2.5625
00:22:27,-2.5625
00:22:28,-2.5625
00:22:29,-2.5625
00:22:30,-2.5625
00:22:31,-2.5625
00:22:32,-2.5625
00:22:33,-2.5625
00:22:34,-2.5000
00:22:35,-2.5000
00:22:36,-2.5000
00:22:37,-2.5000
00:22:38,-2.5000
00:22:39,-2.5000
00:22:40,-2.5000
00:22:41,-2.5000
00:22:42,-2.5000
00:22:43,-2.5000
00:22:44,-2.5000
00:22:45,-2.5000
00:22:46,-2.5000
00:22:47,-2.5000
00:22:48,-2.5000
00:22:49,-2.5000
00:22:50,-2.5000
00:22:51,-2.5000
00:22:52,-2.5000
00:22:53,-2.5000
00:22:54,-2.4375
00:22:56,-2.4375
00:22:57,-2.4375
00:22:58,-2.5000
00:22:59,-2.4375
00:23:00,-2.4375
00:23:01,-2.4375
00:23:02,-2.4375
00:23:03,-2.4375
00:23:04,-2.4375
00:23:05,-2.4375
00:23:06,-2.4375
00:23:07,-2.4375
00:23:08,-2.4375
00:23:09,-2.4375
00:23:10,-2.4375
00:23:11,-2.4375
00:23:12,-2.4375
00:23:13,-2.4375
00:23:14,-2.4375
00:23:15,-2.4375
00:23:16,-2.4375
00:23:17,-2.4375
00:23:18,-2.3750
00:23:19,-2.3750
00:23:20,-2.3750
00:23:21,-2.4375
00:23:22,-2.3750
00:23:23,-2.3750
00:23:24,-2.3750
00:23:25,-2.3750
00:23:26,-2.3750
00:23:27,-2.3750
00:23:28,-2.3750
00:23:29,-2.3750
00:23:31,-2.3750
00:23:32,-2.3750
00:23:33,-2.3750
00:23:34,-2.3750
00:23:35,-2.3750
00:23:36,-2.3750
00:23:37,-2.3750
00:23:38,-2.3125
00:23:39,-2.3125
00:23:40,-2.3125
00:23:41,-2.3750
00:23:42,-2.3125
00:23:43,-2.3750
00:23:44,-2.3125
00:23:45,-2.3750
00:23:46,-2.3125
00:23:47,-2.3125
00:23:48,-2.3125
00:23:49,-2.3125
00:23:50,-2.3125
00:23:51,-2.3125
00:23:52,-2.3125
00:23:53,-2.3125
00:23:54,-2.3125
00:23:55,-2.3125
00:23:56,-2.3125
00:23:57,-2.3125
00:23:58,-2.3125
00:23:59,-2.3125
00:24:00,-2.3125
00:24:01,-2.3125
00:24:02,-2.3125
00:24:03,-2.3125
00:24:05,-2.3125
00:24:06,-2.2500
00:24:07,-2.3125
00:24:08,-2.2500
00:24:09,-2.3125
00:24:10,-2.2500
00:24:11,-2.3125
00:24:12,-2.3125
00:24:13,-2.2500
00:24:14,-2.2500
00:24:15,-2.2500
00:24:16,-2.2500
00:24:17,-2.3125
00:24:18,-2.2500
00:24:19,-2.2500
00:24:20,-2.2500
00:24:21,-2.2500
00:24:22,-2.2500
00:24:23,-2.2500
00:24:24,-2.2500
00:24:25,-2.2500
00:24:26,-2.2500
00:24:27,-2.2500
00:24:28,-2.2500
00:24:29,-2.2500
00:24:30,-2.1875
00:24:31,-2.1875
00:24:32,-2.2500
00:24:33,-2.2500
00:24:34,-2.2500
00:24:35,-2.1875
00:24:36,-2.2500
00:24:37,-2.1875
00:24:39,-2.1875
00:24:40,-2.2500
00:24:41,-2.1875
00:24:42,-2.1875
00:24:43,-2.1875
00:24:44,-2.1875
00:24:45,-2.1875
00:24:46,-2.1875
00:24:47,-2.1875
00:24:48,-2.1875
00:24:49,-2.1875
00:24:50,-2.1875
00:24:51,-2.2500
00:24:52,-2.1875
00:24:53,-2.1875
00:24:54,-2.1875
00:24:55,-2.1875
00:24:56,-2.1875
00:24:57,-2.1875
00:24:58,-2.1250
00:24:59,-2.1875
00:25:00,-2.1875
00:25:01,-2.1875
00:25:02,-2.1875
00:25:03,-2.1875
00:25:04,-2.1875
00:25:05,-2.1875
00:25:06,-2.1250
00:25:07,-2.1875
00:25:08,-2.1875
00:25:09,-2.1875
00:25:10,-2.1250
00:25:11,-2.1875
00:25:12,-2.1250
00:25:14,-2.1250
00:25:15,-2.1875
00:25:16,-2.1250
00:25:17,-2.1250
00:25:18,-2.1250
00:25:19,-2.1250
00:25:20,-2.1250
00:25:21,-2.1250
00:25:22,-2.1250
00:25:23,-2.1250
00:25:24,-2.1250
00:25:25,-2.1250
00:25:26,-2.1250
00:25:27,-2.1250
00:25:28,-2.1250
00:25:29,-2.1250
00:25:30,-2.1250
00:25:31,-2.1250
00:25:32,-2.1250
00:25:33,-2.1250
00:25:34,-2.1250
00:25:35,-2.1250
00:25:36,-2.1250
00:25:37,-2.1250
00:25:38,-2.0625
00:25:39,-2.1250
00:25:40,-2.0625
00:25:41,-2.1250
00:25:42,-2.1250
00:25:43,-2.0625
00:25:44,-2.1250
00:25:45,-2.0625
00:25:46,-2.0625
00:25:48,-2.0625
00:25:49,-2.0625
00:25:50,-2.0625
00:25:51,-2.0625
00:25:52,-2.0625
00:25:53,-2.0625
00:25:54,-2.1250
00:25:55,-2.0625
00:25:56,-2.0625
00:25:57,-2.0625
00:25:58,-2.0625
00:25:59,-2.0625
00:26:00,-2.0625
00:26:01,-2.0625
00:26:02,-2.0625
00:26:03,-2.0625
00:26:04,-2.0625
00:26:05,-2.0625
00:26:06,-2.0625
00:26:07,-2.0625
00:26:08,-2.0625
00:26:09,-2.0625
00:26:10,-2.0625
00:26:11,-2.0000
00:26:12,-2.0000
00:26:13,-2.0000
00:26:14,-2.0000
00:26:15,-2.0000
00:26:16,-2.0000
00:26:17,-2.0000
00:26:18,-2.0000
00:26:19,-2.0000
00:26:20,-2.0000
00:26:21,-2.0000
00:26:23,-2.0000
00:26:24,-2.0000
00:26:25,-2.0000
00:26:26,-2.0000
00:26:27,-1.9375
00:26:28,-2.0000
00:26:29,-1.9375
00:26:30,-2.0000
00:26:31,-1.9375
00:26:32,-2.0000
00:26:33,-1.9375
00:26:34,-1.9375
00:26:35,-2.0000
00:26:36,-1.9375
00:26:37,-1.9375
00:26:38,-1.9375
00:26:39,-1.9375
00:26:40,-1.9375
00:26:41,-1.9375
00:26:42,-1.9375
00:26:43,-1.9375
00:26:44,-1.9375
00:26:45,-1.9375
00:26:46,-1.9375
00:26:47,-1.9375
00:26:48,-1.9375
00:26:49,-1.9375
00:26:50,-1.9375
00:26:51,-1.9375
00:26:52,-1.9375
00:26:53,-1.9375
00:26:54,-1.9375
00:26:55,-1.9375
00:26:57,-1.9375
00:26:58,-1.9375
00:26:59,-1.9375
00:27:00,-1.9375
00:27:01,-1.9375
00:27:02,-1.9375
00:27:03,-1.9375
00:27:04,-1.9375
00:27:05,-1.9375
00:27:06,-1.9375
00:27:07,-1.9375
00:27:08,-1.9375
00:27:09,-1.9375
00:27:10,-1.9375
00:27:11,-1.9375
00:27:12,-1.9375
00:27:13,-1.9375
00:27:14,-1.9375
00:27:15,-1.8750
00:27:16,-1.9375
00:27:17,-1.8750
00:27:18,-1.8750
00:27:19,-1.9375
00:27:20,-1.9375
00:27:21,-1.8750
00:27:22,-1.8750
00:27:23,-1.8750
00:27:24,-1.9375
00:27:25,-1.8750
00:27:26,-1.8750
00:27:27,-1.9375
00:27:28,-1.8750
00:27:29,-1.8750
00:27:30,-1.8750
00:27:32,-1.8750
00:27:33,-1.8750
00:27:34,-1.8750
00:27:35,-1.8750
00:27:36,-1.8750
00:27:37,-1.8750
00:27:38,-1.8750
00:27:39,-1.8750
00:27:40,-1.8750
00:27:41,-1.8125
00:27:42,-1.8750
00:27:43,-1.8750
00:27:44,-1.8125
00:27:45,-1.8750
00:27:46,-1.8125
00:27:47,-1.8125
00:27:48,-1.8750
00:27:49,-1.8125
00:27:50,-1.8125
00:27:51,-1.8125
00:27:52,-1.8125
00:27:53,-1.8125
00:27:54,-1.8125
00:27:55,-1.8125
00:27:56,-1.8125
00:27:57,-1.8125
00:27:58,-1.7500
00:27:59,-1.7500
00:28:00,-1.7500
00:28:01,-1.7500
00:28:02,-1.7500
00:28:03,-1.7500
00:28:04,-1.7500
00:28:06,-1.7500
00:28:07,-1.7500
00:28:08,-1.7500
00:28:09,-1.7500
00:28:10,-1.7500
00:28:11,-1.7500
00:28:12,-1.7500
00:28:13,-1.7500
00:28:14,-1.7500
00:28:15,-1.7500
00:28:16,-1.7500
00:28:17,-1.7500
00:28:18,-1.7500
00:28:19,-1.7500
00:28:20,-1.7500
00:28:21,-1.7500
00:28:22,-1.7500
00:28:23,-1.7500
00:28:24,-1.7500
00:28:25,-1.7500
00:28:26,-1.7500
00:28:27,-1.7500
00:28:28,-1.7500
00:28:29,-1.7500
00:28:30,-1.6875
00:28:31,-1.7500
00:28:32,-1.7500
00:28:33,-1.7500
00:28:34,-1.6875
00:28:35,-1.6875
00:28:36,-1.7500
00:28:37,-1.6875
00:28:38,-1.7500
00:28:39,-1.7500
00:28:41,-1.6875
00:28:42,-1.7500
00:28:43,-1.6875
00:28:44,-1.7500
00:28:45,-1.7500
00:28:46,-1.7500
00:28:47,-1.7500
00:28:48,-1.7500
00:28:49,-1.7500
00:28:50,-1.6875
00:28:51,-1.6875
00:28:52,-1.7500
00:28:53,-1.6875
00:28:54,-1.7500
00:28:55,-1.6875
00:28:56,-1.7500
00:28:57,-1.6875
00:28:58,-1.6875
00:28:59,-1.6875
00:29:00,-1.6875
00:29:01,-1.6875
00:29:02,-1.7500
00:29:03,-1.6875
00:29:04,-1.6875
00:29:05,-1.6875
00:29:06,-1.6875
00:29:07,-1.6875
00:29:08,-1.6875
00:29:09,-1.6875
00:29:10,-1.7500
00:29:11,-1.6875
00:29:12,-1.7500
00:29:13,-1.6875
00:29:15,-1.7500
00:29:16,-1.7500
00:29:17,-1.7500
00:29:18,-1.7500
00:29:19,-1.7500
00:29:20,-1.7500
00:29:21,-1.7500
00:29:22,-1.7500
00:29:23,-1.7500
00:29:24,-1.7500
00:29:25,-1.7500
00:29:26,-1.7500
00:29:27,-1.7500
00:29:28,-1.7500
00:29:29,-1.7500
00:29:30,-1.7500
00:29:31,-1.7500
00:29:32,-1.8125
00:29:33,-1.7500
00:29:34,-1.8125
00:29:35,-1.7500
00:29:36,-1.8125
00:29:37,-1.8125
00:29:38,-1.8125
00:29:39,-1.8125
00:29:40,-1.8125
00:29:41,-1.8125
00:29:42,-1.8125
00:29:43,-1.8125
00:29:44,-1.8125
00:29:45,-1.8125
00:29:46,-1.8750
00:29:47,-1.8750
00:29:48,-1.8125
00:29:50,-1.8750
00:29:51,-1.8750
00:29:52,-1.8750
00:29:53,-1.8750
00:29:54,-1.8750
00:29:55,-1.8750
00:29:56,-1.8750
00:29:57,-1.8750
00:29:58,-1.8750
00:29:59,-1.8750
00:30:00,-1.9375
00:30:01,-1.9375
00:30:02,-1.9375
00:30:03,-1.9375
00:30:04,-1.9375
00:30:05,-1.9375
00:30:06,-1.9375
00:30:07,-1.9375
00:30:08,-1.9375
00:30:09,-1.9375
00:30:10,-2.0000
00:30:11,-1.9375
00:30:12,-2.0000
00:30:13,-2.0000
00:30:14,-2.0000
00:30:15,-2.0000
00:30:16,-2.0000
00:30:17,-2.0000
00:30:18,-2.0000
00:30:19,-2.0000
00:30:20,-2.0000
00:30:21,-2.0625
00:30:22,-2.0625
00:30:24,-2.0000
00:30:25,-2.0625
00:30:26,-2.0625
00:30:27,-2.0625
00:30:28,-2.0625
00:30:29,-2.0625
00:30:30,-2.0625
00:30:31,-2.0625
00:30:32,-2.0625
00:30:33,-2.0625
00:30:34,-2.0625
00:30:35,-2.0625
00:30:36,-2.1250
00:30:37,-2.1250
00:30:38,-2.1250
00:30:39,-2.0625
00:30:40,-2.1250
00:30:41,-2.1250
00:30:42,-2.1250
00:30:43,-2.1250
00:30:44,-2.1250
00:30:45,-2.1250
00:30:46,-2.1250
00:30:47,-2.1250
00:30:48,-2.1250
00:30:49,-2.1250
00:30:50,-2.1250
00:30:51,-2.1250
00:30:52,-2.1875
00:30:53,-2.1875
00:30:54,-2.1875
00:30:55,-2.1875
00:30:56,-2.1875
00:30:57,-2.1875
00:30:59,-2.1875
00:31:00,-2.1875
00:31:01,-2.1875
00:31:02,-2.1875
00:31:03,-2.1875
00:31:04,-2.1875
00:31:05,-2.2500
00:31:06,-2.2500
00:31:07,-2.2500
00:31:08,-2.2500
00:31:09,-2.2500
00:31:10,-2.2500
00:31:11,-2.2500
00:31:12,-2.2500
00:31:13,-2.2500
00:31:14,-2.2500
00:31:15,-2.2500
00:31:16,-2.2500
00:31:17,-2.2500
00:31:18,-2.2500
00:31:19,-2.3125
00:31:20,-2.3125
00:31:21,-2.3125
00:31:22,-2.3125
00:31:23,-2.3125
00:31:24,-2.3125
00:31:25,-2.3125
00:31:26,-2.3125
00:31:27,-2.3125
00:31:28,-2.3125
00:31:29,-2.3125
00:31:30,-2.3125
00:31:31,-2.3125
00:31:33,-2.3750
00:31:34,-2.3125
00:31:35,-2.3125
00:31:36,-2.3125
00:31:37,-2.3125
00:31:38,-2.3125
00:31:39,-2.3750
00:31:40,-2.3750
00:31:41,-2.3750
00:31:42,-2.3750
00:31:43,-2.3750
00:31:44,-2.3750
00:31:45,-2.3750
00:31:46,-2.3750
00:31:47,-2.3750
00:31:48,-2.3750
00:31:49,-2.3750
00:31:50,-2.3750
00:31:51,-2.3750
00:31:52,-2.3750
00:31:53,-2.4375
00:31:54,-2.3750
00:31:55,-2.4375
00:31:56,-2.4375
00:31:57,-2.4375
00:31:58,-2.3750
00:31:59,-2.4375
00:32:00,-2.4375
00:32:01,-2.4375
00:32:02,-2.4375
00:32:03,-2.5000
00:32:04,-2.4375
00:32:05,-2.4375
00:32:07,-2.4375
00:32:08,-2.4375
00:32:09,-2.5000
00:32:10,-2.4375
00:32:11,-2.4375
00:32:12,-2.5000
00:32:13,-2.5000
00:32:14,-2.5000
00:32:15,-2.5000
00:32:16,-2.4375
00:32:17,-2.5000
00:32:18,-2.5000
00:32:19,-2.5000
00:32:20,-2.5000
00:32:21,-2.4375
00:32:22,-2.5000
00:32:23,-2.5000
00:32:24,-2.5000
00:32:25,-2.5000
00:32:26,-2.5000
00:32:27,-2.5000
00:32:28,-2.5000
00:32:29,-2.5000
00:32:30,-2.5000
00:32:31,-2.5000
00:32:32,-2.5625
00:32:33,-2.5000
00:32:34,-2.5625
00:32:35,-2.5625
00:32:36,-2.5625
00:32:37,-2.5625
00:32:38,-2.5625
00:32:39,-2.5625
00:32:40,-2.5625
00:32:42,-2.5000
00:32:43,-2.5625
00:32:44,-2.5625
00:32:45,-2.5625
00:32:46,-2.5625
00:32:47,-2.5625
00:32:48,-2.5625
00:32:49,-2.5000
00:32:50,-2.5000
00:32:51,-2.5000
00:32:52,-2.5000
00:32:53,-2.5625
00:32:54,-2.5625
00:32:55,-2.5625
00:32:56,-2.5625
00:32:57,-2.5625
00:32:58,-2.5625
00:32:59,-2.5625
00:33:00,-2.5625
00:33:01,-2.5625
00:33:02,-2.5625
00:33:03,-2.5625
00:33:04,-2.5625
00:33:05,-2.6250
00:33:06,-2.5625
00:33:07,-2.5625
00:33:08,-2.5625
00:33:09,-2.5625
00:33:10,-2.6250
00:33:11,-2.5625
00:33:12,-2.5625
00:33:13,-2.6250
00:33:14,-2.6250
00:33:16,-2.5625
00:33:17,-2.5625
00:33:18,-2.6250
00:33:19,-2.6250
00:33:20,-2.6250
00:33:21,-2.6250
00:33:22,-2.6250
00:33:23,-2.6250
00:33:24,-2.6250
00:33:25,-2.6250
00:33:26,-2.6250
00:33:27,-2.6250
00:33:28,-2.6250
00:33:29,-2.6250
00:33:30,-2.6250
00:33:31,-2.6250
00:33:32,-2.6250
00:33:33,-2.6250
00:33:34,-2.6250
00:33:35,-2.6250
00:33:36,-2.6875
00:33:37,-2.6250
00:33:38,-2.6875
00:33:39,-2.6875
00:33:40,-2.6250
00:33:41,-2.6875
00:33:42,-2.6875
00:33:43,-2.6875
00:33:44,-2.6875
00:33:45,-2.6875
00:33:46,-2.6875
00:33:47,-2.6875
00:33:48,-2.6875
00:33:49,-2.6250
00:33:51,-2.6875
00:33:52,-2.6875
00:33:53,-2.6875
00:33:54,-2.6875
00:33:55,-2.6875
00:33:56,-2.6875
00:33:57,-2.6875
00:33:58,-2.6875
00:33:59,-2.6875
00:34:00,-2.6875
00:34:01,-2.6875
00:34:02,-2.6875
00:34:03,-2.7500
00:34:04,-2.6875
00:34:05,-2.7500
00:34:06,-2.6875
00:34:07,-2.6875
00:34:08,-2.6875
00:34:09,-2.6875
00:34:10,-2.7500
00:34:11,-2.7500
00:34:12,-2.7500
00:34:13,-2.7500
00:34:14,-2.6875
00:34:15,-2.7500
00:34:16,-2.7500
00:34:17,-2.7500
00:34:18,-2.7500
00:34:19,-2.7500
00:34:20,-2.7500
00:34:21,-2.7500
00:34:22,-2.7500
00:34:23,-2.7500
00:34:25,-2.7500
00:34:26,-2.7500
00:34:27,-2.7500
00:34:28,-2.7500
00:34:29,-2.7500
00:34:30,-2.7500
00:34:31,-2.7500
00:34:32,-2.7500
00:34:33,-2.7500
00:34:34,-2.7500
00:34:35,-2.8125
00:34:36,-2.7500
00:34:37,-2.8125
00:34:38,-2.8125
00:34:39,-2.8125
00:34:40,-2.8125
00:34:41,-2.8125
00:34:42,-2.8125
00:34:43,-2.8125
00:34:44,-2.8125
00:34:45,-2.8125
00:34:46,-2.7500
00:34:47,-2.8125
00:34:48,-2.8125
00:34:49,-2.8125
00:34:50,-2.8125
00:34:51,-2.8125
00:34:52,-2.8125
00:34:53,-2.8125
00:34:54,-2.8125
00:34:55,-2.8125
00:34:56,-2.8125
00:34:57,-2.8125
00:34:58,-2.8125
00:35:00,-2.8125
00:35:01,-2.8750
00:35:02,-2.8125
00:35:03,-2.8125
00:35:04,-2.8125
00:35:05,-2.8750
00:35:06,-2.8750
00:35:07,-2.8125
00:35:08,-2.8750
00:35:09,-2.8750
00:35:10,-2.8750
00:35:11,-2.8750
00:35:12,-2.8750
00:35:13,-2.8125
00:35:14,-2.8750
00:35:15,-2.8750
00:35:16,-2.8750
00:35:17,-2.8750
00:35:18,-2.8750
00:35:19,-2.8750
00:35:20,-2.8750
00:35:21,-2.8750
00:35:22,-2.8125
00:35:23,-2.8750
00:35:24,-2.8750
00:35:25,-2.8750
00:35:26,-2.8750
00:35:27,-2.8750
00:35:28,-2.9375
00:35:29,-2.8750
00:35:30,-2.8750
00:35:31,-2.8750
00:35:32,-2.8750
00:35:34,-2.9375
00:35:35,-2.8750
00:35:36,-2.8750
00:35:37,-2.8750
00:35:38,-2.8750
00:35:39,-2.8750
00:35:40,-2.9375
00:35:41,-2.8750
00:35:42,-2.8750
00:35:43,-2.8750
00:35:44,-2.9375
00:35:45,-2.9375
00:35:46,-2.9375
00:35:47,-2.9375
00:35:48,-2.9375
00:35:49,-2.9375
00:35:50,-2.9375
00:35:51,-2.9375
00:35:52,-2.9375
00:35:53,-2.9375
00:35:54,-2.9375
00:35:55,-2.9375
00:35:56,-2.9375
00:35:57,-2.9375
00:35:58,-2.9375
00:35:59,-2.9375
00:36:00,-2.9375
00:36:01,-2.9375
00:36:02,-2.9375
00:36:03,-2.9375
00:36:04,-2.9375
00:36:05,-2.9375
00:36:06,-2.9375
00:36:07,-2.9375
00:36:09,-3.0000
00:36:10,-2.9375
00:36:11,-2.9375
00:36:12,-2.9375
00:36:13,-2.9375
00:36:14,-2.9375
00:36:15,-2.9375
00:36:16,-2.9375
00:36:17,-3.0000
00:36:18,-2.9375
00:36:19,-2.9375
00:36:20,-3.0000
00:36:21,-2.9375
00:36:22,-3.0000
00:36:23,-3.0000
00:36:24,-2.9375
00:36:25,-3.0000
00:36:26,-3.0000
00:36:27,-3.0000
00:36:28,-3.0000
00:36:29,-3.0000
00:36:30,-3.0000
00:36:31,-3.0000
00:36:32,-3.0000
00:36:33,-3.0000
00:36:34,-3.0000
00:36:35,-3.0000
00:36:36,-3.0000
00:36:37,-3.0000
00:36:38,-3.0000
00:36:39,-3.0000
00:36:40,-3.0000
00:36:41,-3.0000
00:36:43,-3.0000
00:36:44,-3.0000
00:36:45,-3.0000
00:36:46,-3.0000
00:36:47,-3.0000
00:36:48,-3.0000
00:36:49,-3.0000
00:36:50,-3.0000
00:36:51,-3.0000
00:36:52,-3.0000
00:36:53,-3.0000
00:36:54,-3.0000
00:36:55,-3.0000
00:36:56,-3.0000
00:36:57,-3.0000
00:36:58,-3.0000
00:36:59,-3.0000
00:37:00,-3.0000
00:37:01,-3.0000
00:37:02,-3.0000
00:37:03,-3.0000
00:37:04,-3.0000
00:37:05,-3.0000
00:37:06,-3.0625
00:37:07,-3.0625
00:37:08,-3.0000
00:37:09,-3.0000
00:37:10,-3.0625
00:37:11,-3.0625
00:37:12,-3.0625
00:37:13,-3.0625
00:37:14,-3.0000
00:37:15,-3.0625
00:37:16,-3.0625
00:37:18,-3.0625
00:37:19,-3.0625
00:37:20,-3.0625
00:37:21,-3.0625
00:37:22,-3.0625
00:37:23,-3.0625
00:37:24,-3.0625
00:37:25,-3.0625
00:37:26,-3.0625
00:37:27,-3.0625
00:37:28,-3.0625
00:37:29,-3.0625
00:37:30,-3.0625
00:37:31,-3.0625
00:37:32,-3.0625
00:37:33,-3.0625
00:37:34,-3.0625
00:37:35,-3.0625
00:37:36,-3.0625
00:37:37,-3.0625
00:37:38,-3.0625
00:37:39,-3.0625
00:37:40,-3.0625
00:37:41,-3.0625
00:37:42,-3.0625
00:37:43,-3.0625
00:37:44,-3.0625
00:37:45,-3.0625
00:37:46,-3.0625
00:37:47,-3.0625
00:37:48,-3.0625
00:37:49,-3.0625
00:37:50,-3.0625
00:37:52,-3.0625
00:37:53,-3.0625
00:37:54,-3.0625
00:37:55,-3.0625
00:37:56,-3.0625
00:37:57,-3.0625
00:37:58,-3.0625
00:37:59,-3.0625
00:38:00,-3.0625
00:38:01,-3.0625
00:38:02,-3.0625
00:38:03,-3.0625
00:38:04,-3.0625
00:38:05,-3.0625
00:38:06,-3.0625
00:38:07,-3.0625
00:38:08,-3.0000
00:38:09,-3.0625
00:38:10,-3.0625
00:38:11,-3.0625
00:38:12,-3.0000
00:38:13,-3.0000
00:38:14,-3.0000
00:38:15,-3.0000
00:38:16,-3.0000
00:38:17,-3.0000
00:38:18,-3.0000
00:38:19,-3.0000
00:38:20,-3.0000
00:38:21,-3.0000
00:38:22,-3.0000
00:38:23,-3.0000
00:38:24,-3.0000
00:38:25,-3.0000
00:38:27,-3.0000
00:38:28,-3.0000
00:38:29,-3.0000
00:38:30,-3.0000
00:38:31,-3.0000
00:38:32,-3.0000
00:38:33,-3.0000
00:38:34,-3.0000
00:38:35,-3.0000
00:38:36,-3.0000
00:38:37,-3.0000
00:38:38,-3.0000
00:38:39,-3.0000
00:38:40,-3.0000
00:38:41,-3.0000
00:38:42,-3.0000
00:38:43,-3.0625
00:38:44,-3.0000
00:38:45,-3.0000
00:38:46,-3.0000
00:38:47,-3.0000
00:38:48,-3.0000
00:38:49,-3.0000
00:38:50,-3.0000
00:38:51,-3.0000
00:38:52,-3.0000
00:38:53,-3.0000
00:38:54,-3.0000
00:38:55,-3.0625
00:38:56,-3.0000
00:38:57,-3.0000
00:38:58,-3.0625
00:38:59,-3.0000
00:39:01,-3.0000
00:39:02,-3.0000
00:39:03,-3.0625
00:39:04,-3.0000
00:39:05,-3.0000
00:39:06,-3.0000
00:39:07,-3.0000
00:39:08,-3.0000
00:39:09,-3.0000
00:39:10,-3.0000
00:39:11,-3.0000
00:39:12,-3.0000
00:39:13,-3.0625
00:39:14,-3.0625
00:39:15,-3.0000
00:39:16,-3.0625
00:39:17,-3.0000
00:39:18,-3.0000
00:39:19,-3.0000
00:39:20,-3.0000
00:39:21,-3.0000
00:39:22,-3.0000
00:39:23,-3.0000
00:39:24,-3.0625
00:39:25,-3.0000
00:39:26,-3.0000
00:39:27,-3.0000
00:39:28,-3.0625
00:39:29,-3.0000
00:39:30,-3.0625
00:39:31,-3.0000
00:39:32,-3.0625
00:39:33,-3.0625
00:39:34,-3.0625
00:39:36,-3.0000
00:39:37,-3.0625
00:39:38,-3.0000
00:39:39,-3.0000
00:39:40,-3.0625
00:39:41,-3.0000
00:39:42,-3.0000
00:39:43,-3.0625
00:39:44,-3.0625
00:39:45,-3.0625
00:39:46,-3.0000
00:39:47,-3.0625
00:39:48,-3.0625
00:39:49,-3.0625
00:39:50,-3.0000
00:39:51,-3.0000
00:39:52,-3.0000
00:39:53,-3.0000
00:39:54,-3.0000
00:39:55,-3.0000
00:39:56,-3.0000
00:39:57,-3.0000
00:39:58,-3.0000
00:39:59,-3.0000
00:40:00,-3.0000
00:40:01,-3.0000
00:40:02,-3.0000
00:40:03,-3.0000
00:40:04,-3.0000
00:40:05,-3.0000
00:40:06,-3.0000
00:40:07,-3.0000
00:40:08,-3.0000
00:40:10,-3.0000
00:40:11,-3.0000
00:40:12,-3.0000
00:40:13,-3.0000
00:40:14,-3.0000
00:40:15,-3.0000
00:40:16,-3.0000
00:40:17,-3.0000
00:40:18,-3.0000
00:40:19,-3.0000
00:40:20,-3.0000
00:40:21,-3.0000
00:40:22,-3.0000
00:40:23,-3.0000
00:40:24,-3.0000
00:40:25,-3.0000
00:40:26,-3.0000
00:40:27,-3.0000
00:40:28,-3.0000
00:40:29,-3.0000
00:40:30,-3.0000
00:40:31,-3.0000
00:40:32,-3.0000
00:40:33,-3.0000
00:40:34,-3.0000
00:40:35,-3.0000
00:40:36,-3.0000
00:40:37,-3.0625
00:40:38,-3.0000
00:40:39,-3.0000
00:40:40,-3.0625
00:40:41,-3.0000
00:40:42,-3.0625
00:40:43,-3.0625
00:40:45,-3.0000
00:40:46,-3.0625
00:40:47,-3.0625
00:40:48,-3.0625
00:40:49,-3.0625
00:40:50,-3.0625
00:40:51,-3.0625
00:40:52,-3.0625
00:40:53,-3.0625
00:40:54,-3.0625
00:40:55,-3.0625
00:40:56,-3.0625
00:40:57,-3.0625
00:40:58,-3.0625
00:40:59,-3.0625
00:41:00,-3.0625
00:41:01,-3.0625
00:41:02,-3.0625
00:41:03,-3.0625
00:41:04,-3.1250
00:41:05,-3.0625
00:41:06,-3.0625
00:41:07,-3.0625
00:41:08,-3.0625
00:41:09,-3.0625
00:41:10,-3.0625
00:41:11,-3.0625
00:41:12,-3.0625
00:41:13,-3.0625
00:41:14,-3.0625
00:41:15,-3.0625
00:41:16,-3.0625
00:41:17,-3.0625
00:41:19,-3.1250
00:41:20,-3.1250
00:41:21,-3.1250
00:41:22,-3.1250
00:41:23,-3.0625
00:41:24,-3.1250
00:41:25,-3.1250
00:41:26,-3.0625
00:41:27,-3.0625
00:41:28,-3.1250
00:41:29,-3.0625
00:41:30,-3.1250
00:41:31,-3.1250
00:41:32,-3.1250
00:41:33,-3.1250
00:41:34,-3.1250
00:41:35,-3.1250
00:41:36,-3.1250
00:41:37,-3.1250
00:41:38,-3.1250
00:41:39,-3.1250
00:41:40,-3.1250
00:41:41,-3.1250
00:41:42,-3.1250
00:41:43,-3.1250
00:41:44,-3.1250
00:41:45,-3.1250
00:41:46,-3.1250
00:41:47,-3.1250
00:41:48,-3.1250
00:41:49,-3.1250
00:41:50,-3.0625
00:41:51,-3.1250
00:41:53,-3.1250
00:41:54,-3.1250
00:41:55,-3.1250
00:41:56,-3.1250
00:41:57,-3.1250
00:41:58,-3.1250
00:41:59,-3.1250
00:42:00,-3.1250
00:42:01,-3.1250
00:42:02,-3.1250
00:42:03,-3.0625
00:42:04,-3.0625
00:42:05,-3.1250
00:42:06,-3.0625
00:42:07,-3.0625
00:42:08,-3.0625
00:42:09,-3.0625
00:42:10,-3.0625
00:42:11,-3.0625
00:42:12,-3.0625
00:42:13,-3.0625
00:42:14,-3.0625
00:42:15,-3.0625
00:42:16,-3.0625
00:42:17,-3.0625
00:42:18,-3.0625
00:42:19,-3.0625
00:42:20,-3.0000
00:42:21,-3.0000
00:42:22,-3.0625
00:42:23,-3.0625
00:42:24,-3.0000
00:42:25,-3.0000
00:42:26,-3.0000
00:42:28,-3.0000
00:42:29,-3.0000
00:42:30,-3.0000
00:42:31,-3.0000
00:42:32,-3.0000
00:42:33,-3.0000
00:42:34,-3.0000
00:42:35,-2.9375
00:42:36,-2.9375
00:42:37,-2.9375
00:42:38,-3.0000
00:42:39,-2.9375
00:42:40,-2.9375
00:42:41,-2.9375
00:42:42,-2.9375
00:42:43,-2.9375
00:42:44,-2.9375
00:42:45,-2.9375
00:42:46,-2.9375
00:42:47,-2.9375
00:42:48,-2.9375
00:42:49,-2.9375
00:42:50,-2.9375
00:42:51,-2.9375
00:42:52,-2.9375
00:42:53,-2.9375
00:42:54,-2.8750
00:42:55,-2.9375
00:42:56,-2.8750
00:42:57,-2.8750
00:42:58,-2.8750
00:42:59,-2.8750
00:43:00,-2.8750
00:43:02,-2.8750
00:43:03,-2.8125
00:43:04,-2.8750
00:43:05,-2.8750
00:43:06,-2.8750
00:43:07,-2.8125
00:43:08,-2.8125
00:43:09,-2.8125
00:43:10,-2.8125
00:43:11,-2.8125
00:43:12,-2.8125
00:43:13,-2.8125
00:43:14,-2.8125
00:43:15,-2.8125
00:43:16,-2.8125
00:43:17,-2.8125
00:43:18,-2.8125
00:43:19,-2.8125
00:43:20,-2.8125
00:43:21,-2.8125
00:43:22,-2.8125
00:43:23,-2.8125
00:43:24,-2.8125
00:43:25,-2.8125
00:43:26,-2.8125
00:43:27,-2.8125
00:43:28,-2.8125
00:43:29,-2.8125
00:43:30,-2.8125
00:43:31,-2.8125
00:43:32,-2.8125
00:43:33,-2.8125
00:43:34,-2.8125
00:43:35,-2.8125
00:43:37,-2.8125
00:43:38,-2.8125
00:43:39,-2.8125
00:43:40,-2.8125
00:43:41,-2.8125
00:43:42,-2.8125
00:43:43,-2.8125
00:43:44,-2.8125
00:43:45,-2.8750
00:43:46,-2.8750
00:43:47,-2.8125
00:43:48,-2.8750
00:43:49,-2.8125
00:43:50,-2.8125
00:43:51,-2.8125
00:43:52,-2.8750
00:43:53,-2.8125
00:43:54,-2.8750
00:43:55,-2.8750
00:43:56,-2.8750
00:43:57,-2.8125
00:43:58,-2.8750
00:43:59,-2.8750
00:44:00,-2.8750
00:44:01,-2.8750
00:44:02,-2.8750
00:44:03,-2.8750
00:44:04,-2.8750
00:44:05,-2.8750
00:44:06,-2.8750
00:44:07,-2.8750
00:44:08,-2.8750
00:44:09,-2.8750
00:44:11,-2.8750
00:44:12,-2.8750
00:44:13,-2.8750
00:44:14,-2.8750
00:44:15,-2.8750
00:44:16,-2.8750
00:44:17,-2.8750
00:44:18,-2.8750
00:44:19,-2.8750
00:44:20,-2.8750
00:44:21,-2.8750
00:44:22,-2.8750
00:44:23,-2.8750
00:44:24,-2.8750
00:44:25,-2.9375
00:44:26,-2.8750
00:44:27,-2.8750
00:44:28,-2.8750
00:44:29,-2.9375
00:44:30,-2.9375
00:44:31,-2.8750
00:44:32,-2.8750
00:44:33,-2.8750
00:44:34,-2.9375
00:44:35,-2.9375
00:44:36,-2.8750
00:44:37,-2.8750
00:44:38,-2.8750
00:44:39,-2.8750
00:44:40,-2.8750
00:44:41,-2.9375
00:44:42,-2.9375
00:44:43,-2.8750
00:44:44,-2.8750
00:44:46,-2.8750
00:44:47,-2.9375
00:44:48,-2.9375
00:44:49,-2.9375
00:44:50,-2.8750
00:44:51,-2.8750
00:44:52,-2.8750
00:44:53,-2.9375
00:44:54,-2.8750
00:44:55,-2.8750
00:44:56,-2.9375
00:44:57,-2.8750
00:44:58,-2.9375
00:44:59,-2.8750
00:45:00,-2.9375
00:45:01,-2.8750
00:45:02,-2.8750
00:45:03,-2.8750
00:45:04,-2.9375
00:45:05,-2.8750
00:45:06,-2.8750
00:45:07,-2.8750
00:45:08,-2.8750
00:45:09,-2.9375
00:45:10,-2.9375
00:45:11,-2.8750
00:45:12,-2.8750
00:45:13,-2.8750
00:45:14,-2.8750
00:45:15,-2.8750
00:45:16,-2.8750
00:45:17,-2.8750
00:45:18,-2.8750
00:45:20,-2.8750
00:45:21,-2.8750
00:45:22,-2.8750
00:45:23,-2.8750
00:45:24,-2.8750
00:45:25,-2.8750
00:45:26,-2.8750
00:45:27,-2.8750
00:45:28,-2.8750
00:45:29,-2.8750
00:45:30,-2.8750
00:45:31,-2.8750
00:45:32,-2.8750
00:45:33,-2.8750
00:45:34,-2.8750
00:45:35,-2.8750
00:45:36,-2.8750
00:45:37,-2.8750
00:45:38,-2.8750
00:45:39,-2.8750
00:45:40,-2.8750
00:45:41,-2.8750
00:45:42,-2.9375
00:45:43,-2.8750
00:45:44,-2.9375
00:45:45,-2.8750
00:45:46,-2.8750
00:45:47,-2.8750
00:45:48,-2.8750
00:45:49,-2.8750
00:45:50,-2.8750
00:45:51,-2.8750
00:45:52,-2.8750
00:45:53,-2.8750
00:45:55,-2.8750
00:45:56,-2.8750
00:45:57,-2.8750
00:45:58,-2.8750
00:45:59,-2.8125
00:46:00,-2.8750
00:46:01,-2.8750
00:46:02,-2.8125
00:46:03,-2.8750
00:46:04,-2.8750
00:46:05,-2.8750
00:46:06,-2.8125
00:46:07,-2.8125
00:46:08,-2.8125
00:46:09,-2.8125
00:46:10,-2.8125
00:46:11,-2.8125
00:46:12,-2.8125
00:46:13,-2.8125
00:46:14,-2.8125
00:46:15,-2.8125
00:46:16,-2.8125
00:46:17,-2.8125
00:46:18,-2.8125
00:46:19,-2.8125
00:46:20,-2.8125
00:46:21,-2.8125
00:46:22,-2.8125
00:46:23,-2.8750
00:46:24,-2.8125
00:46:25,-2.7500
00:46:26,-2.8125
00:46:27,-2.8125
00:46:29,-2.8125
00:46:30,-2.8125
00:46:31,-2.8125
00:46:32,-2.8125
00:46:33,-2.8125
00:46:34,-2.8125
00:46:35,-2.8125
00:46:36,-2.8125
00:46:37,-2.8125
00:46:38,-2.8125
00:46:39,-2.8125
00:46:40,-2.8125
00:46:41,-2.8125
00:46:42,-2.8125
00:46:43,-2.8125
00:46:44,-2.8125
00:46:45,-2.8125
00:46:46,-2.8125
00:46:47,-2.8125
00:46:48,-2.8125
00:46:49,-2.8125
00:46:50,-2.8125
00:46:51,-2.8125
00:46:52,-2.8125
00:46:53,-2.8125
00:46:54,-2.8125
00:46:55,-2.8125
00:46:56,-2.7500
00:46:57,-2.8125
00:46:58,-2.7500
00:46:59,-2.8125
00:47:00,-2.8125
00:47:01,-2.8125
00:47:02,-2.7500
00:47:04,-2.7500
00:47:05,-2.7500
00:47:06,-2.7500
00:47:07,-2.8125
00:47:08,-2.7500
00:47:09,-2.7500
00:47:10,-2.7500
00:47:11,-2.7500
00:47:12,-2.8125
00:47:13,-2.7500
00:47:14,-2.7500
00:47:15,-2.7500
00:47:16,-2.8125
00:47:17,-2.7500
00:47:18,-2.7500
00:47:19,-2.8125
00:47:20,-2.8125
00:47:21,-2.8125
00:47:22,-2.8125
00:47:23,-2.8125
00:47:24,-2.8125
00:47:25,-2.7500
00:47:26,-2.8125
00:47:27,-2.8125
00:47:28,-2.8125
00:47:29,-2.8125
00:47:30,-2.8125
00:47:31,-2.7500
00:47:32,-2.8125
00:47:33,-2.8125
00:47:34,-2.7500
00:47:35,-2.8125
00:47:36,-2.8125
00:47:38,-2.8125
00:47:39,-2.8125
00:47:40,-2.8125
00:47:41,-2.8125
00:47:42,-2.8125
00:47:43,-2.8125
00:47:44,-2.8125
00:47:45,-2.8125
00:47:46,-2.7500
00:47:47,-2.8125
00:47:48,-2.8125
00:47:49,-2.8125
00:47:50,-2.8125
00:47:51,-2.8125
00:47:52,-2.8125
00:47:53,-2.8125
00:47:54,-2.7500
00:47:55,-2.8125
00:47:56,-2.8125
00:47:57,-2.8125
00:47:58,-2.8125
00:47:59,-2.8125
00:48:00,-2.8125
00:48:01,-2.8125
00:48:02,-2.8125
00:48:03,-2.7500
00:48:04,-2.7500
00:48:05,-2.8125
00:48:06,-2.8125
00:48:07,-2.7500
00:48:08,-2.8125
00:48:09,-2.7500
00:48:10,-2.7500
00:48:11,-2.7500
00:48:13,-2.7500
00:48:14,-2.7500
00:48:15,-2.7500
00:48:16,-2.7500
00:48:17,-2.7500
00:48:18,-2.7500
00:48:19,-2.7500
00:48:20,-2.7500
00:48:21,-2.7500
00:48:22,-2.7500
00:48:23,-2.7500
00:48:24,-2.7500
00:48:25,-2.7500
00:48:26,-2.7500
00:48:27,-2.7500
00:48:28,-2.7500
00:48:29,-2.7500
00:48:30,-2.7500
00:48:31,-2.7500
00:48:32,-2.7500
00:48:33,-2.7500
00:48:34,-2.7500
00:48:35,-2.7500
00:48:36,-2.7500
00:48:37,-2.7500
00:48:38,-2.7500
00:48:39,-2.6875
00:48:40,-2.7500
00:48:41,-2.7500
00:48:42,-2.7500
00:48:43,-2.7500
00:48:44,-2.7500
00:48:45,-2.7500
00:48:47,-2.6875
00:48:48,-2.7500
00:48:49,-2.7500
00:48:50,-2.6875
00:48:51,-2.7500
00:48:52,-2.6875
00:48:53,-2.6875
00:48:54,-2.6875
00:48:55,-2.6875
00:48:56,-2.6250
00:48:57,-2.6875
00:48:58,-2.6875
00:48:59,-2.6875
00:49:00,-2.6250
00:49:01,-2.6875
00:49:02,-2.6875
00:49:03,-2.6250
00:49:04,-2.6875
00:49:05,-2.6875
00:49:06,-2.6250
00:49:07,-2.6250
00:49:08,-2.6875
00:49:09,-2.6875
00:49:10,-2.6250
00:49:11,-2.6250
00:49:12,-2.6250
00:49:13,-2.6250
00:49:14,-2.6250
00:49:15,-2.6250
00:49:16,-2.6250
00:49:17,-2.6250
00:49:18,-2.5625
00:49:19,-2.6250
00:49:21,-2.6250
00:49:22,-2.6250
00:49:23,-2.6250
00:49:24,-2.6250
00:49:25,-2.6250
00:49:26,-2.5625
00:49:27,-2.6250
00:49:28,-2.6250
00:49:29,-2.5625
00:49:30,-2.6250
00:49:31,-2.5625
00:49:32,-2.6250
00:49:33,-2.5625
00:49:34,-2.5625
00:49:35,-2.6250
00:49:36,-2.5625
00:49:37,-2.5625
00:49:38,-2.5625
00:49:39,-2.5625
00:49:40,-2.6250
00:49:41,-2.5625
00:49:42,-2.5625
00:49:43,-2.6250
00:49:44,-2.5625
00:49:45,-2.6250
00:49:46,-2.6250
00:49:47,-2.6250
00:49:48,-2.6250
00:49:49,-2.6250
00:49:50,-2.5625
00:49:51,-2.5625
00:49:52,-2.6250
00:49:53,-2.6250
00:49:54,-2.5625
00:49:56,-2.5625
00:49:57,-2.5625
00:49:58,-2.6250
00:49:59,-2.6250
00:50:00,-2.6250
00:50:01,-2.6250
00:50:02,-2.6250
00:50:03,-2.6250
00:50:04,-2.6250
00:50:05,-2.6250
00:50:06,-2.6250
00:50:07,-2.6250
00:50:08,-2.6250
00:50:09,-2.6250
00:50:10,-2.6250
00:50:11,-2.6250
00:50:12,-2.6250
00:50:13,-2.6250
00:50:14,-2.6250
00:50:15,-2.6250
00:50:16,-2.6250
00:50:17,-2.6250
00:50:18,-2.6250
00:50:19,-2.6875
00:50:20,-2.6250
00:50:21,-2.6875
00:50:22,-2.6250
00:50:23,-2.6250
00:50:24,-2.6250
00:50:25,-2.6875
00:50:26,-2.6250
00:50:27,-2.6250
00:50:28,-2.6250
00:50:30,-2.6250
00:50:31,-2.6250
00:50:32,-2.6250
00:50:33,-2.6250
00:50:34,-2.6250
00:50:35,-2.6250
00:50:36,-2.6250
00:50:37,-2.6250
00:50:38,-2.6250
00:50:39,-2.6250
00:50:40,-2.5625
00:50:41,-2.6250
00:50:42,-2.6250
00:50:43,-2.5625
00:50:44,-2.5625
00:50:45,-2.5625
00:50:46,-2.5625
00:50:47,-2.5625
00:50:48,-2.5625
00:50:49,-2.5625
00:50:50,-2.5625
00:50:51,-2.5625
00:50:52,-2.5625
00:50:53,-2.5625
00:50:54,-2.5625
00:50:55,-2.5625
00:50:56,-2.5625
00:50:57,-2.5625
00:50:58,-2.5000
00:50:59,-2.5000
00:51:00,-2.5625
00:51:01,-2.5625
00:51:02,-2.5000
00:51:03,-2.5000
00:51:05,-2.5000
00:51:06,-2.5625
00:51:07,-2.5000
00:51:08,-2.5000
00:51:09,-2.5000
00:51:10,-2.5625
00:51:11,-2.5625
00:51:12,-2.5625
00:51:13,-2.5625
00:51:14,-2.5625
00:51:15,-2.5625
00:51:16,-2.5625
00:51:17,-2.5000
00:51:18,-2.5000
00:51:19,-2.5000
00:51:20,-2.5625
00:51:21,-2.5625
00:51:22,-2.5625
00:51:23,-2.5625
00:51:24,-2.5625
00:51:25,-2.5625
00:51:26,-2.5625
00:51:27,-2.5625
00:51:28,-2.5625
00:51:29,-2.5625
00:51:30,-2.5625
00:51:31,-2.5625
00:51:32,-2.5625
00:51:33,-2.5625
00:51:34,-2.5625
00:51:35,-2.5625
00:51:36,-2.5625
00:51:37,-2.5625
00:51:39,-2.5625
00:51:40,-2.5625
00:51:41,-2.5625
00:51:42,-2.6250
00:51:43,-2.6250
00:51:44,-2.5625
00:51:45,-2.5625
00:51:46,-2.5625
00:51:47,-2.5625
00:51:48,-2.5625
00:51:49,-2.5625
00:51:50,-2.5625
00:51:51,-2.5625
00:51:52,-2.5625
00:51:53,-2.5625
00:51:54,-2.5625
00:51:55,-2.5625
00:51:56,-2.5625
00:51:57,-2.5625
00:51:58,-2.5625
00:51:59,-2.5000
00:52:00,-2.5625
00:52:01,-2.5625
00:52:02,-2.5625
00:52:03,-2.5000
00:52:04,-2.5000
00:52:05,-2.5000
00:52:06,-2.5000
00:52:07,-2.5000
00:52:08,-2.5000
00:52:09,-2.5000
00:52:10,-2.5000
00:52:11,-2.5000
00:52:12,-2.5000
00:52:14,-2.5000
00:52:15,-2.5000
00:52:16,-2.5000
00:52:17,-2.5000
00:52:18,-2.5000
00:52:19,-2.5000
00:52:20,-2.5000
00:52:21,-2.5000
00:52:22,-2.5000
00:52:23,-2.5000
00:52:24,-2.5625
00:52:25,-2.5625
00:52:26,-2.5000
00:52:27,-2.5000
00:52:28,-2.5625
00:52:29,-2.5000
00:52:30,-2.5000
00:52:31,-2.5625
00:52:32,-2.5625
00:52:33,-2.5000
00:52:34,-2.5000
00:52:35,-2.5625
00:52:36,-2.5625
00:52:37,-2.5625
00:52:38,-2.5625
00:52:39,-2.5625
00:52:40,-2.5625
00:52:41,-2.5625
00:52:42,-2.5625
00:52:43,-2.5625
00:52:44,-2.5625
00:52:45,-2.5625
00:52:46,-2.5625
00:52:48,-2.5625
00:52:49,-2.5625
00:52:50,-2.5625
00:52:51,-2.5625
00:52:52,-2.5625
00:52:53,-2.5625
00:52:54,-2.5625
00:52:55,-2.5625
00:52:56,-2.5625
00:52:57,-2.5625
00:52:58,-2.5625
00:52:59,-2.5625
00:53:00,-2.5625
00:53:01,-2.5625
00:53:02,-2.5625
00:53:03,-2.5625
00:53:04,-2.5625
00:53:05,-2.5625
00:53:06,-2.5625
00:53:07,-2.6250
00:53:08,-2.5625
00:53:09,-2.5625
00:53:10,-2.5625
00:53:11,-2.5625
00:53:12,-2.6250
00:53:13,-2.6250
00:53:14,-2.6250
00:53:15,-2.6250
00:53:16,-2.6250
00:53:17,-2.6250
00:53:18,-2.6250
00:53:19,-2.5625
00:53:20,-2.6250
00:53:21,-2.6250
00:53:23,-2.6250
00:53:24,-2.5625
00:53:25,-2.6250
00:53:26,-2.5625
00:53:27,-2.6250
00:53:28,-2.5625
00:53:29,-2.6250
00:53:30,-2.6250
00:53:31,-2.6250
00:53:32,-2.6250
00:53:33,-2.6250
00:53:34,-2.5625
00:53:35,-2.5625
00:53:36,-2.6250
00:53:37,-2.6250
00:53:38,-2.6250
00:53:39,-2.6250
00:53:40,-2.5625
00:53:41,-2.6250
00:53:42,-2.6250
00:53:43,-2.6250
00:53:44,-2.6250
00:53:45,-2.5625
00:53:46,-2.5625
00:53:47,-2.6250
00:53:48,-2.6250
00:53:49,-2.6250
00:53:50,-2.6250
00:53:51,-2.6250
00:53:52,-2.6250
00:53:53,-2.6250
00:53:54,-2.6250
00:53:55,-2.6250
00:53:57,-2.6250
00:53:58,-2.6250
00:53:59,-2.6250
00:54:00,-2.6250
00:54:01,-2.6250
00:54:02,-2.6250
00:54:03,-2.6250
00:54:04,-2.6250
00:54:05,-2.6250
00:54:06,-2.6250
00:54:07,-2.6250
00:54:08,-2.6250
00:54:09,-2.6250
00:54:10,-2.6250
00:54:11,-2.6250
00:54:12,-2.6250
00:54:13,-2.6250
00:54:14,-2.6250
00:54:15,-2.6250
00:54:16,-2.6875
00:54:17,-2.6250
00:54:18,-2.6250
00:54:19,-2.6875
00:54:20,-2.6250
00:54:21,-2.6250
00:54:22,-2.6875
00:54:23,-2.6250
00:54:24,-2.6875
00:54:25,-2.6875
00:54:26,-2.6250
00:54:27,-2.6250
00:54:28,-2.6875
00:54:29,-2.6875
00:54:30,-2.6875
00:54:32,-2.6875
00:54:33,-2.6875
00:54:34,-2.6875
00:54:35,-2.6875
00:54:36,-2.6875
00:54:37,-2.6875
00:54:38,-2.6875
00:54:39,-2.6875
00:54:40,-2.6875
00:54:41,-2.6875
00:54:42,-2.6875
00:54:43,-2.6875
00:54:44,-2.6875
00:54:45,-2.6875
00:54:46,-2.6875
00:54:47,-2.6875
00:54:48,-2.6875
00:54:49,-2.6875
00:54:50,-2.6875
00:54:51,-2.6875
00:54:52,-2.6875
00:54:53,-2.6875
00:54:54,-2.6875
00:54:55,-2.6875
00:54:56,-2.6875
00:54:57,-2.6875
00:54:58,-2.6875
00:54:59,-2.6875
00:55:00,-2.7500
00:55:01,-2.7500
00:55:02,-2.6875
00:55:03,-2.6875
00:55:04,-2.6875
00:55:06,-2.7500
00:55:07,-2.7500
00:55:08,-2.6875
00:55:09,-2.7500
00:55:10,-2.7500
00:55:11,-2.7500
00:55:12,-2.6875
00:55:13,-2.7500
00:55:14,-2.7500
00:55:15,-2.6875
00:55:16,-2.7500
00:55:17,-2.7500
00:55:18,-2.6875
00:55:19,-2.7500
00:55:20,-2.7500
00:55:21,-2.7500
00:55:22,-2.7500
00:55:23,-2.7500
00:55:24,-2.7500
00:55:25,-2.7500
00:55:26,-2.7500
00:55:27,-2.7500
00:55:28,-2.7500
00:55:29,-2.7500
00:55:30,-2.7500
00:55:31,-2.7500
00:55:32,-2.7500
00:55:33,-2.7500
00:55:34,-2.7500
00:55:35,-2.7500
00:55:36,-2.7500
00:55:37,-2.7500
00:55:38,-2.8125
00:55:39,-2.7500
00:55:41,-2.7500
00:55:42,-2.7500
00:55:43,-2.7500
00:55:44,-2.7500
00:55:45,-2.7500
00:55:46,-2.7500
00:55:47,-2.7500
00:55:48,-2.7500
00:55:49,-2.8125
00:55:50,-2.8125
00:55:51,-2.8125
00:55:52,-2.8125
00:55:53,-2.8125
00:55:54,-2.7500
00:55:55,-2.8125
00:55:56,-2.8125
00:55:57,-2.8125
00:55:58,-2.7500
00:55:59,-2.8125
00:56:00,-2.7500
00:56:01,-2.8125
00:56:02,-2.8125
00:56:03,-2.8125
00:56:04,-2.8125
00:56:05,-2.8125
00:56:06,-2.8125
00:56:07,-2.8125
00:56:08,-2.8125
00:56:09,-2.8125
00:56:10,-2.8125
00:56:11,-2.8125
00:56:12,-2.8125
00:56:13,-2.8125
00:56:15,-2.8125
00:56:16,-2.8125
00:56:17,-2.8125
00:56:18,-2.8125
00:56:19,-2.8125
00:56:20,-2.8125
00:56:21,-2.8125
00:56:22,-2.8125
00:56:23,-2.8125
00:56:24,-2.8125
00:56:25,-2.8125
00:56:26,-2.8125
00:56:27,-2.8125
00:56:28,-2.8125
00:56:29,-2.8125
00:56:30,-2.8125
00:56:31,-2.8125
00:56:32,-2.8125
00:56:33,-2.8125
00:56:34,-2.8125
00:56:35,-2.8125
00:56:36,-2.8125
00:56:37,-2.8125
00:56:38,-2.8125
00:56:39,-2.8125
00:56:40,-2.8750
00:56:41,-2.8125
00:56:42,-2.8125
00:56:43,-2.8750
00:56:44,-2.8750
00:56:45,-2.8125
00:56:46,-2.8750
00:56:47,-2.8125
00:56:49,-2.8750
00:56:50,-2.8125
00:56:51,-2.8125
00:56:52,-2.8125
00:56:53,-2.8750
00:56:54,-2.8750
00:56:55,-2.8750
00:56:56,-2.8750
00:56:57,-2.8125
00:56:58,-2.8750
00:56:59,-2.8750
00:57:00,-2.8125
00:57:01,-2.8750
00:57:02,-2.8750
00:57:03,-2.8750
00:57:04,-2.8750
00:57:05,-2.8750
00:57:06,-2.8750
00:57:07,-2.8750
00:57:08,-2.8750
00:57:09,-2.8750
00:57:10,-2.8750
00:57:11,-2.8750
00:57:12,-2.8750
00:57:13,-2.8750
00:57:14,-2.8750
00:57:15,-2.8750
00:57:16,-2.8750
00:57:17,-2.8750
00:57:18,-2.8750
00:57:19,-2.8750
00:57:20,-2.8750
00:57:21,-2.8750
00:57:22,-2.8750
00:57:24,-2.8750
00:57:25,-2.8750
00:57:26,-2.8750
00:57:27,-2.8750
00:57:28,-2.8750
00:57:29,-2.8750
00:57:30,-2.8750
00:57:31,-2.8750
00:57:32,-2.8750
00:57:33,-2.8125
00:57:34,-2.8750
00:57:35,-2.8125
00:57:36,-2.8125
00:57:37,-2.8125
00:57:38,-2.8750
00:57:39,-2.8125
00:57:40,-2.8125
00:57:41,-2.8125
00:57:42,-2.8125
00:57:43,-2.8125
00:57:44,-2.8125
00:57:45,-2.8125
00:57:46,-2.8125
00:57:47,-2.8125
00:57:48,-2.8125
00:57:49,-2.8125
00:57:50,-2.8125
00:57:51,-2.8125
00:57:52,-2.8125
00:57:53,-2.8125
00:57:54,-2.8125
00:57:55,-2.8125
00:57:56,-2.8125
00:57:58,-2.8125
00:57:59,-2.8125
00:58:00,-2.8125
00:58:01,-2.8125
00:58:02,-2.8125
00:58:03,-2.8125
00:58:04,-2.8750
00:58:05,-2.8750
00:58:06,-2.8125
00:58:07,-2.8125
00:58:08,-2.8125
00:58:09,-2.8125
00:58:10,-2.8125
00:58:11,-2.8125
00:58:12,-2.8125
00:58:13,-2.8750
00:58:14,-2.8125
00:58:15,-2.8125
00:58:16,-2.8750
00:58:17,-2.8125
00:58:18,-2.8125
00:58:19,-2.8750
00:58:20,-2.8750
00:58:21,-2.8125
00:58:22,-2.8750
00:58:23,-2.8125
00:58:24,-2.8750
00:58:25,-2.8125
00:58:26,-2.8750
00:58:27,-2.8125
00:58:28,-2.8750
00:58:29,-2.8750
00:58:30,-2.8750
00:58:31,-2.8750
00:58:33,-2.8750
00:58:34,-2.8750
00:58:35,-2.8125
00:58:36,-2.8125
00:58:37,-2.8750
00:58:38,-2.8750
00:58:39,-2.8750
00:58:40,-2.8750
00:58:41,-2.8750
00:58:42,-2.8750
00:58:43,-2.8750
00:58:44,-2.8750
00:58:45,-2.8750
00:58:46,-2.8750
00:58:47,-2.8750
00:58:48,-2.8750
00:58:49,-2.8750
00:58:50,-2.8750
00:58:51,-2.8750
00:58:52,-2.8750
00:58:53,-2.8750
00:58:54,-2.8750
00:58:55,-2.8750
00:58:56,-2.8750
00:58:57,-2.8750
00:58:58,-2.8750
00:58:59,-2.8750
00:59:00,-2.8750
00:59:01,-2.8750
00:59:02,-2.8750
00:59:03,-2.8750
00:59:04,-2.8750
00:59:05,-2.8750
00:59:07,-2.8750
00:59:08,-2.8750
00:59:09,-2.9375
00:59:10,-2.8750
00:59:11,-2.8750
00:59:12,-2.8750
00:59:13,-2.8750
00:59:14,-2.9375
00:59:15,-2.9375
00:59:16,-2.9375
00:59:17,-2.8750
00:59:18,-2.8750
00:59:19,-2.8750
00:59:20,-2.8750
00:59:21,-2.8750
00:59:22,-2.8750
00:59:23,-2.9375
00:59:24,-2.8750
00:59:25,-2.8750
00:59:26,-2.8750
00:59:27,-2.8750
00:59:28,-2.9375
00:59:29,-2.8750
00:59:30,-2.8750
00:59:31,-2.8750
00:59:32,-2.9375
00:59:33,-2.8750
00:59:34,-2.8750
00:59:35,-2.8750
00:59:36,-2.9375
00:59:37,-2.8750
00:59:38,-2.9375
00:59:39,-2.8750
00:59:40,-2.9375
00:59:42,-2.9375
00:59:43,-2.9375
00:59:44,-2.8750
00:59:45,-2.8750
00:59:46,-2.9375
00:59:47,-2.9375
00:59:48,-2.8750
00:59:49,-2.9375
00:59:50,-2.9375
00:59:51,-2.9375
00:59:52,-2.9375
00:59:53,-2.9375
00:59:54,-2.9375
00:59:55,-2.9375
00:59:56,-2.9375
00:59:57,-2.9375
00:59:58,-2.9375
00:59:59,-2.9375
01:00:00,-2.9375
01:00:01,-2.9375
01:00:02,-2.9375
01:00:03,-2.9375
01:00:04,-2.9375
01:00:05,-2.9375
01:00:06,-2.9375
01:00:07,-2.9375
01:00:08,-2.9375
01:00:09,-2.9375
01:00:10,-2.9375
01:00:11,-2.9375
01:00:12,-2.9375
01:00:13,-2.9375
01:00:14,-2.9375
01:00:16,-2.9375
01:00:17,-2.9375
01:00:18,-2.9375
01:00:19,-2.9375
01:00:20,-2.9375
01:00:21,-2.9375
01:00:22,-2.9375
01:00:23,-2.9375
01:00:24,-2.9375
01:00:25,-2.9375
01:00:26,-2.9375
01:00:27,-2.9375
01:00:28,-2.9375
01:00:29,-2.9375
01:00:30,-2.9375
01:00:31,-2.9375
01:00:32,-2.9375
01:00:33,-2.9375
01:00:34,-2.9375
01:00:35,-2.9375
01:00:36,-2.9375
01:00:37,-2.9375
01:00:38,-2.9375
01:00:39,-2.9375
01:00:40,-2.9375
01:00:41,-2.9375
01:00:42,-2.9375
01:00:43,-2.9375
01:00:44,-2.9375
01:00:45,-2.9375
01:00:46,-2.9375
01:00:47,-2.9375
01:00:48,-2.9375
01:00:49,-2.9375
01:00:51,-2.9375
01:00:52,-2.9375
01:00:53,-2.9375
01:00:54,-2.9375
01:00:55,-2.9375
01:00:56,-2.9375
01:00:57,-2.9375
01:00:58,-2.9375
01:00:59,-2.9375
01:01:00,-2.9375
01:01:01,-3.0000
01:01:02,-3.0000
01:01:03,-2.9375
01:01:04,-2.9375
01:01:05,-2.9375
01:01:06,-2.9375
01:01:07,-2.9375
01:01:08,-2.9375
01:01:09,-2.9375
01:01:10,-2.9375
01:01:11,-2.9375
01:01:12,-2.9375
01:01:13,-2.9375
01:01:14,-2.9375
01:01:15,-2.9375
01:01:16,-2.9375
01:01:17,-2.9375
01:01:18,-2.9375
01:01:19,-2.9375
01:01:20,-2.9375
01:01:21,-2.9375
01:01:22,-2.9375
01:01:23,-2.9375
01:01:25,-2.9375
01:01:26,-3.0000
01:01:27,-2.9375
01:01:28,-2.9375
01:01:29,-2.9375
01:01:30,-2.9375
01:01:31,-3.0000
01:01:32,-2.9375
01:01:33,-3.0000
01:01:34,-2.9375
01:01:35,-2.9375
01:01:36,-2.9375
01:01:37,-2.9375
01:01:38,-2.9375
01:01:39,-3.0000
01:01:40,-2.9375
01:01:41,-2.9375
01:01:42,-2.9375
01:01:43,-2.9375
01:01:44,-2.9375
01:01:45,-2.9375
01:01:46,-2.9375
01:01:47,-2.9375
01:01:48,-2.9375
01:01:49,-2.9375
01:01:50,-2.9375
01:01:51,-2.9375
01:01:52,-2.9375
01:01:53,-2.9375
01:01:54,-2.9375
01:01:55,-2.9375
01:01:56,-2.9375
01:01:57,-2.9375
01:01:58,-2.9375
01:02:00,-2.9375
01:02:01,-2.9375
01:02:02,-2.9375
01:02:03,-2.9375
01:02:04,-2.9375
01:02:05,-2.9375
01:02:06,-2.9375
01:02:07,-2.9375
01:02:08,-2.9375
01:02:09,-2.9375
01:02:10,-3.0000
01:02:11,-2.9375
01:02:12,-3.0000
01:02:13,-2.9375
01:02:14,-3.0000
01:02:15,-3.0000
01:02:16,-3.0000
01:02:17,-3.0000
01:02:18,-3.0000
01:02:19,-3.0000
01:02:20,-2.9375
01:02:21,-2.9375
01:02:22,-3.0000
01:02:23,-2.9375
01:02:24,-2.9375
01:02:25,-3.0000
01:02:26,-2.9375
01:02:27,-3.0000
01:02:28,-3.0000
01:02:29,-2.9375
01:02:30,-3.0000
01:02:31,-3.0000
01:02:32,-3.0000
01:02:34,-2.9375
01:02:35,-2.9375
01:02:36,-2.9375
01:02:37,-2.9375
01:02:38,-2.9375
01:02:39,-2.9375
01:02:40,-2.9375
01:02:41,-2.9375
01:02:42,-2.9375
01:02:43,-2.9375
01:02:44,-2.9375
01:02:45,-2.9375
01:02:46,-2.9375
01:02:47,-2.9375
01:02:48,-2.9375
01:02:49,-2.9375
01:02:50,-2.9375
01:02:51,-2.9375
01:02:52,-2.9375
01:02:53,-2.9375
01:02:54,-2.9375
01:02:55,-2.9375
01:02:56,-2.9375
01:02:57,-2.8750
01:02:58,-2.8750
01:02:59,-2.9375
01:03:00,-2.8750
01:03:01,-2.8750
01:03:02,-2.8750
01:03:03,-2.8750
01:03:04,-2.8750
01:03:05,-2.8750
01:03:06,-2.8750
01:03:07,-2.8750
01:03:09,-2.8125
01:03:10,-2.8125
01:03:11,-2.8750
01:03:12,-2.8125
01:03:13,-2.8125
01:03:14,-2.8125
01:03:15,-2.8125
01:03:16,-2.8125
01:03:17,-2.8125
01:03:18,-2.7500
01:03:19,-2.7500
01:03:20,-2.7500
01:03:21,-2.7500
01:03:22,-2.7500
01:03:23,-2.7500
01:03:24,-2.7500
01:03:25,-2.7500
01:03:26,-2.7500
01:03:27,-2.7500
01:03:28,-2.7500
01:03:29,-2.7500
01:03:30,-2.7500
01:03:31,-2.7500
01:03:32,-2.7500
01:03:33,-2.7500
01:03:34,-2.7500
01:03:35,-2.7500
01:03:36,-2.7500
01:03:37,-2.7500
01:03:38,-2.6875
01:03:39,-2.6875
01:03:40,-2.7500
01:03:41,-2.7500
01:03:43,-2.6875
01:03:44,-2.6875
01:03:45,-2.6875
01:03:46,-2.6875
01:03:47,-2.7500
01:03:48,-2.7500
01:03:49,-2.7500
01:03:50,-2.7500
01:03:51,-2.7500
01:03:52,-2.6875
01:03:53,-2.7500
01:03:54,-2.6875
01:03:55,-2.6875
01:03:56,-2.6875
01:03:57,-2.6875
01:03:58,-2.6875
01:03:59,-2.7500
01:04:00,-2.6875
01:04:01,-2.7500
01:04:02,-2.6875
01:04:03,-2.7500
01:04:04,-2.6875
01:04:05,-2.7500
01:04:06,-2.7500
01:04:07,-2.6875
01:04:08,-2.7500
01:04:09,-2.7500
01:04:10,-2.7500
01:04:11,-2.7500
01:04:12,-2.7500
01:04:13,-2.6875
01:04:14,-2.7500
01:04:15,-2.7500
01:04:16,-2.6875
01:04:18,-2.6875
01:04:19,-2.6875
01:04:20,-2.7500
01:04:21,-2.7500
01:04:22,-2.6875
01:04:23,-2.7500
01:04:24,-2.7500
01:04:25,-2.6875
01:04:26,-2.6875
01:04:27,-2.7500
01:04:28,-2.7500
01:04:29,-2.7500
01:04:30,-2.7500
01:04:31,-2.7500
01:04:32,-2.7500
01:04:33,-2.7500
01:04:34,-2.7500
01:04:35,-2.7500
01:04:36,-2.6875
01:04:37,-2.7500
01:04:38,-2.7500
01:04:39,-2.7500
01:04:40,-2.7500
01:04:41,-2.7500
01:04:42,-2.7500
01:04:43,-2.7500
01:04:44,-2.7500
01:04:45,-2.7500
01:04:46,-2.7500
01:04:47,-2.7500
01:04:48,-2.7500
01:04:49,-2.7500
01:04:50,-2.7500
01:04:52,-2.7500
01:04:53,-2.7500
01:04:54,-2.7500
01:04:55,-2.7500
01:04:56,-2.7500
01:04:57,-2.7500
01:04:58,-2.7500
01:04:59,-2.7500
01:05:00,-2.7500
01:05:01,-2.7500
01:05:02,-2.7500
01:05:03,-2.7500
01:05:04,-2.7500
01:05:05,-2.7500
01:05:06,-2.7500
01:05:07,-2.7500
01:05:08,-2.7500
01:05:09,-2.7500
01:05:10,-2.7500
01:05:11,-2.7500
01:05:12,-2.7500
01:05:13,-2.7500
01:05:14,-2.7500
01:05:15,-2.7500
01:05:16,-2.7500
01:05:17,-2.7500
01:05:18,-2.7500
01:05:19,-2.7500
01:05:20,-2.7500
01:05:21,-2.7500
01:05:22,-2.7500
01:05:23,-2.7500
01:05:24,-2.7500
01:05:25,-2.7500
01:05:27,-2.7500
01:05:28,-2.6875
01:05:29,-2.6875
01:05:30,-2.7500
01:05:31,-2.6875
01:05:32,-2.6875
01:05:33,-2.6875
01:05:34,-2.7500
01:05:35,-2.6875
01:05:36,-2.6875
01:05:37,-2.6875
01:05:38,-2.6875
01:05:39,-2.6875
01:05:40,-2.6875
01:05:41,-2.6875
01:05:42,-2.6875
01:05:43,-2.6875
01:05:44,-2.6250
01:05:45,-2.6250
01:05:46,-2.6875
01:05:47,-2.6875
01:05:48,-2.6875
01:05:49,-2.6875
01:05:50,-2.6250
01:05:51,-2.6250
01:05:52,-2.6250
01:05:53,-2.6250
01:05:54,-2.6250
01:05:55,-2.6250
01:05:56,-2.6250
01:05:57,-2.6250
01:05:58,-2.6250
01:05:59,-2.6250
01:06:01,-2.6250
01:06:02,-2.6250
01:06:03,-2.6250
01:06:04,-2.6250
01:06:05,-2.6250
01:06:06,-2.6250
01:06:07,-2.6250
01:06:08,-2.6250
01:06:09,-2.6250
01:06:10,-2.6250
01:06:11,-2.5625
01:06:12,-2.5625
01:06:13,-2.5625
01:06:14,-2.5625
01:06:15,-2.5625
01:06:16,-2.5625
01:06:17,-2.5625
01:06:18,-2.5625
01:06:19,-2.5625
01:06:20,-2.5625
01:06:21,-2.5625
01:06:22,-2.5625
01:06:23,-2.5000
01:06:24,-2.5000
01:06:25,-2.5000
01:06:26,-2.5000
01:06:27,-2.5000
01:06:28,-2.5000
01:06:29,-2.5000
01:06:30,-2.5000
01:06:31,-2.4375
01:06:32,-2.4375
01:06:33,-2.4375
01:06:34,-2.4375
01:06:36,-2.4375
01:06:37,-2.4375
01:06:38,-2.3750
01:06:39,-2.4375
01:06:40,-2.3750
01:06:41,-2.3750
01:06:42,-2.3750
01:06:43,-2.3750
01:06:44,-2.3750
01:06:45,-2.3750
01:06:46,-2.3750
01:06:47,-2.3750
01:06:48,-2.3750
01:06:49,-2.3750
01:06:50,-2.3125
01:06:51,-2.3750
01:06:52,-2.3750
01:06:53,-2.3750
01:06:54,-2.3125
01:06:55,-2.3750
01:06:56,-2.3125
01:06:57,-2.3750
01:06:58,-2.3125
01:06:59,-2.3125
01:07:00,-2.3125
01:07:01,-2.3125
01:07:02,-2.3750
01:07:03,-2.3125
01:07:04,-2.3125
01:07:05,-2.3125
01:07:06,-2.3125
01:07:07,-2.3125
01:07:08,-2.3125
01:07:10,-2.3125
01:07:11,-2.3125
01:07:12,-2.3125
01:07:13,-2.3125
01:07:14,-2.3125
01:07:15,-2.3125
01:07:16,-2.2500
01:07:17,-2.3125
01:07:18,-2.2500
01:07:19,-2.3125
01:07:20,-2.2500
01:07:21,-2.2500
01:07:22,-2.2500
01:07:23,-2.2500
01:07:24,-2.2500
01:07:25,-2.2500
01:07:26,-2.2500
01:07:27,-2.2500
01:07:28,-2.2500
01:07:29,-2.2500
01:07:30,-2.1875
01:07:31,-2.2500
01:07:32,-2.2500
01:07:33,-2.2500
01:07:34,-2.2500
01:07:35,-2.2500
01:07:36,-2.1875
01:07:37,-2.2500
01:07:38,-2.2500
01:07:39,-2.2500
01:07:40,-2.1875
01:07:41,-2.1875
01:07:42,-2.1875
01:07:43,-2.2500
01:07:45,-2.1875
01:07:46,-2.1875
01:07:47,-2.1875
01:07:48,-2.1875
01:07:49,-2.1875
01:07:50,-2.1875
01:07:51,-2.1875
01:07:52,-2.1875
01:07:53,-2.1875
01:07:54,-2.1875
01:07:55,-2.1875
01:07:56,-2.1875
01:07:57,-2.1875
01:07:58,-2.1875
01:07:59,-2.1875
01:08:00,-2.1875
01:08:01,-2.1875
01:08:02,-2.1875
01:08:03,-2.1875
01:08:04,-2.1250
01:08:05,-2.1250
01:08:06,-2.1250
01:08:07,-2.1250
01:08:08,-2.1250
01:08:09,-2.1250
01:08:10,-2.1250
01:08:11,-2.1250
01:08:12,-2.1250
01:08:13,-2.1250
01:08:14,-2.1250
01:08:15,-2.0625
01:08:16,-2.1250
01:08:17,-2.1250
01:08:19,-2.1250
01:08:20,-2.0625
01:08:21,-2.1250
01:08:22,-2.0625
01:08:23,-2.1250
01:08:24,-2.1250
01:08:25,-2.1250
01:08:26,-2.0625
01:08:27,-2.1250
01:08:28,-2.1250
01:08:29,-2.0625
01:08:30,-2.1250
01:08:31,-2.0625
01:08:32,-2.0625
01:08:33,-2.0625
01:08:34,-2.0625
01:08:35,-2.0625
01:08:36,-2.0625
01:08:37,-2.0625
01:08:38,-2.0625
01:08:39,-2.0625
01:08:40,-2.0625
01:08:41,-2.0625
01:08:42,-2.0625
01:08:43,-2.0625
01:08:44,-2.0625
01:08:45,-2.0625
01:08:46,-2.0625
01:08:47,-2.0625
01:08:48,-2.0625
01:08:49,-2.0625
01:08:50,-2.0000
01:08:51,-2.0625
01:08:52,-2.0000
01:08:54,-2.0000
01:08:55,-2.0000
01:08:56,-2.0000
01:08:57,-2.0625
01:08:58,-2.0000
01:08:59,-2.0000
01:09:00,-2.0000
01:09:01,-2.0000
01:09:02,-2.0000
01:09:03,-2.0000
01:09:04,-2.0000
01:09:05,-2.0000
01:09:06,-2.0000
01:09:07,-1.9375
01:09:08,-2.0000
01:09:09,-1.9375
01:09:10,-1.9375
01:09:11,-1.9375
01:09:12,-1.9375
01:09:13,-1.9375
01:09:14,-1.9375
01:09:15,-1.9375
01:09:16,-1.9375
01:09:17,-1.9375
01:09:18,-1.9375
01:09:19,-1.9375
01:09:20,-1.9375
01:09:21,-1.9375
01:09:22,-1.9375
01:09:23,-1.8750
01:09:24,-1.9375
01:09:25,-1.8750
01:09:26,-1.9375
01:09:28,-1.8750
01:09:29,-1.8750
01:09:30,-1.9375
01:09:31,-1.8750
01:09:32,-1.8750
01:09:33,-1.8750
01:09:34,-1.8750
01:09:35,-1.8750
01:09:36,-1.8750
01:09:37,-1.8750
01:09:38,-1.8750
01:09:39,-1.8750
01:09:40,-1.8750
01:09:41,-1.8750
01:09:42,-1.8750
01:09:43,-1.8750
01:09:44,-1.8750
01:09:45,-1.8750
01:09:46,-1.8750
01:09:47,-1.8750
01:09:48,-1.9375
01:09:49,-1.8750
01:09:50,-1.9375
01:09:51,-1.9375
01:09:52,-1.9375
01:09:53,-1.9375
01:09:54,-1.9375
01:09:55,-1.9375
01:09:56,-1.9375
01:09:57,-1.9375
01:09:58,-1.9375
01:09:59,-1.9375
01:10:00,-1.9375
01:10:01,-1.9375
01:10:03,-1.9375
01:10:04,-1.9375
01:10:05,-1.9375
01:10:06,-2.0000
01:10:07,-1.9375
01:10:08,-2.0000
01:10:09,-1.9375
01:10:10,-2.0000
01:10:11,-2.0000
01:10:12,-2.0000
01:10:13,-2.0000
01:10:14,-2.0000
01:10:15,-2.0000
01:10:16,-2.0000
01:10:17,-2.0000
01:10:18,-2.0000
01:10:19,-2.0000
01:10:20,-2.0000
01:10:21,-2.0000
01:10:22,-2.0000
01:10:23,-2.0000
01:10:24,-2.0000
01:10:25,-2.0000
01:10:26,-2.0000
01:10:27,-2.0000
01:10:28,-2.0000
01:10:29,-2.0000
01:10:30,-2.0000
01:10:31,-2.0000
01:10:32,-2.0625
01:10:33,-2.0000
01:10:34,-2.0625
01:10:35,-2.0625
01:10:37,-2.0625
01:10:38,-2.0625
01:10:39,-2.0625
01:10:40,-2.0625
01:10:41,-2.0625
01:10:42,-2.0000
01:10:43,-2.0625
01:10:44,-2.0625
01:10:45,-2.0625
01:10:46,-2.0625
01:10:47,-2.0625
01:10:48,-2.0625
01:10:49,-2.0625
01:10:50,-2.0625
01:10:51,-2.0625
01:10:52,-2.0625
01:10:53,-2.0625
01:10:54,-2.0625
01:10:55,-2.0625
01:10:56,-2.0625
01:10:57,-2.0625
01:10:58,-2.0625
01:10:59,-2.0625
01:11:00,-2.0625
01:11:01,-2.0625
01:11:02,-2.0625
01:11:03,-2.0625
01:11:04,-2.0625
01:11:05,-2.0625
01:11:06,-2.0625
01:11:07,-2.0625
01:11:08,-2.0625
01:11:09,-2.0625
01:11:10,-2.0625
01:11:12,-2.0625
01:11:13,-2.0000
01:11:14,-2.0625
01:11:15,-2.0625
01:11:16,-2.0000
01:11:17,-2.0625
01:11:18,-2.0625
01:11:19,-2.0625
01:11:20,-2.0625
01:11:21,-2.0625
01:11:22,-2.0625
01:11:23,-2.0625
01:11:24,-2.0625
01:11:25,-2.0625
01:11:26,-2.0625
01:11:27,-2.0625
01:11:28,-2.0625
01:11:29,-2.0625
01:11:30,-2.0625
01:11:31,-2.0625
01:11:32,-2.0625
01:11:33,-2.0625
01:11:34,-2.0625
01:11:35,-2.0625
01:11:36,-2.0625
01:11:37,-2.0625
01:11:38,-2.0625
01:11:39,-2.0625
01:11:40,-2.0625
01:11:41,-2.0625
01:11:42,-2.0625
01:11:43,-2.0625
01:11:44,-2.0625
01:11:46,-2.0625
01:11:47,-2.0625
01:11:48,-2.0625
01:11:49,-2.0625
01:11:50,-2.0625
01:11:51,-2.0625
01:11:52,-2.0625
01:11:53,-2.0625
01:11:54,-2.0625
01:11:55,-2.0625
01:11:56,-2.0625
01:11:57,-2.0625
01:11:58,-2.0625
01:11:59,-2.0625
01:12:00,-2.0625
01:12:01,-2.0625
01:12:02,-2.0000
01:12:03,-2.0000
01:12:04,-2.0625
01:12:05,-2.0000
01:12:06,-2.0000
01:12:07,-2.0000
01:12:08,-2.0000
01:12:09,-2.0000
01:12:10,-2.0000
01:12:11,-2.0000
01:12:12,-1.9375
01:12:13,-1.9375
01:12:14,-1.9375
01:12:15,-1.9375
01:12:16,-1.9375
01:12:17,-1.9375
01:12:18,-1.9375
01:12:19,-1.9375
01:12:21,-1.9375
01:12:22,-1.9375
01:12:23,-1.9375
01:12:24,-1.9375
01:12:25,-1.8750
01:12:26,-1.8750
01:12:27,-1.8750
01:12:28,-1.8750
01:12:29,-1.8750
01:12:30,-1.8750
01:12:31,-1.8750
01:12:32,-1.8750
01:12:33,-1.8750
01:12:34,-1.8125
01:12:35,-1.8750
01:12:36,-1.8125
01:12:37,-1.8750
01:12:38,-1.8125
01:12:39,-1.8125
01:12:40,-1.8125
01:12:41,-1.8125
01:12:42,-1.8125
01:12:43,-1.8125
01:12:44,-1.8125
01:12:45,-1.8125
01:12:46,-1.7500
01:12:47,-1.8125
01:12:48,-1.7500
01:12:49,-1.7500
01:12:50,-1.7500
01:12:51,-1.7500
01:12:52,-1.7500
01:12:53,-1.7500
01:12:55,-1.7500
01:12:56,-1.7500
01:12:57,-1.7500
01:12:58,-1.7500
01:12:59,-1.6875
01:13:00,-1.6875
01:13:01,-1.6875
01:13:02,-1.6875
01:13:03,-1.6875
01:13:04,-1.6875
01:13:05,-1.6875
01:13:06,-1.6250
01:13:07,-1.6875
01:13:08,-1.6875
01:13:09,-1.6250
01:13:10,-1.6875
01:13:11,-1.6250
01:13:12,-1.6250
01:13:13,-1.6250
01:13:14,-1.6250
01:13:15,-1.5625
01:13:16,-1.6250
01:13:17,-1.5625
01:13:18,-1.5625
01:13:19,-1.5000
01:13:20,-1.5000
01:13:21,-1.5000
01:13:22,-1.5000
01:13:23,-1.4375
01:13:24,-1.4375
01:13:25,-1.4375
01:13:26,-1.3750
01:13:27,-1.3750
01:13:28,-1.3750
01:13:30,-1.3750
01:13:31,-1.3125
01:13:32,-1.3125
01:13:33,-1.3125
01:13:34,-1.2500
01:13:35,-1.2500
01:13:36,-1.2500
01:13:37,-1.2500
01:13:38,-1.2500
01:13:39,-1.1875
01:13:40,-1.1875
01:13:41,-1.1875
01:13:42,-1.1875
01:13:43,-1.1875
01:13:44,-1.1250
01:13:45,-1.1250
01:13:46,-1.1250
01:13:47,-1.1250
01:13:48,-1.1250
01:13:49,-1.0625
01:13:50,-1.0625
01:13:51,-1.0625
01:13:52,-1.0625
01:13:53,-1.0625
01:13:54,-1.0625
01:13:55,-1.0000
01:13:56,-1.0000
01:13:57,-1.0000
01:13:58,-1.0000
01:13:59,-1.0000
01:14:00,-0.9375
01:14:01,-0.9375
01:14:02,-0.9375
01:14:04,-0.9375
01:14:05,-0.9375
01:14:06,-0.8750
01:14:07,-0.8750
01:14:08,-0.8750
01:14:09,-0.8750
01:14:10,-0.8750
01:14:11,-0.8750
01:14:12,-0.8750
01:14:13,-0.8750
01:14:14,-0.8125
01:14:15,-0.8125
01:14:16,-0.8125
01:14:17,-0.8125
01:14:18,-0.8125
01:14:19,-0.8125
01:14:20,-0.8125
01:14:21,-0.8125
01:14:22,-0.8125
01:14:23,-0.8125
01:14:24,-0.7500
01:14:25,-0.8125
01:14:26,-0.8125
01:14:27,-0.7500
01:14:28,-0.8125
01:14:29,-0.7500
01:14:30,-0.7500
01:14:31,-0.7500
01:14:32,-0.7500
01:14:33,-0.7500
01:14:34,-0.7500
01:14:35,-0.7500
01:14:36,-0.7500
01:14:37,-0.7500
01:14:39,-0.6875
01:14:40,-0.7500
01:14:41,-0.7500
01:14:42,-0.7500
01:14:43,-0.6875
01:14:44,-0.7500
01:14:45,-0.6875
01:14:46,-0.6875
01:14:47,-0.7500
01:14:48,-0.6875
01:14:49,-0.6875
01:14:50,-0.7500
01:14:51,-0.6875
01:14:52,-0.7500
01:14:53,-0.6875
01:14:54,-0.7500
01:14:55,-0.6875
01:14:56,-0.7500
01:14:57,-0.7500
01:14:58,-0.7500
01:14:59,-0.7500
01:15:00,-0.7500
01:15:01,-0.7500
01:15:02,-0.7500
01:15:03,-0.7500
01:15:04,-0.7500
01:15:05,-0.6875
01:15:06,-0.6875
01:15:07,-0.6875
01:15:08,-0.6875
01:15:09,-0.6875
01:15:10,-0.6875
01:15:11,-0.6875
01:15:13,-0.6875
01:15:14,-0.6875
01:15:15,-0.6250
01:15:16,-0.6250
01:15:17,-0.6875
01:15:18,-0.6250
01:15:19,-0.6250
01:15:20,-0.6250
01:15:21,-0.6250
01:15:22,-0.6250
01:15:23,-0.6250
01:15:24,-0.6250
01:15:25,-0.6250
01:15:26,-0.6250
01:15:27,-0.6250
01:15:28,-0.6250
01:15:29,-0.6250
01:15:30,-0.6250
01:15:31,-0.6250
01:15:32,-0.6250
01:15:33,-0.6250
01:15:34,-0.6250
01:15:35,-0.6250
01:15:36,-0.6250
01:15:37,-0.6250
01:15:38,-0.6250
01:15:39,-0.6250
01:15:40,-0.6250
01:15:41,-0.6250
01:15:42,-0.6250
01:15:43,-0.6250
01:15:44,-0.6250
01:15:45,-0.6250
01:15:47,-0.6250
01:15:48,-0.6250
01:15:49,-0.6250
01:15:50,-0.6250
01:15:51,-0.6250
01:15:52,-0.6250
01:15:53,-0.6250
01:15:54,-0.6250
01:15:55,-0.6250
01:15:56,-0.6250
01:15:57,-0.6250
01:15:58,-0.6250
01:15:59,-0.6250
01:16:00,-0.6250
01:16:01,-0.6250
01:16:02,-0.6250
01:16:03,-0.6250
01:16:04,-0.5625
01:16:05,-0.5625
01:16:06,-0.6250
01:16:07,-0.6250
01:16:08,-0.6250
01:16:09,-0.6250
01:16:10,-0.6250
01:16:11,-0.6250
01:16:12,-0.6250
01:16:13,-0.6250
01:16:14,-0.6250
01:16:15,-0.6250
01:16:16,-0.6250
01:16:17,-0.6250
01:16:18,-0.6250
01:16:19,-0.6250
01:16:20,-0.6250
01:16:22,-0.6250
01:16:23,-0.6250
01:16:24,-0.6250
01:16:25,-0.6250
01:16:26,-0.6250
01:16:27,-0.6250
01:16:28,-0.6250
01:16:29,-0.6250
01:16:30,-0.6250
01:16:31,-0.6250
01:16:32,-0.6250
01:16:33,-0.6250
01:16:34,-0.6250
01:16:35,-0.6250
01:16:36,-0.6875
01:16:37,-0.6250
01:16:38,-0.6250
01:16:39,-0.6250
01:16:40,-0.6250
01:16:41,-0.6250
01:16:42,-0.6250
01:16:43,-0.6250
01:16:44,-0.6250
01:16:45,-0.6250
01:16:46,-0.6250
01:16:47,-0.6250
01:16:48,-0.6250
01:16:49,-0.6250
01:16:50,-0.6250
01:16:51,-0.6250
01:16:52,-0.6250
01:16:53,-0.6250
01:16:54,-0.6250
01:16:56,-0.6250
01:16:57,-0.6250
01:16:58,-0.6250
01:16:59,-0.6250
01:17:00,-0.6250
01:17:01,-0.6250
01:17:02,-0.6250
01:17:03,-0.6250
01:17:04,-0.6250
01:17:05,-0.5625
01:17:06,-0.5625
01:17:07,-0.5625
01:17:08,-0.5625
01:17:09,-0.5625
01:17:10,-0.5625
01:17:11,-0.5625
01:17:12,-0.5000
01:17:13,-0.5000
01:17:14,-0.5000
01:17:15,-0.5000
01:17:16,-0.5000
01:17:17,-0.5000
01:17:18,-0.5000
01:17:19,-0.5000
01:17:20,-0.4375
01:17:21,-0.4375
01:17:22,-0.4375
01:17:23,-0.4375
01:17:24,-0.4375
01:17:25,-0.4375
01:17:26,-0.4375
01:17:27,-0.4375
01:17:28,-0.4375
01:17:29,-0.4375
01:17:31,-0.4375
01:17:32,-0.4375
01:17:33,-0.4375
01:17:34,-0.4375
01:17:35,-0.4375
01:17:36,-0.4375
01:17:37,-0.4375
01:17:38,-0.4375
01:17:39,-0.4375
01:17:40,-0.4375
01:17:41,-0.4375
01:17:42,-0.3750
01:17:43,-0.4375
01:17:44,-0.3750
01:17:45,-0.4375
01:17:46,-0.4375
01:17:47,-0.4375
01:17:48,-0.4375
01:17:49,-0.4375
01:17:50,-0.3750
01:17:51,-0.4375
01:17:52,-0.4375
01:17:53,-0.4375
01:17:54,-0.3750
01:17:55,-0.3750
01:17:56,-0.3750
01:17:57,-0.4375
01:17:58,-0.3750
01:17:59,-0.4375
01:18:00,-0.3750
01:18:01,-0.4375
01:18:02,-0.3750
01:18:03,-0.3750
01:18:05,-0.3750
01:18:06,-0.3750
01:18:07,-0.3750
01:18:08,-0.3750
01:18:09,-0.3125
01:18:10,-0.3125
01:18:11,-0.3125
01:18:12,-0.3125
01:18:13,-0.3125
01:18:14,-0.3125
01:18:15,-0.3125
01:18:16,-0.3125
01:18:17,-0.3125
01:18:18,-0.3125
01:18:19,-0.3125
01:18:20,-0.3125
01:18:21,-0.3125
01:18:22,-0.3125
01:18:23,-0.3125
01:18:24,-0.3125
01:18:25,-0.3125
01:18:26,-0.3125
01:18:27,-0.3125
01:18:28,-0.3125
01:18:29,-0.3125
01:18:30,-0.3125
01:18:31,-0.3125
01:18:32,-0.3125
01:18:33,-0.3125
01:18:34,-0.3125
01:18:35,-0.3125
01:18:36,-0.3125
01:18:37,-0.3125
01:18:38,-0.3125
01:18:40,-0.3125
01:18:41,-0.3125
