=~=~=~=~=~=~=~=~=~=~=~= PuTTY log 2025.11.04 13:43:01 =~=~=~=~=~=~=~=~=~=~=~=
READY
00:00:00,10.1250
00:00:01,10.0625
00:00:02,9.9375
00:00:03,9.9375
00:00:04,9.9375
00:00:05,9.8125
00:00:06,9.8125
00:00:07,9.7500
00:00:08,9.7500
00:00:09,9.6875
00:00:10,9.6250
00:00:11,9.5625
00:00:12,9.5000
00:00:13,9.5000
00:00:14,9.4375
00:00:15,9.3750
00:00:16,9.3125
00:00:17,9.3125
00:00:18,9.2500
00:00:19,9.1875
00:00:20,9.1250
00:00:21,9.0625
00:00:22,9.0625
00:00:23,9.0000
00:00:24,8.9375
00:00:25,8.8750
00:00:26,8.8125
00:00:27,8.7500
00:00:28,8.7500
00:00:29,8.6875
00:00:31,8.6250
00:00:32,8.5625
00:00:33,8.5000
00:00:34,8.5000
00:00:35,8.3750
00:00:36,8.3750
00:00:37,8.3750
00:00:38,8.3125
00:00:39,8.3125
00:00:40,8.2500
00:00:41,8.1875
00:00:42,8.1875
00:00:43,8.1875
00:00:44,8.1250
00:00:45,8.1250
00:00:46,8.0625
00:00:47,8.0000
00:00:48,8.0000
00:00:49,8.0000
00:00:50,7.9375
00:00:51,7.9375
00:00:52,7.8750
00:00:53,7.8125
00:00:54,7.8125
00:00:55,7.8125
00:00:56,7.7500
00:00:57,7.6875
00:00:58,7.6875
00:00:59,7.6250
00:01:00,7.5625
00:01:01,7.5000
00:01:02,7.5000
00:01:03,7.4375
00:01:04,7.3750
00:01:06,7.3125
00:01:07,7.3125
00:01:08,7.2500
00:01:09,7.1875
00:01:10,7.1250
00:01:11,7.0625
00:01:12,7.0625
00:01:13,7.0000
00:01:14,6.9375
00:01:15,6.8750
00:01:16,6.8750
00:01:17,6.8125
00:01:18,6.7500
00:01:19,6.6875
00:01:20,6.6250
00:01:21,6.6250
00:01:22,6.5625
00:01:23,6.5000
00:01:24,6.5000
00:01:25,6.4375
00:01:26,6.3750
00:01:27,6.3125
00:01:28,6.3125
00:01:29,6.2500
00:01:30,6.1875
00:01:31,6.1250
00:01:32,6.1250
00:01:33,6.0625
00:01:34,6.0000
00:01:35,5.9375
00:01:36,5.9375
00:01:37,5.8750
00:01:38,5.8125
00:01:40,5.8125
00:01:41,5.7500
00:01:42,5.6875
00:01:43,5.6875
00:01:44,5.6250
00:01:45,5.5625
00:01:46,5.5625
00:01:47,5.5000
00:01:48,5.4375
00:01:49,5.4375
00:01:50,5.3750
00:01:51,5.3750
00:01:52,5.3125
00:01:53,5.2500
00:01:54,5.2500
00:01:55,5.1875
00:01:56,5.1250
00:01:57,5.1250
00:01:58,5.0625
00:01:59,5.0000
00:02:00,5.0000
00:02:01,4.9375
00:02:02,4.9375
00:02:03,4.8750
00:02:04,4.8125
00:02:05,4.8125
00:02:06,4.7500
00:02:07,4.7500
00:02:08,4.6250
00:02:09,4.6250
00:02:10,4.6250
00:02:11,4.5625
00:02:12,4.5000
00:02:13,4.5000
00:02:15,4.4375
00:02:16,4.3750
00:02:17,4.3750
00:02:18,4.3125
00:02:19,4.2500
00:02:20,4.2500
00:02:21,4.1875
00:02:22,4.1875
00:02:23,4.1250
00:02:24,4.1250
00:02:25,4.0625
00:02:26,4.0625
00:02:27,4.0000
00:02:28,4.0000
00:02:29,3.9375
00:02:30,3.9375
00:02:31,3.8750
00:02:32,3.8750
00:02:33,3.8125
00:02:34,3.8125
00:02:35,3.8125
00:02:36,3.7500
00:02:37,3.7500
00:02:38,3.6875
00:02:39,3.6875
00:02:40,3.6250
00:02:41,3.6250
00:02:42,3.5625
00:02:43,3.5625
00:02:44,3.5000
00:02:45,3.5000
00:02:46,3.4375
00:02:47,3.3750
00:02:49,3.3750
00:02:50,3.3750
00:02:51,3.3125
00:02:52,3.2500
00:02:53,3.2500
00:02:54,3.2500
00:02:55,3.1875
00:02:56,3.1875
00:02:57,3.1875
00:02:58,3.1250
00:02:59,3.0625
00:03:00,3.0625
00:03:01,3.0625
00:03:02,3.0000
00:03:03,3.0000
00:03:04,3.0000
00:03:05,2.9375
00:03:06,2.8750
00:03:07,2.8750
00:03:08,2.8125
00:03:09,2.8125
00:03:10,2.8125
00:03:11,2.7500
00:03:12,2.7500
00:03:13,2.7500
00:03:14,2.6875
00:03:15,2.6250
00:03:16,2.6250
00:03:17,2.6250
00:03:18,2.5625
00:03:19,2.5625
00:03:20,2.5000
00:03:21,2.5000
00:03:22,2.5000
00:03:24,2.4375
00:03:25,2.4375
00:03:26,2.3750
00:03:27,2.3750
00:03:28,2.3750
00:03:29,2.3125
00:03:30,2.3125
00:03:31,2.3125
00:03:32,2.2500
00:03:33,2.2500
00:03:34,2.1875
00:03:35,2.1875
00:03:36,2.1250
00:03:37,2.1250
00:03:38,2.1250
00:03:39,2.0625
00:03:40,2.0625
00:03:41,2.0000
00:03:42,2.0000
00:03:43,2.0000
00:03:44,1.9375
00:03:45,1.9375
00:03:46,1.9375
00:03:47,1.9375
00:03:48,1.8750
00:03:49,1.8750
00:03:50,1.8125
00:03:51,1.8125
00:03:52,1.8125
00:03:53,1.7500
00:03:54,1.7500
00:03:55,1.6875
00:03:56,1.6875
00:03:58,1.6875
00:03:59,1.6250
00:04:00,1.6250
00:04:01,1.6250
00:04:02,1.6250
00:04:03,1.5625
00:04:04,1.5625
00:04:05,1.5000
00:04:06,1.5000
00:04:07,1.5000
00:04:08,1.5000
00:04:09,1.4375
00:04:10,1.4375
00:04:11,1.3750
00:04:12,1.3750
00:04:13,1.3750
00:04:14,1.3750
00:04:15,1.3125
00:04:16,1.3125
00:04:17,1.2500
00:04:18,1.3125
00:04:19,1.2500
00:04:20,1.2500
00:04:21,1.1875
00:04:22,1.1875
00:04:23,1.1875
00:04:24,1.1250
00:04:25,1.1250
00:04:26,1.1250
00:04:27,1.1250
00:04:28,1.0625
00:04:29,1.0625
00:04:30,1.0000
00:04:31,1.0000
00:04:33,1.0000
00:04:34,1.0000
00:04:35,0.9375
00:04:36,0.9375
00:04:37,0.9375
00:04:38,0.8750
00:04:39,0.8750
00:04:40,0.8750
00:04:41,0.8750
00:04:42,0.8125
00:04:43,0.8125
00:04:44,0.8125
00:04:45,0.8125
00:04:46,0.7500
00:04:47,0.7500
00:04:48,0.6875
00:04:49,0.6875
00:04:50,0.6875
00:04:51,0.6875
00:04:52,0.6250
00:04:53,0.6250
00:04:54,0.6250
00:04:55,0.5625
00:04:56,0.6250
00:04:57,0.5625
00:04:58,0.5625
00:04:59,0.5625
00:05:00,0.5000
00:05:01,0.5000
00:05:02,0.5000
00:05:03,0.5000
00:05:04,0.5000
00:05:05,0.4375
00:05:07,0.4375
00:05:08,0.4375
00:05:09,0.4375
00:05:10,0.3750
00:05:11,0.3750
00:05:12,0.3750
00:05:13,0.3125
00:05:14,0.3125
00:05:15,0.3125
00:05:16,0.3125
00:05:17,0.3125
00:05:18,0.3125
00:05:19,0.2500
00:05:20,0.1875
00:05:21,0.1875
00:05:22,0.1875
00:05:23,0.1875
00:05:24,0.1875
00:05:25,0.1875
00:05:26,0.1250
00:05:27,0.1250
00:05:28,0.1250
00:05:29,0.0625
00:05:30,0.0625
00:05:31,0.0625
00:05:32,0.0625
00:05:33,0.0000
00:05:34,0.0000
00:05:35,0.0000
00:05:36,-0.0625
00:05:37,0.0000
00:05:38,-0.0625
00:05:39,-0.0625
00:05:40,-0.0625
00:05:42,-0.0625
00:05:43,-0.1250
00:05:44,-0.1250
00:05:45,-0.1250
00:05:46,-0.1875
00:05:47,-0.1875
00:05:48,-0.1875
00:05:49,-0.1875
00:05:50,-0.2500
00:05:51,-0.2500
00:05:52,-0.2500
00:05:53,-0.2500
00:05:54,-0.2500
00:05:55,-0.2500
00:05:56,-0.2500
00:05:57,-0.3125
00:05:58,-0.3125
00:05:59,-0.3750
00:06:00,-0.3125
00:06:01,-0.3750
00:06:02,-0.3750
00:06:03,-0.3750
00:06:04,-0.3750
00:06:05,-0.3750
00:06:06,-0.4375
00:06:07,-0.4375
00:06:08,-0.4375
00:06:09,-0.5000
00:06:10,-0.5000
00:06:11,-0.5000
00:06:12,-0.5000
00:06:13,-0.5000
00:06:14,-0.5000
00:06:16,-0.5625
00:06:17,-0.5625
00:06:18,-0.5625
00:06:19,-0.5625
00:06:20,-0.5625
00:06:21,-0.5625
00:06:22,-0.6250
00:06:23,-0.6250
00:06:24,-0.6250
00:06:25,-0.6250
00:06:26,-0.6250
00:06:27,-0.6250
00:06:28,-0.6875
00:06:29,-0.6875
00:06:30,-0.6875
00:06:31,-0.7500
00:06:32,-0.6875
00:06:33,-0.7500
00:06:34,-0.7500
00:06:35,-0.8125
00:06:36,-0.7500
00:06:37,-0.7500
00:06:38,-0.8125
00:06:39,-0.8125
00:06:40,-0.8125
00:06:41,-0.8750
00:06:42,-0.8125
00:06:43,-0.8750
00:06:44,-0.8750
00:06:45,-0.8750
00:06:46,-0.8750
00:06:47,-0.8750
00:06:48,-0.9375
00:06:49,-0.9375
00:06:51,-0.9375
00:06:52,-0.9375
00:06:53,-0.9375
00:06:54,-1.0000
00:06:55,-1.0000
00:06:56,-1.0000
00:06:57,-1.0000
00:06:58,-1.0000
00:06:59,-1.0000
00:07:00,-1.0625
00:07:01,-1.0625
00:07:02,-1.0625
00:07:03,-1.0625
00:07:04,-1.0625
00:07:05,-1.0625
00:07:06,-1.1250
00:07:07,-1.1250
00:07:08,-1.1250
00:07:09,-1.1250
00:07:10,-1.1250
00:07:11,-1.1250
00:07:12,-1.1875
00:07:13,-1.1875
00:07:14,-1.1875
00:07:15,-1.1875
00:07:16,-1.1875
00:07:17,-1.1875
00:07:18,-1.1875
00:07:19,-1.1875
00:07:20,-1.2500
00:07:21,-1.2500
00:07:22,-1.2500
00:07:23,-1.2500
00:07:25,-1.2500
00:07:26,-1.3125
00:07:27,-1.3125
00:07:28,-1.3125
00:07:29,-1.3125
00:07:30,-1.3125
00:07:31,-1.3125
00:07:32,-1.3125
00:07:33,-1.3125
00:07:34,-1.3750
00:07:35,-1.3750
00:07:36,-1.3750
00:07:37,-1.3750
00:07:38,-1.3750
00:07:39,-1.3750
00:07:40,-1.3750
00:07:41,-1.3750
00:07:42,-1.4375
00:07:43,-1.4375
00:07:44,-1.4375
00:07:45,-1.4375
00:07:46,-1.4375
00:07:47,-1.5000
00:07:48,-1.4375
00:07:49,-1.5000
00:07:50,-1.5000
00:07:51,-1.5000
00:07:52,-1.5000
00:07:53,-1.5000
00:07:54,-1.5000
00:07:55,-1.5000
00:07:56,-1.5000
00:07:57,-1.5625
00:07:58,-1.5625
00:08:00,-1.5625
00:08:01,-1.5625
00:08:02,-1.5625
00:08:03,-1.6250
00:08:04,-1.6250
00:08:05,-1.6250
00:08:06,-1.6250
00:08:07,-1.6250
00:08:08,-1.6250
00:08:09,-1.6250
00:08:10,-1.6250
00:08:11,-1.6875
00:08:12,-1.6875
00:08:13,-1.6875
00:08:14,-1.6875
00:08:15,-1.6875
00:08:16,-1.6875
00:08:17,-1.6875
00:08:18,-1.6875
00:08:19,-1.6875
00:08:20,-1.7500
00:08:21,-1.7500
00:08:22,-1.7500
00:08:23,-1.7500
00:08:24,-1.7500
00:08:25,-1.7500
00:08:26,-1.7500
00:08:27,-1.7500
00:08:28,-1.7500
00:08:29,-1.8125
00:08:30,-1.7500
00:08:31,-1.8125
00:08:32,-1.8125
00:08:34,-1.8125
00:08:35,-1.8125
00:08:36,-1.8125
00:08:37,-1.8125
00:08:38,-1.8750
00:08:39,-1.8125
00:08:40,-1.8750
00:08:41,-1.8750
00:08:42,-1.8750
00:08:43,-1.8750
00:08:44,-1.8750
00:08:45,-1.8750
00:08:46,-1.8750
00:08:47,-1.9375
00:08:48,-1.8750
00:08:49,-1.9375
00:08:50,-1.9375
00:08:51,-1.9375
00:08:52,-1.9375
00:08:53,-1.9375
00:08:54,-1.9375
00:08:55,-1.9375
00:08:56,-1.9375
00:08:57,-1.9375
00:08:58,-2.0000
00:08:59,-1.9375
00:09:00,-2.0000
00:09:01,-2.0000
00:09:02,-2.0000
00:09:03,-2.0000
00:09:04,-2.0000
00:09:05,-2.0000
00:09:06,-2.0000
00:09:07,-2.0000
00:09:09,-2.0000
00:09:10,-2.0000
00:09:11,-2.0000
00:09:12,-2.0000
00:09:13,-2.0000
00:09:14,-2.0000
00:09:15,-2.0000
00:09:16,-2.0000
00:09:17,-2.0000
00:09:18,-2.0000
00:09:19,-2.0000
00:09:20,-1.9375
00:09:21,-1.9375
00:09:22,-2.0000
00:09:23,-2.0000
00:09:24,-1.9375
00:09:25,-2.0000
00:09:26,-2.0000
00:09:27,-1.9375
00:09:28,-2.0000
00:09:29,-2.0000
00:09:30,-1.9375
00:09:31,-2.0000
00:09:32,-2.0000
00:09:33,-2.0000
00:09:34,-2.0000
00:09:35,-2.0000
00:09:36,-2.0000
00:09:37,-2.0000
00:09:38,-2.0625
00:09:39,-2.0625
00:09:40,-2.0000
00:09:41,-2.0625
00:09:43,-2.0625
00:09:44,-2.0625
00:09:45,-2.0000
00:09:46,-2.0625
00:09:47,-2.0625
00:09:48,-2.0000
00:09:49,-2.0000
00:09:50,-2.0000
00:09:51,-2.0000
00:09:52,-2.0000
00:09:53,-2.0000
00:09:54,-2.0000
00:09:55,-2.0000
00:09:56,-2.0000
00:09:57,-2.0000
00:09:58,-1.9375
00:09:59,-2.0000
00:10:00,-2.0000
00:10:01,-2.0000
00:10:02,-2.0000
00:10:03,-1.9375
00:10:04,-2.0000
00:10:05,-2.0000
00:10:06,-2.0000
00:10:07,-2.0000
00:10:08,-2.0000
00:10:09,-2.0000
00:10:10,-2.0000
00:10:11,-2.0625
00:10:12,-2.0625
00:10:13,-2.0625
00:10:14,-2.0625
00:10:15,-2.0625
00:10:16,-2.0625
00:10:18,-2.0625
00:10:19,-2.0625
00:10:20,-2.0625
00:10:21,-2.0625
00:10:22,-2.1250
00:10:23,-2.1250
00:10:24,-2.1250
00:10:25,-2.1250
00:10:26,-2.1250
00:10:27,-2.1250
00:10:28,-2.1250
00:10:29,-2.1250
00:10:30,-2.1250
00:10:31,-2.1250
00:10:32,-2.1250
00:10:33,-2.1250
00:10:34,-2.1250
00:10:35,-2.0625
00:10:36,-2.1250
00:10:37,-2.0625
00:10:38,-2.0000
00:10:39,-1.9375
00:10:40,-1.8750
00:10:41,-1.8125
00:10:42,-1.7500
00:10:43,-1.7500
00:10:44,-1.6875
00:10:45,-1.6250
00:10:46,-1.5625
00:10:47,-1.5625
00:10:48,-1.5000
00:10:49,-1.5000
00:10:50,-1.4375
00:10:52,-1.5000
00:10:53,-1.4375
00:10:54,-1.4375
00:10:55,-1.4375
00:10:56,-1.4375
00:10:57,-1.4375
00:10:58,-1.4375
00:10:59,-1.4375
00:11:00,-1.4375
00:11:01,-1.4375
00:11:02,-1.4375
00:11:03,-1.4375
00:11:04,-1.4375
00:11:05,-1.4375
00:11:06,-1.4375
00:11:07,-1.4375
00:11:08,-1.4375
00:11:09,-1.4375
00:11:10,-1.5000
00:11:11,-1.5000
00:11:12,-1.5000
00:11:13,-1.5000
00:11:14,-1.5000
00:11:15,-1.5625
00:11:16,-1.5625
00:11:17,-1.6250
00:11:18,-1.5625
00:11:19,-1.5625
00:11:20,-1.5625
00:11:21,-1.6250
00:11:22,-1.6250
00:11:23,-1.6250
00:11:24,-1.6250
00:11:25,-1.6250
00:11:27,-1.6875
00:11:28,-1.6875
00:11:29,-1.7500
00:11:30,-1.7500
00:11:31,-1.7500
00:11:32,-1.7500
00:11:33,-1.7500
00:11:34,-1.7500
00:11:35,-1.7500
00:11:36,-1.7500
00:11:37,-1.8125
00:11:38,-1.8125
00:11:39,-1.8125
00:11:40,-1.8125
00:11:41,-1.8125
00:11:42,-1.8125
00:11:43,-1.8750
00:11:44,-1.8750
00:11:45,-1.8750
00:11:46,-1.8750
00:11:47,-1.8750
00:11:48,-1.8750
00:11:49,-1.8750
00:11:50,-1.8750
00:11:51,-1.8750
00:11:52,-1.9375
00:11:53,-1.9375
00:11:54,-1.9375
00:11:55,-1.9375
00:11:56,-1.9375
00:11:57,-2.0000
00:11:58,-2.0000
00:11:59,-1.9375
00:12:01,-2.0000
00:12:02,-2.0000
00:12:03,-2.0000
00:12:04,-2.0000
00:12:05,-2.0000
00:12:06,-2.0000
00:12:07,-2.0625
00:12:08,-2.0625
00:12:09,-2.0625
00:12:10,-2.0625
00:12:11,-2.0625
00:12:12,-2.0625
00:12:13,-2.0625
00:12:14,-2.0625
00:12:15,-2.0625
00:12:16,-2.0625
00:12:17,-2.0625
00:12:18,-2.0625
00:12:19,-2.1250
00:12:20,-2.1250
00:12:21,-2.1250
00:12:22,-2.1250
00:12:23,-2.1250
00:12:24,-2.1250
00:12:25,-2.1250
00:12:26,-2.1250
00:12:27,-2.1250
00:12:28,-2.1250
00:12:29,-2.1250
00:12:30,-2.1250
00:12:31,-2.1875
00:12:32,-2.1875
00:12:33,-2.1875
00:12:34,-2.1875
00:12:36,-2.1875
00:12:37,-2.1875
00:12:38,-2.1875
00:12:39,-2.1875
00:12:40,-2.1875
00:12:41,-2.1875
00:12:42,-2.1875
00:12:43,-2.2500
00:12:44,-2.1875
00:12:45,-2.1875
00:12:46,-2.2500
00:12:47,-2.1875
00:12:48,-2.2500
00:12:49,-2.2500
00:12:50,-2.2500
00:12:51,-2.2500
00:12:52,-2.2500
00:12:53,-2.2500
00:12:54,-2.2500
00:12:55,-2.2500
00:12:56,-2.2500
00:12:57,-2.3125
00:12:58,-2.2500
00:12:59,-2.2500
00:13:00,-2.2500
00:13:01,-2.3125
00:13:02,-2.2500
00:13:03,-2.3125
00:13:04,-2.3125
00:13:05,-2.3125
00:13:06,-2.3125
00:13:07,-2.3125
00:13:08,-2.3125
00:13:10,-2.3125
00:13:11,-2.3125
00:13:12,-2.3125
00:13:13,-2.3750
00:13:14,-2.3750
00:13:15,-2.3125
00:13:16,-2.3750
00:13:17,-2.3750
00:13:18,-2.3750
00:13:19,-2.3750
00:13:20,-2.3750
00:13:21,-2.4375
00:13:22,-2.3750
00:13:23,-2.4375
00:13:24,-2.3750
00:13:25,-2.4375
00:13:26,-2.4375
00:13:27,-2.4375
00:13:28,-2.4375
00:13:29,-2.4375
00:13:30,-2.4375
00:13:31,-2.4375
00:13:32,-2.4375
00:13:33,-2.5000
00:13:34,-2.5000
00:13:35,-2.4375
00:13:36,-2.5000
00:13:37,-2.4375
00:13:38,-2.5000
00:13:39,-2.5000
00:13:40,-2.5000
00:13:41,-2.5000
00:13:42,-2.5000
00:13:43,-2.5000
00:13:45,-2.5000
00:13:46,-2.5000
00:13:47,-2.5625
00:13:48,-2.5625
00:13:49,-2.5625
00:13:50,-2.5625
00:13:51,-2.5625
00:13:52,-2.5625
00:13:53,-2.5625
00:13:54,-2.5625
00:13:55,-2.5625
00:13:56,-2.5625
00:13:57,-2.5625
00:13:58,-2.5625
00:13:59,-2.6250
00:14:00,-2.6250
00:14:01,-2.6250
00:14:02,-2.6250
00:14:03,-2.6250
00:14:04,-2.6250
00:14:05,-2.6250
00:14:06,-2.6250
00:14:07,-2.6250
00:14:08,-2.6250
00:14:09,-2.6250
00:14:10,-2.6250
00:14:11,-2.6875
00:14:12,-2.6250
00:14:13,-2.6250
00:14:14,-2.6875
00:14:15,-2.6875
00:14:16,-2.6250
00:14:17,-2.6250
00:14:19,-2.6875
00:14:20,-2.6875
00:14:21,-2.6875
00:14:22,-2.6875
00:14:23,-2.6875
00:14:24,-2.6875
00:14:25,-2.6875
00:14:26,-2.6875
00:14:27,-2.6875
00:14:28,-2.6875
00:14:29,-2.6875
00:14:30,-2.6875
00:14:31,-2.7500
00:14:32,-2.7500
00:14:33,-2.7500
00:14:34,-2.7500
00:14:35,-2.7500
00:14:36,-2.6875
00:14:37,-2.7500
00:14:38,-2.7500
00:14:39,-2.7500
00:14:40,-2.7500
00:14:41,-2.7500
00:14:42,-2.7500
00:14:43,-2.7500
00:14:44,-2.7500
00:14:45,-2.7500
00:14:46,-2.7500
00:14:47,-2.7500
00:14:48,-2.8125
00:14:49,-2.8125
00:14:50,-2.7500
00:14:51,-2.7500
00:14:52,-2.7500
00:14:54,-2.7500
00:14:55,-2.7500
00:14:56,-2.7500
00:14:57,-2.7500
00:14:58,-2.7500
00:14:59,-2.7500
00:15:00,-2.7500
00:15:01,-2.7500
00:15:02,-2.7500
00:15:03,-2.7500
00:15:04,-2.7500
00:15:05,-2.7500
00:15:06,-2.6875
00:15:07,-2.6875
00:15:08,-2.6875
00:15:09,-2.6875
00:15:10,-2.6875
00:15:11,-2.6875
00:15:12,-2.6875
00:15:13,-2.6875
00:15:14,-2.6250
00:15:15,-2.6250
00:15:16,-2.6250
00:15:17,-2.6250
00:15:18,-2.6250
00:15:19,-2.6250
00:15:20,-2.6250
00:15:21,-2.6250
00:15:22,-2.6250
00:15:23,-2.6250
00:15:24,-2.6250
00:15:25,-2.6250
00:15:26,-2.6250
00:15:28,-2.6250
00:15:29,-2.5625
00:15:30,-2.6250
00:15:31,-2.5625
00:15:32,-2.5625
00:15:33,-2.5625
00:15:34,-2.5625
00:15:35,-2.5625
00:15:36,-2.5625
00:15:37,-2.5625
00:15:38,-2.5625
00:15:39,-2.5625
00:15:40,-2.5625
00:15:41,-2.5000
00:15:42,-2.5000
00:15:43,-2.5000
00:15:44,-2.5000
00:15:45,-2.5000
00:15:46,-2.5000
00:15:47,-2.5000
00:15:48,-2.5000
00:15:49,-2.5000
00:15:50,-2.5000
00:15:51,-2.5000
00:15:52,-2.5000
00:15:53,-2.5000
00:15:54,-2.5000
00:15:55,-2.4375
00:15:56,-2.5000
00:15:57,-2.5000
00:15:58,-2.4375
00:15:59,-2.5000
00:16:00,-2.5000
00:16:01,-2.5000
00:16:03,-2.5000
00:16:04,-2.5000
00:16:05,-2.5000
00:16:06,-2.5000
00:16:07,-2.5000
00:16:08,-2.5000
00:16:09,-2.5000
00:16:10,-2.5000
00:16:11,-2.5000
00:16:12,-2.5000
00:16:13,-2.5000
00:16:14,-2.5625
00:16:15,-2.5625
00:16:16,-2.5625
00:16:17,-2.5625
00:16:18,-2.5625
00:16:19,-2.5625
00:16:20,-2.5625
00:16:21,-2.5625
00:16:22,-2.5625
00:16:23,-2.5625
00:16:24,-2.6250
00:16:25,-2.6250
00:16:26,-2.6250
00:16:27,-2.6250
00:16:28,-2.6250
00:16:29,-2.6250
00:16:30,-2.6250
00:16:31,-2.6250
00:16:32,-2.6250
00:16:33,-2.6875
00:16:34,-2.6875
00:16:35,-2.6875
00:16:37,-2.6875
00:16:38,-2.6875
00:16:39,-2.6875
00:16:40,-2.6875
00:16:41,-2.6875
00:16:42,-2.7500
00:16:43,-2.7500
00:16:44,-2.7500
00:16:45,-2.7500
00:16:46,-2.7500
00:16:47,-2.7500
00:16:48,-2.7500
00:16:49,-2.7500
00:16:50,-2.7500
00:16:51,-2.7500
00:16:52,-2.8125
00:16:53,-2.8125
00:16:54,-2.8125
00:16:55,-2.8125
00:16:56,-2.8125
00:16:57,-2.8125
00:16:58,-2.8125
00:16:59,-2.8125
00:17:00,-2.8125
00:17:01,-2.8125
00:17:02,-2.8125
00:17:03,-2.8125
00:17:04,-2.8125
00:17:05,-2.8750
00:17:06,-2.8125
00:17:07,-2.8750
00:17:08,-2.8125
00:17:09,-2.8750
00:17:11,-2.8750
00:17:12,-2.8750
00:17:13,-2.8750
00:17:14,-2.8750
00:17:15,-2.8750
00:17:16,-2.8750
00:17:17,-2.8750
00:17:18,-2.8750
00:17:19,-2.8750
00:17:20,-2.8750
00:17:21,-2.8750
00:17:22,-2.8750
00:17:23,-2.8750
00:17:24,-2.8750
00:17:25,-2.9375
00:17:26,-2.8750
00:17:27,-2.9375
00:17:28,-2.9375
00:17:29,-2.9375
00:17:30,-2.9375
00:17:31,-2.9375
00:17:32,-2.9375
00:17:33,-2.9375
00:17:34,-2.9375
00:17:35,-2.9375
00:17:36,-2.9375
00:17:37,-2.9375
00:17:38,-2.9375
00:17:39,-2.9375
00:17:40,-2.9375
00:17:41,-2.9375
00:17:42,-2.9375
00:17:43,-2.9375
00:17:44,-2.9375
00:17:46,-2.9375
00:17:47,-2.9375
00:17:48,-3.0000
00:17:49,-2.9375
00:17:50,-3.0000
00:17:51,-3.0000
00:17:52,-3.0000
00:17:53,-3.0000
00:17:54,-3.0000
00:17:55,-2.9375
00:17:56,-3.0000
00:17:57,-3.0000
00:17:58,-3.0000
00:17:59,-3.0000
00:18:00,-3.0000
00:18:01,-3.0000
00:18:02,-3.0000
00:18:03,-3.0000
00:18:04,-3.0000
00:18:05,-3.0000
00:18:06,-3.0000
00:18:07,-3.0000
00:18:08,-3.0000
00:18:09,-3.0625
00:18:10,-3.0000
00:18:11,-3.0625
00:18:12,-3.0625
00:18:13,-3.0625
00:18:14,-3.0625
00:18:15,-3.0000
00:18:16,-3.0625
00:18:17,-3.0625
00:18:18,-3.0625
00:18:20,-3.0625
00:18:21,-3.0625
00:18:22,-3.0625
00:18:23,-3.0625
00:18:24,-3.0625
00:18:25,-3.0625
00:18:26,-3.0625
00:18:27,-3.0625
00:18:28,-3.0625
00:18:29,-3.0625
00:18:30,-3.0625
00:18:31,-3.0625
00:18:32,-3.0625
00:18:33,-3.0625
00:18:34,-3.0625
00:18:35,-3.0625
00:18:36,-3.0625
00:18:37,-3.0625
00:18:38,-3.0625
00:18:39,-3.0625
00:18:40,-3.1250
00:18:41,-3.0625
00:18:42,-3.1250
00:18:43,-3.1250
00:18:44,-3.0625
00:18:45,-3.0625
00:18:46,-3.1250
00:18:47,-3.1250
00:18:48,-3.1250
00:18:49,-3.1250
00:18:50,-3.1250
00:18:51,-3.0625
00:18:52,-3.1250
00:18:53,-3.1250
00:18:55,-3.1250
00:18:56,-3.1250
00:18:57,-3.1250
00:18:58,-3.1250
00:18:59,-3.1250
00:19:00,-3.1250
00:19:01,-3.1250
00:19:02,-3.1250
00:19:03,-3.1250
00:19:04,-3.1250
00:19:05,-3.1250
00:19:06,-3.1250
00:19:07,-3.1250
00:19:08,-3.1250
00:19:09,-3.1250
00:19:10,-3.1250
00:19:11,-3.1250
00:19:12,-3.1250
00:19:13,-3.1250
00:19:14,-3.1250
00:19:15,-3.1875
00:19:16,-3.1250
00:19:17,-3.1250
00:19:18,-3.1250
00:19:19,-3.1250
00:19:20,-3.1875
00:19:21,-3.1875
00:19:22,-3.1875
00:19:23,-3.1250
00:19:24,-3.1250
00:19:25,-3.1250
00:19:26,-3.1875
00:19:27,-3.1250
00:19:29,-3.1875
00:19:30,-3.1875
00:19:31,-3.1875
00:19:32,-3.1875
00:19:33,-3.1875
00:19:34,-3.1875
00:19:35,-3.1875
00:19:36,-3.1875
00:19:37,-3.1875
00:19:38,-3.1875
00:19:39,-3.1875
00:19:40,-3.1875
00:19:41,-3.1875
00:19:42,-3.1875
00:19:43,-3.1875
00:19:44,-3.1875
00:19:45,-3.1875
00:19:46,-3.1875
00:19:47,-3.1875
00:19:48,-3.1875
00:19:49,-3.1875
00:19:50,-3.1875
00:19:51,-3.1875
00:19:52,-3.1875
00:19:53,-3.1875
00:19:54,-3.1875
00:19:55,-3.1875
00:19:56,-3.1875
00:19:57,-3.1875
00:19:58,-3.1875
00:19:59,-3.1875
00:20:00,-3.1875
00:20:01,-3.1875
00:20:02,-3.1875
00:20:04,-3.1875
00:20:05,-3.1875
00:20:06,-3.1875
00:20:07,-3.1875
00:20:08,-3.1875
00:20:09,-3.1875
00:20:10,-3.1875
00:20:11,-3.1875
00:20:12,-3.1875
00:20:13,-3.2500
00:20:14,-3.2500
00:20:15,-3.2500
00:20:16,-3.2500
00:20:17,-3.1875
00:20:18,-3.2500
00:20:19,-3.2500
00:20:20,-3.1875
00:20:21,-3.2500
00:20:22,-3.1875
00:20:23,-3.1875
00:20:24,-3.1875
00:20:25,-3.2500
00:20:26,-3.2500
00:20:27,-3.2500
00:20:28,-3.2500
00:20:29,-3.2500
00:20:30,-3.2500
00:20:31,-3.2500
00:20:32,-3.1875
00:20:33,-3.2500
00:20:34,-3.2500
00:20:35,-3.1875
00:20:36,-3.1875
00:20:38,-3.1875
00:20:39,-3.1875
00:20:40,-3.1875
00:20:41,-3.1250
00:20:42,-3.1250
00:20:43,-3.1250
00:20:44,-3.1250
00:20:45,-3.1250
00:20:46,-3.1250
00:20:47,-3.1250
00:20:48,-3.1250
00:20:49,-3.1250
00:20:50,-3.1250
00:20:51,-3.1250
00:20:52,-3.1250
00:20:53,-3.1250
00:20:54,-3.1250
00:20:55,-3.1250
00:20:56,-3.1250
00:20:57,-3.1250
00:20:58,-3.1250
00:20:59,-3.1250
00:21:00,-3.1250
00:21:01,-3.1250
00:21:02,-3.1250
00:21:03,-3.1250
00:21:04,-3.1250
00:21:05,-3.1875
00:21:06,-3.1875
00:21:07,-3.1875
00:21:08,-3.1875
00:21:09,-3.1875
00:21:10,-3.1875
00:21:11,-3.1875
00:21:13,-3.1875
00:21:14,-3.1875
00:21:15,-3.1875
00:21:16,-3.1875
00:21:17,-3.1875
00:21:18,-3.1875
00:21:19,-3.1875
00:21:20,-3.1875
00:21:21,-3.2500
00:21:22,-3.2500
00:21:23,-3.1875
00:21:24,-3.2500
00:21:25,-3.2500
00:21:26,-3.2500
00:21:27,-3.2500
00:21:28,-3.2500
00:21:29,-3.2500
00:21:30,-3.2500
00:21:31,-3.2500
00:21:32,-3.3125
00:21:33,-3.2500
00:21:34,-3.2500
00:21:35,-3.2500
00:21:36,-3.3125
00:21:37,-3.3125
00:21:38,-3.3125
00:21:39,-3.3125
00:21:40,-3.3125
00:21:41,-3.3125
00:21:42,-3.3125
00:21:43,-3.3125
00:21:44,-3.3125
00:21:45,-3.3125
00:21:47,-3.3125
00:21:48,-3.3750
00:21:49,-3.3125
00:21:50,-3.3750
00:21:51,-3.3750
00:21:52,-3.3750
00:21:53,-3.3750
00:21:54,-3.3750
00:21:55,-3.3750
00:21:56,-3.3750
00:21:57,-3.4375
00:21:58,-3.3750
00:21:59,-3.3750
00:22:00,-3.3750
00:22:01,-3.4375
00:22:02,-3.3750
00:22:03,-3.4375
00:22:04,-3.4375
00:22:05,-3.3750
00:22:06,-3.4375
00:22:07,-3.4375
00:22:08,-3.4375
00:22:09,-3.4375
00:22:10,-3.4375
00:22:11,-3.4375
00:22:12,-3.4375
00:22:13,-3.4375
00:22:14,-3.5000
00:22:15,-3.5000
00:22:16,-3.4375
00:22:17,-3.5000
00:22:18,-3.5000
00:22:19,-3.5000
00:22:20,-3.5000
00:22:22,-3.5000
00:22:23,-3.5000
00:22:24,-3.5000
00:22:25,-3.5000
00:22:26,-3.5000
00:22:27,-3.5625
00:22:28,-3.5000
00:22:29,-3.5625
00:22:30,-3.5000
00:22:31,-3.5625
00:22:32,-3.5000
00:22:33,-3.5625
00:22:34,-3.5625
00:22:35,-3.5625
00:22:36,-3.5625
00:22:37,-3.5625
00:22:38,-3.5625
00:22:39,-3.5625
00:22:40,-3.5625
00:22:41,-3.5625
00:22:42,-3.5625
00:22:43,-3.5625
00:22:44,-3.5625
00:22:45,-3.5625
00:22:46,-3.5625
00:22:47,-3.6250
00:22:48,-3.6250
00:22:49,-3.5625
00:22:50,-3.6250
00:22:51,-3.6250
00:22:52,-3.6250
00:22:53,-3.6250
00:22:54,-3.6250
00:22:56,-3.5625
00:22:57,-3.6250
00:22:58,-3.6250
00:22:59,-3.6250
00:23:00,-3.6250
00:23:01,-3.5625
00:23:02,-3.5625
00:23:03,-3.6250
00:23:04,-3.6250
00:23:05,-3.6250
00:23:06,-3.6250
00:23:07,-3.6250
00:23:08,-3.6250
00:23:09,-3.6250
00:23:10,-3.5625
00:23:11,-3.6250
00:23:12,-3.6250
00:23:13,-3.6250
00:23:14,-3.6250
00:23:15,-3.6250
00:23:16,-3.6250
00:23:17,-3.6250
00:23:18,-3.6250
00:23:19,-3.6250
00:23:20,-3.6250
00:23:21,-3.6250
00:23:22,-3.6250
00:23:23,-3.6250
00:23:24,-3.6250
00:23:25,-3.6250
00:23:26,-3.6250
00:23:27,-3.6250
00:23:28,-3.6250
00:23:29,-3.6250
00:23:31,-3.6250
00:23:32,-3.6250
00:23:33,-3.6250
00:23:34,-3.6250
00:23:35,-3.6250
00:23:36,-3.6250
00:23:37,-3.6250
00:23:38,-3.6250
00:23:39,-3.6250
00:23:40,-3.6250
00:23:41,-3.6250
00:23:42,-3.6250
00:23:43,-3.6250
00:23:44,-3.6250
00:23:45,-3.6250
00:23:46,-3.6250
00:23:47,-3.6250
00:23:48,-3.6250
00:23:49,-3.6250
00:23:50,-3.6250
00:23:51,-3.6250
00:23:52,-3.6250
00:23:53,-3.6250
00:23:54,-3.6250
00:23:55,-3.6250
00:23:56,-3.6250
00:23:57,-3.6250
00:23:58,-3.6250
00:23:59,-3.6250
00:24:00,-3.6250
00:24:01,-3.6250
00:24:02,-3.6250
00:24:03,-3.6250
00:24:05,-3.6250
00:24:06,-3.6250
00:24:07,-3.6250
00:24:08,-3.6250
00:24:09,-3.6250
00:24:10,-3.6250
00:24:11,-3.6250
00:24:12,-3.6250
00:24:13,-3.6250
00:24:14,-3.6250
00:24:15,-3.6250
00:24:16,-3.6250
00:24:17,-3.6250
00:24:18,-3.6875
00:24:19,-3.6875
00:24:20,-3.6250
00:24:21,-3.6250
00:24:22,-3.6250
00:24:23,-3.6250
00:24:24,-3.6250
00:24:25,-3.6250
00:24:26,-3.6250
00:24:27,-3.6250
00:24:28,-3.6875
00:24:29,-3.6250
00:24:30,-3.6250
00:24:31,-3.6250
00:24:32,-3.6250
00:24:33,-3.6875
00:24:34,-3.6875
00:24:35,-3.6250
00:24:36,-3.6875
00:24:37,-3.6875
00:24:38,-3.6875
00:24:40,-3.6875
00:24:41,-3.6875
00:24:42,-3.6250
00:24:43,-3.6250
00:24:44,-3.6875
00:24:45,-3.6250
00:24:46,-3.6250
00:24:47,-3.6250
00:24:48,-3.6875
00:24:49,-3.6875
00:24:50,-3.6875
00:24:51,-3.6875
00:24:52,-3.6875
00:24:53,-3.6875
00:24:54,-3.6875
00:24:55,-3.6875
00:24:56,-3.6250
00:24:57,-3.6875
00:24:58,-3.6875
00:24:59,-3.6875
00:25:00,-3.6875
00:25:01,-3.6875
00:25:02,-3.6875
00:25:03,-3.6875
00:25:04,-3.6875
00:25:05,-3.6875
00:25:06,-3.6875
00:25:07,-3.6875
00:25:08,-3.6875
00:25:09,-3.6875
00:25:10,-3.6875
00:25:11,-3.6875
00:25:12,-3.6875
00:25:14,-3.6875
00:25:15,-3.6875
00:25:16,-3.6875
00:25:17,-3.6875
00:25:18,-3.6875
00:25:19,-3.6875
00:25:20,-3.6875
00:25:21,-3.6875
00:25:22,-3.6875
00:25:23,-3.6875
00:25:24,-3.6875
00:25:25,-3.6875
00:25:26,-3.6875
00:25:27,-3.6875
00:25:28,-3.6875
00:25:29,-3.7500
00:25:30,-3.6875
00:25:31,-3.6875
00:25:32,-3.6875
00:25:33,-3.6875
00:25:34,-3.6875
00:25:35,-3.6875
00:25:36,-3.7500
00:25:37,-3.7500
00:25:38,-3.6875
00:25:39,-3.6875
00:25:40,-3.7500
00:25:41,-3.6875
00:25:42,-3.6875
00:25:43,-3.7500
00:25:44,-3.7500
00:25:45,-3.6875
00:25:46,-3.6875
00:25:48,-3.6875
00:25:49,-3.7500
00:25:50,-3.7500
00:25:51,-3.6875
00:25:52,-3.7500
00:25:53,-3.6875
00:25:54,-3.6875
00:25:55,-3.7500
00:25:56,-3.7500
00:25:57,-3.7500
00:25:58,-3.6875
00:25:59,-3.6875
00:26:00,-3.6875
00:26:01,-3.7500
00:26:02,-3.6875
00:26:03,-3.7500
00:26:04,-3.6875
00:26:05,-3.7500
00:26:06,-3.6875
00:26:07,-3.7500
00:26:08,-3.7500
00:26:09,-3.7500
00:26:10,-3.6875
00:26:11,-3.7500
00:26:12,-3.7500
00:26:13,-3.7500
00:26:14,-3.7500
00:26:15,-3.6875
00:26:16,-3.7500
00:26:17,-3.7500
00:26:18,-3.7500
00:26:19,-3.7500
00:26:20,-3.7500
00:26:21,-3.7500
00:26:23,-3.7500
00:26:24,-3.7500
00:26:25,-3.7500
00:26:26,-3.7500
00:26:27,-3.7500
00:26:28,-3.6875
00:26:29,-3.7500
00:26:30,-3.7500
00:26:31,-3.7500
00:26:32,-3.7500
00:26:33,-3.7500
00:26:34,-3.7500
00:26:35,-3.7500
00:26:36,-3.7500
00:26:37,-3.7500
00:26:38,-3.7500
00:26:39,-3.7500
00:26:40,-3.7500
00:26:41,-3.7500
00:26:42,-3.7500
00:26:43,-3.7500
00:26:44,-3.7500
00:26:45,-3.7500
00:26:46,-3.7500
00:26:47,-3.7500
00:26:48,-3.7500
00:26:49,-3.7500
00:26:50,-3.7500
00:26:51,-3.7500
00:26:52,-3.7500
00:26:53,-3.7500
00:26:54,-3.7500
00:26:55,-3.7500
00:26:57,-3.7500
00:26:58,-3.7500
00:26:59,-3.7500
00:27:00,-3.7500
00:27:01,-3.7500
00:27:02,-3.7500
00:27:03,-3.7500
00:27:04,-3.8125
00:27:05,-3.7500
00:27:06,-3.7500
00:27:07,-3.7500
00:27:08,-3.8125
00:27:09,-3.7500
00:27:10,-3.7500
00:27:11,-3.7500
00:27:12,-3.8125
00:27:13,-3.7500
00:27:14,-3.8125
00:27:15,-3.7500
00:27:16,-3.7500
00:27:17,-3.7500
00:27:18,-3.7500
00:27:19,-3.8125
00:27:20,-3.7500
00:27:21,-3.7500
00:27:22,-3.7500
00:27:23,-3.7500
00:27:24,-3.7500
00:27:25,-3.8125
00:27:26,-3.7500
00:27:27,-3.8125
00:27:28,-3.7500
00:27:29,-3.8125
00:27:30,-3.7500
00:27:32,-3.8125
00:27:33,-3.8125
00:27:34,-3.7500
00:27:35,-3.8125
00:27:36,-3.8125
00:27:37,-3.8125
00:27:38,-3.7500
00:27:39,-3.8125
00:27:40,-3.8125
00:27:41,-3.8125
00:27:42,-3.8125
00:27:43,-3.8125
00:27:44,-3.8125
00:27:45,-3.8125
00:27:46,-3.8125
00:27:47,-3.8125
00:27:48,-3.8125
00:27:49,-3.8125
00:27:50,-3.8125
00:27:51,-3.8125
00:27:52,-3.8125
00:27:53,-3.8125
00:27:54,-3.8125
00:27:55,-3.8125
00:27:56,-3.8125
00:27:57,-3.8125
00:27:58,-3.8125
00:27:59,-3.8750
00:28:00,-3.8125
00:28:01,-3.8750
00:28:02,-3.8125
00:28:03,-3.8750
00:28:04,-3.8125
00:28:06,-3.8750
00:28:07,-3.8750
00:28:08,-3.8125
00:28:09,-3.8125
00:28:10,-3.8750
00:28:11,-3.8125
00:28:12,-3.8750
00:28:13,-3.8750
00:28:14,-3.8750
00:28:15,-3.8750
00:28:16,-3.8125
00:28:17,-3.8750
00:28:18,-3.8750
00:28:19,-3.8750
00:28:20,-3.8750
00:28:21,-3.8750
00:28:22,-3.8750
00:28:23,-3.8750
00:28:24,-3.8750
00:28:25,-3.8750
00:28:26,-3.8750
00:28:27,-3.8750
00:28:28,-3.8750
00:28:29,-3.8750
00:28:30,-3.8750
00:28:31,-3.8750
00:28:32,-3.8750
00:28:33,-3.8750
00:28:34,-3.8750
00:28:35,-3.8750
00:28:36,-3.8750
00:28:37,-3.8750
00:28:38,-3.8750
00:28:39,-3.8750
00:28:41,-3.8750
00:28:42,-3.8750
00:28:43,-3.8750
00:28:44,-3.8750
00:28:45,-3.8750
00:28:46,-3.9375
00:28:47,-3.8750
00:28:48,-3.9375
00:28:49,-3.9375
00:28:50,-3.8750
00:28:51,-3.9375
00:28:52,-3.9375
00:28:53,-3.9375
00:28:54,-3.9375
00:28:55,-3.9375
00:28:56,-3.9375
00:28:57,-3.9375
00:28:58,-3.9375
00:28:59,-3.9375
00:29:00,-3.9375
00:29:01,-3.9375
00:29:02,-3.9375
00:29:03,-3.9375
00:29:04,-3.9375
00:29:05,-3.9375
00:29:06,-3.9375
00:29:07,-3.9375
00:29:08,-3.9375
00:29:09,-3.9375
00:29:10,-3.9375
00:29:11,-3.9375
00:29:12,-3.9375
00:29:13,-3.9375
00:29:15,-3.9375
00:29:16,-3.9375
00:29:17,-3.9375
00:29:18,-3.9375
00:29:19,-3.9375
00:29:20,-3.9375
00:29:21,-3.9375
00:29:22,-3.9375
00:29:23,-3.9375
00:29:24,-3.9375
00:29:25,-3.9375
00:29:26,-3.9375
00:29:27,-3.9375
00:29:28,-3.9375
00:29:29,-3.9375
00:29:30,-3.9375
00:29:31,-3.9375
00:29:32,-3.9375
00:29:33,-3.9375
00:29:34,-3.9375
00:29:35,-3.9375
00:29:36,-3.9375
00:29:37,-3.9375
00:29:38,-3.9375
00:29:39,-3.9375
00:29:40,-3.9375
00:29:41,-3.9375
00:29:42,-3.9375
00:29:43,-3.9375
00:29:44,-3.9375
00:29:45,-3.9375
00:29:46,-3.9375
00:29:47,-3.9375
00:29:48,-3.9375
00:29:50,-3.9375
00:29:51,-3.9375
00:29:52,-3.9375
00:29:53,-3.9375
00:29:54,-3.9375
00:29:55,-3.9375
00:29:56,-3.9375
00:29:57,-3.9375
00:29:58,-3.9375
00:29:59,-3.9375
00:30:00,-3.9375
00:30:01,-3.9375
00:30:02,-3.9375
00:30:03,-3.9375
00:30:04,-3.9375
00:30:05,-3.9375
00:30:06,-3.9375
00:30:07,-4.0000
00:30:08,-3.9375
00:30:09,-3.9375
00:30:10,-3.9375
00:30:11,-3.9375
00:30:12,-3.9375
00:30:13,-3.9375
00:30:14,-3.9375
00:30:15,-3.9375
00:30:16,-3.9375
00:30:17,-4.0000
00:30:18,-3.9375
00:30:19,-3.9375
00:30:20,-3.9375
00:30:21,-3.9375
00:30:22,-3.9375
00:30:24,-3.9375
00:30:25,-4.0000
00:30:26,-3.9375
00:30:27,-4.0000
00:30:28,-4.0000
00:30:29,-4.0000
00:30:30,-3.9375
00:30:31,-3.9375
00:30:32,-4.0000
00:30:33,-4.0000
00:30:34,-3.9375
00:30:35,-4.0000
00:30:36,-4.0000
00:30:37,-4.0000
00:30:38,-3.9375
00:30:39,-4.0000
00:30:40,-4.0000
00:30:41,-4.0000
00:30:42,-4.0000
00:30:43,-4.0000
00:30:44,-4.0000
00:30:45,-4.0000
00:30:46,-4.0000
00:30:47,-4.0000
00:30:48,-3.9375
00:30:49,-4.0000
00:30:50,-4.0000
00:30:51,-4.0000
00:30:52,-4.0000
00:30:53,-4.0000
00:30:54,-4.0000
00:30:55,-4.0000
00:30:56,-4.0000
00:30:57,-4.0000
00:30:59,-4.0000
00:31:00,-4.0000
00:31:01,-4.0000
00:31:02,-4.0000
00:31:03,-4.0000
00:31:04,-4.0000
00:31:05,-4.0000
00:31:06,-4.0000
00:31:07,-4.0000
00:31:08,-4.0625
00:31:09,-4.0625
00:31:10,-4.0625
00:31:11,-4.0625
00:31:12,-4.0625
00:31:13,-4.0625
00:31:14,-4.0625
00:31:15,-4.0625
00:31:16,-4.0625
00:31:17,-4.0625
00:31:18,-4.0625
00:31:19,-4.0625
00:31:20,-4.1250
00:31:21,-4.0625
00:31:22,-4.0625
00:31:23,-4.1250
00:31:24,-4.0625
00:31:25,-4.0625
00:31:26,-4.0625
00:31:27,-4.1250
00:31:28,-4.1250
00:31:29,-4.1250
00:31:30,-4.1250
00:31:31,-4.1250
00:31:33,-4.1250
00:31:34,-4.1250
00:31:35,-4.1250
00:31:36,-4.1250
00:31:37,-4.1250
00:31:38,-4.1250
00:31:39,-4.1250
00:31:40,-4.1250
00:31:41,-4.1250
00:31:42,-4.1875
00:31:43,-4.1250
00:31:44,-4.1250
00:31:45,-4.1250
00:31:46,-4.1250
00:31:47,-4.1250
00:31:48,-4.1250
00:31:49,-4.1875
00:31:50,-4.1250
00:31:51,-4.1250
00:31:52,-4.1875
00:31:53,-4.1250
00:31:54,-4.1250
00:31:55,-4.1875
00:31:56,-4.1875
00:31:57,-4.1875
00:31:58,-4.1875
00:31:59,-4.1875
00:32:00,-4.1875
00:32:01,-4.1875
00:32:02,-4.1875
00:32:03,-4.1875
00:32:04,-4.1875
00:32:05,-4.1875
00:32:06,-4.1875
00:32:08,-4.1875
00:32:09,-4.1875
00:32:10,-4.1875
00:32:11,-4.1875
00:32:12,-4.1875
00:32:13,-4.1875
00:32:14,-4.1875
00:32:15,-4.1875
00:32:16,-4.2500
00:32:17,-4.2500
00:32:18,-4.1875
00:32:19,-4.2500
00:32:20,-4.2500
00:32:21,-4.2500
00:32:22,-4.2500
00:32:23,-4.2500
00:32:24,-4.2500
00:32:25,-4.2500
00:32:26,-4.2500
00:32:27,-4.2500
00:32:28,-4.2500
00:32:29,-4.2500
00:32:30,-4.2500
00:32:31,-4.2500
00:32:32,-4.2500
00:32:33,-4.3125
00:32:34,-4.2500
00:32:35,-4.3125
00:32:36,-4.2500
00:32:37,-4.2500
00:32:38,-4.3125
00:32:39,-4.2500
00:32:40,-4.2500
00:32:42,-4.3125
00:32:43,-4.3125
00:32:44,-4.3125
00:32:45,-4.3125
00:32:46,-4.3125
00:32:47,-4.3125
00:32:48,-4.3125
00:32:49,-4.2500
00:32:50,-4.3125
00:32:51,-4.3125
00:32:52,-4.3125
00:32:53,-4.3125
00:32:54,-4.3125
00:32:55,-4.3125
00:32:56,-4.3125
00:32:57,-4.3125
00:32:58,-4.3125
00:32:59,-4.3125
00:33:00,-4.3125
00:33:01,-4.3750
00:33:02,-4.3125
00:33:03,-4.3125
00:33:04,-4.3125
00:33:05,-4.3125
00:33:06,-4.3125
00:33:07,-4.3125
00:33:08,-4.3750
00:33:09,-4.3750
00:33:10,-4.3750
00:33:11,-4.3750
00:33:12,-4.3125
00:33:13,-4.3125
00:33:14,-4.3750
00:33:16,-4.3750
00:33:17,-4.3750
00:33:18,-4.3750
00:33:19,-4.3750
00:33:20,-4.3750
00:33:21,-4.3750
00:33:22,-4.3750
00:33:23,-4.3750
00:33:24,-4.3750
00:33:25,-4.3750
00:33:26,-4.3750
00:33:27,-4.3750
00:33:28,-4.3750
00:33:29,-4.3750
00:33:30,-4.3750
00:33:31,-4.3750
00:33:32,-4.3750
00:33:33,-4.3750
00:33:34,-4.3750
00:33:35,-4.3750
00:33:36,-4.3750
00:33:37,-4.3750
00:33:38,-4.3750
00:33:39,-4.3750
00:33:40,-4.3750
00:33:41,-4.3750
00:33:42,-4.4375
00:33:43,-4.4375
00:33:44,-4.4375
00:33:45,-4.4375
00:33:46,-4.3750
00:33:47,-4.4375
00:33:48,-4.3750
00:33:49,-4.3750
00:33:51,-4.3750
00:33:52,-4.4375
00:33:53,-4.3750
00:33:54,-4.3750
00:33:55,-4.4375
00:33:56,-4.4375
00:33:57,-4.3750
00:33:58,-4.3750
00:33:59,-4.4375
00:34:00,-4.4375
00:34:01,-4.3750
00:34:02,-4.4375
00:34:03,-4.4375
00:34:04,-4.4375
00:34:05,-4.4375
00:34:06,-4.4375
00:34:07,-4.4375
00:34:08,-4.4375
00:34:09,-4.4375
00:34:10,-4.4375
00:34:11,-4.4375
00:34:12,-4.4375
00:34:13,-4.4375
00:34:14,-4.4375
00:34:15,-4.4375
00:34:16,-4.4375
00:34:17,-4.4375
00:34:18,-4.4375
00:34:19,-4.4375
00:34:20,-4.4375
00:34:21,-4.4375
00:34:22,-4.4375
00:34:23,-4.4375
00:34:25,-4.4375
00:34:26,-4.4375
00:34:27,-4.4375
00:34:28,-4.4375
00:34:29,-4.4375
00:34:30,-4.4375
00:34:31,-4.4375
00:34:32,-4.4375
00:34:33,-4.4375
00:34:34,-4.4375
00:34:35,-4.4375
00:34:36,-4.4375
00:34:37,-4.4375
00:34:38,-4.4375
00:34:39,-4.4375
00:34:40,-4.4375
00:34:41,-4.4375
00:34:42,-4.4375
00:34:43,-4.5000
00:34:44,-4.4375
00:34:45,-4.4375
00:34:46,-4.4375
00:34:47,-4.4375
00:34:48,-4.4375
00:34:49,-4.4375
00:34:50,-4.5000
00:34:51,-4.4375
00:34:52,-4.5000
00:34:53,-4.5000
00:34:54,-4.5000
00:34:55,-4.4375
00:34:56,-4.4375
00:34:57,-4.4375
00:34:58,-4.4375
00:35:00,-4.5000
00:35:01,-4.5000
00:35:02,-4.5000
00:35:03,-4.5000
00:35:04,-4.5000
00:35:05,-4.5000
00:35:06,-4.4375
00:35:07,-4.5000
00:35:08,-4.5000
00:35:09,-4.5000
00:35:10,-4.5000
00:35:11,-4.5000
00:35:12,-4.5000
00:35:13,-4.5000
00:35:14,-4.5000
00:35:15,-4.5000
00:35:16,-4.5000
00:35:17,-4.5000
00:35:18,-4.5000
00:35:19,-4.5000
00:35:20,-4.5000
00:35:21,-4.5000
00:35:22,-4.5000
00:35:23,-4.5000
00:35:24,-4.5000
00:35:25,-4.5000
00:35:26,-4.5000
00:35:27,-4.5000
00:35:28,-4.5000
00:35:29,-4.5000
00:35:30,-4.5000
00:35:31,-4.5000
00:35:32,-4.5000
00:35:34,-4.5000
00:35:35,-4.5000
00:35:36,-4.5000
00:35:37,-4.5000
00:35:38,-4.5000
00:35:39,-4.5000
00:35:40,-4.5000
00:35:41,-4.5000
00:35:42,-4.5000
00:35:43,-4.5000
00:35:44,-4.5000
00:35:45,-4.5000
00:35:46,-4.5000
00:35:47,-4.5000
00:35:48,-4.5625
00:35:49,-4.5625
00:35:50,-4.5625
00:35:51,-4.5625
00:35:52,-4.5000
00:35:53,-4.5625
00:35:54,-4.5625
00:35:55,-4.5000
00:35:56,-4.5625
00:35:57,-4.5625
00:35:58,-4.5000
00:35:59,-4.5625
00:36:00,-4.5625
00:36:01,-4.5000
00:36:02,-4.5625
00:36:03,-4.5625
00:36:04,-4.5625
00:36:05,-4.5625
00:36:06,-4.5625
00:36:07,-4.5625
00:36:09,-4.5625
00:36:10,-4.5625
00:36:11,-4.5000
00:36:12,-4.5625
00:36:13,-4.5625
00:36:14,-4.5625
00:36:15,-4.5625
00:36:16,-4.5625
00:36:17,-4.5625
00:36:18,-4.5000
00:36:19,-4.5625
00:36:20,-4.5625
00:36:21,-4.5625
00:36:22,-4.5625
00:36:23,-4.5625
00:36:24,-4.5625
00:36:25,-4.5625
00:36:26,-4.5625
00:36:27,-4.5000
00:36:28,-4.5625
00:36:29,-4.5625
00:36:30,-4.5625
00:36:31,-4.5625
00:36:32,-4.5625
00:36:33,-4.5625
00:36:34,-4.5625
00:36:35,-4.5625
00:36:36,-4.5625
00:36:37,-4.5625
00:36:38,-4.5625
00:36:39,-4.5625
00:36:40,-4.5625
00:36:41,-4.5625
00:36:43,-4.5625
00:36:44,-4.5625
00:36:45,-4.5625
00:36:46,-4.5625
00:36:47,-4.5625
00:36:48,-4.5625
00:36:49,-4.5625
00:36:50,-4.5625
00:36:51,-4.5625
00:36:52,-4.5625
00:36:53,-4.5625
00:36:54,-4.5625
00:36:55,-4.5625
00:36:56,-4.5625
00:36:57,-4.5625
00:36:58,-4.6250
00:36:59,-4.5625
00:37:00,-4.5625
00:37:01,-4.5625
00:37:02,-4.5625
00:37:03,-4.5625
00:37:04,-4.6250
00:37:05,-4.5625
00:37:06,-4.5625
00:37:07,-4.5625
00:37:08,-4.5625
00:37:09,-4.6250
00:37:10,-4.5625
00:37:11,-4.5625
00:37:12,-4.5625
00:37:13,-4.5625
00:37:14,-4.6250
00:37:15,-4.5625
00:37:16,-4.6250
00:37:18,-4.5625
00:37:19,-4.6250
00:37:20,-4.5625
00:37:21,-4.6250
00:37:22,-4.6250
00:37:23,-4.5625
00:37:24,-4.6250
00:37:25,-4.6250
00:37:26,-4.6250
00:37:27,-4.6250
00:37:28,-4.6250
00:37:29,-4.6250
00:37:30,-4.6250
00:37:31,-4.6250
00:37:32,-4.6250
00:37:33,-4.6250
00:37:34,-4.5625
00:37:35,-4.6250
00:37:36,-4.6250
00:37:37,-4.6250
00:37:38,-4.6250
00:37:39,-4.6250
00:37:40,-4.6250
00:37:41,-4.6250
00:37:42,-4.6250
00:37:43,-4.6250
00:37:44,-4.6250
00:37:45,-4.6250
00:37:46,-4.6250
00:37:47,-4.6250
00:37:48,-4.6250
00:37:49,-4.6250
00:37:50,-4.6250
00:37:52,-4.6250
00:37:53,-4.6250
00:37:54,-4.6250
00:37:55,-4.6250
00:37:56,-4.6250
00:37:57,-4.6250
00:37:58,-4.6250
00:37:59,-4.6250
00:38:00,-4.6250
00:38:01,-4.6250
00:38:02,-4.6250
00:38:03,-4.6250
00:38:04,-4.6250
00:38:05,-4.6250
00:38:06,-4.6250
00:38:07,-4.6250
00:38:08,-4.6250
00:38:09,-4.6250
00:38:10,-4.6250
00:38:11,-4.6250
00:38:12,-4.6250
00:38:13,-4.6250
00:38:14,-4.6250
00:38:15,-4.6250
00:38:16,-4.6250
00:38:17,-4.6250
00:38:18,-4.6250
00:38:19,-4.6250
00:38:20,-4.6250
00:38:21,-4.6250
00:38:22,-4.6250
00:38:23,-4.6250
00:38:24,-4.6250
00:38:25,-4.6250
00:38:27,-4.6250
00:38:28,-4.6250
00:38:29,-4.6250
00:38:30,-4.6250
00:38:31,-4.6250
00:38:32,-4.6250
00:38:33,-4.6250
00:38:34,-4.6250
00:38:35,-4.6250
00:38:36,-4.6250
00:38:37,-4.6250
00:38:38,-4.6875
00:38:39,-4.6250
00:38:40,-4.6250
00:38:41,-4.6875
00:38:42,-4.6250
00:38:43,-4.6875
00:38:44,-4.6250
00:38:45,-4.6875
00:38:46,-4.6875
00:38:47,-4.6875
00:38:48,-4.6250
00:38:49,-4.6250
00:38:50,-4.6875
00:38:51,-4.6875
00:38:52,-4.6250
00:38:53,-4.6250
00:38:54,-4.6875
00:38:55,-4.6250
00:38:56,-4.6875
00:38:57,-4.6875
00:38:58,-4.6875
00:38:59,-4.6250
00:39:01,-4.6875
00:39:02,-4.6250
00:39:03,-4.6875
00:39:04,-4.6875
00:39:05,-4.6875
00:39:06,-4.6875
00:39:07,-4.6875
00:39:08,-4.6875
00:39:09,-4.6875
00:39:10,-4.6875
00:39:11,-4.6875
00:39:12,-4.6250
00:39:13,-4.6875
00:39:14,-4.6875
00:39:15,-4.6875
00:39:16,-4.6875
00:39:17,-4.6875
00:39:18,-4.6875
00:39:19,-4.6875
00:39:20,-4.6875
00:39:21,-4.6875
00:39:22,-4.6875
00:39:23,-4.6875
00:39:24,-4.6875
00:39:25,-4.6875
00:39:26,-4.6875
00:39:27,-4.6875
00:39:28,-4.6875
00:39:29,-4.6875
00:39:30,-4.6875
00:39:31,-4.6875
00:39:32,-4.6875
00:39:33,-4.6875
00:39:34,-4.6875
00:39:36,-4.6875
00:39:37,-4.6875
00:39:38,-4.6875
00:39:39,-4.6875
00:39:40,-4.6875
00:39:41,-4.6875
00:39:42,-4.6875
00:39:43,-4.6875
00:39:44,-4.6875
00:39:45,-4.6875
00:39:46,-4.6875
00:39:47,-4.6875
00:39:48,-4.6875
00:39:49,-4.6875
00:39:50,-4.6875
00:39:51,-4.6875
00:39:52,-4.6875
00:39:53,-4.6875
00:39:54,-4.6875
00:39:55,-4.6875
00:39:56,-4.6875
00:39:57,-4.6875
00:39:58,-4.6875
00:39:59,-4.6875
00:40:00,-4.6875
00:40:01,-4.6875
00:40:02,-4.6875
00:40:03,-4.6875
00:40:04,-4.6875
00:40:05,-4.6875
00:40:06,-4.6875
00:40:07,-4.6875
00:40:08,-4.6875
00:40:10,-4.6875
00:40:11,-4.6875
00:40:12,-4.6875
00:40:13,-4.6875
00:40:14,-4.6875
00:40:15,-4.6875
00:40:16,-4.6875
00:40:17,-4.6875
00:40:18,-4.6875
00:40:19,-4.6875
00:40:20,-4.6875
00:40:21,-4.6875
00:40:22,-4.6875
00:40:23,-4.6875
00:40:24,-4.6875
00:40:25,-4.6875
00:40:26,-4.6875
00:40:27,-4.6875
00:40:28,-4.6875
00:40:29,-4.6875
00:40:30,-4.6875
00:40:31,-4.6875
00:40:32,-4.6875
00:40:33,-4.6875
00:40:34,-4.6875
00:40:35,-4.6875
00:40:36,-4.6875
00:40:37,-4.6875
00:40:38,-4.6875
00:40:39,-4.6875
00:40:40,-4.6875
00:40:41,-4.6875
00:40:42,-4.6875
00:40:44,-4.6875
00:40:45,-4.6875
00:40:46,-4.6875
00:40:47,-4.6875
00:40:48,-4.6875
00:40:49,-4.6875
00:40:50,-4.6875
00:40:51,-4.6875
00:40:52,-4.6875
00:40:53,-4.6875
00:40:54,-4.6875
00:40:55,-4.6875
00:40:56,-4.6875
00:40:57,-4.6875
00:40:58,-4.6875
00:40:59,-4.6875
00:41:00,-4.6875
00:41:01,-4.6875
00:41:02,-4.6875
00:41:03,-4.6875
00:41:04,-4.6875
00:41:05,-4.6875
00:41:06,-4.6875
00:41:07,-4.6875
00:41:08,-4.6875
00:41:09,-4.6875
00:41:10,-4.6875
00:41:11,-4.6875
00:41:12,-4.6875
00:41:13,-4.6875
00:41:14,-4.6875
00:41:15,-4.6875
00:41:16,-4.6875
00:41:17,-4.6875
00:41:19,-4.6875
00:41:20,-4.6875
00:41:21,-4.6875
00:41:22,-4.6875
00:41:23,-4.6875
00:41:24,-4.6875
00:41:25,-4.6875
00:41:26,-4.6875
00:41:27,-4.6875
00:41:28,-4.6875
00:41:29,-4.6875
00:41:30,-4.6875
00:41:31,-4.6875
00:41:32,-4.6875
00:41:33,-4.6875
00:41:34,-4.6875
00:41:35,-4.6875
00:41:36,-4.6875
00:41:37,-4.6875
00:41:38,-4.6875
00:41:39,-4.6875
00:41:40,-4.6875
00:41:41,-4.6875
00:41:42,-4.6875
00:41:43,-4.6875
00:41:44,-4.6875
00:41:45,-4.6875
00:41:46,-4.6875
00:41:47,-4.6875
00:41:48,-4.6875
00:41:49,-4.6875
00:41:50,-4.6875
00:41:51,-4.6875
00:41:53,-4.6875
00:41:54,-4.6875
00:41:55,-4.6875
00:41:56,-4.6875
00:41:57,-4.6875
00:41:58,-4.6875
00:41:59,-4.6875
00:42:00,-4.6875
00:42:01,-4.6875
00:42:02,-4.6875
00:42:03,-4.6875
00:42:04,-4.6875
00:42:05,-4.6875
00:42:06,-4.6875
00:42:07,-4.6875
00:42:08,-4.6875
00:42:09,-4.6875
00:42:10,-4.6875
00:42:11,-4.6875
00:42:12,-4.6875
00:42:13,-4.6875
00:42:14,-4.6875
00:42:15,-4.6875
00:42:16,-4.6875
00:42:17,-4.6875
00:42:18,-4.6875
00:42:19,-4.6875
00:42:20,-4.6875
00:42:21,-4.6875
00:42:22,-4.6875
00:42:23,-4.6875
00:42:24,-4.6875
00:42:25,-4.6875
00:42:26,-4.6875
00:42:28,-4.6875
00:42:29,-4.6875
00:42:30,-4.6875
00:42:31,-4.6875
00:42:32,-4.6875
00:42:33,-4.6875
00:42:34,-4.6875
00:42:35,-4.6875
00:42:36,-4.6875
00:42:37,-4.6875
00:42:38,-4.6875
00:42:39,-4.6875
00:42:40,-4.6875
00:42:41,-4.6875
00:42:42,-4.6875
00:42:43,-4.6875
00:42:44,-4.6875
00:42:45,-4.7500
00:42:46,-4.6875
00:42:47,-4.6875
00:42:48,-4.6875
00:42:49,-4.6875
00:42:50,-4.6875
00:42:51,-4.6875
00:42:52,-4.6875
00:42:53,-4.6875
00:42:54,-4.6875
00:42:55,-4.6875
00:42:56,-4.6875
00:42:57,-4.6875
00:42:58,-4.6875
00:42:59,-4.6875
00:43:00,-4.6875
00:43:02,-4.6875
00:43:03,-4.7500
00:43:04,-4.6875
00:43:05,-4.6875
00:43:06,-4.6875
00:43:07,-4.6875
00:43:08,-4.6875
00:43:09,-4.6875
00:43:10,-4.6875
00:43:11,-4.6875
00:43:12,-4.6875
00:43:13,-4.6875
00:43:14,-4.6875
00:43:15,-4.6875
00:43:16,-4.6875
00:43:17,-4.6875
00:43:18,-4.6875
00:43:19,-4.7500
00:43:20,-4.6875
00:43:21,-4.6875
00:43:22,-4.6875
00:43:23,-4.6875
00:43:24,-4.6875
00:43:25,-4.6875
00:43:26,-4.6875
00:43:27,-4.6875
00:43:28,-4.6875
00:43:29,-4.6875
00:43:30,-4.6875
00:43:31,-4.6875
00:43:32,-4.6875
00:43:33,-4.6875
00:43:34,-4.6875
00:43:35,-4.6875
00:43:37,-4.6875
00:43:38,-4.6875
00:43:39,-4.6875
00:43:40,-4.6875
00:43:41,-4.6875
00:43:42,-4.6875
00:43:43,-4.6875
00:43:44,-4.6875
00:43:45,-4.6875
00:43:46,-4.6875
00:43:47,-4.6875
00:43:48,-4.6875
00:43:49,-4.6875
00:43:50,-4.6875
00:43:51,-4.6875
00:43:52,-4.6875
00:43:53,-4.6875
00:43:54,-4.6875
00:43:55,-4.6875
00:43:56,-4.6875
00:43:57,-4.6875
00:43:58,-4.6875
00:43:59,-4.6875
00:44:00,-4.6875
00:44:01,-4.6875
00:44:02,-4.6875
00:44:03,-4.7500
00:44:04,-4.6875
00:44:05,-4.6875
00:44:06,-4.7500
00:44:07,-4.6875
00:44:08,-4.6875
00:44:09,-4.6875
00:44:11,-4.6875
00:44:12,-4.6875
00:44:13,-4.6875
00:44:14,-4.7500
00:44:15,-4.6875
00:44:16,-4.6875
00:44:17,-4.6875
00:44:18,-4.6875
00:44:19,-4.6875
00:44:20,-4.6875
00:44:21,-4.6875
00:44:22,-4.6875
00:44:23,-4.6875
00:44:24,-4.6875
00:44:25,-4.6875
00:44:26,-4.6875
00:44:27,-4.6875
00:44:28,-4.6875
00:44:29,-4.6875
00:44:30,-4.6875
00:44:31,-4.6875
00:44:32,-4.6875
00:44:33,-4.6875
00:44:34,-4.6875
00:44:35,-4.6875
00:44:36,-4.6875
00:44:37,-4.6875
00:44:38,-4.6875
00:44:39,-4.6875
00:44:40,-4.6875
00:44:41,-4.6875
00:44:42,-4.6875
00:44:43,-4.6875
00:44:44,-4.6875
00:44:46,-4.6875
00:44:47,-4.6875
00:44:48,-4.6875
00:44:49,-4.6875
00:44:50,-4.6875
00:44:51,-4.6875
00:44:52,-4.6875
00:44:53,-4.6875
00:44:54,-4.6875
00:44:55,-4.6875
00:44:56,-4.6875
00:44:57,-4.6875
00:44:58,-4.6875
00:44:59,-4.6875
00:45:00,-4.6875
00:45:01,-4.6875
00:45:02,-4.6875
00:45:03,-4.6875
00:45:04,-4.6875
00:45:05,-4.6875
00:45:06,-4.6875
00:45:07,-4.6875
00:45:08,-4.6875
00:45:09,-4.6875
00:45:10,-4.6875
00:45:11,-4.6875
00:45:12,-4.6875
00:45:13,-4.6875
00:45:14,-4.6875
00:45:15,-4.6875
00:45:16,-4.6875
00:45:17,-4.6875
00:45:18,-4.6875
00:45:20,-4.6875
00:45:21,-4.6875
00:45:22,-4.6875
00:45:23,-4.6875
00:45:24,-4.6875
00:45:25,-4.6875
00:45:26,-4.6875
00:45:27,-4.6875
00:45:28,-4.6875
00:45:29,-4.6875
00:45:30,-4.6875
00:45:31,-4.6875
00:45:32,-4.6875
00:45:33,-4.6875
00:45:34,-4.6875
00:45:35,-4.6875
00:45:36,-4.6875
00:45:37,-4.6875
00:45:38,-4.6875
00:45:39,-4.6875
00:45:40,-4.6875
00:45:41,-4.6875
00:45:42,-4.6875
00:45:43,-4.6875
00:45:44,-4.6875
00:45:45,-4.6875
00:45:46,-4.6875
00:45:47,-4.6875
00:45:48,-4.6875
00:45:49,-4.6875
00:45:50,-4.6875
00:45:51,-4.6875
00:45:52,-4.6875
00:45:53,-4.6875
00:45:55,-4.6875
00:45:56,-4.6875
00:45:57,-4.6875
00:45:58,-4.6875
00:45:59,-4.6875
00:46:00,-4.6875
00:46:01,-4.6875
00:46:02,-4.6875
00:46:03,-4.6875
00:46:04,-4.6875
00:46:05,-4.6875
00:46:06,-4.6875
00:46:07,-4.6875
00:46:08,-4.6875
00:46:09,-4.6875
00:46:10,-4.6875
00:46:11,-4.6875
00:46:12,-4.6875
00:46:13,-4.6875
00:46:14,-4.6875
00:46:15,-4.6875
00:46:16,-4.6875
00:46:17,-4.6875
00:46:18,-4.6875
00:46:19,-4.6875
00:46:20,-4.6875
00:46:21,-4.6875
00:46:22,-4.6875
00:46:23,-4.6875
00:46:24,-4.6875
00:46:25,-4.6875
00:46:26,-4.6875
00:46:27,-4.6875
00:46:29,-4.6875
00:46:30,-4.6875
00:46:31,-4.6875
00:46:32,-4.6875
00:46:33,-4.6875
00:46:34,-4.6875
00:46:35,-4.6875
00:46:36,-4.6875
00:46:37,-4.6875
00:46:38,-4.6875
00:46:39,-4.6875
00:46:40,-4.6875
00:46:41,-4.6875
00:46:42,-4.6875
00:46:43,-4.6875
00:46:44,-4.6875
00:46:45,-4.6875
00:46:46,-4.6875
00:46:47,-4.6875
00:46:48,-4.6875
00:46:49,-4.6875
00:46:50,-4.6875
00:46:51,-4.6875
00:46:52,-4.6875
00:46:53,-4.6875
00:46:54,-4.6875
00:46:55,-4.6875
00:46:56,-4.6875
00:46:57,-4.6875
00:46:58,-4.6875
00:46:59,-4.6875
00:47:00,-4.6875
00:47:01,-4.6875
00:47:03,-4.6875
00:47:04,-4.6875
00:47:05,-4.6875
00:47:06,-4.6875
00:47:07,-4.6875
00:47:08,-4.6875
00:47:09,-4.6875
00:47:10,-4.6875
00:47:11,-4.6875
00:47:12,-4.6875
00:47:13,-4.6875
00:47:14,-4.6875
00:47:15,-4.6875
00:47:16,-4.6875
00:47:17,-4.6875
00:47:18,-4.6875
00:47:19,-4.6875
00:47:20,-4.6875
00:47:21,-4.6875
00:47:22,-4.6875
00:47:23,-4.6875
00:47:24,-4.6875
00:47:25,-4.6875
00:47:26,-4.6875
00:47:27,-4.6875
00:47:28,-4.6875
00:47:29,-4.6875
00:47:30,-4.6875
00:47:31,-4.6875
00:47:32,-4.6875
00:47:33,-4.6875
00:47:34,-4.6875
00:47:35,-4.6875
00:47:36,-4.6875
00:47:38,-4.6875
00:47:39,-4.6875
00:47:40,-4.6875
00:47:41,-4.6875
00:47:42,-4.6875
00:47:43,-4.6875
00:47:44,-4.6875
00:47:45,-4.6875
00:47:46,-4.6875
00:47:47,-4.6875
00:47:48,-4.6875
00:47:49,-4.6875
00:47:50,-4.6875
00:47:51,-4.6875
00:47:52,-4.6875
00:47:53,-4.6875
00:47:54,-4.6875
00:47:55,-4.6875
00:47:56,-4.6875
00:47:57,-4.6875
00:47:58,-4.6875
00:47:59,-4.6875
00:48:00,-4.6875
00:48:01,-4.6875
00:48:02,-4.6875
00:48:03,-4.6875
00:48:04,-4.6875
00:48:05,-4.6875
00:48:06,-4.6875
00:48:07,-4.6875
00:48:08,-4.6875
00:48:09,-4.6875
00:48:10,-4.6875
00:48:12,-4.6875
00:48:13,-4.6875
00:48:14,-4.6875
00:48:15,-4.6875
00:48:16,-4.6875
00:48:17,-4.6875
00:48:18,-4.6875
00:48:19,-4.6875
00:48:20,-4.6875
00:48:21,-4.6875
00:48:22,-4.6875
00:48:23,-4.6875
00:48:24,-4.6875
00:48:25,-4.6875
00:48:26,-4.6875
00:48:27,-4.6875
00:48:28,-4.6875
00:48:29,-4.6875
00:48:30,-4.6875
00:48:31,-4.6875
00:48:32,-4.6875
00:48:33,-4.6875
00:48:34,-4.6875
00:48:35,-4.6875
00:48:36,-4.6875
00:48:37,-4.6875
00:48:38,-4.6875
00:48:39,-4.6875
00:48:40,-4.6875
00:48:41,-4.6875
00:48:42,-4.6875
00:48:43,-4.6875
00:48:44,-4.6875
00:48:45,-4.6875
00:48:47,-4.7500
00:48:48,-4.6875
00:48:49,-4.6875
00:48:50,-4.6875
00:48:51,-4.6875
00:48:52,-4.6875
00:48:53,-4.6875
00:48:54,-4.6875
00:48:55,-4.6875
00:48:56,-4.6875
00:48:57,-4.6875
00:48:58,-4.6875
00:48:59,-4.6875
00:49:00,-4.6875
00:49:01,-4.6875
00:49:02,-4.6875
00:49:03,-4.6875
00:49:04,-4.6875
00:49:05,-4.7500
00:49:06,-4.6875
00:49:07,-4.6875
00:49:08,-4.6875
00:49:09,-4.6875
00:49:10,-4.6875
00:49:11,-4.6875
00:49:12,-4.6875
00:49:13,-4.6875
00:49:14,-4.6875
00:49:15,-4.6875
00:49:16,-4.6875
00:49:17,-4.6875
00:49:18,-4.6875
00:49:19,-4.6875
00:49:21,-4.6875
00:49:22,-4.6875
00:49:23,-4.7500
00:49:24,-4.7500
00:49:25,-4.6875
00:49:26,-4.6875
00:49:27,-4.7500
00:49:28,-4.6875
00:49:29,-4.6875
00:49:30,-4.6875
00:49:31,-4.6875
00:49:32,-4.6875
00:49:33,-4.6875
00:49:34,-4.6875
00:49:35,-4.7500
00:49:36,-4.7500
00:49:37,-4.6875
00:49:38,-4.7500
00:49:39,-4.7500
00:49:40,-4.6875
00:49:41,-4.7500
00:49:42,-4.6875
00:49:43,-4.6875
00:49:44,-4.6875
00:49:45,-4.7500
00:49:46,-4.7500
00:49:47,-4.6875
00:49:48,-4.6875
00:49:49,-4.7500
00:49:50,-4.7500
00:49:51,-4.7500
00:49:52,-4.7500
00:49:53,-4.7500
00:49:54,-4.6875
00:49:56,-4.7500
00:49:57,-4.7500
00:49:58,-4.7500
00:49:59,-4.7500
00:50:00,-4.7500
00:50:01,-4.7500
00:50:02,-4.7500
00:50:03,-4.7500
00:50:04,-4.7500
00:50:05,-4.6875
00:50:06,-4.6875
00:50:07,-4.7500
00:50:08,-4.7500
00:50:09,-4.7500
00:50:10,-4.7500
00:50:11,-4.7500
00:50:12,-4.7500
00:50:13,-4.7500
00:50:14,-4.7500
00:50:15,-4.7500
00:50:16,-4.6875
00:50:17,-4.7500
00:50:18,-4.7500
00:50:19,-4.6875
00:50:20,-4.6875
00:50:21,-4.7500
00:50:22,-4.7500
00:50:23,-4.6875
00:50:24,-4.7500
00:50:25,-4.6875
00:50:26,-4.7500
00:50:27,-4.7500
00:50:28,-4.7500
00:50:30,-4.7500
00:50:31,-4.7500
00:50:32,-4.7500
00:50:33,-4.7500
00:50:34,-4.7500
00:50:35,-4.7500
00:50:36,-4.7500
00:50:37,-4.6875
00:50:38,-4.7500
00:50:39,-4.7500
00:50:40,-4.7500
00:50:41,-4.7500
00:50:42,-4.6875
00:50:43,-4.7500
00:50:44,-4.7500
00:50:45,-4.7500
00:50:46,-4.7500
00:50:47,-4.7500
00:50:48,-4.7500
00:50:49,-4.6875
00:50:50,-4.7500
00:50:51,-4.7500
00:50:52,-4.7500
00:50:53,-4.7500
00:50:54,-4.7500
00:50:55,-4.7500
00:50:56,-4.7500
00:50:57,-4.7500
00:50:58,-4.7500
00:50:59,-4.7500
00:51:00,-4.7500
00:51:01,-4.7500
00:51:02,-4.7500
00:51:03,-4.7500
00:51:05,-4.7500
00:51:06,-4.7500
00:51:07,-4.7500
00:51:08,-4.7500
00:51:09,-4.7500
00:51:10,-4.7500
00:51:11,-4.7500
00:51:12,-4.7500
00:51:13,-4.7500
00:51:14,-4.8125
00:51:15,-4.7500
00:51:16,-4.7500
00:51:17,-4.7500
00:51:18,-4.7500
00:51:19,-4.7500
00:51:20,-4.7500
00:51:21,-4.7500
00:51:22,-4.7500
00:51:23,-4.7500
00:51:24,-4.7500
00:51:25,-4.7500
00:51:26,-4.7500
00:51:27,-4.7500
00:51:28,-4.7500
00:51:29,-4.8125
00:51:30,-4.7500
00:51:31,-4.7500
00:51:32,-4.7500
00:51:33,-4.7500
00:51:34,-4.7500
00:51:35,-4.7500
00:51:36,-4.7500
00:51:37,-4.7500
00:51:39,-4.7500
00:51:40,-4.7500
00:51:41,-4.7500
00:51:42,-4.7500
00:51:43,-4.8125
00:51:44,-4.8125
00:51:45,-4.8125
00:51:46,-4.7500
00:51:47,-4.7500
00:51:48,-4.8125
00:51:49,-4.7500
00:51:50,-4.7500
00:51:51,-4.7500
00:51:52,-4.8125
00:51:53,-4.8125
00:51:54,-4.8125
00:51:55,-4.8125
00:51:56,-4.7500
00:51:57,-4.7500
00:51:58,-4.7500
00:51:59,-4.8125
00:52:00,-4.8125
00:52:01,-4.8125
00:52:02,-4.7500
00:52:03,-4.8125
00:52:04,-4.8125
00:52:05,-4.8125
00:52:06,-4.8125
00:52:07,-4.8125
00:52:08,-4.8125
00:52:09,-4.8125
00:52:10,-4.8125
00:52:11,-4.8125
00:52:12,-4.8125
00:52:14,-4.8125
00:52:15,-4.7500
00:52:16,-4.8125
00:52:17,-4.7500
00:52:18,-4.8125
00:52:19,-4.8125
00:52:20,-4.8125
00:52:21,-4.8125
00:52:22,-4.8125
00:52:23,-4.8125
00:52:24,-4.8125
00:52:25,-4.8125
00:52:26,-4.8125
00:52:27,-4.8125
00:52:28,-4.8125
00:52:29,-4.8125
00:52:30,-4.8125
00:52:31,-4.8125
00:52:32,-4.8125
00:52:33,-4.8125
00:52:34,-4.8125
00:52:35,-4.8125
00:52:36,-4.8125
00:52:37,-4.8125
00:52:38,-4.8125
00:52:39,-4.8125
00:52:40,-4.8125
00:52:41,-4.8125
00:52:42,-4.8125
00:52:43,-4.8125
00:52:44,-4.8125
00:52:45,-4.8125
00:52:46,-4.8125
00:52:48,-4.8125
00:52:49,-4.8125
00:52:50,-4.8125
00:52:51,-4.8125
00:52:52,-4.8125
00:52:53,-4.8125
00:52:54,-4.8125
00:52:55,-4.8125
00:52:56,-4.8125
00:52:57,-4.8125
00:52:58,-4.8750
00:52:59,-4.8750
00:53:00,-4.8750
00:53:01,-4.8750
00:53:02,-4.8750
00:53:03,-4.8750
00:53:04,-4.8125
00:53:05,-4.8125
00:53:06,-4.8125
00:53:07,-4.8125
00:53:08,-4.8750
00:53:09,-4.8750
00:53:10,-4.8125
00:53:11,-4.8750
00:53:12,-4.8125
00:53:13,-4.8125
00:53:14,-4.8125
00:53:15,-4.8750
00:53:16,-4.8750
00:53:17,-4.8750
00:53:18,-4.8750
00:53:19,-4.8750
00:53:20,-4.8125
00:53:21,-4.8750
00:53:23,-4.8750
00:53:24,-4.8750
00:53:25,-4.8750
00:53:26,-4.8750
00:53:27,-4.8750
00:53:28,-4.8750
00:53:29,-4.8750
00:53:30,-4.8750
00:53:31,-4.8750
00:53:32,-4.8750
00:53:33,-4.8750
00:53:34,-4.8750
00:53:35,-4.8750
00:53:36,-4.8750
00:53:37,-4.8750
00:53:38,-4.8750
00:53:39,-4.8750
00:53:40,-4.8750
00:53:41,-4.8750
00:53:42,-4.8750
00:53:43,-4.8750
00:53:44,-4.8750
00:53:45,-4.8750
00:53:46,-4.9375
00:53:47,-4.8750
00:53:48,-4.8750
00:53:49,-4.8750
00:53:50,-4.8750
00:53:51,-4.9375
00:53:52,-4.9375
00:53:53,-4.8750
00:53:54,-4.8750
00:53:55,-4.8750
00:53:57,-4.8750
00:53:58,-4.8750
00:53:59,-4.9375
00:54:00,-4.8750
00:54:01,-4.8750
00:54:02,-4.8750
00:54:03,-4.9375
00:54:04,-4.8750
00:54:05,-4.9375
00:54:06,-4.8750
00:54:07,-4.8750
00:54:08,-4.9375
00:54:09,-4.9375
00:54:10,-4.8750
00:54:11,-4.8750
00:54:12,-4.8750
00:54:13,-4.9375
00:54:14,-4.9375
00:54:15,-4.8750
00:54:16,-4.9375
00:54:17,-4.8750
00:54:18,-4.8750
00:54:19,-4.9375
00:54:20,-4.9375
00:54:21,-4.9375
00:54:22,-4.8750
00:54:23,-4.9375
00:54:24,-4.9375
00:54:25,-4.9375
00:54:26,-4.9375
00:54:27,-4.9375
00:54:28,-4.9375
00:54:29,-4.9375
00:54:31,-4.9375
00:54:32,-4.8750
00:54:33,-4.9375
00:54:34,-4.9375
00:54:35,-4.9375
00:54:36,-4.8750
00:54:37,-4.9375
00:54:38,-4.9375
00:54:39,-4.8750
00:54:40,-4.9375
00:54:41,-4.8750
00:54:42,-4.9375
00:54:43,-4.8750
00:54:44,-4.9375
00:54:45,-4.9375
00:54:46,-4.9375
00:54:47,-4.9375
00:54:48,-4.9375
00:54:49,-4.9375
00:54:50,-4.9375
00:54:51,-4.9375
00:54:52,-4.9375
00:54:53,-4.9375
00:54:54,-4.9375
00:54:55,-4.9375
00:54:56,-4.9375
00:54:57,-4.8750
00:54:58,-4.9375
00:54:59,-4.9375
00:55:00,-4.9375
00:55:01,-4.9375
00:55:02,-4.9375
00:55:03,-4.9375
00:55:04,-4.9375
00:55:06,-4.9375
00:55:07,-4.9375
00:55:08,-4.9375
00:55:09,-4.9375
00:55:10,-4.9375
00:55:11,-4.9375
00:55:12,-4.9375
00:55:13,-4.9375
00:55:14,-4.9375
00:55:15,-4.9375
00:55:16,-4.9375
00:55:17,-4.9375
00:55:18,-4.9375
00:55:19,-4.9375
00:55:20,-4.9375
00:55:21,-4.9375
00:55:22,-4.9375
00:55:23,-4.9375
00:55:24,-4.9375
00:55:25,-4.9375
00:55:26,-4.9375
00:55:27,-4.9375
00:55:28,-4.9375
00:55:29,-4.9375
00:55:30,-4.9375
00:55:31,-4.9375
00:55:32,-4.9375
00:55:33,-4.9375
00:55:34,-4.9375
00:55:35,-4.9375
00:55:36,-4.9375
00:55:37,-4.9375
00:55:38,-4.9375
00:55:40,-4.9375
00:55:41,-4.9375
00:55:42,-5.0000
00:55:43,-5.0000
00:55:44,-4.9375
00:55:45,-4.9375
00:55:46,-4.9375
00:55:47,-4.9375
00:55:48,-4.9375
00:55:49,-5.0000
00:55:50,-4.9375
00:55:51,-4.9375
00:55:52,-4.9375
00:55:53,-4.9375
00:55:54,-4.9375
00:55:55,-4.9375
00:55:56,-4.9375
00:55:57,-4.9375
00:55:58,-4.9375
00:55:59,-4.9375
00:56:00,-5.0000
00:56:01,-5.0000
00:56:02,-4.9375
00:56:03,-4.9375
00:56:04,-4.9375
00:56:05,-5.0000
00:56:06,-5.0000
00:56:07,-5.0000
00:56:08,-4.9375
00:56:09,-5.0000
00:56:10,-4.9375
00:56:11,-4.9375
00:56:12,-5.0000
00:56:13,-4.9375
00:56:15,-5.0000
00:56:16,-4.9375
00:56:17,-5.0000
00:56:18,-4.9375
00:56:19,-5.0000
00:56:20,-4.9375
00:56:21,-4.9375
00:56:22,-5.0000
00:56:23,-4.9375
00:56:24,-4.9375
00:56:25,-4.9375
00:56:26,-5.0000
00:56:27,-4.9375
00:56:28,-4.9375
00:56:29,-5.0000
00:56:30,-5.0000
00:56:31,-4.9375
00:56:32,-5.0000
00:56:33,-5.0000
00:56:34,-4.9375
00:56:35,-4.9375
00:56:36,-5.0000
00:56:37,-5.0000
00:56:38,-5.0000
00:56:39,-4.9375
00:56:40,-5.0000
00:56:41,-5.0000
00:56:42,-5.0000
00:56:43,-4.9375
00:56:44,-4.9375
00:56:45,-5.0000
00:56:46,-5.0000
00:56:47,-5.0000
00:56:49,-5.0000
00:56:50,-4.9375
00:56:51,-4.9375
00:56:52,-4.9375
00:56:53,-5.0000
00:56:54,-5.0000
00:56:55,-5.0000
00:56:56,-5.0000
00:56:57,-4.9375
00:56:58,-5.0000
00:56:59,-5.0000
00:57:00,-4.9375
00:57:01,-5.0000
00:57:02,-5.0000
00:57:03,-5.0000
00:57:04,-5.0000
00:57:05,-5.0000
00:57:06,-5.0000
00:57:07,-5.0000
00:57:08,-5.0000
00:57:09,-4.9375
00:57:10,-4.9375
00:57:11,-5.0000
00:57:12,-5.0000
00:57:13,-5.0000
00:57:14,-5.0000
00:57:15,-4.9375
00:57:16,-5.0000
00:57:17,-4.9375
00:57:18,-5.0000
00:57:19,-5.0000
00:57:20,-5.0000
00:57:21,-5.0000
00:57:22,-4.9375
00:57:24,-4.9375
00:57:25,-4.9375
00:57:26,-4.9375
00:57:27,-5.0000
00:57:28,-5.0000
00:57:29,-5.0000
00:57:30,-5.0000
00:57:31,-5.0000
00:57:32,-5.0000
00:57:33,-5.0000
00:57:34,-5.0000
00:57:35,-5.0000
00:57:36,-5.0000
00:57:37,-5.0000
00:57:38,-5.0000
00:57:39,-5.0000
00:57:40,-5.0000
00:57:41,-5.0000
00:57:42,-5.0000
00:57:43,-5.0000
00:57:44,-5.0000
00:57:45,-5.0000
00:57:46,-5.0000
00:57:47,-5.0000
00:57:48,-5.0000
00:57:49,-5.0000
00:57:50,-5.0000
00:57:51,-4.9375
00:57:52,-5.0000
00:57:53,-5.0000
00:57:54,-5.0000
00:57:55,-5.0000
00:57:56,-5.0000
00:57:58,-5.0000
00:57:59,-5.0000
00:58:00,-5.0000
00:58:01,-5.0000
00:58:02,-5.0000
00:58:03,-5.0000
00:58:04,-5.0000
00:58:05,-5.0000
00:58:06,-5.0000
00:58:07,-5.0000
00:58:08,-5.0000
00:58:09,-5.0000
00:58:10,-5.0000
00:58:11,-5.0000
00:58:12,-5.0000
00:58:13,-5.0000
00:58:14,-5.0000
00:58:15,-5.0000
00:58:16,-5.0000
00:58:17,-5.0000
00:58:18,-5.0000
00:58:19,-5.0000
00:58:20,-5.0000
00:58:21,-5.0000
00:58:22,-5.0000
00:58:23,-5.0000
00:58:24,-5.0000
00:58:25,-5.0000
00:58:26,-5.0625
00:58:27,-5.0000
00:58:28,-5.0000
00:58:29,-5.0000
00:58:30,-5.0625
00:58:31,-5.0000
00:58:33,-5.0000
00:58:34,-5.0625
00:58:35,-5.0000
00:58:36,-5.0625
00:58:37,-5.0000
00:58:38,-5.0000
00:58:39,-5.0000
00:58:40,-5.0625
00:58:41,-5.0625
00:58:42,-5.0625
00:58:43,-5.0625
00:58:44,-5.0625
00:58:45,-5.0625
00:58:46,-5.0625
00:58:47,-5.0625
00:58:48,-5.0625
00:58:49,-5.0625
00:58:50,-5.0625
00:58:51,-5.0625
00:58:52,-5.0625
00:58:53,-5.0625
00:58:54,-5.0625
00:58:55,-5.0625
00:58:56,-5.0625
00:58:57,-5.0625
00:58:58,-5.0625
00:58:59,-5.0625
00:59:00,-5.0625
00:59:01,-5.0625
00:59:02,-5.0625
00:59:03,-5.0625
00:59:04,-5.0625
00:59:05,-5.0625
00:59:07,-5.0625
00:59:08,-5.0625
00:59:09,-5.0625
00:59:10,-5.0625
00:59:11,-5.0625
00:59:12,-5.0625
00:59:13,-5.0625
00:59:14,-5.0625
00:59:15,-5.0625
00:59:16,-5.0625
00:59:17,-5.0625
00:59:18,-5.0625
00:59:19,-5.0625
00:59:20,-5.0625
00:59:21,-5.0625
00:59:22,-5.0625
00:59:23,-5.0625
00:59:24,-5.0625
00:59:25,-5.0625
00:59:26,-5.0625
00:59:27,-5.0625
00:59:28,-5.0625
00:59:29,-5.0625
00:59:30,-5.0625
00:59:31,-5.0625
00:59:32,-5.0625
00:59:33,-5.0625
00:59:34,-5.0625
00:59:35,-5.0625
00:59:36,-5.0625
00:59:37,-5.0625
00:59:38,-5.0625
00:59:39,-5.0625
00:59:40,-5.0625
00:59:42,-5.0625
00:59:43,-5.0625
00:59:44,-5.0625
00:59:45,-5.0625
00:59:46,-5.0625
00:59:47,-5.0625
00:59:48,-5.0625
00:59:49,-5.0625
00:59:50,-5.0625
00:59:51,-5.0625
00:59:52,-5.0625
00:59:53,-5.0625
00:59:54,-5.0625
00:59:55,-5.0625
00:59:56,-5.0625
00:59:57,-5.0625
00:59:58,-5.0625
00:59:59,-5.0625
01:00:00,-5.0625
01:00:01,-5.0625
01:00:02,-5.0625
01:00:03,-5.0625
01:00:04,-5.0625
01:00:05,-5.0625
01:00:06,-5.0625
01:00:07,-5.0625
01:00:08,-5.0625
01:00:09,-5.0625
01:00:10,-5.0625
01:00:11,-5.0625
01:00:12,-5.0625
01:00:13,-5.0625
01:00:14,-5.0625
01:00:16,-5.0625
01:00:17,-5.0625
01:00:18,-5.0625
01:00:19,-5.0625
01:00:20,-5.0625
01:00:21,-5.0625
01:00:22,-5.0625
01:00:23,-5.0625
01:00:24,-5.0625
01:00:25,-5.0625
01:00:26,-5.0625
01:00:27,-5.0625
01:00:28,-5.0625
01:00:29,-5.0625
01:00:30,-5.0625
01:00:31,-5.0625
01:00:32,-5.0625
01:00:33,-5.0625
01:00:34,-5.0625
01:00:35,-5.0625
01:00:36,-5.0625
01:00:37,-5.0625
01:00:38,-5.0625
01:00:39,-5.0625
01:00:40,-5.0625
01:00:41,-5.0625
01:00:42,-5.0625
01:00:43,-5.0625
01:00:44,-5.0625
01:00:45,-5.0625
01:00:46,-5.0625
01:00:47,-5.0625
01:00:48,-5.0625
01:00:49,-5.0625
01:00:51,-5.0625
01:00:52,-5.0625
01:00:53,-5.0625
01:00:54,-5.0625
01:00:55,-5.0625
01:00:56,-5.0625
01:00:57,-5.0625
01:00:58,-5.0625
01:00:59,-5.0625
01:01:00,-5.0625
01:01:01,-5.1250
01:01:02,-5.1250
01:01:03,-5.0625
01:01:04,-5.0625
01:01:05,-5.0625
01:01:06,-5.0625
01:01:07,-5.0625
01:01:08,-5.1250
01:01:09,-5.0625
01:01:10,-5.0625
01:01:11,-5.0625
01:01:12,-5.0625
01:01:13,-5.1250
01:01:14,-5.0625
01:01:15,-5.0625
01:01:16,-5.0625
01:01:17,-5.0625
01:01:18,-5.0625
01:01:19,-5.0625
01:01:20,-5.0625
01:01:21,-5.0625
01:01:22,-5.0625
01:01:23,-5.0625
01:01:25,-5.0625
01:01:26,-5.0625
01:01:27,-5.1250
01:01:28,-5.0625
01:01:29,-5.0625
01:01:30,-5.1250
01:01:31,-5.0625
01:01:32,-5.0625
01:01:33,-5.1250
01:01:34,-5.0625
01:01:35,-5.0625
01:01:36,-5.1250
01:01:37,-5.1250
01:01:38,-5.0625
01:01:39,-5.0625
01:01:40,-5.0625
01:01:41,-5.0625
01:01:42,-5.0625
01:01:43,-5.1250
01:01:44,-5.1250
01:01:45,-5.0625
01:01:46,-5.0625
01:01:47,-5.1250
01:01:48,-5.0625
01:01:49,-5.0625
01:01:50,-5.1250
01:01:51,-5.1250
01:01:52,-5.1250
01:01:53,-5.0625
01:01:54,-5.1250
01:01:55,-5.0625
01:01:56,-5.0625
01:01:57,-5.0625
01:01:58,-5.0625
01:02:00,-5.0625
01:02:01,-5.0625
01:02:02,-5.0625
01:02:03,-5.0625
01:02:04,-5.0625
01:02:05,-5.1250
01:02:06,-5.0625
01:02:07,-5.0625
01:02:08,-5.0625
01:02:09,-5.0625
01:02:10,-5.0625
01:02:11,-5.0625
01:02:12,-5.0625
01:02:13,-5.0625
01:02:14,-5.0625
01:02:15,-5.0625
01:02:16,-5.0625
01:02:17,-5.0625
01:02:18,-5.0625
01:02:19,-5.0625
01:02:20,-5.0625
01:02:21,-5.0625
01:02:22,-5.1250
01:02:23,-5.0625
01:02:24,-5.0625
01:02:25,-5.0625
01:02:26,-5.0625
01:02:27,-5.0625
01:02:28,-5.1250
01:02:29,-5.0625
01:02:30,-5.1250
01:02:31,-5.0625
01:02:32,-5.0625
01:02:34,-5.0625
01:02:35,-5.0625
01:02:36,-5.0625
01:02:37,-5.0625
01:02:38,-5.0625
01:02:39,-5.0625
01:02:40,-5.0625
01:02:41,-5.0625
01:02:42,-5.0625
01:02:43,-5.0625
01:02:44,-5.0625
01:02:45,-5.0625
01:02:46,-5.0625
01:02:47,-5.0625
01:02:48,-5.0625
01:02:49,-5.0625
01:02:50,-5.0625
01:02:51,-5.0625
01:02:52,-5.0625
01:02:53,-5.0625
01:02:54,-5.0625
01:02:55,-5.0625
01:02:56,-5.0625
01:02:57,-5.0625
01:02:58,-5.0625
01:02:59,-5.0625
01:03:00,-5.0625
01:03:01,-5.0625
01:03:02,-5.0625
01:03:03,-5.0625
01:03:04,-5.0625
01:03:05,-5.0625
01:03:06,-5.0625
01:03:07,-5.0625
01:03:09,-5.0625
01:03:10,-5.0625
01:03:11,-5.0625
01:03:12,-5.0625
01:03:13,-5.0625
01:03:14,-5.0625
01:03:15,-5.0625
01:03:16,-5.0625
01:03:17,-5.0625
01:03:18,-5.0625
01:03:19,-5.0625
01:03:20,-5.0625
01:03:21,-5.0625
01:03:22,-5.0625
01:03:23,-5.0625
01:03:24,-5.0625
01:03:25,-5.0625
01:03:26,-5.0625
01:03:27,-5.0625
01:03:28,-5.0625
01:03:29,-5.0625
01:03:30,-5.0625
01:03:31,-5.0625
01:03:32,-5.0625
01:03:33,-5.0625
01:03:34,-5.0625
01:03:35,-5.0625
01:03:36,-5.0625
01:03:37,-5.0625
01:03:38,-5.0000
01:03:39,-5.0625
01:03:40,-5.0625
01:03:41,-5.0625
01:03:43,-5.0625
01:03:44,-5.0625
01:03:45,-5.0000
01:03:46,-5.0625
01:03:47,-5.0625
01:03:48,-5.0625
01:03:49,-5.0625
01:03:50,-5.0625
01:03:51,-5.0625
01:03:52,-5.0625
01:03:53,-5.0625
01:03:54,-5.0625
01:03:55,-5.0625
01:03:56,-5.0625
01:03:57,-5.0625
01:03:58,-5.0625
01:03:59,-5.0625
01:04:00,-5.0625
01:04:01,-5.0625
01:04:02,-5.0625
01:04:03,-5.0625
01:04:04,-5.0625
01:04:05,-5.0625
01:04:06,-5.0625
01:04:07,-5.0625
01:04:08,-5.0625
01:04:09,-5.0625
01:04:10,-5.0625
01:04:11,-5.0625
01:04:12,-5.0625
01:04:13,-5.0625
01:04:14,-5.0000
01:04:15,-5.0000
01:04:16,-5.0625
01:04:18,-5.0625
01:04:19,-5.0625
01:04:20,-5.0000
01:04:21,-5.0625
01:04:22,-5.0625
01:04:23,-5.0625
01:04:24,-5.0625
01:04:25,-5.0625
01:04:26,-5.0625
01:04:27,-5.0625
01:04:28,-5.0625
01:04:29,-5.0000
01:04:30,-5.0000
01:04:31,-5.0625
01:04:32,-5.0625
01:04:33,-5.0625
01:04:34,-5.0625
01:04:35,-5.0625
01:04:36,-5.0625
01:04:37,-5.0000
01:04:38,-5.0625
01:04:39,-5.0000
01:04:40,-5.0000
01:04:41,-5.0625
01:04:42,-5.0000
01:04:43,-5.0000
01:04:44,-5.0000
01:04:45,-5.0000
01:04:46,-5.0000
01:04:47,-5.0000
01:04:48,-5.0000
01:04:49,-5.0000
01:04:50,-5.0000
01:04:52,-5.0000
01:04:53,-5.0000
01:04:54,-5.0625
01:04:55,-5.0000
01:04:56,-5.0000
01:04:57,-5.0625
01:04:58,-5.0000
01:04:59,-5.0000
01:05:00,-5.0000
01:05:01,-5.0000
01:05:02,-5.0000
01:05:03,-5.0000
01:05:04,-5.0000
01:05:05,-5.0000
01:05:06,-5.0000
01:05:07,-5.0625
01:05:08,-5.0625
01:05:09,-5.0625
01:05:10,-5.0000
01:05:11,-5.0625
01:05:12,-5.0000
01:05:13,-5.0000
01:05:14,-5.0000
01:05:15,-5.0000
01:05:16,-5.0000
01:05:17,-5.0000
01:05:18,-5.0000
01:05:19,-5.0625
01:05:20,-5.0000
01:05:21,-5.0000
01:05:22,-5.0625
01:05:23,-5.0000
01:05:24,-5.0000
01:05:25,-5.0000
01:05:27,-5.0000
01:05:28,-5.0000
01:05:29,-5.0000
01:05:30,-5.0000
01:05:31,-5.0000
01:05:32,-5.0000
01:05:33,-5.0000
01:05:34,-5.0000
01:05:35,-5.0000
01:05:36,-5.0000
01:05:37,-5.0000
01:05:38,-5.0000
01:05:39,-5.0000
01:05:40,-5.0000
01:05:41,-5.0000
01:05:42,-5.0000
01:05:43,-5.0000
01:05:44,-5.0000
01:05:45,-5.0000
01:05:46,-5.0000
01:05:47,-5.0000
01:05:48,-5.0000
01:05:49,-5.0000
01:05:50,-5.0000
01:05:51,-5.0000
01:05:52,-5.0000
01:05:53,-5.0000
01:05:54,-5.0000
01:05:55,-5.0000
01:05:56,-5.0000
01:05:57,-5.0000
01:05:58,-5.0000
01:05:59,-5.0000
01:06:01,-5.0000
01:06:02,-5.0000
01:06:03,-5.0000
01:06:04,-5.0000
01:06:05,-5.0625
01:06:06,-5.0000
01:06:07,-5.0000
01:06:08,-5.0000
01:06:09,-5.0000
01:06:10,-5.0000
01:06:11,-5.0000
01:06:12,-5.0000
01:06:13,-5.0625
01:06:14,-5.0000
01:06:15,-5.0000
01:06:16,-5.0000
01:06:17,-5.0000
01:06:18,-5.0000
01:06:19,-5.0000
01:06:20,-5.0000
01:06:21,-5.0000
01:06:22,-5.0000
01:06:23,-5.0000
01:06:24,-5.0000
01:06:25,-5.0000
01:06:26,-5.0000
01:06:27,-5.0000
01:06:28,-5.0000
01:06:29,-5.0000
01:06:30,-5.0000
01:06:31,-5.0000
01:06:32,-5.0000
01:06:33,-5.0000
01:06:34,-5.0000
01:06:36,-5.0000
01:06:37,-5.0000
01:06:38,-5.0000
01:06:39,-5.0000
01:06:40,-5.0625
01:06:41,-5.0000
01:06:42,-5.0000
01:06:43,-5.0000
01:06:44,-5.0000
01:06:45,-5.0000
01:06:46,-5.0000
01:06:47,-5.0000
01:06:48,-5.0000
01:06:49,-5.0000
01:06:50,-5.0000
01:06:51,-5.0000
01:06:52,-5.0000
01:06:53,-5.0000
01:06:54,-5.0000
01:06:55,-5.0000
01:06:56,-5.0000
01:06:57,-5.0000
01:06:58,-5.0000
01:06:59,-5.0000
01:07:00,-5.0000
01:07:01,-5.0000
01:07:02,-5.0000
01:07:03,-5.0000
01:07:04,-5.0000
01:07:05,-5.0000
01:07:06,-5.0000
01:07:07,-5.0000
01:07:08,-4.9375
01:07:10,-5.0000
01:07:11,-5.0000
01:07:12,-5.0000
01:07:13,-4.9375
01:07:14,-5.0000
01:07:15,-5.0000
01:07:16,-5.0000
01:07:17,-5.0000
01:07:18,-5.0000
01:07:19,-4.9375
01:07:20,-5.0000
01:07:21,-5.0000
01:07:22,-4.9375
01:07:23,-5.0000
01:07:24,-5.0000
01:07:25,-5.0000
01:07:26,-4.9375
01:07:27,-5.0000
01:07:28,-5.0000
01:07:29,-4.9375
01:07:30,-5.0000
01:07:31,-4.9375
01:07:32,-4.9375
01:07:33,-5.0000
01:07:34,-4.9375
01:07:35,-5.0000
01:07:36,-5.0000
01:07:37,-5.0000
01:07:38,-5.0000
01:07:39,-5.0000
01:07:40,-5.0000
01:07:41,-5.0000
01:07:42,-5.0000
01:07:43,-5.0000
01:07:45,-5.0000
01:07:46,-4.9375
01:07:47,-5.0000
01:07:48,-4.9375
01:07:49,-4.9375
01:07:50,-4.9375
01:07:51,-4.9375
01:07:52,-4.9375
01:07:53,-4.9375
01:07:54,-4.9375
01:07:55,-5.0000
01:07:56,-4.9375
01:07:57,-4.9375
01:07:58,-4.9375
01:07:59,-4.9375
01:08:00,-5.0000
01:08:01,-4.9375
01:08:02,-4.9375
01:08:03,-4.9375
01:08:04,-4.9375
01:08:05,-4.9375
01:08:06,-4.9375
01:08:07,-4.9375
01:08:08,-4.8750
01:08:09,-4.7500
01:08:10,-4.5625
01:08:11,-4.2500
01:08:12,-3.2500
01:08:13,-1.5000
01:08:14,0.6250
01:08:15,2.2500
01:08:16,3.3750
01:08:17,4.1250
01:08:19,4.6250
01:08:20,5.0625
01:08:21,5.3750
01:08:22,5.5625
01:08:23,5.8125
01:08:24,5.9375
01:08:25,6.0625
01:08:26,6.1875
01:08:27,6.3125
01:08:28,6.3750
01:08:29,6.5000
01:08:30,6.5625
01:08:31,6.6250
01:08:32,6.7500
01:08:33,6.7500
01:08:34,6.8125
01:08:35,6.8750
01:08:36,6.9375
01:08:37,7.0000
01:08:38,7.0000
01:08:39,7.0625
01:08:40,7.1250
01:08:41,7.1250
01:08:42,7.1875
01:08:43,7.2500
01:08:44,7.2500
01:08:45,7.3125
01:08:46,7.3750
01:08:47,7.4375
01:08:48,7.4375
01:08:49,7.5000
01:08:50,7.5000
01:08:51,7.5625
01:08:52,7.6250
01:08:54,7.6875
01:08:55,7.7500
01:08:56,7.7500
01:08:57,7.7500
01:08:58,7.8125
01:08:59,7.8750
01:09:00,7.8750
01:09:01,7.9375
01:09:02,7.9375
01:09:03,8.0000
01:09:04,8.0625
01:09:05,8.1250
01:09:06,8.1250
01:09:07,8.1250
01:09:08,8.1875
01:09:09,8.2500
01:09:10,8.2500
01:09:11,8.3125
01:09:12,8.3125
01:09:13,8.3750
01:09:14,8.4375
01:09:15,8.4375
01:09:16,8.5000
01:09:17,8.5625
01:09:18,8.5625
01:09:19,8.6250
01:09:20,8.6875
01:09:21,8.6875
01:09:22,8.7500
01:09:23,8.8125
01:09:24,8.8125
01:09:25,8.8750
01:09:26,8.9375
01:09:28,9.0000
01:09:29,9.0000
01:09:30,9.1250
01:09:31,9.1250
01:09:32,9.1875
01:09:33,9.2500
01:09:34,9.3125
01:09:35,9.3125
01:09:36,9.3750
01:09:37,9.4375
01:09:38,9.5000
01:09:39,9.5000
01:09:40,9.5625
01:09:41,9.6875
01:09:42,9.6875
01:09:43,9.7500
01:09:44,9.8125
01:09:45,9.8750
01:09:46,9.9375
01:09:47,10.0000
01:09:48,10.0000
01:09:49,10.0625
01:09:50,10.0625
01:09:51,10.0625
01:09:52,10.1250
01:09:53,10.1250
01:09:54,10.1875
01:09:55,10.2500
01:09:56,10.2500
01:09:57,10.3125
01:09:58,10.3750
01:09:59,10.5000
01:10:00,10.6250
01:10:01,9.8750
01:10:03,8.4375
01:10:04,7.0625
01:10:05,5.8750
01:10:06,4.8125
01:10:07,4.0000
01:10:08,3.1875
01:10:09,2.5625
01:10:10,2.0625
01:10:11,1.5625
01:10:12,1.1250
01:10:13,0.8125
01:10:14,0.5000
01:10:15,0.2500
01:10:16,0.0000
01:10:17,-0.2500
01:10:18,-0.3750
01:10:19,-0.5625
01:10:20,-0.6875
01:10:21,-0.8125
01:10:22,-0.9375
01:10:23,-1.0625
01:10:24,-1.1250
01:10:25,-1.2500
01:10:26,-1.3125
01:10:27,-1.3750
01:10:28,-1.4375
01:10:29,-1.5000
01:10:30,-1.5625
01:10:31,-1.5625
01:10:32,-1.6250
01:10:33,-1.6875
01:10:34,-1.6875
01:10:35,-1.7500
01:10:37,-1.7500
01:10:38,-1.8125
01:10:39,-1.8125
01:10:40,-1.8750
01:10:41,-1.8750
01:10:42,-1.8750
01:10:43,-1.9375
01:10:44,-1.9375
01:10:45,-1.9375
01:10:46,-2.0000
01:10:47,-2.0000
01:10:48,-2.0000
01:10:49,-2.0000
01:10:50,-2.0000
01:10:51,-2.0000
01:10:52,-2.0625
01:10:53,-2.0625
01:10:54,-2.0625
01:10:55,-2.0625
01:10:56,-2.0625
01:10:57,-2.0625
01:10:58,-2.0625
01:10:59,-2.1250
01:11:00,-2.1250
01:11:01,-2.1250
01:11:02,-2.1250
01:11:03,-2.1250
01:11:04,-2.1875
01:11:05,-2.1250
01:11:06,-2.1250
01:11:07,-2.1250
01:11:08,-2.1875
01:11:09,-2.1250
01:11:10,-2.1875
01:11:12,-2.1875
01:11:13,-2.1875
01:11:14,-2.1875
01:11:15,-2.1875
01:11:16,-2.1875
01:11:17,-2.1875
01:11:18,-2.1875
01:11:19,-2.1875
01:11:20,-2.1875
01:11:21,-2.2500
01:11:22,-2.2500
01:11:23,-2.2500
01:11:24,-2.1875
01:11:25,-2.1875
01:11:26,-2.1875
01:11:27,-2.2500
01:11:28,-2.2500
01:11:29,-2.2500
01:11:30,-2.2500
01:11:31,-2.2500
01:11:32,-2.2500
01:11:33,-2.2500
01:11:34,-2.2500
01:11:35,-2.2500
01:11:36,-2.2500
01:11:37,-2.2500
01:11:38,-2.2500
01:11:39,-2.2500
01:11:40,-2.2500
01:11:41,-2.2500
01:11:42,-2.3125
01:11:43,-2.2500
01:11:44,-2.2500
01:11:46,-2.2500
01:11:47,-2.3125
01:11:48,-2.2500
01:11:49,-2.3125
01:11:50,-2.2500
01:11:51,-2.3125
01:11:52,-2.2500
01:11:53,-2.3125
01:11:54,-2.3125
01:11:55,-2.3125
01:11:56,-2.3125
01:11:57,-2.3125
01:11:58,-2.3125
01:11:59,-2.3125
01:12:00,-2.3125
01:12:01,-2.3125
01:12:02,-2.3125
01:12:03,-2.3125
01:12:04,-2.3125
01:12:05,-2.3125
01:12:06,-2.3125
01:12:07,-2.3125
01:12:08,-2.3125
01:12:09,-2.3125
01:12:10,-2.3125
01:12:11,-2.3125
01:12:12,-2.3125
01:12:13,-2.3125
01:12:14,-2.3125
01:12:15,-2.3125
01:12:16,-2.3125
01:12:17,-2.3125
01:12:18,-2.3125
01:12:19,-2.3125
01:12:21,-2.3125
01:12:22,-2.3125
01:12:23,-2.3125
01:12:24,-2.3125
01:12:25,-2.3125
01:12:26,-2.3125
01:12:27,-2.3750
01:12:28,-2.3125
01:12:29,-2.3750
01:12:30,-2.3750
01:12:31,-2.3750
01:12:32,-2.3750
01:12:33,-2.3750
01:12:34,-2.3125
01:12:35,-2.3750
01:12:36,-2.3750
01:12:37,-2.3750
01:12:38,-2.3750
01:12:39,-2.3750
01:12:40,-2.3750
01:12:41,-2.3750
01:12:42,-2.3750
01:12:43,-2.3750
01:12:44,-2.3750
01:12:45,-2.3750
01:12:46,-2.3125
01:12:47,-2.3750
01:12:48,-2.3750
01:12:49,-2.3750
01:12:50,-2.3125
01:12:51,-2.3750
01:12:52,-2.3125
01:12:53,-2.3750
01:12:55,-2.3750
01:12:56,-2.3125
01:12:57,-2.3125
01:12:58,-2.3125
01:12:59,-2.3125
01:13:00,-2.3125
01:13:01,-2.3125
01:13:02,-2.3125
01:13:03,-2.3125
01:13:04,-2.2500
01:13:05,-2.3125
01:13:06,-2.3125
01:13:07,-2.3125
01:13:08,-2.2500
01:13:09,-2.2500
01:13:10,-2.2500
01:13:11,-2.2500
01:13:12,-2.2500
01:13:13,-2.2500
01:13:14,-2.2500
01:13:15,-2.2500
01:13:16,-2.2500
01:13:17,-2.2500
01:13:18,-2.2500
01:13:19,-2.1875
